[0.341s] DEBUG:colcon:Command line arguments: ['/usr/bin/colcon', 'build']
[0.342s] DEBUG:colcon:Parsed command line arguments: Namespace(log_base=None, log_level=None, verb_name='build', build_base='build', install_base='install', merge_install=False, symlink_install=False, test_result_base=None, continue_on_error=False, executor='parallel', parallel_workers=16, event_handlers=None, ignore_user_meta=False, metas=['./colcon.meta'], base_paths=['.'], packages_ignore=None, packages_ignore_regex=None, paths=None, packages_up_to=None, packages_up_to_regex=None, packages_above=None, packages_above_and_dependencies=None, packages_above_depth=None, packages_select_by_dep=None, packages_skip_by_dep=None, packages_skip_up_to=None, packages_select_build_failed=False, packages_skip_build_finished=False, packages_select_test_failures=False, packages_skip_test_passed=False, packages_select=None, packages_skip=None, packages_select_regex=None, packages_skip_regex=None, packages_start=None, packages_end=None, cmake_args=None, cmake_target=None, cmake_target_skip_unavailable=False, cmake_clean_cache=False, cmake_clean_first=False, cmake_force_configure=False, ament_cmake_args=None, catkin_cmake_args=None, catkin_skip_building_tests=False, mixin_files=None, mixin=None, verb_parser=<colcon_mixin.mixin.mixin_argument.MixinArgumentDecorator object at 0x7f390cc0af00>, verb_extension=<colcon_core.verb.build.BuildVerb object at 0x7f390cc0aab0>, main=<bound method BuildVerb.main of <colcon_core.verb.build.BuildVerb object at 0x7f390cc0aab0>>, mixin_verb=('build',))
[0.424s] Level 1:colcon.colcon_core.package_discovery:discover_packages(colcon_meta) check parameters
[0.425s] Level 1:colcon.colcon_core.package_discovery:discover_packages(recursive) check parameters
[0.426s] Level 1:colcon.colcon_core.package_discovery:discover_packages(ignore) check parameters
[0.426s] Level 1:colcon.colcon_core.package_discovery:discover_packages(path) check parameters
[0.427s] Level 1:colcon.colcon_core.package_discovery:discover_packages(colcon_meta) discover
[0.427s] Level 1:colcon.colcon_core.package_discovery:discover_packages(recursive) discover
[0.428s] INFO:colcon.colcon_core.package_discovery:Crawling recursively for packages in '/my_new_project/ros2_ws'
[0.430s] Level 1:colcon.colcon_core.package_identification:_identify(.) by extensions ['ignore', 'ignore_ament_install']
[0.431s] Level 1:colcon.colcon_core.package_identification:_identify(.) by extension 'ignore'
[0.432s] Level 1:colcon.colcon_core.package_identification:_identify(.) by extension 'ignore_ament_install'
[0.433s] Level 1:colcon.colcon_core.package_identification:_identify(.) by extensions ['colcon_pkg']
[0.433s] Level 1:colcon.colcon_core.package_identification:_identify(.) by extension 'colcon_pkg'
[0.434s] Level 1:colcon.colcon_core.package_identification:_identify(.) by extensions ['colcon_meta']
[0.435s] Level 1:colcon.colcon_core.package_identification:_identify(.) by extension 'colcon_meta'
[0.435s] Level 1:colcon.colcon_core.package_identification:_identify(.) by extensions ['ros']
[0.435s] Level 1:colcon.colcon_core.package_identification:_identify(.) by extension 'ros'
[0.468s] Level 1:colcon.colcon_core.package_identification:_identify(.) by extensions ['cmake', 'python']
[0.469s] Level 1:colcon.colcon_core.package_identification:_identify(.) by extension 'cmake'
[0.470s] Level 1:colcon.colcon_core.package_identification:_identify(.) by extension 'python'
[0.470s] Level 1:colcon.colcon_core.package_identification:_identify(.) by extensions ['python_setup_py']
[0.471s] Level 1:colcon.colcon_core.package_identification:_identify(.) by extension 'python_setup_py'
[0.475s] Level 1:colcon.colcon_core.package_identification:_identify(build) by extensions ['ignore', 'ignore_ament_install']
[0.475s] Level 1:colcon.colcon_core.package_identification:_identify(build) by extension 'ignore'
[0.478s] Level 1:colcon.colcon_core.package_identification:_identify(build) ignored
[0.481s] Level 1:colcon.colcon_core.package_identification:_identify(install) by extensions ['ignore', 'ignore_ament_install']
[0.482s] Level 1:colcon.colcon_core.package_identification:_identify(install) by extension 'ignore'
[0.484s] Level 1:colcon.colcon_core.package_identification:_identify(install) ignored
[0.491s] Level 1:colcon.colcon_core.package_identification:_identify(log) by extensions ['ignore', 'ignore_ament_install']
[0.491s] Level 1:colcon.colcon_core.package_identification:_identify(log) by extension 'ignore'
[0.493s] Level 1:colcon.colcon_core.package_identification:_identify(log) ignored
[0.495s] Level 1:colcon.colcon_core.package_identification:_identify(src) by extensions ['ignore', 'ignore_ament_install']
[0.496s] Level 1:colcon.colcon_core.package_identification:_identify(src) by extension 'ignore'
[0.496s] Level 1:colcon.colcon_core.package_identification:_identify(src) by extension 'ignore_ament_install'
[0.497s] Level 1:colcon.colcon_core.package_identification:_identify(src) by extensions ['colcon_pkg']
[0.497s] Level 1:colcon.colcon_core.package_identification:_identify(src) by extension 'colcon_pkg'
[0.498s] Level 1:colcon.colcon_core.package_identification:_identify(src) by extensions ['colcon_meta']
[0.498s] Level 1:colcon.colcon_core.package_identification:_identify(src) by extension 'colcon_meta'
[0.499s] Level 1:colcon.colcon_core.package_identification:_identify(src) by extensions ['ros']
[0.499s] Level 1:colcon.colcon_core.package_identification:_identify(src) by extension 'ros'
[0.500s] Level 1:colcon.colcon_core.package_identification:_identify(src) by extensions ['cmake', 'python']
[0.500s] Level 1:colcon.colcon_core.package_identification:_identify(src) by extension 'cmake'
[0.501s] Level 1:colcon.colcon_core.package_identification:_identify(src) by extension 'python'
[0.502s] Level 1:colcon.colcon_core.package_identification:_identify(src) by extensions ['python_setup_py']
[0.502s] Level 1:colcon.colcon_core.package_identification:_identify(src) by extension 'python_setup_py'
[0.506s] Level 1:colcon.colcon_core.package_identification:_identify(src/my_package) by extensions ['ignore', 'ignore_ament_install']
[0.506s] Level 1:colcon.colcon_core.package_identification:_identify(src/my_package) by extension 'ignore'
[0.507s] Level 1:colcon.colcon_core.package_identification:_identify(src/my_package) by extension 'ignore_ament_install'
[0.509s] Level 1:colcon.colcon_core.package_identification:_identify(src/my_package) by extensions ['colcon_pkg']
[0.509s] Level 1:colcon.colcon_core.package_identification:_identify(src/my_package) by extension 'colcon_pkg'
[0.510s] Level 1:colcon.colcon_core.package_identification:_identify(src/my_package) by extensions ['colcon_meta']
[0.510s] Level 1:colcon.colcon_core.package_identification:_identify(src/my_package) by extension 'colcon_meta'
[0.512s] Level 1:colcon.colcon_core.package_identification:_identify(src/my_package) by extensions ['ros']
[0.512s] Level 1:colcon.colcon_core.package_identification:_identify(src/my_package) by extension 'ros'
[0.528s] DEBUG:colcon.colcon_core.package_identification:Package 'src/my_package' with type 'ros.ament_python' and name 'my_package'
[0.534s] Level 1:colcon.colcon_core.package_identification:_identify(src/py_pubsub) by extensions ['ignore', 'ignore_ament_install']
[0.534s] Level 1:colcon.colcon_core.package_identification:_identify(src/py_pubsub) by extension 'ignore'
[0.535s] Level 1:colcon.colcon_core.package_identification:_identify(src/py_pubsub) by extension 'ignore_ament_install'
[0.537s] Level 1:colcon.colcon_core.package_identification:_identify(src/py_pubsub) by extensions ['colcon_pkg']
[0.538s] Level 1:colcon.colcon_core.package_identification:_identify(src/py_pubsub) by extension 'colcon_pkg'
[0.539s] Level 1:colcon.colcon_core.package_identification:_identify(src/py_pubsub) by extensions ['colcon_meta']
[0.539s] Level 1:colcon.colcon_core.package_identification:_identify(src/py_pubsub) by extension 'colcon_meta'
[0.540s] Level 1:colcon.colcon_core.package_identification:_identify(src/py_pubsub) by extensions ['ros']
[0.541s] Level 1:colcon.colcon_core.package_identification:_identify(src/py_pubsub) by extension 'ros'
[0.554s] DEBUG:colcon.colcon_core.package_identification:Package 'src/py_pubsub' with type 'ros.ament_python' and name 'py_pubsub'
[0.558s] Level 1:colcon.colcon_core.package_identification:_identify(src/ros_tutorials) by extensions ['ignore', 'ignore_ament_install']
[0.559s] Level 1:colcon.colcon_core.package_identification:_identify(src/ros_tutorials) by extension 'ignore'
[0.560s] Level 1:colcon.colcon_core.package_identification:_identify(src/ros_tutorials) by extension 'ignore_ament_install'
[0.563s] Level 1:colcon.colcon_core.package_identification:_identify(src/ros_tutorials) by extensions ['colcon_pkg']
[0.563s] Level 1:colcon.colcon_core.package_identification:_identify(src/ros_tutorials) by extension 'colcon_pkg'
[0.565s] Level 1:colcon.colcon_core.package_identification:_identify(src/ros_tutorials) by extensions ['colcon_meta']
[0.565s] Level 1:colcon.colcon_core.package_identification:_identify(src/ros_tutorials) by extension 'colcon_meta'
[0.567s] Level 1:colcon.colcon_core.package_identification:_identify(src/ros_tutorials) by extensions ['ros']
[0.567s] Level 1:colcon.colcon_core.package_identification:_identify(src/ros_tutorials) by extension 'ros'
[0.572s] Level 1:colcon.colcon_core.package_identification:_identify(src/ros_tutorials) by extensions ['cmake', 'python']
[0.572s] Level 1:colcon.colcon_core.package_identification:_identify(src/ros_tutorials) by extension 'cmake'
[0.573s] Level 1:colcon.colcon_core.package_identification:_identify(src/ros_tutorials) by extension 'python'
[0.574s] Level 1:colcon.colcon_core.package_identification:_identify(src/ros_tutorials) by extensions ['python_setup_py']
[0.574s] Level 1:colcon.colcon_core.package_identification:_identify(src/ros_tutorials) by extension 'python_setup_py'
[0.581s] Level 1:colcon.colcon_core.package_identification:_identify(src/ros_tutorials/turtlesim) by extensions ['ignore', 'ignore_ament_install']
[0.581s] Level 1:colcon.colcon_core.package_identification:_identify(src/ros_tutorials/turtlesim) by extension 'ignore'
[0.583s] Level 1:colcon.colcon_core.package_identification:_identify(src/ros_tutorials/turtlesim) by extension 'ignore_ament_install'
[0.587s] Level 1:colcon.colcon_core.package_identification:_identify(src/ros_tutorials/turtlesim) by extensions ['colcon_pkg']
[0.588s] Level 1:colcon.colcon_core.package_identification:_identify(src/ros_tutorials/turtlesim) by extension 'colcon_pkg'
[0.590s] Level 1:colcon.colcon_core.package_identification:_identify(src/ros_tutorials/turtlesim) by extensions ['colcon_meta']
[0.591s] Level 1:colcon.colcon_core.package_identification:_identify(src/ros_tutorials/turtlesim) by extension 'colcon_meta'
[0.594s] Level 1:colcon.colcon_core.package_identification:_identify(src/ros_tutorials/turtlesim) by extensions ['ros']
[0.595s] Level 1:colcon.colcon_core.package_identification:_identify(src/ros_tutorials/turtlesim) by extension 'ros'
[0.615s] DEBUG:colcon.colcon_core.package_identification:Package 'src/ros_tutorials/turtlesim' with type 'ros.ament_cmake' and name 'turtlesim'
[0.620s] Level 1:colcon.colcon_core.package_identification:_identify(src/urdf_tutorial) by extensions ['ignore', 'ignore_ament_install']
[0.644s] Level 1:colcon.colcon_core.package_identification:_identify(src/urdf_tutorial) by extension 'ignore'
[0.648s] Level 1:colcon.colcon_core.package_identification:_identify(src/urdf_tutorial) by extension 'ignore_ament_install'
[0.651s] Level 1:colcon.colcon_core.package_identification:_identify(src/urdf_tutorial) by extensions ['colcon_pkg']
[0.652s] Level 1:colcon.colcon_core.package_identification:_identify(src/urdf_tutorial) by extension 'colcon_pkg'
[0.654s] Level 1:colcon.colcon_core.package_identification:_identify(src/urdf_tutorial) by extensions ['colcon_meta']
[0.654s] Level 1:colcon.colcon_core.package_identification:_identify(src/urdf_tutorial) by extension 'colcon_meta'
[0.656s] Level 1:colcon.colcon_core.package_identification:_identify(src/urdf_tutorial) by extensions ['ros']
[0.657s] Level 1:colcon.colcon_core.package_identification:_identify(src/urdf_tutorial) by extension 'ros'
[0.676s] DEBUG:colcon.colcon_core.package_identification:Package 'src/urdf_tutorial' with type 'ros.ament_cmake' and name 'urdf_tutorial'
[0.676s] Level 1:colcon.colcon_core.package_discovery:discover_packages(recursive) using defaults
[0.676s] Level 1:colcon.colcon_core.package_discovery:discover_packages(ignore) discover
[0.676s] Level 1:colcon.colcon_core.package_discovery:discover_packages(ignore) using defaults
[0.677s] Level 1:colcon.colcon_core.package_discovery:discover_packages(path) discover
[0.677s] Level 1:colcon.colcon_core.package_discovery:discover_packages(path) using defaults
[0.744s] Level 5:colcon.colcon_core.verb:set package 'my_package' build argument 'cmake_args' from command line to 'None'
[0.745s] Level 5:colcon.colcon_core.verb:set package 'my_package' build argument 'cmake_target' from command line to 'None'
[0.745s] Level 5:colcon.colcon_core.verb:set package 'my_package' build argument 'cmake_target_skip_unavailable' from command line to 'False'
[0.746s] Level 5:colcon.colcon_core.verb:set package 'my_package' build argument 'cmake_clean_cache' from command line to 'False'
[0.747s] Level 5:colcon.colcon_core.verb:set package 'my_package' build argument 'cmake_clean_first' from command line to 'False'
[0.747s] Level 5:colcon.colcon_core.verb:set package 'my_package' build argument 'cmake_force_configure' from command line to 'False'
[0.748s] Level 5:colcon.colcon_core.verb:set package 'my_package' build argument 'ament_cmake_args' from command line to 'None'
[0.748s] Level 5:colcon.colcon_core.verb:set package 'my_package' build argument 'catkin_cmake_args' from command line to 'None'
[0.748s] Level 5:colcon.colcon_core.verb:set package 'my_package' build argument 'catkin_skip_building_tests' from command line to 'False'
[0.749s] DEBUG:colcon.colcon_core.verb:Building package 'my_package' with the following arguments: {'ament_cmake_args': None, 'build_base': '/my_new_project/ros2_ws/build/my_package', 'catkin_cmake_args': None, 'catkin_skip_building_tests': False, 'cmake_args': None, 'cmake_clean_cache': False, 'cmake_clean_first': False, 'cmake_force_configure': False, 'cmake_target': None, 'cmake_target_skip_unavailable': False, 'install_base': '/my_new_project/ros2_ws/install/my_package', 'merge_install': False, 'path': '/my_new_project/ros2_ws/src/my_package', 'symlink_install': False, 'test_result_base': None}
[0.749s] Level 5:colcon.colcon_core.verb:set package 'py_pubsub' build argument 'cmake_args' from command line to 'None'
[0.750s] Level 5:colcon.colcon_core.verb:set package 'py_pubsub' build argument 'cmake_target' from command line to 'None'
[0.750s] Level 5:colcon.colcon_core.verb:set package 'py_pubsub' build argument 'cmake_target_skip_unavailable' from command line to 'False'
[0.751s] Level 5:colcon.colcon_core.verb:set package 'py_pubsub' build argument 'cmake_clean_cache' from command line to 'False'
[0.751s] Level 5:colcon.colcon_core.verb:set package 'py_pubsub' build argument 'cmake_clean_first' from command line to 'False'
[0.751s] Level 5:colcon.colcon_core.verb:set package 'py_pubsub' build argument 'cmake_force_configure' from command line to 'False'
[0.751s] Level 5:colcon.colcon_core.verb:set package 'py_pubsub' build argument 'ament_cmake_args' from command line to 'None'
[0.752s] Level 5:colcon.colcon_core.verb:set package 'py_pubsub' build argument 'catkin_cmake_args' from command line to 'None'
[0.752s] Level 5:colcon.colcon_core.verb:set package 'py_pubsub' build argument 'catkin_skip_building_tests' from command line to 'False'
[0.752s] DEBUG:colcon.colcon_core.verb:Building package 'py_pubsub' with the following arguments: {'ament_cmake_args': None, 'build_base': '/my_new_project/ros2_ws/build/py_pubsub', 'catkin_cmake_args': None, 'catkin_skip_building_tests': False, 'cmake_args': None, 'cmake_clean_cache': False, 'cmake_clean_first': False, 'cmake_force_configure': False, 'cmake_target': None, 'cmake_target_skip_unavailable': False, 'install_base': '/my_new_project/ros2_ws/install/py_pubsub', 'merge_install': False, 'path': '/my_new_project/ros2_ws/src/py_pubsub', 'symlink_install': False, 'test_result_base': None}
[0.753s] Level 5:colcon.colcon_core.verb:set package 'turtlesim' build argument 'cmake_args' from command line to 'None'
[0.754s] Level 5:colcon.colcon_core.verb:set package 'turtlesim' build argument 'cmake_target' from command line to 'None'
[0.754s] Level 5:colcon.colcon_core.verb:set package 'turtlesim' build argument 'cmake_target_skip_unavailable' from command line to 'False'
[0.754s] Level 5:colcon.colcon_core.verb:set package 'turtlesim' build argument 'cmake_clean_cache' from command line to 'False'
[0.754s] Level 5:colcon.colcon_core.verb:set package 'turtlesim' build argument 'cmake_clean_first' from command line to 'False'
[0.755s] Level 5:colcon.colcon_core.verb:set package 'turtlesim' build argument 'cmake_force_configure' from command line to 'False'
[0.755s] Level 5:colcon.colcon_core.verb:set package 'turtlesim' build argument 'ament_cmake_args' from command line to 'None'
[0.755s] Level 5:colcon.colcon_core.verb:set package 'turtlesim' build argument 'catkin_cmake_args' from command line to 'None'
[0.755s] Level 5:colcon.colcon_core.verb:set package 'turtlesim' build argument 'catkin_skip_building_tests' from command line to 'False'
[0.756s] DEBUG:colcon.colcon_core.verb:Building package 'turtlesim' with the following arguments: {'ament_cmake_args': None, 'build_base': '/my_new_project/ros2_ws/build/turtlesim', 'catkin_cmake_args': None, 'catkin_skip_building_tests': False, 'cmake_args': None, 'cmake_clean_cache': False, 'cmake_clean_first': False, 'cmake_force_configure': False, 'cmake_target': None, 'cmake_target_skip_unavailable': False, 'install_base': '/my_new_project/ros2_ws/install/turtlesim', 'merge_install': False, 'path': '/my_new_project/ros2_ws/src/ros_tutorials/turtlesim', 'symlink_install': False, 'test_result_base': None}
[0.756s] Level 5:colcon.colcon_core.verb:set package 'urdf_tutorial' build argument 'cmake_args' from command line to 'None'
[0.757s] Level 5:colcon.colcon_core.verb:set package 'urdf_tutorial' build argument 'cmake_target' from command line to 'None'
[0.757s] Level 5:colcon.colcon_core.verb:set package 'urdf_tutorial' build argument 'cmake_target_skip_unavailable' from command line to 'False'
[0.757s] Level 5:colcon.colcon_core.verb:set package 'urdf_tutorial' build argument 'cmake_clean_cache' from command line to 'False'
[0.757s] Level 5:colcon.colcon_core.verb:set package 'urdf_tutorial' build argument 'cmake_clean_first' from command line to 'False'
[0.757s] Level 5:colcon.colcon_core.verb:set package 'urdf_tutorial' build argument 'cmake_force_configure' from command line to 'False'
[0.758s] Level 5:colcon.colcon_core.verb:set package 'urdf_tutorial' build argument 'ament_cmake_args' from command line to 'None'
[0.758s] Level 5:colcon.colcon_core.verb:set package 'urdf_tutorial' build argument 'catkin_cmake_args' from command line to 'None'
[0.758s] Level 5:colcon.colcon_core.verb:set package 'urdf_tutorial' build argument 'catkin_skip_building_tests' from command line to 'False'
[0.758s] DEBUG:colcon.colcon_core.verb:Building package 'urdf_tutorial' with the following arguments: {'ament_cmake_args': None, 'build_base': '/my_new_project/ros2_ws/build/urdf_tutorial', 'catkin_cmake_args': None, 'catkin_skip_building_tests': False, 'cmake_args': None, 'cmake_clean_cache': False, 'cmake_clean_first': False, 'cmake_force_configure': False, 'cmake_target': None, 'cmake_target_skip_unavailable': False, 'install_base': '/my_new_project/ros2_ws/install/urdf_tutorial', 'merge_install': False, 'path': '/my_new_project/ros2_ws/src/urdf_tutorial', 'symlink_install': False, 'test_result_base': None}
[0.759s] INFO:colcon.colcon_core.executor:Executing jobs using 'parallel' executor
[0.762s] DEBUG:colcon.colcon_parallel_executor.executor.parallel:run_until_complete
[0.762s] INFO:colcon.colcon_ros.task.ament_python.build:Building ROS package in '/my_new_project/ros2_ws/src/my_package' with build type 'ament_python'
[0.763s] Level 1:colcon.colcon_core.shell:create_environment_hook('my_package', 'ament_prefix_path')
[0.785s] INFO:colcon.colcon_core.plugin_system:Skipping extension 'colcon_core.shell.bat': Not used on non-Windows systems
[0.786s] INFO:colcon.colcon_core.shell:Creating environment hook '/my_new_project/ros2_ws/install/my_package/share/my_package/hook/ament_prefix_path.ps1'
[0.808s] INFO:colcon.colcon_core.shell:Creating environment descriptor '/my_new_project/ros2_ws/install/my_package/share/my_package/hook/ament_prefix_path.dsv'
[0.830s] INFO:colcon.colcon_core.shell:Creating environment hook '/my_new_project/ros2_ws/install/my_package/share/my_package/hook/ament_prefix_path.sh'
[0.854s] INFO:colcon.colcon_core.shell:Skip shell extension 'powershell' for command environment: Not usable outside of PowerShell
[0.854s] DEBUG:colcon.colcon_core.shell:Skip shell extension 'dsv' for command environment
[0.881s] INFO:colcon.colcon_ros.task.ament_python.build:Building ROS package in '/my_new_project/ros2_ws/src/py_pubsub' with build type 'ament_python'
[0.882s] Level 1:colcon.colcon_core.shell:create_environment_hook('py_pubsub', 'ament_prefix_path')
[0.882s] INFO:colcon.colcon_core.shell:Creating environment hook '/my_new_project/ros2_ws/install/py_pubsub/share/py_pubsub/hook/ament_prefix_path.ps1'
[0.904s] INFO:colcon.colcon_core.shell:Creating environment descriptor '/my_new_project/ros2_ws/install/py_pubsub/share/py_pubsub/hook/ament_prefix_path.dsv'
[0.926s] INFO:colcon.colcon_core.shell:Creating environment hook '/my_new_project/ros2_ws/install/py_pubsub/share/py_pubsub/hook/ament_prefix_path.sh'
[0.948s] INFO:colcon.colcon_core.shell:Skip shell extension 'powershell' for command environment: Not usable outside of PowerShell
[0.949s] DEBUG:colcon.colcon_core.shell:Skip shell extension 'dsv' for command environment
[0.966s] INFO:colcon.colcon_ros.task.ament_cmake.build:Building ROS package in '/my_new_project/ros2_ws/src/ros_tutorials/turtlesim' with build type 'ament_cmake'
[0.967s] INFO:colcon.colcon_cmake.task.cmake.build:Building CMake package in '/my_new_project/ros2_ws/src/ros_tutorials/turtlesim'
[0.968s] INFO:colcon.colcon_core.shell:Skip shell extension 'powershell' for command environment: Not usable outside of PowerShell
[0.968s] DEBUG:colcon.colcon_core.shell:Skip shell extension 'dsv' for command environment
[0.986s] INFO:colcon.colcon_ros.task.ament_cmake.build:Building ROS package in '/my_new_project/ros2_ws/src/urdf_tutorial' with build type 'ament_cmake'
[0.986s] INFO:colcon.colcon_cmake.task.cmake.build:Building CMake package in '/my_new_project/ros2_ws/src/urdf_tutorial'
[0.987s] INFO:colcon.colcon_core.shell:Skip shell extension 'powershell' for command environment: Not usable outside of PowerShell
[0.987s] DEBUG:colcon.colcon_core.shell:Skip shell extension 'dsv' for command environment
[1.401s] INFO:colcon.colcon_core.task.python.build:Building Python package in '/my_new_project/ros2_ws/src/my_package'
[1.401s] INFO:colcon.colcon_core.shell:Skip shell extension 'powershell' for command environment: Not usable outside of PowerShell
[1.402s] DEBUG:colcon.colcon_core.shell:Skip shell extension 'dsv' for command environment
[1.747s] INFO:colcon.colcon_core.task.python.build:Building Python package in '/my_new_project/ros2_ws/src/py_pubsub'
[1.747s] INFO:colcon.colcon_core.shell:Skip shell extension 'powershell' for command environment: Not usable outside of PowerShell
[1.748s] DEBUG:colcon.colcon_core.shell:Skip shell extension 'dsv' for command environment
[1.858s] DEBUG:colcon.colcon_core.event_handler.log_command:Invoking command in '/my_new_project/ros2_ws/build/turtlesim': CMAKE_PREFIX_PATH=${CMAKE_PREFIX_PATH}:/opt/ros/jazzy /usr/bin/cmake --build /my_new_project/ros2_ws/build/turtlesim -- -j16 -l16
[1.902s] DEBUG:colcon.colcon_core.event_handler.log_command:Invoking command in '/my_new_project/ros2_ws/build/urdf_tutorial': CMAKE_PREFIX_PATH=${CMAKE_PREFIX_PATH}:/opt/ros/jazzy /usr/bin/cmake /my_new_project/ros2_ws/src/urdf_tutorial -DCMAKE_INSTALL_PREFIX=/my_new_project/ros2_ws/install/urdf_tutorial
[4.187s] DEBUG:colcon.colcon_core.event_handler.log_command:Invoking command in '/my_new_project/ros2_ws/src/py_pubsub': PYTHONPATH=/my_new_project/ros2_ws/build/py_pubsub/prefix_override:/usr/lib/python3/dist-packages/colcon_core/task/python/colcon_distutils_commands:/my_new_project/ros2_ws/install/py_pubsub/lib/python3.12/site-packages:${PYTHONPATH} /usr/bin/python3 -W ignore:setup.py install is deprecated -W ignore:easy_install command is deprecated setup.py egg_info --egg-base ../../build/py_pubsub build --build-base /my_new_project/ros2_ws/build/py_pubsub/build install --record /my_new_project/ros2_ws/build/py_pubsub/install.log --single-version-externally-managed install_data
[4.213s] DEBUG:colcon.colcon_core.event_handler.log_command:Invoking command in '/my_new_project/ros2_ws/src/my_package': PYTHONPATH=/my_new_project/ros2_ws/build/my_package/prefix_override:/usr/lib/python3/dist-packages/colcon_core/task/python/colcon_distutils_commands:/my_new_project/ros2_ws/install/my_package/lib/python3.12/site-packages:${PYTHONPATH} /usr/bin/python3 -W ignore:setup.py install is deprecated -W ignore:easy_install command is deprecated setup.py egg_info --egg-base ../../build/my_package build --build-base /my_new_project/ros2_ws/build/my_package/build install --record /my_new_project/ros2_ws/build/my_package/install.log --single-version-externally-managed install_data
[5.620s] DEBUG:colcon.colcon_core.event_handler.log_command:Invoked command in '/my_new_project/ros2_ws/build/urdf_tutorial' returned '0': CMAKE_PREFIX_PATH=${CMAKE_PREFIX_PATH}:/opt/ros/jazzy /usr/bin/cmake /my_new_project/ros2_ws/src/urdf_tutorial -DCMAKE_INSTALL_PREFIX=/my_new_project/ros2_ws/install/urdf_tutorial
[5.632s] DEBUG:colcon.colcon_core.event_handler.log_command:Invoking command in '/my_new_project/ros2_ws/build/urdf_tutorial': CMAKE_PREFIX_PATH=${CMAKE_PREFIX_PATH}:/opt/ros/jazzy /usr/bin/cmake --build /my_new_project/ros2_ws/build/urdf_tutorial -- -j16 -l16
[5.800s] DEBUG:colcon.colcon_core.event_handler.log_command:Invoked command in '/my_new_project/ros2_ws/build/urdf_tutorial' returned '0': CMAKE_PREFIX_PATH=${CMAKE_PREFIX_PATH}:/opt/ros/jazzy /usr/bin/cmake --build /my_new_project/ros2_ws/build/urdf_tutorial -- -j16 -l16
[5.871s] DEBUG:colcon.colcon_core.event_handler.log_command:Invoking command in '/my_new_project/ros2_ws/build/urdf_tutorial': CMAKE_PREFIX_PATH=${CMAKE_PREFIX_PATH}:/opt/ros/jazzy /usr/bin/cmake --install /my_new_project/ros2_ws/build/urdf_tutorial
[6.713s] DEBUG:colcon.colcon_core.event_handler.log_command:Invoked command in '/my_new_project/ros2_ws/build/turtlesim' returned '0': CMAKE_PREFIX_PATH=${CMAKE_PREFIX_PATH}:/opt/ros/jazzy /usr/bin/cmake --build /my_new_project/ros2_ws/build/turtlesim -- -j16 -l16
[6.744s] DEBUG:colcon.colcon_core.event_handler.log_command:Invoking command in '/my_new_project/ros2_ws/build/turtlesim': CMAKE_PREFIX_PATH=${CMAKE_PREFIX_PATH}:/opt/ros/jazzy /usr/bin/cmake --install /my_new_project/ros2_ws/build/turtlesim
[7.264s] DEBUG:colcon.colcon_core.event_handler.log_command:Invoked command in '/my_new_project/ros2_ws/src/my_package' returned '0': PYTHONPATH=/my_new_project/ros2_ws/build/my_package/prefix_override:/usr/lib/python3/dist-packages/colcon_core/task/python/colcon_distutils_commands:/my_new_project/ros2_ws/install/my_package/lib/python3.12/site-packages:${PYTHONPATH} /usr/bin/python3 -W ignore:setup.py install is deprecated -W ignore:easy_install command is deprecated setup.py egg_info --egg-base ../../build/my_package build --build-base /my_new_project/ros2_ws/build/my_package/build install --record /my_new_project/ros2_ws/build/my_package/install.log --single-version-externally-managed install_data
[7.307s] Level 1:colcon.colcon_core.environment:checking '/my_new_project/ros2_ws/install/my_package' for CMake module files
[7.370s] Level 1:colcon.colcon_core.environment:checking '/my_new_project/ros2_ws/install/my_package' for CMake config files
[7.484s] Level 1:colcon.colcon_core.environment:checking '/my_new_project/ros2_ws/install/my_package/lib'
[7.490s] Level 1:colcon.colcon_core.environment:checking '/my_new_project/ros2_ws/install/my_package/bin'
[7.491s] Level 1:colcon.colcon_core.environment:checking '/my_new_project/ros2_ws/install/my_package/lib/pkgconfig/my_package.pc'
[7.493s] Level 1:colcon.colcon_core.environment:checking '/my_new_project/ros2_ws/install/my_package/lib/python3.12/site-packages'
[7.497s] Level 1:colcon.colcon_core.shell:create_environment_hook('my_package', 'pythonpath')
[7.497s] INFO:colcon.colcon_core.shell:Creating environment hook '/my_new_project/ros2_ws/install/my_package/share/my_package/hook/pythonpath.ps1'
[7.515s] INFO:colcon.colcon_core.shell:Creating environment descriptor '/my_new_project/ros2_ws/install/my_package/share/my_package/hook/pythonpath.dsv'
[7.534s] INFO:colcon.colcon_core.shell:Creating environment hook '/my_new_project/ros2_ws/install/my_package/share/my_package/hook/pythonpath.sh'
[7.553s] Level 1:colcon.colcon_core.environment:checking '/my_new_project/ros2_ws/install/my_package/bin'
[7.554s] Level 1:colcon.colcon_core.environment:create_environment_scripts_only(my_package)
[7.555s] INFO:colcon.colcon_core.shell:Creating package script '/my_new_project/ros2_ws/install/my_package/share/my_package/package.ps1'
[7.600s] INFO:colcon.colcon_core.shell:Creating package descriptor '/my_new_project/ros2_ws/install/my_package/share/my_package/package.dsv'
[7.619s] INFO:colcon.colcon_core.shell:Creating package script '/my_new_project/ros2_ws/install/my_package/share/my_package/package.sh'
[7.636s] INFO:colcon.colcon_core.shell:Creating package script '/my_new_project/ros2_ws/install/my_package/share/my_package/package.bash'
[7.652s] INFO:colcon.colcon_core.shell:Creating package script '/my_new_project/ros2_ws/install/my_package/share/my_package/package.zsh'
[7.669s] Level 1:colcon.colcon_core.environment:create_file_with_runtime_dependencies(/my_new_project/ros2_ws/install/my_package/share/colcon-core/packages/my_package)
[7.683s] Level 1:colcon.colcon_core.environment:checking '/my_new_project/ros2_ws/install/py_pubsub' for CMake module files
[7.694s] DEBUG:colcon.colcon_core.event_handler.log_command:Invoked command in '/my_new_project/ros2_ws/src/py_pubsub' returned '0': PYTHONPATH=/my_new_project/ros2_ws/build/py_pubsub/prefix_override:/usr/lib/python3/dist-packages/colcon_core/task/python/colcon_distutils_commands:/my_new_project/ros2_ws/install/py_pubsub/lib/python3.12/site-packages:${PYTHONPATH} /usr/bin/python3 -W ignore:setup.py install is deprecated -W ignore:easy_install command is deprecated setup.py egg_info --egg-base ../../build/py_pubsub build --build-base /my_new_project/ros2_ws/build/py_pubsub/build install --record /my_new_project/ros2_ws/build/py_pubsub/install.log --single-version-externally-managed install_data
[7.757s] Level 1:colcon.colcon_core.environment:checking '/my_new_project/ros2_ws/install/py_pubsub' for CMake config files
[7.877s] Level 1:colcon.colcon_core.environment:checking '/my_new_project/ros2_ws/install/py_pubsub/lib'
[7.882s] Level 1:colcon.colcon_core.environment:checking '/my_new_project/ros2_ws/install/py_pubsub/bin'
[7.883s] Level 1:colcon.colcon_core.environment:checking '/my_new_project/ros2_ws/install/py_pubsub/lib/pkgconfig/py_pubsub.pc'
[7.885s] Level 1:colcon.colcon_core.environment:checking '/my_new_project/ros2_ws/install/py_pubsub/lib/python3.12/site-packages'
[7.889s] Level 1:colcon.colcon_core.shell:create_environment_hook('py_pubsub', 'pythonpath')
[7.889s] INFO:colcon.colcon_core.shell:Creating environment hook '/my_new_project/ros2_ws/install/py_pubsub/share/py_pubsub/hook/pythonpath.ps1'
[7.911s] INFO:colcon.colcon_core.shell:Creating environment descriptor '/my_new_project/ros2_ws/install/py_pubsub/share/py_pubsub/hook/pythonpath.dsv'
[7.933s] INFO:colcon.colcon_core.shell:Creating environment hook '/my_new_project/ros2_ws/install/py_pubsub/share/py_pubsub/hook/pythonpath.sh'
[7.952s] Level 1:colcon.colcon_core.environment:checking '/my_new_project/ros2_ws/install/py_pubsub/bin'
[7.954s] Level 1:colcon.colcon_core.environment:create_environment_scripts_only(py_pubsub)
[7.954s] INFO:colcon.colcon_core.shell:Creating package script '/my_new_project/ros2_ws/install/py_pubsub/share/py_pubsub/package.ps1'
[7.969s] INFO:colcon.colcon_core.shell:Creating package descriptor '/my_new_project/ros2_ws/install/py_pubsub/share/py_pubsub/package.dsv'
[7.984s] INFO:colcon.colcon_core.shell:Creating package script '/my_new_project/ros2_ws/install/py_pubsub/share/py_pubsub/package.sh'
[8.000s] INFO:colcon.colcon_core.shell:Creating package script '/my_new_project/ros2_ws/install/py_pubsub/share/py_pubsub/package.bash'
[8.016s] INFO:colcon.colcon_core.shell:Creating package script '/my_new_project/ros2_ws/install/py_pubsub/share/py_pubsub/package.zsh'
[8.032s] Level 1:colcon.colcon_core.environment:create_file_with_runtime_dependencies(/my_new_project/ros2_ws/install/py_pubsub/share/colcon-core/packages/py_pubsub)
[9.799s] Level 1:colcon.colcon_core.environment:create_environment_scripts_only(urdf_tutorial)
[9.800s] Level 1:colcon.colcon_core.environment:checking '/my_new_project/ros2_ws/install/urdf_tutorial' for CMake module files
[9.800s] DEBUG:colcon.colcon_core.event_handler.log_command:Invoked command in '/my_new_project/ros2_ws/build/urdf_tutorial' returned '0': CMAKE_PREFIX_PATH=${CMAKE_PREFIX_PATH}:/opt/ros/jazzy /usr/bin/cmake --install /my_new_project/ros2_ws/build/urdf_tutorial
[9.906s] Level 1:colcon.colcon_core.environment:checking '/my_new_project/ros2_ws/install/urdf_tutorial' for CMake config files
[10.010s] Level 1:colcon.colcon_core.shell:create_environment_hook('urdf_tutorial', 'cmake_prefix_path')
[10.010s] INFO:colcon.colcon_core.shell:Creating environment hook '/my_new_project/ros2_ws/install/urdf_tutorial/share/urdf_tutorial/hook/cmake_prefix_path.ps1'
[10.029s] INFO:colcon.colcon_core.shell:Creating environment descriptor '/my_new_project/ros2_ws/install/urdf_tutorial/share/urdf_tutorial/hook/cmake_prefix_path.dsv'
[10.048s] INFO:colcon.colcon_core.shell:Creating environment hook '/my_new_project/ros2_ws/install/urdf_tutorial/share/urdf_tutorial/hook/cmake_prefix_path.sh'
[10.073s] Level 1:colcon.colcon_core.environment:checking '/my_new_project/ros2_ws/install/urdf_tutorial/bin'
[10.075s] Level 1:colcon.colcon_core.environment:checking '/my_new_project/ros2_ws/install/urdf_tutorial/lib/pkgconfig/urdf_tutorial.pc'
[10.076s] Level 1:colcon.colcon_core.environment:checking '/my_new_project/ros2_ws/install/urdf_tutorial/lib/python3.12/site-packages'
[10.078s] Level 1:colcon.colcon_core.environment:checking '/my_new_project/ros2_ws/install/urdf_tutorial/bin'
[10.079s] INFO:colcon.colcon_core.shell:Creating package script '/my_new_project/ros2_ws/install/urdf_tutorial/share/urdf_tutorial/package.ps1'
[10.095s] INFO:colcon.colcon_core.shell:Creating package descriptor '/my_new_project/ros2_ws/install/urdf_tutorial/share/urdf_tutorial/package.dsv'
[10.114s] INFO:colcon.colcon_core.shell:Creating package script '/my_new_project/ros2_ws/install/urdf_tutorial/share/urdf_tutorial/package.sh'
[10.132s] INFO:colcon.colcon_core.shell:Creating package script '/my_new_project/ros2_ws/install/urdf_tutorial/share/urdf_tutorial/package.bash'
[10.147s] INFO:colcon.colcon_core.shell:Creating package script '/my_new_project/ros2_ws/install/urdf_tutorial/share/urdf_tutorial/package.zsh'
[10.163s] Level 1:colcon.colcon_core.environment:create_file_with_runtime_dependencies(/my_new_project/ros2_ws/install/urdf_tutorial/share/colcon-core/packages/urdf_tutorial)
[10.196s] Level 1:colcon.colcon_core.environment:create_environment_scripts_only(urdf_tutorial)
[10.197s] Level 1:colcon.colcon_core.environment:checking '/my_new_project/ros2_ws/install/urdf_tutorial' for CMake module files
[10.321s] Level 1:colcon.colcon_core.environment:checking '/my_new_project/ros2_ws/install/urdf_tutorial' for CMake config files
[10.425s] Level 1:colcon.colcon_core.shell:create_environment_hook('urdf_tutorial', 'cmake_prefix_path')
[10.425s] INFO:colcon.colcon_core.shell:Creating environment hook '/my_new_project/ros2_ws/install/urdf_tutorial/share/urdf_tutorial/hook/cmake_prefix_path.ps1'
[10.444s] INFO:colcon.colcon_core.shell:Creating environment descriptor '/my_new_project/ros2_ws/install/urdf_tutorial/share/urdf_tutorial/hook/cmake_prefix_path.dsv'
[10.462s] INFO:colcon.colcon_core.shell:Creating environment hook '/my_new_project/ros2_ws/install/urdf_tutorial/share/urdf_tutorial/hook/cmake_prefix_path.sh'
[10.487s] Level 1:colcon.colcon_core.environment:checking '/my_new_project/ros2_ws/install/urdf_tutorial/bin'
[10.488s] Level 1:colcon.colcon_core.environment:checking '/my_new_project/ros2_ws/install/urdf_tutorial/lib/pkgconfig/urdf_tutorial.pc'
[10.490s] Level 1:colcon.colcon_core.environment:checking '/my_new_project/ros2_ws/install/urdf_tutorial/lib/python3.12/site-packages'
[10.492s] Level 1:colcon.colcon_core.environment:checking '/my_new_project/ros2_ws/install/urdf_tutorial/bin'
[10.494s] INFO:colcon.colcon_core.shell:Creating package script '/my_new_project/ros2_ws/install/urdf_tutorial/share/urdf_tutorial/package.ps1'
[10.509s] INFO:colcon.colcon_core.shell:Creating package descriptor '/my_new_project/ros2_ws/install/urdf_tutorial/share/urdf_tutorial/package.dsv'
[10.523s] INFO:colcon.colcon_core.shell:Creating package script '/my_new_project/ros2_ws/install/urdf_tutorial/share/urdf_tutorial/package.sh'
[10.540s] INFO:colcon.colcon_core.shell:Creating package script '/my_new_project/ros2_ws/install/urdf_tutorial/share/urdf_tutorial/package.bash'
[10.556s] INFO:colcon.colcon_core.shell:Creating package script '/my_new_project/ros2_ws/install/urdf_tutorial/share/urdf_tutorial/package.zsh'
[10.571s] Level 1:colcon.colcon_core.environment:create_file_with_runtime_dependencies(/my_new_project/ros2_ws/install/urdf_tutorial/share/colcon-core/packages/urdf_tutorial)
[19.111s] Level 1:colcon.colcon_core.environment:create_environment_scripts_only(turtlesim)
[19.112s] Level 1:colcon.colcon_core.environment:checking '/my_new_project/ros2_ws/install/turtlesim' for CMake module files
[19.142s] DEBUG:colcon.colcon_core.event_handler.log_command:Invoked command in '/my_new_project/ros2_ws/build/turtlesim' returned '0': CMAKE_PREFIX_PATH=${CMAKE_PREFIX_PATH}:/opt/ros/jazzy /usr/bin/cmake --install /my_new_project/ros2_ws/build/turtlesim
[19.405s] Level 1:colcon.colcon_core.environment:checking '/my_new_project/ros2_ws/install/turtlesim' for CMake config files
[19.716s] Level 1:colcon.colcon_core.shell:create_environment_hook('turtlesim', 'cmake_prefix_path')
[19.717s] INFO:colcon.colcon_core.shell:Creating environment hook '/my_new_project/ros2_ws/install/turtlesim/share/turtlesim/hook/cmake_prefix_path.ps1'
[19.733s] INFO:colcon.colcon_core.shell:Creating environment descriptor '/my_new_project/ros2_ws/install/turtlesim/share/turtlesim/hook/cmake_prefix_path.dsv'
[19.753s] INFO:colcon.colcon_core.shell:Creating environment hook '/my_new_project/ros2_ws/install/turtlesim/share/turtlesim/hook/cmake_prefix_path.sh'
[19.777s] Level 1:colcon.colcon_core.environment:checking '/my_new_project/ros2_ws/install/turtlesim/lib'
[19.782s] Level 1:colcon.colcon_core.shell:create_environment_hook('turtlesim', 'ld_library_path_lib')
[19.782s] INFO:colcon.colcon_core.shell:Creating environment hook '/my_new_project/ros2_ws/install/turtlesim/share/turtlesim/hook/ld_library_path_lib.ps1'
[19.801s] INFO:colcon.colcon_core.shell:Creating environment descriptor '/my_new_project/ros2_ws/install/turtlesim/share/turtlesim/hook/ld_library_path_lib.dsv'
[19.818s] INFO:colcon.colcon_core.shell:Creating environment hook '/my_new_project/ros2_ws/install/turtlesim/share/turtlesim/hook/ld_library_path_lib.sh'
[19.835s] Level 1:colcon.colcon_core.environment:checking '/my_new_project/ros2_ws/install/turtlesim/bin'
[19.837s] Level 1:colcon.colcon_core.environment:checking '/my_new_project/ros2_ws/install/turtlesim/lib/pkgconfig/turtlesim.pc'
[19.839s] Level 1:colcon.colcon_core.environment:checking '/my_new_project/ros2_ws/install/turtlesim/lib/python3.12/site-packages'
[19.843s] Level 1:colcon.colcon_core.shell:create_environment_hook('turtlesim', 'pythonpath')
[19.843s] INFO:colcon.colcon_core.shell:Creating environment hook '/my_new_project/ros2_ws/install/turtlesim/share/turtlesim/hook/pythonpath.ps1'
[19.861s] INFO:colcon.colcon_core.shell:Creating environment descriptor '/my_new_project/ros2_ws/install/turtlesim/share/turtlesim/hook/pythonpath.dsv'
[19.881s] INFO:colcon.colcon_core.shell:Creating environment hook '/my_new_project/ros2_ws/install/turtlesim/share/turtlesim/hook/pythonpath.sh'
[19.900s] Level 1:colcon.colcon_core.environment:checking '/my_new_project/ros2_ws/install/turtlesim/bin'
[19.902s] INFO:colcon.colcon_core.shell:Creating package script '/my_new_project/ros2_ws/install/turtlesim/share/turtlesim/package.ps1'
[19.918s] INFO:colcon.colcon_core.shell:Creating package descriptor '/my_new_project/ros2_ws/install/turtlesim/share/turtlesim/package.dsv'
[19.934s] INFO:colcon.colcon_core.shell:Creating package script '/my_new_project/ros2_ws/install/turtlesim/share/turtlesim/package.sh'
[19.953s] INFO:colcon.colcon_core.shell:Creating package script '/my_new_project/ros2_ws/install/turtlesim/share/turtlesim/package.bash'
[19.967s] INFO:colcon.colcon_core.shell:Creating package script '/my_new_project/ros2_ws/install/turtlesim/share/turtlesim/package.zsh'
[19.986s] Level 1:colcon.colcon_core.environment:create_file_with_runtime_dependencies(/my_new_project/ros2_ws/install/turtlesim/share/colcon-core/packages/turtlesim)
[20.018s] Level 1:colcon.colcon_core.environment:create_environment_scripts_only(turtlesim)
[20.018s] Level 1:colcon.colcon_core.environment:checking '/my_new_project/ros2_ws/install/turtlesim' for CMake module files
[20.315s] Level 1:colcon.colcon_core.environment:checking '/my_new_project/ros2_ws/install/turtlesim' for CMake config files
[20.642s] Level 1:colcon.colcon_core.shell:create_environment_hook('turtlesim', 'cmake_prefix_path')
[20.643s] INFO:colcon.colcon_core.shell:Creating environment hook '/my_new_project/ros2_ws/install/turtlesim/share/turtlesim/hook/cmake_prefix_path.ps1'
[20.665s] INFO:colcon.colcon_core.shell:Creating environment descriptor '/my_new_project/ros2_ws/install/turtlesim/share/turtlesim/hook/cmake_prefix_path.dsv'
[20.686s] INFO:colcon.colcon_core.shell:Creating environment hook '/my_new_project/ros2_ws/install/turtlesim/share/turtlesim/hook/cmake_prefix_path.sh'
[20.714s] Level 1:colcon.colcon_core.environment:checking '/my_new_project/ros2_ws/install/turtlesim/lib'
[20.718s] Level 1:colcon.colcon_core.shell:create_environment_hook('turtlesim', 'ld_library_path_lib')
[20.719s] INFO:colcon.colcon_core.shell:Creating environment hook '/my_new_project/ros2_ws/install/turtlesim/share/turtlesim/hook/ld_library_path_lib.ps1'
[20.735s] INFO:colcon.colcon_core.shell:Creating environment descriptor '/my_new_project/ros2_ws/install/turtlesim/share/turtlesim/hook/ld_library_path_lib.dsv'
[20.750s] INFO:colcon.colcon_core.shell:Creating environment hook '/my_new_project/ros2_ws/install/turtlesim/share/turtlesim/hook/ld_library_path_lib.sh'
[20.767s] Level 1:colcon.colcon_core.environment:checking '/my_new_project/ros2_ws/install/turtlesim/bin'
[20.768s] Level 1:colcon.colcon_core.environment:checking '/my_new_project/ros2_ws/install/turtlesim/lib/pkgconfig/turtlesim.pc'
[20.771s] Level 1:colcon.colcon_core.environment:checking '/my_new_project/ros2_ws/install/turtlesim/lib/python3.12/site-packages'
[20.774s] Level 1:colcon.colcon_core.shell:create_environment_hook('turtlesim', 'pythonpath')
[20.774s] INFO:colcon.colcon_core.shell:Creating environment hook '/my_new_project/ros2_ws/install/turtlesim/share/turtlesim/hook/pythonpath.ps1'
[20.789s] INFO:colcon.colcon_core.shell:Creating environment descriptor '/my_new_project/ros2_ws/install/turtlesim/share/turtlesim/hook/pythonpath.dsv'
[20.837s] INFO:colcon.colcon_core.shell:Creating environment hook '/my_new_project/ros2_ws/install/turtlesim/share/turtlesim/hook/pythonpath.sh'
[20.853s] Level 1:colcon.colcon_core.environment:checking '/my_new_project/ros2_ws/install/turtlesim/bin'
[20.855s] INFO:colcon.colcon_core.shell:Creating package script '/my_new_project/ros2_ws/install/turtlesim/share/turtlesim/package.ps1'
[20.868s] INFO:colcon.colcon_core.shell:Creating package descriptor '/my_new_project/ros2_ws/install/turtlesim/share/turtlesim/package.dsv'
[20.880s] INFO:colcon.colcon_core.shell:Creating package script '/my_new_project/ros2_ws/install/turtlesim/share/turtlesim/package.sh'
[20.893s] INFO:colcon.colcon_core.shell:Creating package script '/my_new_project/ros2_ws/install/turtlesim/share/turtlesim/package.bash'
[20.907s] INFO:colcon.colcon_core.shell:Creating package script '/my_new_project/ros2_ws/install/turtlesim/share/turtlesim/package.zsh'
[20.923s] Level 1:colcon.colcon_core.environment:create_file_with_runtime_dependencies(/my_new_project/ros2_ws/install/turtlesim/share/colcon-core/packages/turtlesim)
[20.933s] DEBUG:colcon.colcon_parallel_executor.executor.parallel:closing loop
[20.934s] DEBUG:colcon.colcon_parallel_executor.executor.parallel:loop closed
[20.935s] DEBUG:colcon.colcon_parallel_executor.executor.parallel:run_until_complete finished with '0'
[20.935s] DEBUG:colcon.colcon_core.event_reactor:joining thread
[21.008s] INFO:colcon.colcon_core.plugin_system:Skipping extension 'colcon_notification.desktop_notification.notify_send': Could not find 'notify-send'
[21.009s] INFO:colcon.colcon_core.plugin_system:Skipping extension 'colcon_notification.desktop_notification.terminal_notifier': Not used on non-Darwin systems
[21.010s] INFO:colcon.colcon_core.plugin_system:Skipping extension 'colcon_notification.desktop_notification.win32': Not used on non-Windows systems
[21.010s] INFO:colcon.colcon_notification.desktop_notification:Sending desktop notification using 'notify2'
[21.015s] DEBUG:colcon.colcon_notification.desktop_notification.notify2:Failed to initialize notify2: org.freedesktop.DBus.Error.Spawn.ExecFailed: /usr/bin/dbus-launch terminated abnormally without any error message
[21.016s] DEBUG:colcon.colcon_core.event_reactor:joined thread
[21.017s] INFO:colcon.colcon_core.shell:Creating prefix script '/my_new_project/ros2_ws/install/local_setup.ps1'
[21.025s] INFO:colcon.colcon_core.shell:Creating prefix util module '/my_new_project/ros2_ws/install/_local_setup_util_ps1.py'
[21.031s] INFO:colcon.colcon_core.shell:Creating prefix chain script '/my_new_project/ros2_ws/install/setup.ps1'
[21.038s] INFO:colcon.colcon_core.shell:Creating prefix script '/my_new_project/ros2_ws/install/local_setup.sh'
[21.047s] INFO:colcon.colcon_core.shell:Creating prefix util module '/my_new_project/ros2_ws/install/_local_setup_util_sh.py'
[21.054s] INFO:colcon.colcon_core.shell:Creating prefix chain script '/my_new_project/ros2_ws/install/setup.sh'
[21.064s] INFO:colcon.colcon_core.shell:Creating prefix script '/my_new_project/ros2_ws/install/local_setup.bash'
[21.072s] INFO:colcon.colcon_core.shell:Creating prefix chain script '/my_new_project/ros2_ws/install/setup.bash'
[21.080s] INFO:colcon.colcon_core.shell:Creating prefix script '/my_new_project/ros2_ws/install/local_setup.zsh'
[21.085s] INFO:colcon.colcon_core.shell:Creating prefix chain script '/my_new_project/ros2_ws/install/setup.zsh'
