[1.649s] Invoking command in '/my_new_project/ros2_ws/build/turtlesim': CMAKE_PREFIX_PATH=${CMAKE_PREFIX_PATH}:/opt/ros/jazzy /usr/bin/cmake --build /my_new_project/ros2_ws/build/turtlesim -- -j16 -l16
[2.548s] [  0%] Built target turtlesim__rosidl_generator_type_description
[3.457s] [  1%] Built target turtlesim__cpp
[4.818s] [ 24%] Built target turtlesim__rosidl_generator_c
[5.454s] [ 24%] Built target ament_cmake_python_copy_turtlesim
[5.737s] [ 42%] Built target turtlesim__rosidl_typesupport_cpp
[5.743s] [ 42%] Built target turtlesim__rosidl_typesupport_c
[6.004s] [ 50%] Built target turtlesim__rosidl_typesupport_introspection_cpp
[6.098s] [ 67%] Built target turtlesim__rosidl_typesupport_introspection_c
[6.102s] [ 67%] Built target turtlesim__rosidl_typesupport_fastrtps_c
[6.205s] [ 74%] Built target draw_square
[6.212s] [ 76%] Built target turtle_teleop_key
[6.214s] [ 76%] Built target mimic
[6.246s] [ 81%] Built target turtlesim__rosidl_typesupport_fastrtps_cpp
[6.266s] running egg_info
[6.311s] writing turtlesim.egg-info/PKG-INFO
[6.318s] writing dependency_links to turtlesim.egg-info/dependency_links.txt
[6.333s] writing top-level names to turtlesim.egg-info/top_level.txt
[6.436s] [ 81%] Built target turtlesim
[6.542s] [ 86%] Built target turtlesim_node
[6.562s] reading manifest file 'turtlesim.egg-info/SOURCES.txt'
[6.694s] writing manifest file 'turtlesim.egg-info/SOURCES.txt'
[6.777s] [ 86%] Built target ament_cmake_python_build_turtlesim_egg
[6.852s] [ 86%] Built target turtlesim__py
[7.433s] [ 94%] Built target turtlesim__rosidl_generator_py
[7.738s] [100%] Built target turtlesim_s__rosidl_typesupport_c
[7.739s] [100%] Built target turtlesim_s__rosidl_typesupport_introspection_c
[7.741s] [100%] Built target turtlesim_s__rosidl_typesupport_fastrtps_c
[8.360s] Invoked command in '/my_new_project/ros2_ws/build/turtlesim' returned '0': CMAKE_PREFIX_PATH=${CMAKE_PREFIX_PATH}:/opt/ros/jazzy /usr/bin/cmake --build /my_new_project/ros2_ws/build/turtlesim -- -j16 -l16
[8.440s] Invoking command in '/my_new_project/ros2_ws/build/turtlesim': CMAKE_PREFIX_PATH=${CMAKE_PREFIX_PATH}:/opt/ros/jazzy /usr/bin/cmake --install /my_new_project/ros2_ws/build/turtlesim
[8.485s] -- Install configuration: ""
[8.527s] -- Up-to-date: /my_new_project/ros2_ws/install/turtlesim/share/ament_index/resource_index/rosidl_interfaces/turtlesim
[8.570s] -- Up-to-date: /my_new_project/ros2_ws/install/turtlesim/share/turtlesim/action/RotateAbsolute.json
[8.610s] -- Up-to-date: /my_new_project/ros2_ws/install/turtlesim/share/turtlesim/msg/Color.json
[8.649s] -- Up-to-date: /my_new_project/ros2_ws/install/turtlesim/share/turtlesim/msg/Pose.json
[8.688s] -- Up-to-date: /my_new_project/ros2_ws/install/turtlesim/share/turtlesim/srv/Kill.json
[8.724s] -- Up-to-date: /my_new_project/ros2_ws/install/turtlesim/share/turtlesim/srv/SetPen.json
[8.759s] -- Up-to-date: /my_new_project/ros2_ws/install/turtlesim/share/turtlesim/srv/Spawn.json
[8.799s] -- Up-to-date: /my_new_project/ros2_ws/install/turtlesim/share/turtlesim/srv/TeleportAbsolute.json
[8.837s] -- Up-to-date: /my_new_project/ros2_ws/install/turtlesim/share/turtlesim/srv/TeleportRelative.json
[8.860s] -- Up-to-date: /my_new_project/ros2_ws/install/turtlesim/include/turtlesim/turtlesim
[8.893s] -- Up-to-date: /my_new_project/ros2_ws/install/turtlesim/include/turtlesim/turtlesim/action
[8.936s] -- Up-to-date: /my_new_project/ros2_ws/install/turtlesim/include/turtlesim/turtlesim/action/detail
[8.996s] -- Up-to-date: /my_new_project/ros2_ws/install/turtlesim/include/turtlesim/turtlesim/action/detail/rotate_absolute__description.c
[9.039s] -- Up-to-date: /my_new_project/ros2_ws/install/turtlesim/include/turtlesim/turtlesim/action/detail/rotate_absolute__functions.c
[9.081s] -- Up-to-date: /my_new_project/ros2_ws/install/turtlesim/include/turtlesim/turtlesim/action/detail/rotate_absolute__functions.h
[9.123s] -- Up-to-date: /my_new_project/ros2_ws/install/turtlesim/include/turtlesim/turtlesim/action/detail/rotate_absolute__struct.h
[9.167s] -- Installing: /my_new_project/ros2_ws/install/turtlesim/include/turtlesim/turtlesim/action/detail/rotate_absolute__type_support.c
[9.332s] -- Up-to-date: /my_new_project/ros2_ws/install/turtlesim/include/turtlesim/turtlesim/action/detail/rotate_absolute__type_support.h
[9.369s] -- Up-to-date: /my_new_project/ros2_ws/install/turtlesim/include/turtlesim/turtlesim/action/rotate_absolute.h
[9.395s] -- Up-to-date: /my_new_project/ros2_ws/install/turtlesim/include/turtlesim/turtlesim/msg
[9.435s] -- Up-to-date: /my_new_project/ros2_ws/install/turtlesim/include/turtlesim/turtlesim/msg/color.h
[9.465s] -- Up-to-date: /my_new_project/ros2_ws/install/turtlesim/include/turtlesim/turtlesim/msg/detail
[9.514s] -- Up-to-date: /my_new_project/ros2_ws/install/turtlesim/include/turtlesim/turtlesim/msg/detail/color__description.c
[9.551s] -- Up-to-date: /my_new_project/ros2_ws/install/turtlesim/include/turtlesim/turtlesim/msg/detail/color__functions.c
[9.590s] -- Up-to-date: /my_new_project/ros2_ws/install/turtlesim/include/turtlesim/turtlesim/msg/detail/color__functions.h
[9.632s] -- Up-to-date: /my_new_project/ros2_ws/install/turtlesim/include/turtlesim/turtlesim/msg/detail/color__struct.h
[9.672s] -- Installing: /my_new_project/ros2_ws/install/turtlesim/include/turtlesim/turtlesim/msg/detail/color__type_support.c
[9.835s] -- Up-to-date: /my_new_project/ros2_ws/install/turtlesim/include/turtlesim/turtlesim/msg/detail/color__type_support.h
[9.878s] -- Up-to-date: /my_new_project/ros2_ws/install/turtlesim/include/turtlesim/turtlesim/msg/detail/pose__description.c
[9.923s] -- Up-to-date: /my_new_project/ros2_ws/install/turtlesim/include/turtlesim/turtlesim/msg/detail/pose__functions.c
[9.967s] -- Up-to-date: /my_new_project/ros2_ws/install/turtlesim/include/turtlesim/turtlesim/msg/detail/pose__functions.h
[10.009s] -- Up-to-date: /my_new_project/ros2_ws/install/turtlesim/include/turtlesim/turtlesim/msg/detail/pose__struct.h
[10.046s] -- Installing: /my_new_project/ros2_ws/install/turtlesim/include/turtlesim/turtlesim/msg/detail/pose__type_support.c
[10.205s] -- Up-to-date: /my_new_project/ros2_ws/install/turtlesim/include/turtlesim/turtlesim/msg/detail/pose__type_support.h
[10.241s] -- Up-to-date: /my_new_project/ros2_ws/install/turtlesim/include/turtlesim/turtlesim/msg/pose.h
[10.276s] -- Up-to-date: /my_new_project/ros2_ws/install/turtlesim/include/turtlesim/turtlesim/msg/rosidl_generator_c__visibility_control.h
[10.308s] -- Up-to-date: /my_new_project/ros2_ws/install/turtlesim/include/turtlesim/turtlesim/srv
[10.352s] -- Up-to-date: /my_new_project/ros2_ws/install/turtlesim/include/turtlesim/turtlesim/srv/detail
[10.407s] -- Up-to-date: /my_new_project/ros2_ws/install/turtlesim/include/turtlesim/turtlesim/srv/detail/kill__description.c
[10.449s] -- Up-to-date: /my_new_project/ros2_ws/install/turtlesim/include/turtlesim/turtlesim/srv/detail/kill__functions.c
[10.491s] -- Up-to-date: /my_new_project/ros2_ws/install/turtlesim/include/turtlesim/turtlesim/srv/detail/kill__functions.h
[10.531s] -- Up-to-date: /my_new_project/ros2_ws/install/turtlesim/include/turtlesim/turtlesim/srv/detail/kill__struct.h
[10.569s] -- Installing: /my_new_project/ros2_ws/install/turtlesim/include/turtlesim/turtlesim/srv/detail/kill__type_support.c
[10.763s] -- Up-to-date: /my_new_project/ros2_ws/install/turtlesim/include/turtlesim/turtlesim/srv/detail/kill__type_support.h
[10.803s] -- Up-to-date: /my_new_project/ros2_ws/install/turtlesim/include/turtlesim/turtlesim/srv/detail/set_pen__description.c
[10.841s] -- Up-to-date: /my_new_project/ros2_ws/install/turtlesim/include/turtlesim/turtlesim/srv/detail/set_pen__functions.c
[10.882s] -- Up-to-date: /my_new_project/ros2_ws/install/turtlesim/include/turtlesim/turtlesim/srv/detail/set_pen__functions.h
[10.921s] -- Up-to-date: /my_new_project/ros2_ws/install/turtlesim/include/turtlesim/turtlesim/srv/detail/set_pen__struct.h
[10.961s] -- Installing: /my_new_project/ros2_ws/install/turtlesim/include/turtlesim/turtlesim/srv/detail/set_pen__type_support.c
[11.161s] -- Up-to-date: /my_new_project/ros2_ws/install/turtlesim/include/turtlesim/turtlesim/srv/detail/set_pen__type_support.h
[11.202s] -- Up-to-date: /my_new_project/ros2_ws/install/turtlesim/include/turtlesim/turtlesim/srv/detail/spawn__description.c
[11.242s] -- Up-to-date: /my_new_project/ros2_ws/install/turtlesim/include/turtlesim/turtlesim/srv/detail/spawn__functions.c
[11.284s] -- Up-to-date: /my_new_project/ros2_ws/install/turtlesim/include/turtlesim/turtlesim/srv/detail/spawn__functions.h
[11.324s] -- Up-to-date: /my_new_project/ros2_ws/install/turtlesim/include/turtlesim/turtlesim/srv/detail/spawn__struct.h
[11.364s] -- Installing: /my_new_project/ros2_ws/install/turtlesim/include/turtlesim/turtlesim/srv/detail/spawn__type_support.c
[11.549s] -- Up-to-date: /my_new_project/ros2_ws/install/turtlesim/include/turtlesim/turtlesim/srv/detail/spawn__type_support.h
[11.590s] -- Up-to-date: /my_new_project/ros2_ws/install/turtlesim/include/turtlesim/turtlesim/srv/detail/teleport_absolute__description.c
[11.634s] -- Up-to-date: /my_new_project/ros2_ws/install/turtlesim/include/turtlesim/turtlesim/srv/detail/teleport_absolute__functions.c
[11.673s] -- Up-to-date: /my_new_project/ros2_ws/install/turtlesim/include/turtlesim/turtlesim/srv/detail/teleport_absolute__functions.h
[11.711s] -- Up-to-date: /my_new_project/ros2_ws/install/turtlesim/include/turtlesim/turtlesim/srv/detail/teleport_absolute__struct.h
[11.751s] -- Installing: /my_new_project/ros2_ws/install/turtlesim/include/turtlesim/turtlesim/srv/detail/teleport_absolute__type_support.c
[11.939s] -- Up-to-date: /my_new_project/ros2_ws/install/turtlesim/include/turtlesim/turtlesim/srv/detail/teleport_absolute__type_support.h
[11.982s] -- Up-to-date: /my_new_project/ros2_ws/install/turtlesim/include/turtlesim/turtlesim/srv/detail/teleport_relative__description.c
[12.022s] -- Up-to-date: /my_new_project/ros2_ws/install/turtlesim/include/turtlesim/turtlesim/srv/detail/teleport_relative__functions.c
[12.060s] -- Up-to-date: /my_new_project/ros2_ws/install/turtlesim/include/turtlesim/turtlesim/srv/detail/teleport_relative__functions.h
[12.126s] -- Up-to-date: /my_new_project/ros2_ws/install/turtlesim/include/turtlesim/turtlesim/srv/detail/teleport_relative__struct.h
[12.166s] -- Installing: /my_new_project/ros2_ws/install/turtlesim/include/turtlesim/turtlesim/srv/detail/teleport_relative__type_support.c
[12.339s] -- Up-to-date: /my_new_project/ros2_ws/install/turtlesim/include/turtlesim/turtlesim/srv/detail/teleport_relative__type_support.h
[12.374s] -- Up-to-date: /my_new_project/ros2_ws/install/turtlesim/include/turtlesim/turtlesim/srv/kill.h
[12.409s] -- Up-to-date: /my_new_project/ros2_ws/install/turtlesim/include/turtlesim/turtlesim/srv/set_pen.h
[12.441s] -- Up-to-date: /my_new_project/ros2_ws/install/turtlesim/include/turtlesim/turtlesim/srv/spawn.h
[12.475s] -- Up-to-date: /my_new_project/ros2_ws/install/turtlesim/include/turtlesim/turtlesim/srv/teleport_absolute.h
[12.511s] -- Up-to-date: /my_new_project/ros2_ws/install/turtlesim/include/turtlesim/turtlesim/srv/teleport_relative.h
[12.536s] -- Up-to-date: /my_new_project/ros2_ws/install/turtlesim/share/turtlesim/environment/library_path.sh
[12.568s] -- Up-to-date: /my_new_project/ros2_ws/install/turtlesim/share/turtlesim/environment/library_path.dsv
[12.687s] -- Up-to-date: /my_new_project/ros2_ws/install/turtlesim/lib/libturtlesim__rosidl_generator_c.so
[12.755s] -- Up-to-date: /my_new_project/ros2_ws/install/turtlesim/include/turtlesim/turtlesim
[12.799s] -- Up-to-date: /my_new_project/ros2_ws/install/turtlesim/include/turtlesim/turtlesim/action
[12.847s] -- Up-to-date: /my_new_project/ros2_ws/install/turtlesim/include/turtlesim/turtlesim/action/detail
[12.913s] -- Up-to-date: /my_new_project/ros2_ws/install/turtlesim/include/turtlesim/turtlesim/action/detail/rotate_absolute__rosidl_typesupport_fastrtps_c.h
[12.944s] -- Up-to-date: /my_new_project/ros2_ws/install/turtlesim/include/turtlesim/turtlesim/msg
[12.988s] -- Up-to-date: /my_new_project/ros2_ws/install/turtlesim/include/turtlesim/turtlesim/msg/detail
[13.042s] -- Up-to-date: /my_new_project/ros2_ws/install/turtlesim/include/turtlesim/turtlesim/msg/detail/color__rosidl_typesupport_fastrtps_c.h
[13.084s] -- Up-to-date: /my_new_project/ros2_ws/install/turtlesim/include/turtlesim/turtlesim/msg/detail/pose__rosidl_typesupport_fastrtps_c.h
[13.120s] -- Up-to-date: /my_new_project/ros2_ws/install/turtlesim/include/turtlesim/turtlesim/msg/rosidl_typesupport_fastrtps_c__visibility_control.h
[13.151s] -- Up-to-date: /my_new_project/ros2_ws/install/turtlesim/include/turtlesim/turtlesim/srv
[13.198s] -- Up-to-date: /my_new_project/ros2_ws/install/turtlesim/include/turtlesim/turtlesim/srv/detail
[13.252s] -- Up-to-date: /my_new_project/ros2_ws/install/turtlesim/include/turtlesim/turtlesim/srv/detail/kill__rosidl_typesupport_fastrtps_c.h
[13.288s] -- Up-to-date: /my_new_project/ros2_ws/install/turtlesim/include/turtlesim/turtlesim/srv/detail/set_pen__rosidl_typesupport_fastrtps_c.h
[13.327s] -- Up-to-date: /my_new_project/ros2_ws/install/turtlesim/include/turtlesim/turtlesim/srv/detail/spawn__rosidl_typesupport_fastrtps_c.h
[13.368s] -- Up-to-date: /my_new_project/ros2_ws/install/turtlesim/include/turtlesim/turtlesim/srv/detail/teleport_absolute__rosidl_typesupport_fastrtps_c.h
[13.403s] -- Up-to-date: /my_new_project/ros2_ws/install/turtlesim/include/turtlesim/turtlesim/srv/detail/teleport_relative__rosidl_typesupport_fastrtps_c.h
[13.484s] -- Up-to-date: /my_new_project/ros2_ws/install/turtlesim/lib/libturtlesim__rosidl_typesupport_fastrtps_c.so
[13.546s] -- Up-to-date: /my_new_project/ros2_ws/install/turtlesim/include/turtlesim/turtlesim
[13.602s] -- Up-to-date: /my_new_project/ros2_ws/install/turtlesim/include/turtlesim/turtlesim/action
[13.645s] -- Up-to-date: /my_new_project/ros2_ws/install/turtlesim/include/turtlesim/turtlesim/action/detail
[13.693s] -- Up-to-date: /my_new_project/ros2_ws/install/turtlesim/include/turtlesim/turtlesim/action/detail/rotate_absolute__builder.hpp
[13.736s] -- Up-to-date: /my_new_project/ros2_ws/install/turtlesim/include/turtlesim/turtlesim/action/detail/rotate_absolute__struct.hpp
[13.782s] -- Up-to-date: /my_new_project/ros2_ws/install/turtlesim/include/turtlesim/turtlesim/action/detail/rotate_absolute__traits.hpp
[13.824s] -- Up-to-date: /my_new_project/ros2_ws/install/turtlesim/include/turtlesim/turtlesim/action/detail/rotate_absolute__type_support.hpp
[13.865s] -- Up-to-date: /my_new_project/ros2_ws/install/turtlesim/include/turtlesim/turtlesim/action/rotate_absolute.hpp
[13.896s] -- Up-to-date: /my_new_project/ros2_ws/install/turtlesim/include/turtlesim/turtlesim/msg
[13.945s] -- Up-to-date: /my_new_project/ros2_ws/install/turtlesim/include/turtlesim/turtlesim/msg/color.hpp
[13.980s] -- Up-to-date: /my_new_project/ros2_ws/install/turtlesim/include/turtlesim/turtlesim/msg/detail
[14.033s] -- Up-to-date: /my_new_project/ros2_ws/install/turtlesim/include/turtlesim/turtlesim/msg/detail/color__builder.hpp
[14.075s] -- Up-to-date: /my_new_project/ros2_ws/install/turtlesim/include/turtlesim/turtlesim/msg/detail/color__struct.hpp
[14.115s] -- Up-to-date: /my_new_project/ros2_ws/install/turtlesim/include/turtlesim/turtlesim/msg/detail/color__traits.hpp
[14.154s] -- Up-to-date: /my_new_project/ros2_ws/install/turtlesim/include/turtlesim/turtlesim/msg/detail/color__type_support.hpp
[14.192s] -- Up-to-date: /my_new_project/ros2_ws/install/turtlesim/include/turtlesim/turtlesim/msg/detail/pose__builder.hpp
[14.229s] -- Up-to-date: /my_new_project/ros2_ws/install/turtlesim/include/turtlesim/turtlesim/msg/detail/pose__struct.hpp
[14.269s] -- Up-to-date: /my_new_project/ros2_ws/install/turtlesim/include/turtlesim/turtlesim/msg/detail/pose__traits.hpp
[14.314s] -- Up-to-date: /my_new_project/ros2_ws/install/turtlesim/include/turtlesim/turtlesim/msg/detail/pose__type_support.hpp
[14.351s] -- Up-to-date: /my_new_project/ros2_ws/install/turtlesim/include/turtlesim/turtlesim/msg/pose.hpp
[14.388s] -- Up-to-date: /my_new_project/ros2_ws/install/turtlesim/include/turtlesim/turtlesim/msg/rosidl_generator_cpp__visibility_control.hpp
[14.420s] -- Up-to-date: /my_new_project/ros2_ws/install/turtlesim/include/turtlesim/turtlesim/srv
[14.463s] -- Up-to-date: /my_new_project/ros2_ws/install/turtlesim/include/turtlesim/turtlesim/srv/detail
[14.523s] -- Up-to-date: /my_new_project/ros2_ws/install/turtlesim/include/turtlesim/turtlesim/srv/detail/kill__builder.hpp
[14.567s] -- Up-to-date: /my_new_project/ros2_ws/install/turtlesim/include/turtlesim/turtlesim/srv/detail/kill__struct.hpp
[14.610s] -- Up-to-date: /my_new_project/ros2_ws/install/turtlesim/include/turtlesim/turtlesim/srv/detail/kill__traits.hpp
[14.653s] -- Up-to-date: /my_new_project/ros2_ws/install/turtlesim/include/turtlesim/turtlesim/srv/detail/kill__type_support.hpp
[14.694s] -- Up-to-date: /my_new_project/ros2_ws/install/turtlesim/include/turtlesim/turtlesim/srv/detail/set_pen__builder.hpp
[14.741s] -- Up-to-date: /my_new_project/ros2_ws/install/turtlesim/include/turtlesim/turtlesim/srv/detail/set_pen__struct.hpp
[14.781s] -- Up-to-date: /my_new_project/ros2_ws/install/turtlesim/include/turtlesim/turtlesim/srv/detail/set_pen__traits.hpp
[14.823s] -- Up-to-date: /my_new_project/ros2_ws/install/turtlesim/include/turtlesim/turtlesim/srv/detail/set_pen__type_support.hpp
[14.864s] -- Up-to-date: /my_new_project/ros2_ws/install/turtlesim/include/turtlesim/turtlesim/srv/detail/spawn__builder.hpp
[14.905s] -- Up-to-date: /my_new_project/ros2_ws/install/turtlesim/include/turtlesim/turtlesim/srv/detail/spawn__struct.hpp
[14.947s] -- Up-to-date: /my_new_project/ros2_ws/install/turtlesim/include/turtlesim/turtlesim/srv/detail/spawn__traits.hpp
[14.986s] -- Up-to-date: /my_new_project/ros2_ws/install/turtlesim/include/turtlesim/turtlesim/srv/detail/spawn__type_support.hpp
[15.025s] -- Up-to-date: /my_new_project/ros2_ws/install/turtlesim/include/turtlesim/turtlesim/srv/detail/teleport_absolute__builder.hpp
[15.076s] -- Up-to-date: /my_new_project/ros2_ws/install/turtlesim/include/turtlesim/turtlesim/srv/detail/teleport_absolute__struct.hpp
[15.116s] -- Up-to-date: /my_new_project/ros2_ws/install/turtlesim/include/turtlesim/turtlesim/srv/detail/teleport_absolute__traits.hpp
[15.155s] -- Up-to-date: /my_new_project/ros2_ws/install/turtlesim/include/turtlesim/turtlesim/srv/detail/teleport_absolute__type_support.hpp
[15.195s] -- Up-to-date: /my_new_project/ros2_ws/install/turtlesim/include/turtlesim/turtlesim/srv/detail/teleport_relative__builder.hpp
[15.236s] -- Up-to-date: /my_new_project/ros2_ws/install/turtlesim/include/turtlesim/turtlesim/srv/detail/teleport_relative__struct.hpp
[15.276s] -- Up-to-date: /my_new_project/ros2_ws/install/turtlesim/include/turtlesim/turtlesim/srv/detail/teleport_relative__traits.hpp
[15.316s] -- Up-to-date: /my_new_project/ros2_ws/install/turtlesim/include/turtlesim/turtlesim/srv/detail/teleport_relative__type_support.hpp
[15.348s] -- Up-to-date: /my_new_project/ros2_ws/install/turtlesim/include/turtlesim/turtlesim/srv/kill.hpp
[15.382s] -- Up-to-date: /my_new_project/ros2_ws/install/turtlesim/include/turtlesim/turtlesim/srv/set_pen.hpp
[15.414s] -- Up-to-date: /my_new_project/ros2_ws/install/turtlesim/include/turtlesim/turtlesim/srv/spawn.hpp
[15.447s] -- Up-to-date: /my_new_project/ros2_ws/install/turtlesim/include/turtlesim/turtlesim/srv/teleport_absolute.hpp
[15.483s] -- Up-to-date: /my_new_project/ros2_ws/install/turtlesim/include/turtlesim/turtlesim/srv/teleport_relative.hpp
[15.507s] -- Up-to-date: /my_new_project/ros2_ws/install/turtlesim/include/turtlesim/turtlesim
[15.545s] -- Up-to-date: /my_new_project/ros2_ws/install/turtlesim/include/turtlesim/turtlesim/action
[15.593s] -- Up-to-date: /my_new_project/ros2_ws/install/turtlesim/include/turtlesim/turtlesim/action/detail
[15.647s] -- Up-to-date: /my_new_project/ros2_ws/install/turtlesim/include/turtlesim/turtlesim/action/detail/dds_fastrtps
[15.705s] -- Up-to-date: /my_new_project/ros2_ws/install/turtlesim/include/turtlesim/turtlesim/action/detail/rotate_absolute__rosidl_typesupport_fastrtps_cpp.hpp
[15.736s] -- Up-to-date: /my_new_project/ros2_ws/install/turtlesim/include/turtlesim/turtlesim/msg
[15.783s] -- Up-to-date: /my_new_project/ros2_ws/install/turtlesim/include/turtlesim/turtlesim/msg/detail
[15.834s] -- Up-to-date: /my_new_project/ros2_ws/install/turtlesim/include/turtlesim/turtlesim/msg/detail/color__rosidl_typesupport_fastrtps_cpp.hpp
[15.873s] -- Up-to-date: /my_new_project/ros2_ws/install/turtlesim/include/turtlesim/turtlesim/msg/detail/dds_fastrtps
[15.926s] -- Up-to-date: /my_new_project/ros2_ws/install/turtlesim/include/turtlesim/turtlesim/msg/detail/pose__rosidl_typesupport_fastrtps_cpp.hpp
[15.961s] -- Up-to-date: /my_new_project/ros2_ws/install/turtlesim/include/turtlesim/turtlesim/msg/rosidl_typesupport_fastrtps_cpp__visibility_control.h
[15.988s] -- Up-to-date: /my_new_project/ros2_ws/install/turtlesim/include/turtlesim/turtlesim/srv
[16.033s] -- Up-to-date: /my_new_project/ros2_ws/install/turtlesim/include/turtlesim/turtlesim/srv/detail
[16.088s] -- Up-to-date: /my_new_project/ros2_ws/install/turtlesim/include/turtlesim/turtlesim/srv/detail/dds_fastrtps
[16.175s] -- Up-to-date: /my_new_project/ros2_ws/install/turtlesim/include/turtlesim/turtlesim/srv/detail/kill__rosidl_typesupport_fastrtps_cpp.hpp
[16.215s] -- Up-to-date: /my_new_project/ros2_ws/install/turtlesim/include/turtlesim/turtlesim/srv/detail/set_pen__rosidl_typesupport_fastrtps_cpp.hpp
[16.254s] -- Up-to-date: /my_new_project/ros2_ws/install/turtlesim/include/turtlesim/turtlesim/srv/detail/spawn__rosidl_typesupport_fastrtps_cpp.hpp
[16.294s] -- Up-to-date: /my_new_project/ros2_ws/install/turtlesim/include/turtlesim/turtlesim/srv/detail/teleport_absolute__rosidl_typesupport_fastrtps_cpp.hpp
[16.336s] -- Up-to-date: /my_new_project/ros2_ws/install/turtlesim/include/turtlesim/turtlesim/srv/detail/teleport_relative__rosidl_typesupport_fastrtps_cpp.hpp
[16.449s] -- Up-to-date: /my_new_project/ros2_ws/install/turtlesim/lib/libturtlesim__rosidl_typesupport_fastrtps_cpp.so
[16.502s] -- Up-to-date: /my_new_project/ros2_ws/install/turtlesim/include/turtlesim/turtlesim
[16.536s] -- Up-to-date: /my_new_project/ros2_ws/install/turtlesim/include/turtlesim/turtlesim/action
[16.577s] -- Up-to-date: /my_new_project/ros2_ws/install/turtlesim/include/turtlesim/turtlesim/action/detail
[16.630s] -- Up-to-date: /my_new_project/ros2_ws/install/turtlesim/include/turtlesim/turtlesim/action/detail/rotate_absolute__rosidl_typesupport_introspection_c.h
[16.668s] -- Installing: /my_new_project/ros2_ws/install/turtlesim/include/turtlesim/turtlesim/action/detail/rotate_absolute__type_support.c
[16.856s] -- Up-to-date: /my_new_project/ros2_ws/install/turtlesim/include/turtlesim/turtlesim/msg
[16.895s] -- Up-to-date: /my_new_project/ros2_ws/install/turtlesim/include/turtlesim/turtlesim/msg/detail
[16.947s] -- Up-to-date: /my_new_project/ros2_ws/install/turtlesim/include/turtlesim/turtlesim/msg/detail/color__rosidl_typesupport_introspection_c.h
[16.991s] -- Installing: /my_new_project/ros2_ws/install/turtlesim/include/turtlesim/turtlesim/msg/detail/color__type_support.c
[17.152s] -- Up-to-date: /my_new_project/ros2_ws/install/turtlesim/include/turtlesim/turtlesim/msg/detail/pose__rosidl_typesupport_introspection_c.h
[17.192s] -- Installing: /my_new_project/ros2_ws/install/turtlesim/include/turtlesim/turtlesim/msg/detail/pose__type_support.c
[17.377s] -- Up-to-date: /my_new_project/ros2_ws/install/turtlesim/include/turtlesim/turtlesim/msg/rosidl_typesupport_introspection_c__visibility_control.h
[17.408s] -- Up-to-date: /my_new_project/ros2_ws/install/turtlesim/include/turtlesim/turtlesim/srv
[17.451s] -- Up-to-date: /my_new_project/ros2_ws/install/turtlesim/include/turtlesim/turtlesim/srv/detail
[17.501s] -- Up-to-date: /my_new_project/ros2_ws/install/turtlesim/include/turtlesim/turtlesim/srv/detail/kill__rosidl_typesupport_introspection_c.h
[17.538s] -- Installing: /my_new_project/ros2_ws/install/turtlesim/include/turtlesim/turtlesim/srv/detail/kill__type_support.c
[17.716s] -- Up-to-date: /my_new_project/ros2_ws/install/turtlesim/include/turtlesim/turtlesim/srv/detail/set_pen__rosidl_typesupport_introspection_c.h
[17.758s] -- Installing: /my_new_project/ros2_ws/install/turtlesim/include/turtlesim/turtlesim/srv/detail/set_pen__type_support.c
[17.938s] -- Up-to-date: /my_new_project/ros2_ws/install/turtlesim/include/turtlesim/turtlesim/srv/detail/spawn__rosidl_typesupport_introspection_c.h
[17.977s] -- Installing: /my_new_project/ros2_ws/install/turtlesim/include/turtlesim/turtlesim/srv/detail/spawn__type_support.c
[18.164s] -- Up-to-date: /my_new_project/ros2_ws/install/turtlesim/include/turtlesim/turtlesim/srv/detail/teleport_absolute__rosidl_typesupport_introspection_c.h
[18.202s] -- Installing: /my_new_project/ros2_ws/install/turtlesim/include/turtlesim/turtlesim/srv/detail/teleport_absolute__type_support.c
[18.402s] -- Up-to-date: /my_new_project/ros2_ws/install/turtlesim/include/turtlesim/turtlesim/srv/detail/teleport_relative__rosidl_typesupport_introspection_c.h
[18.444s] -- Installing: /my_new_project/ros2_ws/install/turtlesim/include/turtlesim/turtlesim/srv/detail/teleport_relative__type_support.c
[18.703s] -- Up-to-date: /my_new_project/ros2_ws/install/turtlesim/lib/libturtlesim__rosidl_typesupport_introspection_c.so
[18.810s] -- Up-to-date: /my_new_project/ros2_ws/install/turtlesim/lib/libturtlesim__rosidl_typesupport_c.so
[18.853s] -- Up-to-date: /my_new_project/ros2_ws/install/turtlesim/include/turtlesim/turtlesim
[18.885s] -- Up-to-date: /my_new_project/ros2_ws/install/turtlesim/include/turtlesim/turtlesim/action
[18.926s] -- Up-to-date: /my_new_project/ros2_ws/install/turtlesim/include/turtlesim/turtlesim/action/detail
[18.975s] -- Up-to-date: /my_new_project/ros2_ws/install/turtlesim/include/turtlesim/turtlesim/action/detail/rotate_absolute__rosidl_typesupport_introspection_cpp.hpp
[19.016s] -- Up-to-date: /my_new_project/ros2_ws/install/turtlesim/include/turtlesim/turtlesim/action/detail/rotate_absolute__type_support.cpp
[19.046s] -- Up-to-date: /my_new_project/ros2_ws/install/turtlesim/include/turtlesim/turtlesim/msg
[19.089s] -- Up-to-date: /my_new_project/ros2_ws/install/turtlesim/include/turtlesim/turtlesim/msg/detail
[19.140s] -- Up-to-date: /my_new_project/ros2_ws/install/turtlesim/include/turtlesim/turtlesim/msg/detail/color__rosidl_typesupport_introspection_cpp.hpp
[19.180s] -- Up-to-date: /my_new_project/ros2_ws/install/turtlesim/include/turtlesim/turtlesim/msg/detail/color__type_support.cpp
[19.220s] -- Up-to-date: /my_new_project/ros2_ws/install/turtlesim/include/turtlesim/turtlesim/msg/detail/pose__rosidl_typesupport_introspection_cpp.hpp
[19.258s] -- Up-to-date: /my_new_project/ros2_ws/install/turtlesim/include/turtlesim/turtlesim/msg/detail/pose__type_support.cpp
[19.286s] -- Up-to-date: /my_new_project/ros2_ws/install/turtlesim/include/turtlesim/turtlesim/srv
[19.329s] -- Up-to-date: /my_new_project/ros2_ws/install/turtlesim/include/turtlesim/turtlesim/srv/detail
[19.380s] -- Up-to-date: /my_new_project/ros2_ws/install/turtlesim/include/turtlesim/turtlesim/srv/detail/kill__rosidl_typesupport_introspection_cpp.hpp
[19.421s] -- Up-to-date: /my_new_project/ros2_ws/install/turtlesim/include/turtlesim/turtlesim/srv/detail/kill__type_support.cpp
[19.460s] -- Up-to-date: /my_new_project/ros2_ws/install/turtlesim/include/turtlesim/turtlesim/srv/detail/set_pen__rosidl_typesupport_introspection_cpp.hpp
[19.497s] -- Up-to-date: /my_new_project/ros2_ws/install/turtlesim/include/turtlesim/turtlesim/srv/detail/set_pen__type_support.cpp
[19.536s] -- Up-to-date: /my_new_project/ros2_ws/install/turtlesim/include/turtlesim/turtlesim/srv/detail/spawn__rosidl_typesupport_introspection_cpp.hpp
[19.573s] -- Up-to-date: /my_new_project/ros2_ws/install/turtlesim/include/turtlesim/turtlesim/srv/detail/spawn__type_support.cpp
[19.612s] -- Up-to-date: /my_new_project/ros2_ws/install/turtlesim/include/turtlesim/turtlesim/srv/detail/teleport_absolute__rosidl_typesupport_introspection_cpp.hpp
[19.652s] -- Up-to-date: /my_new_project/ros2_ws/install/turtlesim/include/turtlesim/turtlesim/srv/detail/teleport_absolute__type_support.cpp
[19.694s] -- Up-to-date: /my_new_project/ros2_ws/install/turtlesim/include/turtlesim/turtlesim/srv/detail/teleport_relative__rosidl_typesupport_introspection_cpp.hpp
[19.733s] -- Up-to-date: /my_new_project/ros2_ws/install/turtlesim/include/turtlesim/turtlesim/srv/detail/teleport_relative__type_support.cpp
[19.839s] -- Up-to-date: /my_new_project/ros2_ws/install/turtlesim/lib/libturtlesim__rosidl_typesupport_introspection_cpp.so
[19.984s] -- Up-to-date: /my_new_project/ros2_ws/install/turtlesim/lib/libturtlesim__rosidl_typesupport_cpp.so
[20.042s] -- Up-to-date: /my_new_project/ros2_ws/install/turtlesim/share/turtlesim/environment/pythonpath.sh
[20.071s] -- Up-to-date: /my_new_project/ros2_ws/install/turtlesim/share/turtlesim/environment/pythonpath.dsv
[20.096s] -- Up-to-date: /my_new_project/ros2_ws/install/turtlesim/lib/python3.12/site-packages/turtlesim-1.8.3-py3.12.egg-info
[20.136s] -- Installing: /my_new_project/ros2_ws/install/turtlesim/lib/python3.12/site-packages/turtlesim-1.8.3-py3.12.egg-info/dependency_links.txt
[20.256s] -- Installing: /my_new_project/ros2_ws/install/turtlesim/lib/python3.12/site-packages/turtlesim-1.8.3-py3.12.egg-info/PKG-INFO
[20.382s] -- Installing: /my_new_project/ros2_ws/install/turtlesim/lib/python3.12/site-packages/turtlesim-1.8.3-py3.12.egg-info/SOURCES.txt
[20.495s] -- Installing: /my_new_project/ros2_ws/install/turtlesim/lib/python3.12/site-packages/turtlesim-1.8.3-py3.12.egg-info/top_level.txt
[20.593s] -- Up-to-date: /my_new_project/ros2_ws/install/turtlesim/lib/python3.12/site-packages/turtlesim
[20.629s] -- Up-to-date: /my_new_project/ros2_ws/install/turtlesim/lib/python3.12/site-packages/turtlesim/action
[20.674s] -- Up-to-date: /my_new_project/ros2_ws/install/turtlesim/lib/python3.12/site-packages/turtlesim/action/_rotate_absolute.py
[20.707s] -- Up-to-date: /my_new_project/ros2_ws/install/turtlesim/lib/python3.12/site-packages/turtlesim/action/_rotate_absolute_s.c
[20.739s] -- Up-to-date: /my_new_project/ros2_ws/install/turtlesim/lib/python3.12/site-packages/turtlesim/action/__init__.py
[20.770s] -- Up-to-date: /my_new_project/ros2_ws/install/turtlesim/lib/python3.12/site-packages/turtlesim/msg
[20.816s] -- Up-to-date: /my_new_project/ros2_ws/install/turtlesim/lib/python3.12/site-packages/turtlesim/msg/_color.py
[20.850s] -- Up-to-date: /my_new_project/ros2_ws/install/turtlesim/lib/python3.12/site-packages/turtlesim/msg/_color_s.c
[20.888s] -- Up-to-date: /my_new_project/ros2_ws/install/turtlesim/lib/python3.12/site-packages/turtlesim/msg/_pose.py
[20.926s] -- Up-to-date: /my_new_project/ros2_ws/install/turtlesim/lib/python3.12/site-packages/turtlesim/msg/_pose_s.c
[20.966s] -- Up-to-date: /my_new_project/ros2_ws/install/turtlesim/lib/python3.12/site-packages/turtlesim/msg/__init__.py
[20.997s] -- Up-to-date: /my_new_project/ros2_ws/install/turtlesim/lib/python3.12/site-packages/turtlesim/srv
[21.044s] -- Up-to-date: /my_new_project/ros2_ws/install/turtlesim/lib/python3.12/site-packages/turtlesim/srv/_kill.py
[21.081s] -- Up-to-date: /my_new_project/ros2_ws/install/turtlesim/lib/python3.12/site-packages/turtlesim/srv/_kill_s.c
[21.119s] -- Up-to-date: /my_new_project/ros2_ws/install/turtlesim/lib/python3.12/site-packages/turtlesim/srv/_set_pen.py
[21.157s] -- Up-to-date: /my_new_project/ros2_ws/install/turtlesim/lib/python3.12/site-packages/turtlesim/srv/_set_pen_s.c
[21.193s] -- Up-to-date: /my_new_project/ros2_ws/install/turtlesim/lib/python3.12/site-packages/turtlesim/srv/_spawn.py
[21.232s] -- Up-to-date: /my_new_project/ros2_ws/install/turtlesim/lib/python3.12/site-packages/turtlesim/srv/_spawn_s.c
[21.285s] -- Up-to-date: /my_new_project/ros2_ws/install/turtlesim/lib/python3.12/site-packages/turtlesim/srv/_teleport_absolute.py
[21.313s] -- Up-to-date: /my_new_project/ros2_ws/install/turtlesim/lib/python3.12/site-packages/turtlesim/srv/_teleport_absolute_s.c
[21.352s] -- Up-to-date: /my_new_project/ros2_ws/install/turtlesim/lib/python3.12/site-packages/turtlesim/srv/_teleport_relative.py
[21.390s] -- Up-to-date: /my_new_project/ros2_ws/install/turtlesim/lib/python3.12/site-packages/turtlesim/srv/_teleport_relative_s.c
[21.429s] -- Up-to-date: /my_new_project/ros2_ws/install/turtlesim/lib/python3.12/site-packages/turtlesim/srv/__init__.py
[21.462s] -- Up-to-date: /my_new_project/ros2_ws/install/turtlesim/lib/python3.12/site-packages/turtlesim/turtlesim_s__rosidl_typesupport_c.so
[21.492s] -- Up-to-date: /my_new_project/ros2_ws/install/turtlesim/lib/python3.12/site-packages/turtlesim/turtlesim_s__rosidl_typesupport_fastrtps_c.so
[21.524s] -- Up-to-date: /my_new_project/ros2_ws/install/turtlesim/lib/python3.12/site-packages/turtlesim/turtlesim_s__rosidl_typesupport_introspection_c.so
[21.556s] -- Up-to-date: /my_new_project/ros2_ws/install/turtlesim/lib/python3.12/site-packages/turtlesim/_turtlesim_s.ep.rosidl_typesupport_c.c
[21.584s] -- Up-to-date: /my_new_project/ros2_ws/install/turtlesim/lib/python3.12/site-packages/turtlesim/_turtlesim_s.ep.rosidl_typesupport_fastrtps_c.c
[21.617s] -- Up-to-date: /my_new_project/ros2_ws/install/turtlesim/lib/python3.12/site-packages/turtlesim/_turtlesim_s.ep.rosidl_typesupport_introspection_c.c
[21.656s] -- Up-to-date: /my_new_project/ros2_ws/install/turtlesim/lib/python3.12/site-packages/turtlesim/__init__.py
[22.456s] Listing '/my_new_project/ros2_ws/install/turtlesim/lib/python3.12/site-packages/turtlesim'...
[22.457s] Listing '/my_new_project/ros2_ws/install/turtlesim/lib/python3.12/site-packages/turtlesim/action'...
[22.458s] Listing '/my_new_project/ros2_ws/install/turtlesim/lib/python3.12/site-packages/turtlesim/msg'...
[22.459s] Listing '/my_new_project/ros2_ws/install/turtlesim/lib/python3.12/site-packages/turtlesim/srv'...
[22.570s] -- Up-to-date: /my_new_project/ros2_ws/install/turtlesim/lib/python3.12/site-packages/turtlesim/turtlesim_s__rosidl_typesupport_fastrtps_c.so
[22.719s] -- Up-to-date: /my_new_project/ros2_ws/install/turtlesim/lib/python3.12/site-packages/turtlesim/turtlesim_s__rosidl_typesupport_introspection_c.so
[22.875s] -- Up-to-date: /my_new_project/ros2_ws/install/turtlesim/lib/python3.12/site-packages/turtlesim/turtlesim_s__rosidl_typesupport_c.so
[23.019s] -- Up-to-date: /my_new_project/ros2_ws/install/turtlesim/lib/libturtlesim__rosidl_generator_py.so
[23.077s] -- Up-to-date: /my_new_project/ros2_ws/install/turtlesim/share/turtlesim/action/RotateAbsolute.idl
[23.107s] -- Up-to-date: /my_new_project/ros2_ws/install/turtlesim/share/turtlesim/msg/Color.idl
[23.141s] -- Up-to-date: /my_new_project/ros2_ws/install/turtlesim/share/turtlesim/msg/Pose.idl
[23.172s] -- Up-to-date: /my_new_project/ros2_ws/install/turtlesim/share/turtlesim/srv/Kill.idl
[23.202s] -- Up-to-date: /my_new_project/ros2_ws/install/turtlesim/share/turtlesim/srv/SetPen.idl
[23.234s] -- Up-to-date: /my_new_project/ros2_ws/install/turtlesim/share/turtlesim/srv/Spawn.idl
[23.271s] -- Up-to-date: /my_new_project/ros2_ws/install/turtlesim/share/turtlesim/srv/TeleportAbsolute.idl
[23.303s] -- Up-to-date: /my_new_project/ros2_ws/install/turtlesim/share/turtlesim/srv/TeleportRelative.idl
[23.337s] -- Up-to-date: /my_new_project/ros2_ws/install/turtlesim/share/turtlesim/action/RotateAbsolute.action
[23.374s] -- Up-to-date: /my_new_project/ros2_ws/install/turtlesim/share/turtlesim/msg/Color.msg
[23.416s] -- Up-to-date: /my_new_project/ros2_ws/install/turtlesim/share/turtlesim/msg/Pose.msg
[23.457s] -- Up-to-date: /my_new_project/ros2_ws/install/turtlesim/share/turtlesim/srv/Kill.srv
[23.489s] -- Up-to-date: /my_new_project/ros2_ws/install/turtlesim/share/turtlesim/srv/SetPen.srv
[23.522s] -- Up-to-date: /my_new_project/ros2_ws/install/turtlesim/share/turtlesim/srv/Spawn.srv
[23.559s] -- Up-to-date: /my_new_project/ros2_ws/install/turtlesim/share/turtlesim/srv/TeleportAbsolute.srv
[23.589s] -- Up-to-date: /my_new_project/ros2_ws/install/turtlesim/share/turtlesim/srv/TeleportRelative.srv
[23.712s] -- Up-to-date: /my_new_project/ros2_ws/install/turtlesim/lib/turtlesim/turtlesim_node
[23.867s] -- Up-to-date: /my_new_project/ros2_ws/install/turtlesim/lib/turtlesim/turtle_teleop_key
[24.022s] -- Up-to-date: /my_new_project/ros2_ws/install/turtlesim/lib/turtlesim/draw_square
[24.178s] -- Up-to-date: /my_new_project/ros2_ws/install/turtlesim/lib/turtlesim/mimic
[24.240s] -- Up-to-date: /my_new_project/ros2_ws/install/turtlesim/share/turtlesim/images
[24.282s] -- Up-to-date: /my_new_project/ros2_ws/install/turtlesim/share/turtlesim/images/ardent.png
[24.310s] -- Up-to-date: /my_new_project/ros2_ws/install/turtlesim/share/turtlesim/images/bouncy.png
[24.348s] -- Up-to-date: /my_new_project/ros2_ws/install/turtlesim/share/turtlesim/images/crystal.png
[24.378s] -- Up-to-date: /my_new_project/ros2_ws/install/turtlesim/share/turtlesim/images/dashing.png
[24.403s] -- Up-to-date: /my_new_project/ros2_ws/install/turtlesim/share/turtlesim/images/eloquent.png
[24.432s] -- Up-to-date: /my_new_project/ros2_ws/install/turtlesim/share/turtlesim/images/foxy.png
[24.465s] -- Up-to-date: /my_new_project/ros2_ws/install/turtlesim/share/turtlesim/images/galactic.png
[24.492s] -- Up-to-date: /my_new_project/ros2_ws/install/turtlesim/share/turtlesim/images/humble.png
[24.519s] -- Up-to-date: /my_new_project/ros2_ws/install/turtlesim/share/turtlesim/images/iron.png
[24.553s] -- Up-to-date: /my_new_project/ros2_ws/install/turtlesim/share/turtlesim/images/jazzy.png
[24.580s] -- Up-to-date: /my_new_project/ros2_ws/install/turtlesim/share/turtlesim/images/rolling.png
[24.601s] -- Up-to-date: /my_new_project/ros2_ws/install/turtlesim/share/turtlesim/launch
[24.641s] -- Up-to-date: /my_new_project/ros2_ws/install/turtlesim/share/turtlesim/launch/multisim.launch.py
[24.683s] -- Up-to-date: /my_new_project/ros2_ws/install/turtlesim/share/ament_index/resource_index/package_run_dependencies/turtlesim
[24.737s] -- Up-to-date: /my_new_project/ros2_ws/install/turtlesim/share/ament_index/resource_index/parent_prefix_path/turtlesim
[24.767s] -- Up-to-date: /my_new_project/ros2_ws/install/turtlesim/share/turtlesim/environment/ament_prefix_path.sh
[24.799s] -- Up-to-date: /my_new_project/ros2_ws/install/turtlesim/share/turtlesim/environment/ament_prefix_path.dsv
[24.822s] -- Up-to-date: /my_new_project/ros2_ws/install/turtlesim/share/turtlesim/environment/path.sh
[24.845s] -- Up-to-date: /my_new_project/ros2_ws/install/turtlesim/share/turtlesim/environment/path.dsv
[24.871s] -- Up-to-date: /my_new_project/ros2_ws/install/turtlesim/share/turtlesim/local_setup.bash
[24.892s] -- Up-to-date: /my_new_project/ros2_ws/install/turtlesim/share/turtlesim/local_setup.sh
[24.912s] -- Up-to-date: /my_new_project/ros2_ws/install/turtlesim/share/turtlesim/local_setup.zsh
[24.936s] -- Up-to-date: /my_new_project/ros2_ws/install/turtlesim/share/turtlesim/local_setup.dsv
[24.961s] -- Installing: /my_new_project/ros2_ws/install/turtlesim/share/turtlesim/package.dsv
[25.077s] -- Up-to-date: /my_new_project/ros2_ws/install/turtlesim/share/ament_index/resource_index/packages/turtlesim
[25.180s] -- Up-to-date: /my_new_project/ros2_ws/install/turtlesim/share/turtlesim/cmake/export_turtlesim__rosidl_generator_cExport.cmake
[25.207s] -- Up-to-date: /my_new_project/ros2_ws/install/turtlesim/share/turtlesim/cmake/export_turtlesim__rosidl_generator_cExport-noconfig.cmake
[25.306s] -- Up-to-date: /my_new_project/ros2_ws/install/turtlesim/share/turtlesim/cmake/export_turtlesim__rosidl_typesupport_fastrtps_cExport.cmake
[25.336s] -- Up-to-date: /my_new_project/ros2_ws/install/turtlesim/share/turtlesim/cmake/export_turtlesim__rosidl_typesupport_fastrtps_cExport-noconfig.cmake
[25.418s] -- Up-to-date: /my_new_project/ros2_ws/install/turtlesim/share/turtlesim/cmake/export_turtlesim__rosidl_generator_cppExport.cmake
[25.530s] -- Up-to-date: /my_new_project/ros2_ws/install/turtlesim/share/turtlesim/cmake/export_turtlesim__rosidl_typesupport_fastrtps_cppExport.cmake
[25.558s] -- Up-to-date: /my_new_project/ros2_ws/install/turtlesim/share/turtlesim/cmake/export_turtlesim__rosidl_typesupport_fastrtps_cppExport-noconfig.cmake
[25.655s] -- Up-to-date: /my_new_project/ros2_ws/install/turtlesim/share/turtlesim/cmake/turtlesim__rosidl_typesupport_introspection_cExport.cmake
[25.690s] -- Up-to-date: /my_new_project/ros2_ws/install/turtlesim/share/turtlesim/cmake/turtlesim__rosidl_typesupport_introspection_cExport-noconfig.cmake
[25.788s] -- Up-to-date: /my_new_project/ros2_ws/install/turtlesim/share/turtlesim/cmake/turtlesim__rosidl_typesupport_cExport.cmake
[25.819s] -- Up-to-date: /my_new_project/ros2_ws/install/turtlesim/share/turtlesim/cmake/turtlesim__rosidl_typesupport_cExport-noconfig.cmake
[25.915s] -- Up-to-date: /my_new_project/ros2_ws/install/turtlesim/share/turtlesim/cmake/turtlesim__rosidl_typesupport_introspection_cppExport.cmake
[25.950s] -- Up-to-date: /my_new_project/ros2_ws/install/turtlesim/share/turtlesim/cmake/turtlesim__rosidl_typesupport_introspection_cppExport-noconfig.cmake
[26.049s] -- Up-to-date: /my_new_project/ros2_ws/install/turtlesim/share/turtlesim/cmake/turtlesim__rosidl_typesupport_cppExport.cmake
[26.087s] -- Up-to-date: /my_new_project/ros2_ws/install/turtlesim/share/turtlesim/cmake/turtlesim__rosidl_typesupport_cppExport-noconfig.cmake
[26.152s] -- Up-to-date: /my_new_project/ros2_ws/install/turtlesim/share/turtlesim/cmake/export_turtlesim__rosidl_generator_pyExport.cmake
[26.189s] -- Up-to-date: /my_new_project/ros2_ws/install/turtlesim/share/turtlesim/cmake/export_turtlesim__rosidl_generator_pyExport-noconfig.cmake
[26.213s] -- Up-to-date: /my_new_project/ros2_ws/install/turtlesim/share/turtlesim/cmake/rosidl_cmake-extras.cmake
[26.239s] -- Up-to-date: /my_new_project/ros2_ws/install/turtlesim/share/turtlesim/cmake/ament_cmake_export_dependencies-extras.cmake
[26.265s] -- Up-to-date: /my_new_project/ros2_ws/install/turtlesim/share/turtlesim/cmake/ament_cmake_export_include_directories-extras.cmake
[26.292s] -- Up-to-date: /my_new_project/ros2_ws/install/turtlesim/share/turtlesim/cmake/ament_cmake_export_libraries-extras.cmake
[26.315s] -- Up-to-date: /my_new_project/ros2_ws/install/turtlesim/share/turtlesim/cmake/ament_cmake_export_targets-extras.cmake
[26.342s] -- Up-to-date: /my_new_project/ros2_ws/install/turtlesim/share/turtlesim/cmake/rosidl_cmake_export_typesupport_targets-extras.cmake
[26.364s] -- Up-to-date: /my_new_project/ros2_ws/install/turtlesim/share/turtlesim/cmake/rosidl_cmake_export_typesupport_libraries-extras.cmake
[26.392s] -- Up-to-date: /my_new_project/ros2_ws/install/turtlesim/share/turtlesim/cmake/turtlesimConfig.cmake
[26.410s] -- Up-to-date: /my_new_project/ros2_ws/install/turtlesim/share/turtlesim/cmake/turtlesimConfig-version.cmake
[26.439s] -- Up-to-date: /my_new_project/ros2_ws/install/turtlesim/share/turtlesim/package.xml
[26.506s] Invoked command in '/my_new_project/ros2_ws/build/turtlesim' returned '0': CMAKE_PREFIX_PATH=${CMAKE_PREFIX_PATH}:/opt/ros/jazzy /usr/bin/cmake --install /my_new_project/ros2_ws/build/turtlesim
