[3.305s] Invoking command in '/my_new_project/ros2_ws/src/py_pubsub': PYTHONPATH=/my_new_project/ros2_ws/build/py_pubsub/prefix_override:/usr/lib/python3/dist-packages/colcon_core/task/python/colcon_distutils_commands:/my_new_project/ros2_ws/install/py_pubsub/lib/python3.12/site-packages:${PYTHONPATH} /usr/bin/python3 -W ignore:setup.py install is deprecated -W ignore:easy_install command is deprecated setup.py egg_info --egg-base ../../build/py_pubsub build --build-base /my_new_project/ros2_ws/build/py_pubsub/build install --record /my_new_project/ros2_ws/build/py_pubsub/install.log --single-version-externally-managed install_data
[4.753s] running egg_info
[4.795s] writing ../../build/py_pubsub/py_pubsub.egg-info/PKG-INFO
[4.804s] writing dependency_links to ../../build/py_pubsub/py_pubsub.egg-info/dependency_links.txt
[4.811s] writing entry points to ../../build/py_pubsub/py_pubsub.egg-info/entry_points.txt
[4.819s] writing requirements to ../../build/py_pubsub/py_pubsub.egg-info/requires.txt
[4.824s] writing top-level names to ../../build/py_pubsub/py_pubsub.egg-info/top_level.txt
[4.986s] reading manifest file '../../build/py_pubsub/py_pubsub.egg-info/SOURCES.txt'
[5.032s] adding license file 'LICENSE'
[5.072s] writing manifest file '../../build/py_pubsub/py_pubsub.egg-info/SOURCES.txt'
[5.076s] running build
[5.078s] running build_py
[5.178s] running install
[5.181s] running install_lib
[5.412s] running install_data
[5.452s] running install_egg_info
[5.509s] removing '/my_new_project/ros2_ws/install/py_pubsub/lib/python3.12/site-packages/py_pubsub-0.0.0-py3.12.egg-info' (and everything under it)
[5.604s] Copying ../../build/py_pubsub/py_pubsub.egg-info to /my_new_project/ros2_ws/install/py_pubsub/lib/python3.12/site-packages/py_pubsub-0.0.0-py3.12.egg-info
[5.970s] running install_scripts
[6.370s] Installing listener script to /my_new_project/ros2_ws/install/py_pubsub/lib/py_pubsub
[6.386s] Installing talker script to /my_new_project/ros2_ws/install/py_pubsub/lib/py_pubsub
[6.404s] writing list of installed files to '/my_new_project/ros2_ws/build/py_pubsub/install.log'
[6.812s] Invoked command in '/my_new_project/ros2_ws/src/py_pubsub' returned '0': PYTHONPATH=/my_new_project/ros2_ws/build/py_pubsub/prefix_override:/usr/lib/python3/dist-packages/colcon_core/task/python/colcon_distutils_commands:/my_new_project/ros2_ws/install/py_pubsub/lib/python3.12/site-packages:${PYTHONPATH} /usr/bin/python3 -W ignore:setup.py install is deprecated -W ignore:easy_install command is deprecated setup.py egg_info --egg-base ../../build/py_pubsub build --build-base /my_new_project/ros2_ws/build/py_pubsub/build install --record /my_new_project/ros2_ws/build/py_pubsub/install.log --single-version-externally-managed install_data
