gmake[2]: Warning: File 'rosidl_generator_c/turtlesim/action/detail/rotate_absolute__description.c' has modification time 0.11 s in the future
gmake[2]: warning:  Clock skew detected.  Your build may be incomplete.
gmake[2]: Warning: File 'rosidl_typesupport_c/turtlesim/msg/color__type_support.cpp' has modification time 0.43 s in the future
gmake[2]: Warning: File 'rosidl_typesupport_cpp/turtlesim/msg/color__type_support.cpp' has modification time 0.43 s in the future
gmake[2]: Warning: File 'rosidl_typesupport_introspection_cpp/turtlesim/srv/detail/kill__type_support.cpp' has modification time 0.0043 s in the future
gmake[2]: warning:  Clock skew detected.  Your build may be incomplete.
gmake[2]: warning:  Clock skew detected.  Your build may be incomplete.
gmake[2]: Warning: File 'libturtlesim__rosidl_typesupport_cpp.so' has modification time 0.67 s in the future
gmake[2]: Warning: File 'include/turtlesim/moc_turtle_frame.cpp' has modification time 1.8 s in the future
gmake[2]: warning:  Clock skew detected.  Your build may be incomplete.
gmake[2]: Warning: File 'rosidl_generator_py/turtlesim/action/_rotate_absolute_s.c' has modification time 1.6 s in the future
gmake[2]: warning:  Clock skew detected.  Your build may be incomplete.
gmake[2]: Warning: File 'libturtlesim__rosidl_generator_py.so' has modification time 1.5 s in the future
gmake[2]: Warning: File 'libturtlesim__rosidl_generator_py.so' has modification time 1.5 s in the future
gmake[2]: Warning: File 'libturtlesim__rosidl_generator_py.so' has modification time 1.5 s in the future
gmake[2]: warning:  Clock skew detected.  Your build may be incomplete.
gmake[2]: warning:  Clock skew detected.  Your build may be incomplete.
gmake[2]: warning:  Clock skew detected.  Your build may be incomplete.
gmake[2]: warning:  Clock skew detected.  Your build may be incomplete.
gmake[2]: warning:  Clock skew detected.  Your build may be incomplete.
