[0.933s] Invoking command in '/my_new_project/ros2_ws/build/turtlesim': CMAKE_PREFIX_PATH=${CMAKE_PREFIX_PATH}:/opt/ros/jazzy /usr/bin/cmake /my_new_project/ros2_ws/src/ros_tutorials/turtlesim -DCMAKE_INSTALL_PREFIX=/my_new_project/ros2_ws/install/turtlesim
[1.239s] -- The C compiler identification is GNU 13.3.0
[1.489s] -- The CXX compiler identification is GNU 13.3.0
[1.564s] -- Detecting C compiler ABI info
[2.508s] -- Detecting C compiler ABI info - done
[2.558s] -- Check for working C compiler: /usr/bin/cc - skipped
[2.559s] -- Detecting C compile features
[2.560s] -- Detecting C compile features - done
[2.638s] -- Detecting CXX compiler ABI info
[3.525s] -- Detecting CXX compiler ABI info - done
[3.576s] -- Check for working CXX compiler: /usr/bin/c++ - skipped
[3.577s] -- Detecting CXX compile features
[3.599s] -- Detecting CXX compile features - done
[3.664s] -- Found ament_cmake: 2.5.3 (/opt/ros/jazzy/share/ament_cmake/cmake)
[3.995s] -- Found Python3: /usr/bin/python3 (found version "3.12.3") found components: Interpreter 
[4.729s] -- Found ament_index_cpp: 1.8.1 (/opt/ros/jazzy/share/ament_index_cpp/cmake)
[4.763s] -- Found geometry_msgs: 5.3.5 (/opt/ros/jazzy/share/geometry_msgs/cmake)
[5.178s] -- Found rosidl_generator_c: 4.6.5 (/opt/ros/jazzy/share/rosidl_generator_c/cmake)
[5.311s] -- Found rosidl_generator_cpp: 4.6.5 (/opt/ros/jazzy/share/rosidl_generator_cpp/cmake)
[5.474s] -- Using all available rosidl_typesupport_c: rosidl_typesupport_fastrtps_c;rosidl_typesupport_introspection_c
[5.630s] -- Using all available rosidl_typesupport_cpp: rosidl_typesupport_fastrtps_cpp;rosidl_typesupport_introspection_cpp
[6.021s] -- Found rcl_interfaces: 2.0.2 (/opt/ros/jazzy/share/rcl_interfaces/cmake)
[6.149s] -- Found rclcpp: 28.1.6 (/opt/ros/jazzy/share/rclcpp/cmake)
[6.414s] -- Found rmw_implementation_cmake: 7.3.1 (/opt/ros/jazzy/share/rmw_implementation_cmake/cmake)
[6.459s] -- Found rmw_fastrtps_cpp: 8.4.1 (/opt/ros/jazzy/share/rmw_fastrtps_cpp/cmake)
[6.764s] -- Found OpenSSL: /usr/lib/x86_64-linux-gnu/libcrypto.so (found version "3.0.13")  
[6.819s] -- Found FastRTPS: /opt/ros/jazzy/include (Required is at least version "2.13") 
[6.887s] -- Using RMW implementation 'rmw_fastrtps_cpp' as default
[7.116s] -- Found rclcpp_action: 28.1.6 (/opt/ros/jazzy/share/rclcpp_action/cmake)
[7.291s] -- Found rosidl_default_generators: 1.6.0 (/opt/ros/jazzy/share/rosidl_default_generators/cmake)
[7.426s] -- Found rosidl_adapter: 4.6.5 (/opt/ros/jazzy/share/rosidl_adapter/cmake)
[7.451s] -- Found std_srvs: 5.3.5 (/opt/ros/jazzy/share/std_srvs/cmake)
[9.946s] -- Found ament_cmake_ros: 0.12.0 (/opt/ros/jazzy/share/ament_cmake_ros/cmake)
[12.815s] -- Using all available rosidl_typesupport_c: rosidl_typesupport_fastrtps_c;rosidl_typesupport_introspection_c
[13.691s] -- Using all available rosidl_typesupport_cpp: rosidl_typesupport_fastrtps_cpp;rosidl_typesupport_introspection_cpp
[13.726s] -- Found python_cmake_module: 0.11.1 (/opt/ros/jazzy/share/python_cmake_module/cmake)
[13.894s] -- Found PythonExtra: /usr/bin/python3  
[14.479s] -- Found Python3: /usr/bin/python3 (found version "3.12.3") found components: Interpreter Development NumPy Development.Module Development.Embed 
[15.123s] -- Found ament_lint_auto: 0.17.1 (/opt/ros/jazzy/share/ament_lint_auto/cmake)
[15.919s] -- Added test 'copyright' to check source files copyright and LICENSE
[18.296s] -- Added test 'cppcheck' to perform static code analysis on C / C++ code
[18.298s] -- Configured cppcheck include dirs: /my_new_project/ros2_ws/src/ros_tutorials/turtlesim/include
[18.299s] -- Configured cppcheck exclude dirs and/or files: 
[20.491s] -- Added test 'cpplint' to check C / C++ code against the Google style
[20.492s] -- Configured cpplint exclude dirs and/or files: 
[20.774s] -- Added test 'flake8' to check Python code syntax and style conventions
[20.776s] -- Configured 'flake8' exclude dirs and/or files: 
[21.311s] -- Added test 'lint_cmake' to check CMake code style
[21.577s] -- Added test 'pep257' to check Python code against some of the docstring style conventions in PEP 257
[23.778s] -- Added test 'uncrustify' to check C / C++ code style
[23.780s] -- Configured uncrustify additional arguments: 
[24.061s] -- Added test 'xmllint' to check XML markup files
[24.589s] -- Configuring done (23.6s)
[29.057s] -- Generating done (3.9s)
[30.711s] -- Build files have been written to: /my_new_project/ros2_ws/build/turtlesim
[30.736s] Invoked command in '/my_new_project/ros2_ws/build/turtlesim' returned '0': CMAKE_PREFIX_PATH=${CMAKE_PREFIX_PATH}:/opt/ros/jazzy /usr/bin/cmake /my_new_project/ros2_ws/src/ros_tutorials/turtlesim -DCMAKE_INSTALL_PREFIX=/my_new_project/ros2_ws/install/turtlesim
[30.768s] Invoking command in '/my_new_project/ros2_ws/build/turtlesim': CMAKE_PREFIX_PATH=${CMAKE_PREFIX_PATH}:/opt/ros/jazzy /usr/bin/cmake --build /my_new_project/ros2_ws/build/turtlesim -- -j16 -l16
[31.189s] [  0%] [34m[1mGenerating type hashes for ROS interfaces[0m
[31.237s] [  0%] Built target ament_cmake_python_copy_turtlesim
[31.622s] running egg_info
[31.625s] creating turtlesim.egg-info
[31.682s] writing turtlesim.egg-info/PKG-INFO
[31.688s] writing dependency_links to turtlesim.egg-info/dependency_links.txt
[31.698s] writing top-level names to turtlesim.egg-info/top_level.txt
[31.704s] writing manifest file 'turtlesim.egg-info/SOURCES.txt'
[31.800s] reading manifest file 'turtlesim.egg-info/SOURCES.txt'
[31.834s] writing manifest file 'turtlesim.egg-info/SOURCES.txt'
[31.888s] [  0%] Built target ament_cmake_python_build_turtlesim_egg
[31.958s] [  0%] Built target turtlesim__rosidl_generator_type_description
[32.046s] [  1%] [34m[1mGenerating C code for ROS interfaces[0m
[32.147s] [  2%] [34m[1mGenerating C++ code for ROS interfaces[0m
[34.247s] [  2%] Built target turtlesim__cpp
[35.404s] gmake[2]: Warning: File 'rosidl_generator_c/turtlesim/action/detail/rotate_absolute__description.c' has modification time 0.11 s in the future
[35.455s] [  3%] [32mBuilding C object CMakeFiles/turtlesim__rosidl_generator_c.dir/rosidl_generator_c/turtlesim/action/detail/rotate_absolute__description.c.o[0m
[35.467s] [  4%] [32mBuilding C object CMakeFiles/turtlesim__rosidl_generator_c.dir/rosidl_generator_c/turtlesim/action/detail/rotate_absolute__functions.c.o[0m
[35.474s] [  5%] [32mBuilding C object CMakeFiles/turtlesim__rosidl_generator_c.dir/rosidl_generator_c/turtlesim/action/detail/rotate_absolute__type_support.c.o[0m
[35.514s] [  6%] [32mBuilding C object CMakeFiles/turtlesim__rosidl_generator_c.dir/rosidl_generator_c/turtlesim/msg/detail/color__description.c.o[0m
[35.523s] [  9%] [32mBuilding C object CMakeFiles/turtlesim__rosidl_generator_c.dir/rosidl_generator_c/turtlesim/msg/detail/color__type_support.c.o[0m
[35.524s] [  9%] [32mBuilding C object CMakeFiles/turtlesim__rosidl_generator_c.dir/rosidl_generator_c/turtlesim/msg/detail/pose__functions.c.o[0m
[35.526s] [  9%] [32mBuilding C object CMakeFiles/turtlesim__rosidl_generator_c.dir/rosidl_generator_c/turtlesim/msg/detail/color__functions.c.o[0m
[35.528s] [  9%] [32mBuilding C object CMakeFiles/turtlesim__rosidl_generator_c.dir/rosidl_generator_c/turtlesim/msg/detail/pose__description.c.o[0m
[35.530s] [ 11%] [32mBuilding C object CMakeFiles/turtlesim__rosidl_generator_c.dir/rosidl_generator_c/turtlesim/srv/detail/kill__description.c.o[0m
[35.532s] [ 11%] [32mBuilding C object CMakeFiles/turtlesim__rosidl_generator_c.dir/rosidl_generator_c/turtlesim/msg/detail/pose__type_support.c.o[0m
[35.545s] [ 12%] [32mBuilding C object CMakeFiles/turtlesim__rosidl_generator_c.dir/rosidl_generator_c/turtlesim/srv/detail/kill__functions.c.o[0m
[35.558s] [ 13%] [32mBuilding C object CMakeFiles/turtlesim__rosidl_generator_c.dir/rosidl_generator_c/turtlesim/srv/detail/kill__type_support.c.o[0m
[35.562s] [ 13%] [32mBuilding C object CMakeFiles/turtlesim__rosidl_generator_c.dir/rosidl_generator_c/turtlesim/srv/detail/set_pen__description.c.o[0m
[35.579s] [ 14%] [32mBuilding C object CMakeFiles/turtlesim__rosidl_generator_c.dir/rosidl_generator_c/turtlesim/srv/detail/set_pen__functions.c.o[0m
[35.587s] [ 15%] [32mBuilding C object CMakeFiles/turtlesim__rosidl_generator_c.dir/rosidl_generator_c/turtlesim/srv/detail/set_pen__type_support.c.o[0m
[35.596s] [ 16%] [32mBuilding C object CMakeFiles/turtlesim__rosidl_generator_c.dir/rosidl_generator_c/turtlesim/srv/detail/spawn__description.c.o[0m
[35.881s] [ 17%] [32mBuilding C object CMakeFiles/turtlesim__rosidl_generator_c.dir/rosidl_generator_c/turtlesim/srv/detail/spawn__functions.c.o[0m
[35.891s] [ 18%] [32mBuilding C object CMakeFiles/turtlesim__rosidl_generator_c.dir/rosidl_generator_c/turtlesim/srv/detail/spawn__type_support.c.o[0m
[35.901s] [ 19%] [32mBuilding C object CMakeFiles/turtlesim__rosidl_generator_c.dir/rosidl_generator_c/turtlesim/srv/detail/teleport_absolute__description.c.o[0m
[35.912s] [ 20%] [32mBuilding C object CMakeFiles/turtlesim__rosidl_generator_c.dir/rosidl_generator_c/turtlesim/srv/detail/teleport_absolute__functions.c.o[0m
[35.915s] [ 20%] [32mBuilding C object CMakeFiles/turtlesim__rosidl_generator_c.dir/rosidl_generator_c/turtlesim/srv/detail/teleport_absolute__type_support.c.o[0m
[35.933s] [ 21%] [32mBuilding C object CMakeFiles/turtlesim__rosidl_generator_c.dir/rosidl_generator_c/turtlesim/srv/detail/teleport_relative__description.c.o[0m
[35.944s] [ 23%] [32mBuilding C object CMakeFiles/turtlesim__rosidl_generator_c.dir/rosidl_generator_c/turtlesim/srv/detail/teleport_relative__type_support.c.o[0m
[35.946s] [ 23%] [32mBuilding C object CMakeFiles/turtlesim__rosidl_generator_c.dir/rosidl_generator_c/turtlesim/srv/detail/teleport_relative__functions.c.o[0m
[36.372s] [ 24%] [32m[1mLinking C shared library libturtlesim__rosidl_generator_c.so[0m
[37.226s] gmake[2]: warning:  Clock skew detected.  Your build may be incomplete.
[37.347s] [ 24%] Built target turtlesim__rosidl_generator_c
[37.420s] [ 29%] [34m[1mGenerating C++ introspection for ROS interfaces[0m
[37.422s] [ 29%] [34m[1mGenerating C introspection for ROS interfaces[0m
[37.424s] [ 29%] [34m[1mGenerating C++ type support dispatch for ROS interfaces[0m
[37.425s] [ 29%] [34m[1mGenerating C type support for eProsima Fast-RTPS[0m
[37.427s] [ 29%] [34m[1mGenerating C++ type support for eProsima Fast-RTPS[0m
[37.440s] [ 29%] [34m[1mGenerating C type support dispatch for ROS interfaces[0m
[38.630s] gmake[2]: Warning: File 'rosidl_typesupport_c/turtlesim/msg/color__type_support.cpp' has modification time 0.43 s in the future
[38.632s] gmake[2]: Warning: File 'rosidl_typesupport_cpp/turtlesim/msg/color__type_support.cpp' has modification time 0.43 s in the future
[38.649s] [ 31%] [32mBuilding CXX object CMakeFiles/turtlesim__rosidl_typesupport_c.dir/rosidl_typesupport_c/turtlesim/action/rotate_absolute__type_support.cpp.o[0m
[38.651s] [ 31%] [32mBuilding CXX object CMakeFiles/turtlesim__rosidl_typesupport_cpp.dir/rosidl_typesupport_cpp/turtlesim/action/rotate_absolute__type_support.cpp.o[0m
[38.661s] [ 33%] [32mBuilding CXX object CMakeFiles/turtlesim__rosidl_typesupport_cpp.dir/rosidl_typesupport_cpp/turtlesim/msg/color__type_support.cpp.o[0m
[38.662s] [ 33%] [32mBuilding CXX object CMakeFiles/turtlesim__rosidl_typesupport_c.dir/rosidl_typesupport_c/turtlesim/msg/color__type_support.cpp.o[0m
[38.671s] [ 35%] [32mBuilding CXX object CMakeFiles/turtlesim__rosidl_typesupport_c.dir/rosidl_typesupport_c/turtlesim/msg/pose__type_support.cpp.o[0m
[38.676s] [ 35%] [32mBuilding CXX object CMakeFiles/turtlesim__rosidl_typesupport_cpp.dir/rosidl_typesupport_cpp/turtlesim/msg/pose__type_support.cpp.o[0m
[38.684s] [ 35%] [32mBuilding CXX object CMakeFiles/turtlesim__rosidl_typesupport_cpp.dir/rosidl_typesupport_cpp/turtlesim/srv/kill__type_support.cpp.o[0m
[38.698s] [ 37%] [32mBuilding CXX object CMakeFiles/turtlesim__rosidl_typesupport_c.dir/rosidl_typesupport_c/turtlesim/srv/kill__type_support.cpp.o[0m
[38.704s] [ 38%] [32mBuilding CXX object CMakeFiles/turtlesim__rosidl_typesupport_c.dir/rosidl_typesupport_c/turtlesim/srv/set_pen__type_support.cpp.o[0m
[38.709s] [ 38%] [32mBuilding CXX object CMakeFiles/turtlesim__rosidl_typesupport_cpp.dir/rosidl_typesupport_cpp/turtlesim/srv/set_pen__type_support.cpp.o[0m
[38.715s] [ 39%] [32mBuilding CXX object CMakeFiles/turtlesim__rosidl_typesupport_c.dir/rosidl_typesupport_c/turtlesim/srv/spawn__type_support.cpp.o[0m
[38.719s] [ 39%] [32mBuilding CXX object CMakeFiles/turtlesim__rosidl_typesupport_cpp.dir/rosidl_typesupport_cpp/turtlesim/srv/spawn__type_support.cpp.o[0m
[39.273s] [ 40%] [32mBuilding CXX object CMakeFiles/turtlesim__rosidl_typesupport_c.dir/rosidl_typesupport_c/turtlesim/srv/teleport_absolute__type_support.cpp.o[0m
[39.310s] [ 41%] [32mBuilding CXX object CMakeFiles/turtlesim__rosidl_typesupport_c.dir/rosidl_typesupport_c/turtlesim/srv/teleport_relative__type_support.cpp.o[0m
[39.337s] [ 42%] [32mBuilding CXX object CMakeFiles/turtlesim__rosidl_typesupport_cpp.dir/rosidl_typesupport_cpp/turtlesim/srv/teleport_absolute__type_support.cpp.o[0m
[39.363s] [ 43%] [32mBuilding CXX object CMakeFiles/turtlesim__rosidl_typesupport_cpp.dir/rosidl_typesupport_cpp/turtlesim/srv/teleport_relative__type_support.cpp.o[0m
[39.834s] [ 44%] [32mBuilding CXX object CMakeFiles/turtlesim__rosidl_typesupport_introspection_cpp.dir/rosidl_typesupport_introspection_cpp/turtlesim/action/detail/rotate_absolute__type_support.cpp.o[0m
[39.868s] gmake[2]: Warning: File 'rosidl_typesupport_introspection_cpp/turtlesim/srv/detail/kill__type_support.cpp' has modification time 0.0043 s in the future
[39.876s] [ 45%] [32mBuilding CXX object CMakeFiles/turtlesim__rosidl_typesupport_introspection_cpp.dir/rosidl_typesupport_introspection_cpp/turtlesim/msg/detail/color__type_support.cpp.o[0m
[39.885s] [ 46%] [32mBuilding CXX object CMakeFiles/turtlesim__rosidl_typesupport_introspection_cpp.dir/rosidl_typesupport_introspection_cpp/turtlesim/msg/detail/pose__type_support.cpp.o[0m
[39.894s] [ 47%] [32mBuilding C object CMakeFiles/turtlesim__rosidl_typesupport_introspection_c.dir/rosidl_typesupport_introspection_c/turtlesim/action/detail/rotate_absolute__type_support.c.o[0m
[40.003s] [ 48%] [32m[1mLinking CXX shared library libturtlesim__rosidl_typesupport_c.so[0m
[40.013s] [ 49%] [32mBuilding C object CMakeFiles/turtlesim__rosidl_typesupport_introspection_c.dir/rosidl_typesupport_introspection_c/turtlesim/msg/detail/color__type_support.c.o[0m
[40.623s] gmake[2]: warning:  Clock skew detected.  Your build may be incomplete.
[40.735s] [ 49%] Built target turtlesim__rosidl_typesupport_c
[40.776s] [ 50%] [32mBuilding C object CMakeFiles/turtlesim__rosidl_typesupport_introspection_c.dir/rosidl_typesupport_introspection_c/turtlesim/msg/detail/pose__type_support.c.o[0m
[40.783s] [ 50%] [32mBuilding CXX object CMakeFiles/turtlesim__rosidl_typesupport_introspection_cpp.dir/rosidl_typesupport_introspection_cpp/turtlesim/srv/detail/kill__type_support.cpp.o[0m
[40.802s] [ 51%] [32mBuilding C object CMakeFiles/turtlesim__rosidl_typesupport_introspection_c.dir/rosidl_typesupport_introspection_c/turtlesim/srv/detail/kill__type_support.c.o[0m
[40.921s] [ 52%] [32mBuilding C object CMakeFiles/turtlesim__rosidl_typesupport_introspection_c.dir/rosidl_typesupport_introspection_c/turtlesim/srv/detail/set_pen__type_support.c.o[0m
[41.121s] [ 54%] [32mBuilding C object CMakeFiles/turtlesim__rosidl_typesupport_introspection_c.dir/rosidl_typesupport_introspection_c/turtlesim/srv/detail/spawn__type_support.c.o[0m
[41.125s] [ 54%] [32mBuilding CXX object CMakeFiles/turtlesim__rosidl_typesupport_introspection_cpp.dir/rosidl_typesupport_introspection_cpp/turtlesim/srv/detail/set_pen__type_support.cpp.o[0m
[41.137s] [ 55%] [32mBuilding C object CMakeFiles/turtlesim__rosidl_typesupport_introspection_c.dir/rosidl_typesupport_introspection_c/turtlesim/srv/detail/teleport_absolute__type_support.c.o[0m
[41.148s] [ 56%] [32mBuilding CXX object CMakeFiles/turtlesim__rosidl_typesupport_introspection_cpp.dir/rosidl_typesupport_introspection_cpp/turtlesim/srv/detail/spawn__type_support.cpp.o[0m
[41.159s] [ 57%] [32mBuilding CXX object CMakeFiles/turtlesim__rosidl_typesupport_fastrtps_cpp.dir/rosidl_typesupport_fastrtps_cpp/turtlesim/action/detail/dds_fastrtps/rotate_absolute__type_support.cpp.o[0m
[41.259s] [ 57%] [32mBuilding CXX object CMakeFiles/turtlesim__rosidl_typesupport_fastrtps_c.dir/rosidl_typesupport_fastrtps_c/turtlesim/action/detail/rotate_absolute__type_support_c.cpp.o[0m
[41.598s] [ 58%] [32mBuilding CXX object CMakeFiles/turtlesim__rosidl_typesupport_fastrtps_c.dir/rosidl_typesupport_fastrtps_c/turtlesim/msg/detail/color__type_support_c.cpp.o[0m
[41.768s] [ 59%] [32mBuilding CXX object CMakeFiles/turtlesim__rosidl_typesupport_fastrtps_cpp.dir/rosidl_typesupport_fastrtps_cpp/turtlesim/msg/detail/dds_fastrtps/color__type_support.cpp.o[0m
[41.862s] [ 60%] [32mBuilding CXX object CMakeFiles/turtlesim__rosidl_typesupport_fastrtps_cpp.dir/rosidl_typesupport_fastrtps_cpp/turtlesim/msg/detail/dds_fastrtps/pose__type_support.cpp.o[0m
[41.918s] [ 61%] [32mBuilding CXX object CMakeFiles/turtlesim__rosidl_typesupport_fastrtps_cpp.dir/rosidl_typesupport_fastrtps_cpp/turtlesim/srv/detail/dds_fastrtps/kill__type_support.cpp.o[0m
[41.934s] [ 62%] [32mBuilding CXX object CMakeFiles/turtlesim__rosidl_typesupport_fastrtps_cpp.dir/rosidl_typesupport_fastrtps_cpp/turtlesim/srv/detail/dds_fastrtps/set_pen__type_support.cpp.o[0m
[41.939s] [ 62%] [32mBuilding C object CMakeFiles/turtlesim__rosidl_typesupport_introspection_c.dir/rosidl_typesupport_introspection_c/turtlesim/srv/detail/teleport_relative__type_support.c.o[0m
[41.990s] [ 63%] [32mBuilding CXX object CMakeFiles/turtlesim__rosidl_typesupport_fastrtps_cpp.dir/rosidl_typesupport_fastrtps_cpp/turtlesim/srv/detail/dds_fastrtps/spawn__type_support.cpp.o[0m
[42.203s] [ 64%] [32m[1mLinking CXX shared library libturtlesim__rosidl_typesupport_cpp.so[0m
[42.355s] [ 65%] [32mBuilding CXX object CMakeFiles/turtlesim__rosidl_typesupport_fastrtps_cpp.dir/rosidl_typesupport_fastrtps_cpp/turtlesim/srv/detail/dds_fastrtps/teleport_absolute__type_support.cpp.o[0m
[42.377s] [ 66%] [32mBuilding CXX object CMakeFiles/turtlesim__rosidl_typesupport_fastrtps_cpp.dir/rosidl_typesupport_fastrtps_cpp/turtlesim/srv/detail/dds_fastrtps/teleport_relative__type_support.cpp.o[0m
[42.890s] [ 67%] [32m[1mLinking C shared library libturtlesim__rosidl_typesupport_introspection_c.so[0m
[43.398s] gmake[2]: warning:  Clock skew detected.  Your build may be incomplete.
[43.480s] [ 67%] Built target turtlesim__rosidl_typesupport_cpp
[43.518s] [ 67%] [32mBuilding CXX object CMakeFiles/turtlesim__rosidl_typesupport_introspection_cpp.dir/rosidl_typesupport_introspection_cpp/turtlesim/srv/detail/teleport_absolute__type_support.cpp.o[0m
[43.611s] [ 67%] Built target turtlesim__rosidl_typesupport_introspection_c
[43.656s] [ 68%] [32mBuilding CXX object CMakeFiles/turtlesim__rosidl_typesupport_introspection_cpp.dir/rosidl_typesupport_introspection_cpp/turtlesim/srv/detail/teleport_relative__type_support.cpp.o[0m
[43.721s] [ 69%] [32mBuilding CXX object CMakeFiles/turtlesim__rosidl_typesupport_fastrtps_c.dir/rosidl_typesupport_fastrtps_c/turtlesim/msg/detail/pose__type_support_c.cpp.o[0m
[43.921s] [ 70%] [32mBuilding CXX object CMakeFiles/turtlesim__rosidl_typesupport_fastrtps_c.dir/rosidl_typesupport_fastrtps_c/turtlesim/srv/detail/kill__type_support_c.cpp.o[0m
[43.970s] [ 71%] [32mBuilding CXX object CMakeFiles/turtlesim__rosidl_typesupport_fastrtps_c.dir/rosidl_typesupport_fastrtps_c/turtlesim/srv/detail/set_pen__type_support_c.cpp.o[0m
[44.067s] [ 72%] [32mBuilding CXX object CMakeFiles/turtlesim__rosidl_typesupport_fastrtps_c.dir/rosidl_typesupport_fastrtps_c/turtlesim/srv/detail/spawn__type_support_c.cpp.o[0m
[44.567s] [ 73%] [32mBuilding CXX object CMakeFiles/turtlesim__rosidl_typesupport_fastrtps_c.dir/rosidl_typesupport_fastrtps_c/turtlesim/srv/detail/teleport_absolute__type_support_c.cpp.o[0m
[44.896s] [ 73%] [32mBuilding CXX object CMakeFiles/turtlesim__rosidl_typesupport_fastrtps_c.dir/rosidl_typesupport_fastrtps_c/turtlesim/srv/detail/teleport_relative__type_support_c.cpp.o[0m
[45.113s] [ 74%] [34m[1mGenerating include/turtlesim/moc_turtle_frame.cpp[0m
[45.231s] gmake[2]: Warning: File 'libturtlesim__rosidl_typesupport_cpp.so' has modification time 0.67 s in the future
[45.273s] [ 75%] [32mBuilding CXX object CMakeFiles/turtle_teleop_key.dir/tutorials/teleop_turtle_key.cpp.o[0m
[45.578s] [ 76%] [32mBuilding CXX object CMakeFiles/turtlesim_node.dir/src/turtlesim.cpp.o[0m
[45.910s] gmake[2]: Warning: File 'include/turtlesim/moc_turtle_frame.cpp' has modification time 1.8 s in the future
[45.921s] [ 77%] [32mBuilding CXX object CMakeFiles/turtlesim_node.dir/src/turtle.cpp.o[0m
[45.941s] [ 78%] [32mBuilding CXX object CMakeFiles/turtlesim_node.dir/src/turtle_frame.cpp.o[0m
[46.334s] [ 78%] [32mBuilding CXX object CMakeFiles/draw_square.dir/tutorials/draw_square.cpp.o[0m
[46.455s] [ 78%] [32mBuilding CXX object CMakeFiles/turtlesim_node.dir/include/turtlesim/moc_turtle_frame.cpp.o[0m
[46.594s] [ 79%] [32mBuilding CXX object CMakeFiles/mimic.dir/tutorials/mimic.cpp.o[0m
[46.729s] [ 80%] [32m[1mLinking CXX shared library libturtlesim__rosidl_typesupport_introspection_cpp.so[0m
[46.975s] [ 81%] [32m[1mLinking CXX shared library libturtlesim__rosidl_typesupport_fastrtps_cpp.so[0m
[47.737s] [ 82%] [32m[1mLinking CXX shared library libturtlesim__rosidl_typesupport_fastrtps_c.so[0m
[47.826s] gmake[2]: warning:  Clock skew detected.  Your build may be incomplete.
[47.895s] [ 82%] Built target turtlesim__rosidl_typesupport_introspection_cpp
[48.187s] [ 82%] Built target turtlesim__rosidl_typesupport_fastrtps_cpp
[48.362s] [ 82%] Built target turtlesim__rosidl_typesupport_fastrtps_c
[48.457s] [ 82%] Built target turtlesim
[48.607s] [ 82%] [34m[1mGenerating Python code for ROS interfaces[0m
[51.772s] [ 82%] Built target turtlesim__py
[51.937s] gmake[2]: Warning: File 'rosidl_generator_py/turtlesim/action/_rotate_absolute_s.c' has modification time 1.6 s in the future
[51.969s] [ 83%] [32mBuilding C object CMakeFiles/turtlesim__rosidl_generator_py.dir/rosidl_generator_py/turtlesim/action/_rotate_absolute_s.c.o[0m
[51.989s] [ 84%] [32mBuilding C object CMakeFiles/turtlesim__rosidl_generator_py.dir/rosidl_generator_py/turtlesim/msg/_color_s.c.o[0m
[51.991s] [ 84%] [32mBuilding C object CMakeFiles/turtlesim__rosidl_generator_py.dir/rosidl_generator_py/turtlesim/msg/_pose_s.c.o[0m
[52.013s] [ 85%] [32mBuilding C object CMakeFiles/turtlesim__rosidl_generator_py.dir/rosidl_generator_py/turtlesim/srv/_kill_s.c.o[0m
[52.022s] [ 86%] [32mBuilding C object CMakeFiles/turtlesim__rosidl_generator_py.dir/rosidl_generator_py/turtlesim/srv/_set_pen_s.c.o[0m
[52.038s] [ 87%] [32mBuilding C object CMakeFiles/turtlesim__rosidl_generator_py.dir/rosidl_generator_py/turtlesim/srv/_spawn_s.c.o[0m
[52.054s] [ 88%] [32mBuilding C object CMakeFiles/turtlesim__rosidl_generator_py.dir/rosidl_generator_py/turtlesim/srv/_teleport_relative_s.c.o[0m
[52.079s] [ 89%] [32mBuilding C object CMakeFiles/turtlesim__rosidl_generator_py.dir/rosidl_generator_py/turtlesim/srv/_teleport_absolute_s.c.o[0m
[53.659s] [ 90%] [32m[1mLinking C shared library libturtlesim__rosidl_generator_py.so[0m
[54.105s] gmake[2]: warning:  Clock skew detected.  Your build may be incomplete.
[54.186s] [ 90%] Built target turtlesim__rosidl_generator_py
[54.304s] gmake[2]: Warning: File 'libturtlesim__rosidl_generator_py.so' has modification time 1.5 s in the future
[54.306s] gmake[2]: Warning: File 'libturtlesim__rosidl_generator_py.so' has modification time 1.5 s in the future
[54.307s] gmake[2]: Warning: File 'libturtlesim__rosidl_generator_py.so' has modification time 1.5 s in the future
[54.324s] [ 92%] [32mBuilding C object CMakeFiles/turtlesim_s__rosidl_typesupport_fastrtps_c.dir/rosidl_generator_py/turtlesim/_turtlesim_s.ep.rosidl_typesupport_fastrtps_c.c.o[0m
[54.325s] [ 92%] [32mBuilding C object CMakeFiles/turtlesim_s__rosidl_typesupport_introspection_c.dir/rosidl_generator_py/turtlesim/_turtlesim_s.ep.rosidl_typesupport_introspection_c.c.o[0m
[54.333s] [ 93%] [32mBuilding C object CMakeFiles/turtlesim_s__rosidl_typesupport_c.dir/rosidl_generator_py/turtlesim/_turtlesim_s.ep.rosidl_typesupport_c.c.o[0m
[56.071s] [ 94%] [32m[1mLinking C shared module rosidl_generator_py/turtlesim/turtlesim_s__rosidl_typesupport_c.so[0m
[56.100s] [ 95%] [32m[1mLinking C shared module rosidl_generator_py/turtlesim/turtlesim_s__rosidl_typesupport_introspection_c.so[0m
[56.121s] [ 96%] [32m[1mLinking C shared module rosidl_generator_py/turtlesim/turtlesim_s__rosidl_typesupport_fastrtps_c.so[0m
[56.302s] gmake[2]: warning:  Clock skew detected.  Your build may be incomplete.
[56.327s] gmake[2]: warning:  Clock skew detected.  Your build may be incomplete.
[56.340s] [ 96%] Built target turtlesim_s__rosidl_typesupport_c
[56.350s] gmake[2]: warning:  Clock skew detected.  Your build may be incomplete.
[56.366s] [ 96%] Built target turtlesim_s__rosidl_typesupport_introspection_c
[56.391s] [ 96%] Built target turtlesim_s__rosidl_typesupport_fastrtps_c
[63.211s] [ 97%] [32m[1mLinking CXX executable turtle_teleop_key[0m
[65.378s] gmake[2]: warning:  Clock skew detected.  Your build may be incomplete.
[65.410s] [ 97%] Built target turtle_teleop_key
[68.021s] [ 98%] [32m[1mLinking CXX executable mimic[0m
[69.211s] [ 99%] [32m[1mLinking CXX executable draw_square[0m
[71.591s] [ 99%] Built target mimic
[73.325s] [ 99%] Built target draw_square
[75.007s] [100%] [32m[1mLinking CXX executable turtlesim_node[0m
[84.523s] gmake[2]: warning:  Clock skew detected.  Your build may be incomplete.
[84.567s] [100%] Built target turtlesim_node
[85.130s] Invoked command in '/my_new_project/ros2_ws/build/turtlesim' returned '0': CMAKE_PREFIX_PATH=${CMAKE_PREFIX_PATH}:/opt/ros/jazzy /usr/bin/cmake --build /my_new_project/ros2_ws/build/turtlesim -- -j16 -l16
[85.180s] Invoking command in '/my_new_project/ros2_ws/build/turtlesim': CMAKE_PREFIX_PATH=${CMAKE_PREFIX_PATH}:/opt/ros/jazzy /usr/bin/cmake --install /my_new_project/ros2_ws/build/turtlesim
[85.205s] -- Install configuration: ""
[85.262s] -- Installing: /my_new_project/ros2_ws/install/turtlesim/share/ament_index/resource_index/rosidl_interfaces/turtlesim
[85.417s] -- Installing: /my_new_project/ros2_ws/install/turtlesim/share/turtlesim/action/RotateAbsolute.json
[85.578s] -- Installing: /my_new_project/ros2_ws/install/turtlesim/share/turtlesim/msg/Color.json
[85.727s] -- Installing: /my_new_project/ros2_ws/install/turtlesim/share/turtlesim/msg/Pose.json
[85.900s] -- Installing: /my_new_project/ros2_ws/install/turtlesim/share/turtlesim/srv/Kill.json
[86.032s] -- Installing: /my_new_project/ros2_ws/install/turtlesim/share/turtlesim/srv/SetPen.json
[86.168s] -- Installing: /my_new_project/ros2_ws/install/turtlesim/share/turtlesim/srv/Spawn.json
[86.325s] -- Installing: /my_new_project/ros2_ws/install/turtlesim/share/turtlesim/srv/TeleportAbsolute.json
[86.476s] -- Installing: /my_new_project/ros2_ws/install/turtlesim/share/turtlesim/srv/TeleportRelative.json
[86.577s] -- Installing: /my_new_project/ros2_ws/install/turtlesim/include/turtlesim/turtlesim
[86.617s] -- Installing: /my_new_project/ros2_ws/install/turtlesim/include/turtlesim/turtlesim/action
[86.669s] -- Installing: /my_new_project/ros2_ws/install/turtlesim/include/turtlesim/turtlesim/action/detail
[86.745s] -- Installing: /my_new_project/ros2_ws/install/turtlesim/include/turtlesim/turtlesim/action/detail/rotate_absolute__description.c
[86.899s] -- Installing: /my_new_project/ros2_ws/install/turtlesim/include/turtlesim/turtlesim/action/detail/rotate_absolute__functions.c
[87.086s] -- Installing: /my_new_project/ros2_ws/install/turtlesim/include/turtlesim/turtlesim/action/detail/rotate_absolute__functions.h
[87.265s] -- Installing: /my_new_project/ros2_ws/install/turtlesim/include/turtlesim/turtlesim/action/detail/rotate_absolute__struct.h
[87.410s] -- Installing: /my_new_project/ros2_ws/install/turtlesim/include/turtlesim/turtlesim/action/detail/rotate_absolute__type_support.c
[87.549s] -- Installing: /my_new_project/ros2_ws/install/turtlesim/include/turtlesim/turtlesim/action/detail/rotate_absolute__type_support.h
[87.693s] -- Installing: /my_new_project/ros2_ws/install/turtlesim/include/turtlesim/turtlesim/action/rotate_absolute.h
[87.804s] -- Installing: /my_new_project/ros2_ws/install/turtlesim/include/turtlesim/turtlesim/msg
[87.858s] -- Installing: /my_new_project/ros2_ws/install/turtlesim/include/turtlesim/turtlesim/msg/color.h
[87.980s] -- Installing: /my_new_project/ros2_ws/install/turtlesim/include/turtlesim/turtlesim/msg/detail
[88.045s] -- Installing: /my_new_project/ros2_ws/install/turtlesim/include/turtlesim/turtlesim/msg/detail/color__description.c
[88.221s] -- Installing: /my_new_project/ros2_ws/install/turtlesim/include/turtlesim/turtlesim/msg/detail/color__functions.c
[88.396s] -- Installing: /my_new_project/ros2_ws/install/turtlesim/include/turtlesim/turtlesim/msg/detail/color__functions.h
[88.573s] -- Installing: /my_new_project/ros2_ws/install/turtlesim/include/turtlesim/turtlesim/msg/detail/color__struct.h
[88.720s] -- Installing: /my_new_project/ros2_ws/install/turtlesim/include/turtlesim/turtlesim/msg/detail/color__type_support.c
[88.863s] -- Installing: /my_new_project/ros2_ws/install/turtlesim/include/turtlesim/turtlesim/msg/detail/color__type_support.h
[88.999s] -- Installing: /my_new_project/ros2_ws/install/turtlesim/include/turtlesim/turtlesim/msg/detail/pose__description.c
[89.174s] -- Installing: /my_new_project/ros2_ws/install/turtlesim/include/turtlesim/turtlesim/msg/detail/pose__functions.c
[89.351s] -- Installing: /my_new_project/ros2_ws/install/turtlesim/include/turtlesim/turtlesim/msg/detail/pose__functions.h
[89.522s] -- Installing: /my_new_project/ros2_ws/install/turtlesim/include/turtlesim/turtlesim/msg/detail/pose__struct.h
[89.674s] -- Installing: /my_new_project/ros2_ws/install/turtlesim/include/turtlesim/turtlesim/msg/detail/pose__type_support.c
[89.846s] -- Installing: /my_new_project/ros2_ws/install/turtlesim/include/turtlesim/turtlesim/msg/detail/pose__type_support.h
[89.990s] -- Installing: /my_new_project/ros2_ws/install/turtlesim/include/turtlesim/turtlesim/msg/pose.h
[90.115s] -- Installing: /my_new_project/ros2_ws/install/turtlesim/include/turtlesim/turtlesim/msg/rosidl_generator_c__visibility_control.h
[90.258s] -- Installing: /my_new_project/ros2_ws/install/turtlesim/include/turtlesim/turtlesim/srv
[90.309s] -- Installing: /my_new_project/ros2_ws/install/turtlesim/include/turtlesim/turtlesim/srv/detail
[90.375s] -- Installing: /my_new_project/ros2_ws/install/turtlesim/include/turtlesim/turtlesim/srv/detail/kill__description.c
[90.552s] -- Installing: /my_new_project/ros2_ws/install/turtlesim/include/turtlesim/turtlesim/srv/detail/kill__functions.c
[90.729s] -- Installing: /my_new_project/ros2_ws/install/turtlesim/include/turtlesim/turtlesim/srv/detail/kill__functions.h
[90.889s] -- Installing: /my_new_project/ros2_ws/install/turtlesim/include/turtlesim/turtlesim/srv/detail/kill__struct.h
[91.035s] -- Installing: /my_new_project/ros2_ws/install/turtlesim/include/turtlesim/turtlesim/srv/detail/kill__type_support.c
[91.151s] -- Installing: /my_new_project/ros2_ws/install/turtlesim/include/turtlesim/turtlesim/srv/detail/kill__type_support.h
[91.311s] -- Installing: /my_new_project/ros2_ws/install/turtlesim/include/turtlesim/turtlesim/srv/detail/set_pen__description.c
[91.436s] -- Installing: /my_new_project/ros2_ws/install/turtlesim/include/turtlesim/turtlesim/srv/detail/set_pen__functions.c
[91.592s] -- Installing: /my_new_project/ros2_ws/install/turtlesim/include/turtlesim/turtlesim/srv/detail/set_pen__functions.h
[91.721s] -- Installing: /my_new_project/ros2_ws/install/turtlesim/include/turtlesim/turtlesim/srv/detail/set_pen__struct.h
[91.828s] -- Installing: /my_new_project/ros2_ws/install/turtlesim/include/turtlesim/turtlesim/srv/detail/set_pen__type_support.c
[91.978s] -- Installing: /my_new_project/ros2_ws/install/turtlesim/include/turtlesim/turtlesim/srv/detail/set_pen__type_support.h
[92.100s] -- Installing: /my_new_project/ros2_ws/install/turtlesim/include/turtlesim/turtlesim/srv/detail/spawn__description.c
[92.236s] -- Installing: /my_new_project/ros2_ws/install/turtlesim/include/turtlesim/turtlesim/srv/detail/spawn__functions.c
[92.387s] -- Installing: /my_new_project/ros2_ws/install/turtlesim/include/turtlesim/turtlesim/srv/detail/spawn__functions.h
[92.515s] -- Installing: /my_new_project/ros2_ws/install/turtlesim/include/turtlesim/turtlesim/srv/detail/spawn__struct.h
[92.626s] -- Installing: /my_new_project/ros2_ws/install/turtlesim/include/turtlesim/turtlesim/srv/detail/spawn__type_support.c
[92.768s] -- Installing: /my_new_project/ros2_ws/install/turtlesim/include/turtlesim/turtlesim/srv/detail/spawn__type_support.h
[92.920s] -- Installing: /my_new_project/ros2_ws/install/turtlesim/include/turtlesim/turtlesim/srv/detail/teleport_absolute__description.c
[93.039s] -- Installing: /my_new_project/ros2_ws/install/turtlesim/include/turtlesim/turtlesim/srv/detail/teleport_absolute__functions.c
[93.189s] -- Installing: /my_new_project/ros2_ws/install/turtlesim/include/turtlesim/turtlesim/srv/detail/teleport_absolute__functions.h
[93.323s] -- Installing: /my_new_project/ros2_ws/install/turtlesim/include/turtlesim/turtlesim/srv/detail/teleport_absolute__struct.h
[93.434s] -- Installing: /my_new_project/ros2_ws/install/turtlesim/include/turtlesim/turtlesim/srv/detail/teleport_absolute__type_support.c
[93.580s] -- Installing: /my_new_project/ros2_ws/install/turtlesim/include/turtlesim/turtlesim/srv/detail/teleport_absolute__type_support.h
[93.690s] -- Installing: /my_new_project/ros2_ws/install/turtlesim/include/turtlesim/turtlesim/srv/detail/teleport_relative__description.c
[93.868s] -- Installing: /my_new_project/ros2_ws/install/turtlesim/include/turtlesim/turtlesim/srv/detail/teleport_relative__functions.c
[94.046s] -- Installing: /my_new_project/ros2_ws/install/turtlesim/include/turtlesim/turtlesim/srv/detail/teleport_relative__functions.h
[94.190s] -- Installing: /my_new_project/ros2_ws/install/turtlesim/include/turtlesim/turtlesim/srv/detail/teleport_relative__struct.h
[94.310s] -- Installing: /my_new_project/ros2_ws/install/turtlesim/include/turtlesim/turtlesim/srv/detail/teleport_relative__type_support.c
[94.462s] -- Installing: /my_new_project/ros2_ws/install/turtlesim/include/turtlesim/turtlesim/srv/detail/teleport_relative__type_support.h
[94.584s] -- Installing: /my_new_project/ros2_ws/install/turtlesim/include/turtlesim/turtlesim/srv/kill.h
[94.695s] -- Installing: /my_new_project/ros2_ws/install/turtlesim/include/turtlesim/turtlesim/srv/set_pen.h
[94.797s] -- Installing: /my_new_project/ros2_ws/install/turtlesim/include/turtlesim/turtlesim/srv/spawn.h
[94.904s] -- Installing: /my_new_project/ros2_ws/install/turtlesim/include/turtlesim/turtlesim/srv/teleport_absolute.h
[95.019s] -- Installing: /my_new_project/ros2_ws/install/turtlesim/include/turtlesim/turtlesim/srv/teleport_relative.h
[95.176s] -- Installing: /my_new_project/ros2_ws/install/turtlesim/share/turtlesim/environment/library_path.sh
[95.249s] -- Installing: /my_new_project/ros2_ws/install/turtlesim/share/turtlesim/environment/library_path.dsv
[95.375s] -- Installing: /my_new_project/ros2_ws/install/turtlesim/lib/libturtlesim__rosidl_generator_c.so
[95.519s] -- Set non-toolchain portion of runtime path of "/my_new_project/ros2_ws/install/turtlesim/lib/libturtlesim__rosidl_generator_c.so" to ""
[95.540s] -- Up-to-date: /my_new_project/ros2_ws/install/turtlesim/include/turtlesim/turtlesim
[95.571s] -- Up-to-date: /my_new_project/ros2_ws/install/turtlesim/include/turtlesim/turtlesim/action
[95.607s] -- Up-to-date: /my_new_project/ros2_ws/install/turtlesim/include/turtlesim/turtlesim/action/detail
[95.659s] -- Installing: /my_new_project/ros2_ws/install/turtlesim/include/turtlesim/turtlesim/action/detail/rotate_absolute__rosidl_typesupport_fastrtps_c.h
[95.811s] -- Up-to-date: /my_new_project/ros2_ws/install/turtlesim/include/turtlesim/turtlesim/msg
[95.852s] -- Up-to-date: /my_new_project/ros2_ws/install/turtlesim/include/turtlesim/turtlesim/msg/detail
[95.888s] -- Installing: /my_new_project/ros2_ws/install/turtlesim/include/turtlesim/turtlesim/msg/detail/color__rosidl_typesupport_fastrtps_c.h
[96.058s] -- Installing: /my_new_project/ros2_ws/install/turtlesim/include/turtlesim/turtlesim/msg/detail/pose__rosidl_typesupport_fastrtps_c.h
[96.205s] -- Installing: /my_new_project/ros2_ws/install/turtlesim/include/turtlesim/turtlesim/msg/rosidl_typesupport_fastrtps_c__visibility_control.h
[96.338s] -- Up-to-date: /my_new_project/ros2_ws/install/turtlesim/include/turtlesim/turtlesim/srv
[96.373s] -- Up-to-date: /my_new_project/ros2_ws/install/turtlesim/include/turtlesim/turtlesim/srv/detail
[96.413s] -- Installing: /my_new_project/ros2_ws/install/turtlesim/include/turtlesim/turtlesim/srv/detail/kill__rosidl_typesupport_fastrtps_c.h
[96.566s] -- Installing: /my_new_project/ros2_ws/install/turtlesim/include/turtlesim/turtlesim/srv/detail/set_pen__rosidl_typesupport_fastrtps_c.h
[96.713s] -- Installing: /my_new_project/ros2_ws/install/turtlesim/include/turtlesim/turtlesim/srv/detail/spawn__rosidl_typesupport_fastrtps_c.h
[96.879s] -- Installing: /my_new_project/ros2_ws/install/turtlesim/include/turtlesim/turtlesim/srv/detail/teleport_absolute__rosidl_typesupport_fastrtps_c.h
[97.026s] -- Installing: /my_new_project/ros2_ws/install/turtlesim/include/turtlesim/turtlesim/srv/detail/teleport_relative__rosidl_typesupport_fastrtps_c.h
[97.169s] -- Installing: /my_new_project/ros2_ws/install/turtlesim/lib/libturtlesim__rosidl_typesupport_fastrtps_c.so
[97.302s] -- Set non-toolchain portion of runtime path of "/my_new_project/ros2_ws/install/turtlesim/lib/libturtlesim__rosidl_typesupport_fastrtps_c.so" to ""
[97.320s] -- Up-to-date: /my_new_project/ros2_ws/install/turtlesim/include/turtlesim/turtlesim
[97.349s] -- Up-to-date: /my_new_project/ros2_ws/install/turtlesim/include/turtlesim/turtlesim/action
[97.386s] -- Up-to-date: /my_new_project/ros2_ws/install/turtlesim/include/turtlesim/turtlesim/action/detail
[97.427s] -- Installing: /my_new_project/ros2_ws/install/turtlesim/include/turtlesim/turtlesim/action/detail/rotate_absolute__builder.hpp
[97.592s] -- Installing: /my_new_project/ros2_ws/install/turtlesim/include/turtlesim/turtlesim/action/detail/rotate_absolute__struct.hpp
[97.762s] -- Installing: /my_new_project/ros2_ws/install/turtlesim/include/turtlesim/turtlesim/action/detail/rotate_absolute__traits.hpp
[97.914s] -- Installing: /my_new_project/ros2_ws/install/turtlesim/include/turtlesim/turtlesim/action/detail/rotate_absolute__type_support.hpp
[98.050s] -- Installing: /my_new_project/ros2_ws/install/turtlesim/include/turtlesim/turtlesim/action/rotate_absolute.hpp
[98.180s] -- Up-to-date: /my_new_project/ros2_ws/install/turtlesim/include/turtlesim/turtlesim/msg
[98.218s] -- Installing: /my_new_project/ros2_ws/install/turtlesim/include/turtlesim/turtlesim/msg/color.hpp
[98.334s] -- Up-to-date: /my_new_project/ros2_ws/install/turtlesim/include/turtlesim/turtlesim/msg/detail
[98.386s] -- Installing: /my_new_project/ros2_ws/install/turtlesim/include/turtlesim/turtlesim/msg/detail/color__builder.hpp
[98.530s] -- Installing: /my_new_project/ros2_ws/install/turtlesim/include/turtlesim/turtlesim/msg/detail/color__struct.hpp
[98.670s] -- Installing: /my_new_project/ros2_ws/install/turtlesim/include/turtlesim/turtlesim/msg/detail/color__traits.hpp
[98.815s] -- Installing: /my_new_project/ros2_ws/install/turtlesim/include/turtlesim/turtlesim/msg/detail/color__type_support.hpp
[98.966s] -- Installing: /my_new_project/ros2_ws/install/turtlesim/include/turtlesim/turtlesim/msg/detail/pose__builder.hpp
[99.119s] -- Installing: /my_new_project/ros2_ws/install/turtlesim/include/turtlesim/turtlesim/msg/detail/pose__struct.hpp
[99.267s] -- Installing: /my_new_project/ros2_ws/install/turtlesim/include/turtlesim/turtlesim/msg/detail/pose__traits.hpp
[99.418s] -- Installing: /my_new_project/ros2_ws/install/turtlesim/include/turtlesim/turtlesim/msg/detail/pose__type_support.hpp
[99.553s] -- Installing: /my_new_project/ros2_ws/install/turtlesim/include/turtlesim/turtlesim/msg/pose.hpp
[99.647s] -- Installing: /my_new_project/ros2_ws/install/turtlesim/include/turtlesim/turtlesim/msg/rosidl_generator_cpp__visibility_control.hpp
[99.766s] -- Up-to-date: /my_new_project/ros2_ws/install/turtlesim/include/turtlesim/turtlesim/srv
[99.806s] -- Up-to-date: /my_new_project/ros2_ws/install/turtlesim/include/turtlesim/turtlesim/srv/detail
[99.847s] -- Installing: /my_new_project/ros2_ws/install/turtlesim/include/turtlesim/turtlesim/srv/detail/kill__builder.hpp
[100.012s] -- Installing: /my_new_project/ros2_ws/install/turtlesim/include/turtlesim/turtlesim/srv/detail/kill__struct.hpp
[100.161s] -- Installing: /my_new_project/ros2_ws/install/turtlesim/include/turtlesim/turtlesim/srv/detail/kill__traits.hpp
[100.292s] -- Installing: /my_new_project/ros2_ws/install/turtlesim/include/turtlesim/turtlesim/srv/detail/kill__type_support.hpp
[100.443s] -- Installing: /my_new_project/ros2_ws/install/turtlesim/include/turtlesim/turtlesim/srv/detail/set_pen__builder.hpp
[100.582s] -- Installing: /my_new_project/ros2_ws/install/turtlesim/include/turtlesim/turtlesim/srv/detail/set_pen__struct.hpp
[100.737s] -- Installing: /my_new_project/ros2_ws/install/turtlesim/include/turtlesim/turtlesim/srv/detail/set_pen__traits.hpp
[100.870s] -- Installing: /my_new_project/ros2_ws/install/turtlesim/include/turtlesim/turtlesim/srv/detail/set_pen__type_support.hpp
[101.005s] -- Installing: /my_new_project/ros2_ws/install/turtlesim/include/turtlesim/turtlesim/srv/detail/spawn__builder.hpp
[101.151s] -- Installing: /my_new_project/ros2_ws/install/turtlesim/include/turtlesim/turtlesim/srv/detail/spawn__struct.hpp
[101.303s] -- Installing: /my_new_project/ros2_ws/install/turtlesim/include/turtlesim/turtlesim/srv/detail/spawn__traits.hpp
[101.471s] -- Installing: /my_new_project/ros2_ws/install/turtlesim/include/turtlesim/turtlesim/srv/detail/spawn__type_support.hpp
[101.612s] -- Installing: /my_new_project/ros2_ws/install/turtlesim/include/turtlesim/turtlesim/srv/detail/teleport_absolute__builder.hpp
[101.763s] -- Installing: /my_new_project/ros2_ws/install/turtlesim/include/turtlesim/turtlesim/srv/detail/teleport_absolute__struct.hpp
[101.914s] -- Installing: /my_new_project/ros2_ws/install/turtlesim/include/turtlesim/turtlesim/srv/detail/teleport_absolute__traits.hpp
[102.068s] -- Installing: /my_new_project/ros2_ws/install/turtlesim/include/turtlesim/turtlesim/srv/detail/teleport_absolute__type_support.hpp
[102.212s] -- Installing: /my_new_project/ros2_ws/install/turtlesim/include/turtlesim/turtlesim/srv/detail/teleport_relative__builder.hpp
[102.378s] -- Installing: /my_new_project/ros2_ws/install/turtlesim/include/turtlesim/turtlesim/srv/detail/teleport_relative__struct.hpp
[102.530s] -- Installing: /my_new_project/ros2_ws/install/turtlesim/include/turtlesim/turtlesim/srv/detail/teleport_relative__traits.hpp
[102.641s] -- Installing: /my_new_project/ros2_ws/install/turtlesim/include/turtlesim/turtlesim/srv/detail/teleport_relative__type_support.hpp
[102.793s] -- Installing: /my_new_project/ros2_ws/install/turtlesim/include/turtlesim/turtlesim/srv/kill.hpp
[102.892s] -- Installing: /my_new_project/ros2_ws/install/turtlesim/include/turtlesim/turtlesim/srv/set_pen.hpp
[102.994s] -- Installing: /my_new_project/ros2_ws/install/turtlesim/include/turtlesim/turtlesim/srv/spawn.hpp
[103.106s] -- Installing: /my_new_project/ros2_ws/install/turtlesim/include/turtlesim/turtlesim/srv/teleport_absolute.hpp
[103.237s] -- Installing: /my_new_project/ros2_ws/install/turtlesim/include/turtlesim/turtlesim/srv/teleport_relative.hpp
[103.360s] -- Up-to-date: /my_new_project/ros2_ws/install/turtlesim/include/turtlesim/turtlesim
[103.387s] -- Up-to-date: /my_new_project/ros2_ws/install/turtlesim/include/turtlesim/turtlesim/action
[103.419s] -- Up-to-date: /my_new_project/ros2_ws/install/turtlesim/include/turtlesim/turtlesim/action/detail
[103.451s] -- Installing: /my_new_project/ros2_ws/install/turtlesim/include/turtlesim/turtlesim/action/detail/dds_fastrtps
[103.511s] -- Installing: /my_new_project/ros2_ws/install/turtlesim/include/turtlesim/turtlesim/action/detail/rotate_absolute__rosidl_typesupport_fastrtps_cpp.hpp
[103.653s] -- Up-to-date: /my_new_project/ros2_ws/install/turtlesim/include/turtlesim/turtlesim/msg
[103.693s] -- Up-to-date: /my_new_project/ros2_ws/install/turtlesim/include/turtlesim/turtlesim/msg/detail
[103.746s] -- Installing: /my_new_project/ros2_ws/install/turtlesim/include/turtlesim/turtlesim/msg/detail/color__rosidl_typesupport_fastrtps_cpp.hpp
[103.899s] -- Installing: /my_new_project/ros2_ws/install/turtlesim/include/turtlesim/turtlesim/msg/detail/dds_fastrtps
[103.954s] -- Installing: /my_new_project/ros2_ws/install/turtlesim/include/turtlesim/turtlesim/msg/detail/pose__rosidl_typesupport_fastrtps_cpp.hpp
[104.106s] -- Installing: /my_new_project/ros2_ws/install/turtlesim/include/turtlesim/turtlesim/msg/rosidl_typesupport_fastrtps_cpp__visibility_control.h
[104.229s] -- Up-to-date: /my_new_project/ros2_ws/install/turtlesim/include/turtlesim/turtlesim/srv
[104.266s] -- Up-to-date: /my_new_project/ros2_ws/install/turtlesim/include/turtlesim/turtlesim/srv/detail
[104.305s] -- Installing: /my_new_project/ros2_ws/install/turtlesim/include/turtlesim/turtlesim/srv/detail/dds_fastrtps
[104.363s] -- Installing: /my_new_project/ros2_ws/install/turtlesim/include/turtlesim/turtlesim/srv/detail/kill__rosidl_typesupport_fastrtps_cpp.hpp
[104.534s] -- Installing: /my_new_project/ros2_ws/install/turtlesim/include/turtlesim/turtlesim/srv/detail/set_pen__rosidl_typesupport_fastrtps_cpp.hpp
[104.687s] -- Installing: /my_new_project/ros2_ws/install/turtlesim/include/turtlesim/turtlesim/srv/detail/spawn__rosidl_typesupport_fastrtps_cpp.hpp
[104.869s] -- Installing: /my_new_project/ros2_ws/install/turtlesim/include/turtlesim/turtlesim/srv/detail/teleport_absolute__rosidl_typesupport_fastrtps_cpp.hpp
[105.055s] -- Installing: /my_new_project/ros2_ws/install/turtlesim/include/turtlesim/turtlesim/srv/detail/teleport_relative__rosidl_typesupport_fastrtps_cpp.hpp
[105.195s] -- Installing: /my_new_project/ros2_ws/install/turtlesim/lib/libturtlesim__rosidl_typesupport_fastrtps_cpp.so
[105.395s] -- Set non-toolchain portion of runtime path of "/my_new_project/ros2_ws/install/turtlesim/lib/libturtlesim__rosidl_typesupport_fastrtps_cpp.so" to ""
[105.415s] -- Up-to-date: /my_new_project/ros2_ws/install/turtlesim/include/turtlesim/turtlesim
[105.446s] -- Up-to-date: /my_new_project/ros2_ws/install/turtlesim/include/turtlesim/turtlesim/action
[105.482s] -- Up-to-date: /my_new_project/ros2_ws/install/turtlesim/include/turtlesim/turtlesim/action/detail
[105.528s] -- Installing: /my_new_project/ros2_ws/install/turtlesim/include/turtlesim/turtlesim/action/detail/rotate_absolute__rosidl_typesupport_introspection_c.h
[105.673s] -- Installing: /my_new_project/ros2_ws/install/turtlesim/include/turtlesim/turtlesim/action/detail/rotate_absolute__type_support.c
[105.828s] -- Up-to-date: /my_new_project/ros2_ws/install/turtlesim/include/turtlesim/turtlesim/msg
[105.861s] -- Up-to-date: /my_new_project/ros2_ws/install/turtlesim/include/turtlesim/turtlesim/msg/detail
[105.903s] -- Installing: /my_new_project/ros2_ws/install/turtlesim/include/turtlesim/turtlesim/msg/detail/color__rosidl_typesupport_introspection_c.h
[106.055s] -- Installing: /my_new_project/ros2_ws/install/turtlesim/include/turtlesim/turtlesim/msg/detail/color__type_support.c
[106.205s] -- Installing: /my_new_project/ros2_ws/install/turtlesim/include/turtlesim/turtlesim/msg/detail/pose__rosidl_typesupport_introspection_c.h
[106.363s] -- Installing: /my_new_project/ros2_ws/install/turtlesim/include/turtlesim/turtlesim/msg/detail/pose__type_support.c
[106.511s] -- Installing: /my_new_project/ros2_ws/install/turtlesim/include/turtlesim/turtlesim/msg/rosidl_typesupport_introspection_c__visibility_control.h
[106.638s] -- Up-to-date: /my_new_project/ros2_ws/install/turtlesim/include/turtlesim/turtlesim/srv
[106.679s] -- Up-to-date: /my_new_project/ros2_ws/install/turtlesim/include/turtlesim/turtlesim/srv/detail
[106.723s] -- Installing: /my_new_project/ros2_ws/install/turtlesim/include/turtlesim/turtlesim/srv/detail/kill__rosidl_typesupport_introspection_c.h
[106.877s] -- Installing: /my_new_project/ros2_ws/install/turtlesim/include/turtlesim/turtlesim/srv/detail/kill__type_support.c
[107.046s] -- Installing: /my_new_project/ros2_ws/install/turtlesim/include/turtlesim/turtlesim/srv/detail/set_pen__rosidl_typesupport_introspection_c.h
[107.180s] -- Installing: /my_new_project/ros2_ws/install/turtlesim/include/turtlesim/turtlesim/srv/detail/set_pen__type_support.c
[107.344s] -- Installing: /my_new_project/ros2_ws/install/turtlesim/include/turtlesim/turtlesim/srv/detail/spawn__rosidl_typesupport_introspection_c.h
[107.487s] -- Installing: /my_new_project/ros2_ws/install/turtlesim/include/turtlesim/turtlesim/srv/detail/spawn__type_support.c
[107.666s] -- Installing: /my_new_project/ros2_ws/install/turtlesim/include/turtlesim/turtlesim/srv/detail/teleport_absolute__rosidl_typesupport_introspection_c.h
[107.815s] -- Installing: /my_new_project/ros2_ws/install/turtlesim/include/turtlesim/turtlesim/srv/detail/teleport_absolute__type_support.c
[107.990s] -- Installing: /my_new_project/ros2_ws/install/turtlesim/include/turtlesim/turtlesim/srv/detail/teleport_relative__rosidl_typesupport_introspection_c.h
[108.169s] -- Installing: /my_new_project/ros2_ws/install/turtlesim/include/turtlesim/turtlesim/srv/detail/teleport_relative__type_support.c
[108.355s] -- Installing: /my_new_project/ros2_ws/install/turtlesim/lib/libturtlesim__rosidl_typesupport_introspection_c.so
[108.521s] -- Set non-toolchain portion of runtime path of "/my_new_project/ros2_ws/install/turtlesim/lib/libturtlesim__rosidl_typesupport_introspection_c.so" to ""
[108.543s] -- Installing: /my_new_project/ros2_ws/install/turtlesim/lib/libturtlesim__rosidl_typesupport_c.so
[108.685s] -- Set non-toolchain portion of runtime path of "/my_new_project/ros2_ws/install/turtlesim/lib/libturtlesim__rosidl_typesupport_c.so" to ""
[108.708s] -- Up-to-date: /my_new_project/ros2_ws/install/turtlesim/include/turtlesim/turtlesim
[108.735s] -- Up-to-date: /my_new_project/ros2_ws/install/turtlesim/include/turtlesim/turtlesim/action
[108.776s] -- Up-to-date: /my_new_project/ros2_ws/install/turtlesim/include/turtlesim/turtlesim/action/detail
[108.815s] -- Installing: /my_new_project/ros2_ws/install/turtlesim/include/turtlesim/turtlesim/action/detail/rotate_absolute__rosidl_typesupport_introspection_cpp.hpp
[108.969s] -- Installing: /my_new_project/ros2_ws/install/turtlesim/include/turtlesim/turtlesim/action/detail/rotate_absolute__type_support.cpp
[109.121s] -- Up-to-date: /my_new_project/ros2_ws/install/turtlesim/include/turtlesim/turtlesim/msg
[109.155s] -- Up-to-date: /my_new_project/ros2_ws/install/turtlesim/include/turtlesim/turtlesim/msg/detail
[109.194s] -- Installing: /my_new_project/ros2_ws/install/turtlesim/include/turtlesim/turtlesim/msg/detail/color__rosidl_typesupport_introspection_cpp.hpp
[109.337s] -- Installing: /my_new_project/ros2_ws/install/turtlesim/include/turtlesim/turtlesim/msg/detail/color__type_support.cpp
[109.490s] -- Installing: /my_new_project/ros2_ws/install/turtlesim/include/turtlesim/turtlesim/msg/detail/pose__rosidl_typesupport_introspection_cpp.hpp
[109.640s] -- Installing: /my_new_project/ros2_ws/install/turtlesim/include/turtlesim/turtlesim/msg/detail/pose__type_support.cpp
[109.794s] -- Up-to-date: /my_new_project/ros2_ws/install/turtlesim/include/turtlesim/turtlesim/srv
[109.838s] -- Up-to-date: /my_new_project/ros2_ws/install/turtlesim/include/turtlesim/turtlesim/srv/detail
[109.876s] -- Installing: /my_new_project/ros2_ws/install/turtlesim/include/turtlesim/turtlesim/srv/detail/kill__rosidl_typesupport_introspection_cpp.hpp
[110.017s] -- Installing: /my_new_project/ros2_ws/install/turtlesim/include/turtlesim/turtlesim/srv/detail/kill__type_support.cpp
[110.169s] -- Installing: /my_new_project/ros2_ws/install/turtlesim/include/turtlesim/turtlesim/srv/detail/set_pen__rosidl_typesupport_introspection_cpp.hpp
[110.313s] -- Installing: /my_new_project/ros2_ws/install/turtlesim/include/turtlesim/turtlesim/srv/detail/set_pen__type_support.cpp
[110.457s] -- Installing: /my_new_project/ros2_ws/install/turtlesim/include/turtlesim/turtlesim/srv/detail/spawn__rosidl_typesupport_introspection_cpp.hpp
[110.617s] -- Installing: /my_new_project/ros2_ws/install/turtlesim/include/turtlesim/turtlesim/srv/detail/spawn__type_support.cpp
[110.765s] -- Installing: /my_new_project/ros2_ws/install/turtlesim/include/turtlesim/turtlesim/srv/detail/teleport_absolute__rosidl_typesupport_introspection_cpp.hpp
[110.912s] -- Installing: /my_new_project/ros2_ws/install/turtlesim/include/turtlesim/turtlesim/srv/detail/teleport_absolute__type_support.cpp
[111.064s] -- Installing: /my_new_project/ros2_ws/install/turtlesim/include/turtlesim/turtlesim/srv/detail/teleport_relative__rosidl_typesupport_introspection_cpp.hpp
[111.215s] -- Installing: /my_new_project/ros2_ws/install/turtlesim/include/turtlesim/turtlesim/srv/detail/teleport_relative__type_support.cpp
[111.372s] -- Installing: /my_new_project/ros2_ws/install/turtlesim/lib/libturtlesim__rosidl_typesupport_introspection_cpp.so
[111.549s] -- Set non-toolchain portion of runtime path of "/my_new_project/ros2_ws/install/turtlesim/lib/libturtlesim__rosidl_typesupport_introspection_cpp.so" to ""
[111.569s] -- Installing: /my_new_project/ros2_ws/install/turtlesim/lib/libturtlesim__rosidl_typesupport_cpp.so
[111.732s] -- Set non-toolchain portion of runtime path of "/my_new_project/ros2_ws/install/turtlesim/lib/libturtlesim__rosidl_typesupport_cpp.so" to ""
[111.756s] -- Installing: /my_new_project/ros2_ws/install/turtlesim/share/turtlesim/environment/pythonpath.sh
[111.837s] -- Installing: /my_new_project/ros2_ws/install/turtlesim/share/turtlesim/environment/pythonpath.dsv
[111.945s] -- Installing: /my_new_project/ros2_ws/install/turtlesim/lib/python3.12/site-packages/turtlesim-1.8.3-py3.12.egg-info
[112.001s] -- Installing: /my_new_project/ros2_ws/install/turtlesim/lib/python3.12/site-packages/turtlesim-1.8.3-py3.12.egg-info/dependency_links.txt
[112.106s] -- Installing: /my_new_project/ros2_ws/install/turtlesim/lib/python3.12/site-packages/turtlesim-1.8.3-py3.12.egg-info/PKG-INFO
[112.198s] -- Installing: /my_new_project/ros2_ws/install/turtlesim/lib/python3.12/site-packages/turtlesim-1.8.3-py3.12.egg-info/SOURCES.txt
[112.330s] -- Installing: /my_new_project/ros2_ws/install/turtlesim/lib/python3.12/site-packages/turtlesim-1.8.3-py3.12.egg-info/top_level.txt
[112.418s] -- Installing: /my_new_project/ros2_ws/install/turtlesim/lib/python3.12/site-packages/turtlesim
[112.491s] -- Installing: /my_new_project/ros2_ws/install/turtlesim/lib/python3.12/site-packages/turtlesim/action
[112.549s] -- Installing: /my_new_project/ros2_ws/install/turtlesim/lib/python3.12/site-packages/turtlesim/action/_rotate_absolute.py
[112.716s] -- Installing: /my_new_project/ros2_ws/install/turtlesim/lib/python3.12/site-packages/turtlesim/action/_rotate_absolute_s.c
[112.894s] -- Installing: /my_new_project/ros2_ws/install/turtlesim/lib/python3.12/site-packages/turtlesim/action/__init__.py
[113.026s] -- Installing: /my_new_project/ros2_ws/install/turtlesim/lib/python3.12/site-packages/turtlesim/msg
[113.091s] -- Installing: /my_new_project/ros2_ws/install/turtlesim/lib/python3.12/site-packages/turtlesim/msg/_color.py
[113.258s] -- Installing: /my_new_project/ros2_ws/install/turtlesim/lib/python3.12/site-packages/turtlesim/msg/_color_s.c
[113.425s] -- Installing: /my_new_project/ros2_ws/install/turtlesim/lib/python3.12/site-packages/turtlesim/msg/_pose.py
[113.590s] -- Installing: /my_new_project/ros2_ws/install/turtlesim/lib/python3.12/site-packages/turtlesim/msg/_pose_s.c
[113.745s] -- Installing: /my_new_project/ros2_ws/install/turtlesim/lib/python3.12/site-packages/turtlesim/msg/__init__.py
[113.840s] -- Installing: /my_new_project/ros2_ws/install/turtlesim/lib/python3.12/site-packages/turtlesim/srv
[113.892s] -- Installing: /my_new_project/ros2_ws/install/turtlesim/lib/python3.12/site-packages/turtlesim/srv/_kill.py
[114.044s] -- Installing: /my_new_project/ros2_ws/install/turtlesim/lib/python3.12/site-packages/turtlesim/srv/_kill_s.c
[114.192s] -- Installing: /my_new_project/ros2_ws/install/turtlesim/lib/python3.12/site-packages/turtlesim/srv/_set_pen.py
[114.340s] -- Installing: /my_new_project/ros2_ws/install/turtlesim/lib/python3.12/site-packages/turtlesim/srv/_set_pen_s.c
[114.492s] -- Installing: /my_new_project/ros2_ws/install/turtlesim/lib/python3.12/site-packages/turtlesim/srv/_spawn.py
[114.652s] -- Installing: /my_new_project/ros2_ws/install/turtlesim/lib/python3.12/site-packages/turtlesim/srv/_spawn_s.c
[114.804s] -- Installing: /my_new_project/ros2_ws/install/turtlesim/lib/python3.12/site-packages/turtlesim/srv/_teleport_absolute.py
[114.915s] -- Installing: /my_new_project/ros2_ws/install/turtlesim/lib/python3.12/site-packages/turtlesim/srv/_teleport_absolute_s.c
[115.062s] -- Installing: /my_new_project/ros2_ws/install/turtlesim/lib/python3.12/site-packages/turtlesim/srv/_teleport_relative.py
[115.223s] -- Installing: /my_new_project/ros2_ws/install/turtlesim/lib/python3.12/site-packages/turtlesim/srv/_teleport_relative_s.c
[115.368s] -- Installing: /my_new_project/ros2_ws/install/turtlesim/lib/python3.12/site-packages/turtlesim/srv/__init__.py
[115.501s] -- Installing: /my_new_project/ros2_ws/install/turtlesim/lib/python3.12/site-packages/turtlesim/turtlesim_s__rosidl_typesupport_c.so
[115.630s] -- Installing: /my_new_project/ros2_ws/install/turtlesim/lib/python3.12/site-packages/turtlesim/turtlesim_s__rosidl_typesupport_fastrtps_c.so
[115.724s] -- Installing: /my_new_project/ros2_ws/install/turtlesim/lib/python3.12/site-packages/turtlesim/turtlesim_s__rosidl_typesupport_introspection_c.so
[115.816s] -- Installing: /my_new_project/ros2_ws/install/turtlesim/lib/python3.12/site-packages/turtlesim/_turtlesim_s.ep.rosidl_typesupport_c.c
[115.918s] -- Installing: /my_new_project/ros2_ws/install/turtlesim/lib/python3.12/site-packages/turtlesim/_turtlesim_s.ep.rosidl_typesupport_fastrtps_c.c
[116.030s] -- Installing: /my_new_project/ros2_ws/install/turtlesim/lib/python3.12/site-packages/turtlesim/_turtlesim_s.ep.rosidl_typesupport_introspection_c.c
[116.146s] -- Installing: /my_new_project/ros2_ws/install/turtlesim/lib/python3.12/site-packages/turtlesim/__init__.py
[117.495s] Listing '/my_new_project/ros2_ws/install/turtlesim/lib/python3.12/site-packages/turtlesim'...
[117.496s] Compiling '/my_new_project/ros2_ws/install/turtlesim/lib/python3.12/site-packages/turtlesim/__init__.py'...
[117.497s] Listing '/my_new_project/ros2_ws/install/turtlesim/lib/python3.12/site-packages/turtlesim/action'...
[117.498s] Compiling '/my_new_project/ros2_ws/install/turtlesim/lib/python3.12/site-packages/turtlesim/action/__init__.py'...
[117.499s] Compiling '/my_new_project/ros2_ws/install/turtlesim/lib/python3.12/site-packages/turtlesim/action/_rotate_absolute.py'...
[117.500s] Listing '/my_new_project/ros2_ws/install/turtlesim/lib/python3.12/site-packages/turtlesim/msg'...
[117.501s] Compiling '/my_new_project/ros2_ws/install/turtlesim/lib/python3.12/site-packages/turtlesim/msg/__init__.py'...
[117.502s] Compiling '/my_new_project/ros2_ws/install/turtlesim/lib/python3.12/site-packages/turtlesim/msg/_color.py'...
[117.503s] Compiling '/my_new_project/ros2_ws/install/turtlesim/lib/python3.12/site-packages/turtlesim/msg/_pose.py'...
[117.504s] Listing '/my_new_project/ros2_ws/install/turtlesim/lib/python3.12/site-packages/turtlesim/srv'...
[117.505s] Compiling '/my_new_project/ros2_ws/install/turtlesim/lib/python3.12/site-packages/turtlesim/srv/__init__.py'...
[117.506s] Compiling '/my_new_project/ros2_ws/install/turtlesim/lib/python3.12/site-packages/turtlesim/srv/_kill.py'...
[117.507s] Compiling '/my_new_project/ros2_ws/install/turtlesim/lib/python3.12/site-packages/turtlesim/srv/_set_pen.py'...
[117.509s] Compiling '/my_new_project/ros2_ws/install/turtlesim/lib/python3.12/site-packages/turtlesim/srv/_spawn.py'...
[117.510s] Compiling '/my_new_project/ros2_ws/install/turtlesim/lib/python3.12/site-packages/turtlesim/srv/_teleport_absolute.py'...
[117.511s] Compiling '/my_new_project/ros2_ws/install/turtlesim/lib/python3.12/site-packages/turtlesim/srv/_teleport_relative.py'...
[117.582s] -- Installing: /my_new_project/ros2_ws/install/turtlesim/lib/python3.12/site-packages/turtlesim/turtlesim_s__rosidl_typesupport_fastrtps_c.so
[117.736s] -- Set non-toolchain portion of runtime path of "/my_new_project/ros2_ws/install/turtlesim/lib/python3.12/site-packages/turtlesim/turtlesim_s__rosidl_typesupport_fastrtps_c.so" to ""
[117.819s] -- Installing: /my_new_project/ros2_ws/install/turtlesim/lib/python3.12/site-packages/turtlesim/turtlesim_s__rosidl_typesupport_introspection_c.so
[117.955s] -- Set non-toolchain portion of runtime path of "/my_new_project/ros2_ws/install/turtlesim/lib/python3.12/site-packages/turtlesim/turtlesim_s__rosidl_typesupport_introspection_c.so" to ""
[118.026s] -- Installing: /my_new_project/ros2_ws/install/turtlesim/lib/python3.12/site-packages/turtlesim/turtlesim_s__rosidl_typesupport_c.so
[118.162s] -- Set non-toolchain portion of runtime path of "/my_new_project/ros2_ws/install/turtlesim/lib/python3.12/site-packages/turtlesim/turtlesim_s__rosidl_typesupport_c.so" to ""
[118.186s] -- Installing: /my_new_project/ros2_ws/install/turtlesim/lib/libturtlesim__rosidl_generator_py.so
[118.345s] -- Set non-toolchain portion of runtime path of "/my_new_project/ros2_ws/install/turtlesim/lib/libturtlesim__rosidl_generator_py.so" to ""
[118.371s] -- Installing: /my_new_project/ros2_ws/install/turtlesim/share/turtlesim/action/RotateAbsolute.idl
[118.494s] -- Installing: /my_new_project/ros2_ws/install/turtlesim/share/turtlesim/msg/Color.idl
[118.587s] -- Installing: /my_new_project/ros2_ws/install/turtlesim/share/turtlesim/msg/Pose.idl
[118.709s] -- Installing: /my_new_project/ros2_ws/install/turtlesim/share/turtlesim/srv/Kill.idl
[118.807s] -- Installing: /my_new_project/ros2_ws/install/turtlesim/share/turtlesim/srv/SetPen.idl
[118.899s] -- Installing: /my_new_project/ros2_ws/install/turtlesim/share/turtlesim/srv/Spawn.idl
[118.995s] -- Installing: /my_new_project/ros2_ws/install/turtlesim/share/turtlesim/srv/TeleportAbsolute.idl
[119.109s] -- Installing: /my_new_project/ros2_ws/install/turtlesim/share/turtlesim/srv/TeleportRelative.idl
[119.220s] -- Installing: /my_new_project/ros2_ws/install/turtlesim/share/turtlesim/action/RotateAbsolute.action
[119.351s] -- Installing: /my_new_project/ros2_ws/install/turtlesim/share/turtlesim/msg/Color.msg
[119.455s] -- Installing: /my_new_project/ros2_ws/install/turtlesim/share/turtlesim/msg/Pose.msg
[119.553s] -- Installing: /my_new_project/ros2_ws/install/turtlesim/share/turtlesim/srv/Kill.srv
[119.648s] -- Installing: /my_new_project/ros2_ws/install/turtlesim/share/turtlesim/srv/SetPen.srv
[119.746s] -- Installing: /my_new_project/ros2_ws/install/turtlesim/share/turtlesim/srv/Spawn.srv
[119.865s] -- Installing: /my_new_project/ros2_ws/install/turtlesim/share/turtlesim/srv/TeleportAbsolute.srv
[119.988s] -- Installing: /my_new_project/ros2_ws/install/turtlesim/share/turtlesim/srv/TeleportRelative.srv
[120.091s] -- Installing: /my_new_project/ros2_ws/install/turtlesim/lib/turtlesim/turtlesim_node
[120.713s] -- Set non-toolchain portion of runtime path of "/my_new_project/ros2_ws/install/turtlesim/lib/turtlesim/turtlesim_node" to ""
[120.756s] -- Installing: /my_new_project/ros2_ws/install/turtlesim/lib/turtlesim/turtle_teleop_key
[120.952s] -- Set non-toolchain portion of runtime path of "/my_new_project/ros2_ws/install/turtlesim/lib/turtlesim/turtle_teleop_key" to ""
[120.984s] -- Installing: /my_new_project/ros2_ws/install/turtlesim/lib/turtlesim/draw_square
[121.356s] -- Set non-toolchain portion of runtime path of "/my_new_project/ros2_ws/install/turtlesim/lib/turtlesim/draw_square" to ""
[121.386s] -- Installing: /my_new_project/ros2_ws/install/turtlesim/lib/turtlesim/mimic
[121.702s] -- Set non-toolchain portion of runtime path of "/my_new_project/ros2_ws/install/turtlesim/lib/turtlesim/mimic" to ""
[121.725s] -- Installing: /my_new_project/ros2_ws/install/turtlesim/share/turtlesim/images
[121.795s] -- Installing: /my_new_project/ros2_ws/install/turtlesim/share/turtlesim/images/ardent.png
[121.904s] -- Installing: /my_new_project/ros2_ws/install/turtlesim/share/turtlesim/images/bouncy.png
[122.024s] -- Installing: /my_new_project/ros2_ws/install/turtlesim/share/turtlesim/images/crystal.png
[122.154s] -- Installing: /my_new_project/ros2_ws/install/turtlesim/share/turtlesim/images/dashing.png
[122.289s] -- Installing: /my_new_project/ros2_ws/install/turtlesim/share/turtlesim/images/eloquent.png
[122.407s] -- Installing: /my_new_project/ros2_ws/install/turtlesim/share/turtlesim/images/foxy.png
[122.530s] -- Installing: /my_new_project/ros2_ws/install/turtlesim/share/turtlesim/images/galactic.png
[122.657s] -- Installing: /my_new_project/ros2_ws/install/turtlesim/share/turtlesim/images/humble.png
[122.793s] -- Installing: /my_new_project/ros2_ws/install/turtlesim/share/turtlesim/images/iron.png
[122.924s] -- Installing: /my_new_project/ros2_ws/install/turtlesim/share/turtlesim/images/jazzy.png
[123.049s] -- Installing: /my_new_project/ros2_ws/install/turtlesim/share/turtlesim/images/rolling.png
[123.177s] -- Installing: /my_new_project/ros2_ws/install/turtlesim/share/turtlesim/launch
[123.228s] -- Installing: /my_new_project/ros2_ws/install/turtlesim/share/turtlesim/launch/multisim.launch.py
[123.380s] -- Installing: /my_new_project/ros2_ws/install/turtlesim/share/ament_index/resource_index/package_run_dependencies/turtlesim
[123.497s] -- Installing: /my_new_project/ros2_ws/install/turtlesim/share/ament_index/resource_index/parent_prefix_path/turtlesim
[123.596s] -- Installing: /my_new_project/ros2_ws/install/turtlesim/share/turtlesim/environment/ament_prefix_path.sh
[123.668s] -- Installing: /my_new_project/ros2_ws/install/turtlesim/share/turtlesim/environment/ament_prefix_path.dsv
[123.772s] -- Installing: /my_new_project/ros2_ws/install/turtlesim/share/turtlesim/environment/path.sh
[123.862s] -- Installing: /my_new_project/ros2_ws/install/turtlesim/share/turtlesim/environment/path.dsv
[123.963s] -- Installing: /my_new_project/ros2_ws/install/turtlesim/share/turtlesim/local_setup.bash
[124.077s] -- Installing: /my_new_project/ros2_ws/install/turtlesim/share/turtlesim/local_setup.sh
[124.175s] -- Installing: /my_new_project/ros2_ws/install/turtlesim/share/turtlesim/local_setup.zsh
[124.259s] -- Installing: /my_new_project/ros2_ws/install/turtlesim/share/turtlesim/local_setup.dsv
[124.326s] -- Installing: /my_new_project/ros2_ws/install/turtlesim/share/turtlesim/package.dsv
[124.424s] -- Installing: /my_new_project/ros2_ws/install/turtlesim/share/ament_index/resource_index/packages/turtlesim
[124.544s] -- Installing: /my_new_project/ros2_ws/install/turtlesim/share/turtlesim/cmake/export_turtlesim__rosidl_generator_cExport.cmake
[124.689s] -- Installing: /my_new_project/ros2_ws/install/turtlesim/share/turtlesim/cmake/export_turtlesim__rosidl_generator_cExport-noconfig.cmake
[124.811s] -- Installing: /my_new_project/ros2_ws/install/turtlesim/share/turtlesim/cmake/export_turtlesim__rosidl_typesupport_fastrtps_cExport.cmake
[124.938s] -- Installing: /my_new_project/ros2_ws/install/turtlesim/share/turtlesim/cmake/export_turtlesim__rosidl_typesupport_fastrtps_cExport-noconfig.cmake
[125.073s] -- Installing: /my_new_project/ros2_ws/install/turtlesim/share/turtlesim/cmake/export_turtlesim__rosidl_generator_cppExport.cmake
[125.199s] -- Installing: /my_new_project/ros2_ws/install/turtlesim/share/turtlesim/cmake/export_turtlesim__rosidl_typesupport_fastrtps_cppExport.cmake
[125.320s] -- Installing: /my_new_project/ros2_ws/install/turtlesim/share/turtlesim/cmake/export_turtlesim__rosidl_typesupport_fastrtps_cppExport-noconfig.cmake
[125.462s] -- Installing: /my_new_project/ros2_ws/install/turtlesim/share/turtlesim/cmake/turtlesim__rosidl_typesupport_introspection_cExport.cmake
[125.589s] -- Installing: /my_new_project/ros2_ws/install/turtlesim/share/turtlesim/cmake/turtlesim__rosidl_typesupport_introspection_cExport-noconfig.cmake
[125.716s] -- Installing: /my_new_project/ros2_ws/install/turtlesim/share/turtlesim/cmake/turtlesim__rosidl_typesupport_cExport.cmake
[125.847s] -- Installing: /my_new_project/ros2_ws/install/turtlesim/share/turtlesim/cmake/turtlesim__rosidl_typesupport_cExport-noconfig.cmake
[125.958s] -- Installing: /my_new_project/ros2_ws/install/turtlesim/share/turtlesim/cmake/turtlesim__rosidl_typesupport_introspection_cppExport.cmake
[126.088s] -- Installing: /my_new_project/ros2_ws/install/turtlesim/share/turtlesim/cmake/turtlesim__rosidl_typesupport_introspection_cppExport-noconfig.cmake
[126.219s] -- Installing: /my_new_project/ros2_ws/install/turtlesim/share/turtlesim/cmake/turtlesim__rosidl_typesupport_cppExport.cmake
[126.307s] -- Installing: /my_new_project/ros2_ws/install/turtlesim/share/turtlesim/cmake/turtlesim__rosidl_typesupport_cppExport-noconfig.cmake
[126.449s] -- Installing: /my_new_project/ros2_ws/install/turtlesim/share/turtlesim/cmake/export_turtlesim__rosidl_generator_pyExport.cmake
[126.584s] -- Installing: /my_new_project/ros2_ws/install/turtlesim/share/turtlesim/cmake/export_turtlesim__rosidl_generator_pyExport-noconfig.cmake
[126.715s] -- Installing: /my_new_project/ros2_ws/install/turtlesim/share/turtlesim/cmake/rosidl_cmake-extras.cmake
[126.797s] -- Installing: /my_new_project/ros2_ws/install/turtlesim/share/turtlesim/cmake/ament_cmake_export_dependencies-extras.cmake
[126.908s] -- Installing: /my_new_project/ros2_ws/install/turtlesim/share/turtlesim/cmake/ament_cmake_export_include_directories-extras.cmake
[127.018s] -- Installing: /my_new_project/ros2_ws/install/turtlesim/share/turtlesim/cmake/ament_cmake_export_libraries-extras.cmake
[127.107s] -- Installing: /my_new_project/ros2_ws/install/turtlesim/share/turtlesim/cmake/ament_cmake_export_targets-extras.cmake
[127.234s] -- Installing: /my_new_project/ros2_ws/install/turtlesim/share/turtlesim/cmake/rosidl_cmake_export_typesupport_targets-extras.cmake
[127.353s] -- Installing: /my_new_project/ros2_ws/install/turtlesim/share/turtlesim/cmake/rosidl_cmake_export_typesupport_libraries-extras.cmake
[127.462s] -- Installing: /my_new_project/ros2_ws/install/turtlesim/share/turtlesim/cmake/turtlesimConfig.cmake
[127.578s] -- Installing: /my_new_project/ros2_ws/install/turtlesim/share/turtlesim/cmake/turtlesimConfig-version.cmake
[127.670s] -- Installing: /my_new_project/ros2_ws/install/turtlesim/share/turtlesim/package.xml
[127.813s] Invoked command in '/my_new_project/ros2_ws/build/turtlesim' returned '0': CMAKE_PREFIX_PATH=${CMAKE_PREFIX_PATH}:/opt/ros/jazzy /usr/bin/cmake --install /my_new_project/ros2_ws/build/turtlesim
