[0.890s] Invoking command in '/my_new_project/ros2_ws/build/turtlesim': CMAKE_PREFIX_PATH=${CMAKE_PREFIX_PATH}:/opt/ros/jazzy /usr/bin/cmake --build /my_new_project/ros2_ws/build/turtlesim -- -j16 -l16
[1.401s] [  0%] Built target turtlesim__rosidl_generator_type_description
[1.976s] [  1%] Built target turtlesim__cpp
[2.976s] [ 24%] Built target turtlesim__rosidl_generator_c
[3.087s] [ 24%] Built target ament_cmake_python_copy_turtlesim
[3.662s] running egg_info
[3.699s] [ 39%] Built target turtlesim__rosidl_typesupport_c
[3.704s] writing turtlesim.egg-info/PKG-INFO
[3.713s] writing dependency_links to turtlesim.egg-info/dependency_links.txt
[3.719s] [ 42%] Built target turtlesim__rosidl_typesupport_cpp
[3.727s] writing top-level names to turtlesim.egg-info/top_level.txt
[3.912s] [ 56%] Built target turtlesim__rosidl_typesupport_introspection_cpp
[3.939s] [ 63%] Built target turtlesim__rosidl_typesupport_introspection_c
[3.969s] [ 67%] Built target turtlesim__rosidl_typesupport_fastrtps_c
[3.992s] [ 69%] Built target draw_square
[3.999s] [ 70%] Built target mimic
[4.004s] reading manifest file 'turtlesim.egg-info/SOURCES.txt'
[4.020s] [ 72%] Built target turtle_teleop_key
[4.101s] [ 81%] Built target turtlesim__rosidl_typesupport_fastrtps_cpp
[4.120s] writing manifest file 'turtlesim.egg-info/SOURCES.txt'
[4.202s] [ 81%] Built target ament_cmake_python_build_turtlesim_egg
[4.233s] [ 81%] Built target turtlesim
[4.319s] [ 86%] Built target turtlesim_node
[4.549s] [ 86%] Built target turtlesim__py
[4.957s] [ 94%] Built target turtlesim__rosidl_generator_py
[5.151s] [100%] Built target turtlesim_s__rosidl_typesupport_c
[5.153s] [100%] Built target turtlesim_s__rosidl_typesupport_introspection_c
[5.154s] [100%] Built target turtlesim_s__rosidl_typesupport_fastrtps_c
[5.745s] Invoked command in '/my_new_project/ros2_ws/build/turtlesim' returned '0': CMAKE_PREFIX_PATH=${CMAKE_PREFIX_PATH}:/opt/ros/jazzy /usr/bin/cmake --build /my_new_project/ros2_ws/build/turtlesim -- -j16 -l16
[5.776s] Invoking command in '/my_new_project/ros2_ws/build/turtlesim': CMAKE_PREFIX_PATH=${CMAKE_PREFIX_PATH}:/opt/ros/jazzy /usr/bin/cmake --install /my_new_project/ros2_ws/build/turtlesim
[5.796s] -- Install configuration: ""
[5.838s] -- Up-to-date: /my_new_project/ros2_ws/install/turtlesim/share/ament_index/resource_index/rosidl_interfaces/turtlesim
[5.877s] -- Up-to-date: /my_new_project/ros2_ws/install/turtlesim/share/turtlesim/action/RotateAbsolute.json
[5.915s] -- Up-to-date: /my_new_project/ros2_ws/install/turtlesim/share/turtlesim/msg/Color.json
[5.955s] -- Up-to-date: /my_new_project/ros2_ws/install/turtlesim/share/turtlesim/msg/Pose.json
[5.992s] -- Up-to-date: /my_new_project/ros2_ws/install/turtlesim/share/turtlesim/srv/Kill.json
[6.030s] -- Up-to-date: /my_new_project/ros2_ws/install/turtlesim/share/turtlesim/srv/SetPen.json
[6.078s] -- Up-to-date: /my_new_project/ros2_ws/install/turtlesim/share/turtlesim/srv/Spawn.json
[6.120s] -- Up-to-date: /my_new_project/ros2_ws/install/turtlesim/share/turtlesim/srv/TeleportAbsolute.json
[6.161s] -- Up-to-date: /my_new_project/ros2_ws/install/turtlesim/share/turtlesim/srv/TeleportRelative.json
[6.185s] -- Up-to-date: /my_new_project/ros2_ws/install/turtlesim/include/turtlesim/turtlesim
[6.222s] -- Up-to-date: /my_new_project/ros2_ws/install/turtlesim/include/turtlesim/turtlesim/action
[6.266s] -- Up-to-date: /my_new_project/ros2_ws/install/turtlesim/include/turtlesim/turtlesim/action/detail
[6.323s] -- Up-to-date: /my_new_project/ros2_ws/install/turtlesim/include/turtlesim/turtlesim/action/detail/rotate_absolute__description.c
[6.366s] -- Up-to-date: /my_new_project/ros2_ws/install/turtlesim/include/turtlesim/turtlesim/action/detail/rotate_absolute__functions.c
[6.404s] -- Up-to-date: /my_new_project/ros2_ws/install/turtlesim/include/turtlesim/turtlesim/action/detail/rotate_absolute__functions.h
[6.442s] -- Up-to-date: /my_new_project/ros2_ws/install/turtlesim/include/turtlesim/turtlesim/action/detail/rotate_absolute__struct.h
[6.482s] -- Installing: /my_new_project/ros2_ws/install/turtlesim/include/turtlesim/turtlesim/action/detail/rotate_absolute__type_support.c
[6.622s] -- Up-to-date: /my_new_project/ros2_ws/install/turtlesim/include/turtlesim/turtlesim/action/detail/rotate_absolute__type_support.h
[6.658s] -- Up-to-date: /my_new_project/ros2_ws/install/turtlesim/include/turtlesim/turtlesim/action/rotate_absolute.h
[6.687s] -- Up-to-date: /my_new_project/ros2_ws/install/turtlesim/include/turtlesim/turtlesim/msg
[6.733s] -- Up-to-date: /my_new_project/ros2_ws/install/turtlesim/include/turtlesim/turtlesim/msg/color.h
[6.767s] -- Up-to-date: /my_new_project/ros2_ws/install/turtlesim/include/turtlesim/turtlesim/msg/detail
[6.820s] -- Up-to-date: /my_new_project/ros2_ws/install/turtlesim/include/turtlesim/turtlesim/msg/detail/color__description.c
[6.860s] -- Up-to-date: /my_new_project/ros2_ws/install/turtlesim/include/turtlesim/turtlesim/msg/detail/color__functions.c
[6.901s] -- Up-to-date: /my_new_project/ros2_ws/install/turtlesim/include/turtlesim/turtlesim/msg/detail/color__functions.h
[6.940s] -- Up-to-date: /my_new_project/ros2_ws/install/turtlesim/include/turtlesim/turtlesim/msg/detail/color__struct.h
[6.981s] -- Installing: /my_new_project/ros2_ws/install/turtlesim/include/turtlesim/turtlesim/msg/detail/color__type_support.c
[7.123s] -- Up-to-date: /my_new_project/ros2_ws/install/turtlesim/include/turtlesim/turtlesim/msg/detail/color__type_support.h
[7.169s] -- Up-to-date: /my_new_project/ros2_ws/install/turtlesim/include/turtlesim/turtlesim/msg/detail/pose__description.c
[7.210s] -- Up-to-date: /my_new_project/ros2_ws/install/turtlesim/include/turtlesim/turtlesim/msg/detail/pose__functions.c
[7.249s] -- Up-to-date: /my_new_project/ros2_ws/install/turtlesim/include/turtlesim/turtlesim/msg/detail/pose__functions.h
[7.288s] -- Up-to-date: /my_new_project/ros2_ws/install/turtlesim/include/turtlesim/turtlesim/msg/detail/pose__struct.h
[7.326s] -- Installing: /my_new_project/ros2_ws/install/turtlesim/include/turtlesim/turtlesim/msg/detail/pose__type_support.c
[7.456s] -- Up-to-date: /my_new_project/ros2_ws/install/turtlesim/include/turtlesim/turtlesim/msg/detail/pose__type_support.h
[7.491s] -- Up-to-date: /my_new_project/ros2_ws/install/turtlesim/include/turtlesim/turtlesim/msg/pose.h
[7.521s] -- Up-to-date: /my_new_project/ros2_ws/install/turtlesim/include/turtlesim/turtlesim/msg/rosidl_generator_c__visibility_control.h
[7.547s] -- Up-to-date: /my_new_project/ros2_ws/install/turtlesim/include/turtlesim/turtlesim/srv
[7.586s] -- Up-to-date: /my_new_project/ros2_ws/install/turtlesim/include/turtlesim/turtlesim/srv/detail
[7.637s] -- Up-to-date: /my_new_project/ros2_ws/install/turtlesim/include/turtlesim/turtlesim/srv/detail/kill__description.c
[7.675s] -- Up-to-date: /my_new_project/ros2_ws/install/turtlesim/include/turtlesim/turtlesim/srv/detail/kill__functions.c
[7.716s] -- Up-to-date: /my_new_project/ros2_ws/install/turtlesim/include/turtlesim/turtlesim/srv/detail/kill__functions.h
[7.752s] -- Up-to-date: /my_new_project/ros2_ws/install/turtlesim/include/turtlesim/turtlesim/srv/detail/kill__struct.h
[7.794s] -- Installing: /my_new_project/ros2_ws/install/turtlesim/include/turtlesim/turtlesim/srv/detail/kill__type_support.c
[7.935s] -- Up-to-date: /my_new_project/ros2_ws/install/turtlesim/include/turtlesim/turtlesim/srv/detail/kill__type_support.h
[7.976s] -- Up-to-date: /my_new_project/ros2_ws/install/turtlesim/include/turtlesim/turtlesim/srv/detail/set_pen__description.c
[8.017s] -- Up-to-date: /my_new_project/ros2_ws/install/turtlesim/include/turtlesim/turtlesim/srv/detail/set_pen__functions.c
[8.055s] -- Up-to-date: /my_new_project/ros2_ws/install/turtlesim/include/turtlesim/turtlesim/srv/detail/set_pen__functions.h
[8.095s] -- Up-to-date: /my_new_project/ros2_ws/install/turtlesim/include/turtlesim/turtlesim/srv/detail/set_pen__struct.h
[8.137s] -- Installing: /my_new_project/ros2_ws/install/turtlesim/include/turtlesim/turtlesim/srv/detail/set_pen__type_support.c
[8.278s] -- Up-to-date: /my_new_project/ros2_ws/install/turtlesim/include/turtlesim/turtlesim/srv/detail/set_pen__type_support.h
[8.318s] -- Up-to-date: /my_new_project/ros2_ws/install/turtlesim/include/turtlesim/turtlesim/srv/detail/spawn__description.c
[8.358s] -- Up-to-date: /my_new_project/ros2_ws/install/turtlesim/include/turtlesim/turtlesim/srv/detail/spawn__functions.c
[8.396s] -- Up-to-date: /my_new_project/ros2_ws/install/turtlesim/include/turtlesim/turtlesim/srv/detail/spawn__functions.h
[8.433s] -- Up-to-date: /my_new_project/ros2_ws/install/turtlesim/include/turtlesim/turtlesim/srv/detail/spawn__struct.h
[8.472s] -- Installing: /my_new_project/ros2_ws/install/turtlesim/include/turtlesim/turtlesim/srv/detail/spawn__type_support.c
[8.603s] -- Up-to-date: /my_new_project/ros2_ws/install/turtlesim/include/turtlesim/turtlesim/srv/detail/spawn__type_support.h
[8.639s] -- Up-to-date: /my_new_project/ros2_ws/install/turtlesim/include/turtlesim/turtlesim/srv/detail/teleport_absolute__description.c
[8.704s] -- Up-to-date: /my_new_project/ros2_ws/install/turtlesim/include/turtlesim/turtlesim/srv/detail/teleport_absolute__functions.c
[8.738s] -- Up-to-date: /my_new_project/ros2_ws/install/turtlesim/include/turtlesim/turtlesim/srv/detail/teleport_absolute__functions.h
[8.775s] -- Up-to-date: /my_new_project/ros2_ws/install/turtlesim/include/turtlesim/turtlesim/srv/detail/teleport_absolute__struct.h
[8.814s] -- Installing: /my_new_project/ros2_ws/install/turtlesim/include/turtlesim/turtlesim/srv/detail/teleport_absolute__type_support.c
[8.945s] -- Up-to-date: /my_new_project/ros2_ws/install/turtlesim/include/turtlesim/turtlesim/srv/detail/teleport_absolute__type_support.h
[8.985s] -- Up-to-date: /my_new_project/ros2_ws/install/turtlesim/include/turtlesim/turtlesim/srv/detail/teleport_relative__description.c
[9.026s] -- Up-to-date: /my_new_project/ros2_ws/install/turtlesim/include/turtlesim/turtlesim/srv/detail/teleport_relative__functions.c
[9.066s] -- Up-to-date: /my_new_project/ros2_ws/install/turtlesim/include/turtlesim/turtlesim/srv/detail/teleport_relative__functions.h
[9.108s] -- Up-to-date: /my_new_project/ros2_ws/install/turtlesim/include/turtlesim/turtlesim/srv/detail/teleport_relative__struct.h
[9.149s] -- Installing: /my_new_project/ros2_ws/install/turtlesim/include/turtlesim/turtlesim/srv/detail/teleport_relative__type_support.c
[9.293s] -- Up-to-date: /my_new_project/ros2_ws/install/turtlesim/include/turtlesim/turtlesim/srv/detail/teleport_relative__type_support.h
[9.328s] -- Up-to-date: /my_new_project/ros2_ws/install/turtlesim/include/turtlesim/turtlesim/srv/kill.h
[9.365s] -- Up-to-date: /my_new_project/ros2_ws/install/turtlesim/include/turtlesim/turtlesim/srv/set_pen.h
[9.395s] -- Up-to-date: /my_new_project/ros2_ws/install/turtlesim/include/turtlesim/turtlesim/srv/spawn.h
[9.429s] -- Up-to-date: /my_new_project/ros2_ws/install/turtlesim/include/turtlesim/turtlesim/srv/teleport_absolute.h
[9.460s] -- Up-to-date: /my_new_project/ros2_ws/install/turtlesim/include/turtlesim/turtlesim/srv/teleport_relative.h
[9.482s] -- Up-to-date: /my_new_project/ros2_ws/install/turtlesim/share/turtlesim/environment/library_path.sh
[9.511s] -- Up-to-date: /my_new_project/ros2_ws/install/turtlesim/share/turtlesim/environment/library_path.dsv
[9.563s] -- Up-to-date: /my_new_project/ros2_ws/install/turtlesim/lib/libturtlesim__rosidl_generator_c.so
[9.627s] -- Up-to-date: /my_new_project/ros2_ws/install/turtlesim/include/turtlesim/turtlesim
[9.660s] -- Up-to-date: /my_new_project/ros2_ws/install/turtlesim/include/turtlesim/turtlesim/action
[9.698s] -- Up-to-date: /my_new_project/ros2_ws/install/turtlesim/include/turtlesim/turtlesim/action/detail
[9.743s] -- Up-to-date: /my_new_project/ros2_ws/install/turtlesim/include/turtlesim/turtlesim/action/detail/rotate_absolute__rosidl_typesupport_fastrtps_c.h
[9.771s] -- Up-to-date: /my_new_project/ros2_ws/install/turtlesim/include/turtlesim/turtlesim/msg
[9.808s] -- Up-to-date: /my_new_project/ros2_ws/install/turtlesim/include/turtlesim/turtlesim/msg/detail
[9.857s] -- Up-to-date: /my_new_project/ros2_ws/install/turtlesim/include/turtlesim/turtlesim/msg/detail/color__rosidl_typesupport_fastrtps_c.h
[9.898s] -- Up-to-date: /my_new_project/ros2_ws/install/turtlesim/include/turtlesim/turtlesim/msg/detail/pose__rosidl_typesupport_fastrtps_c.h
[9.941s] -- Up-to-date: /my_new_project/ros2_ws/install/turtlesim/include/turtlesim/turtlesim/msg/rosidl_typesupport_fastrtps_c__visibility_control.h
[9.969s] -- Up-to-date: /my_new_project/ros2_ws/install/turtlesim/include/turtlesim/turtlesim/srv
[10.013s] -- Up-to-date: /my_new_project/ros2_ws/install/turtlesim/include/turtlesim/turtlesim/srv/detail
[10.066s] -- Up-to-date: /my_new_project/ros2_ws/install/turtlesim/include/turtlesim/turtlesim/srv/detail/kill__rosidl_typesupport_fastrtps_c.h
[10.108s] -- Up-to-date: /my_new_project/ros2_ws/install/turtlesim/include/turtlesim/turtlesim/srv/detail/set_pen__rosidl_typesupport_fastrtps_c.h
[10.176s] -- Up-to-date: /my_new_project/ros2_ws/install/turtlesim/include/turtlesim/turtlesim/srv/detail/spawn__rosidl_typesupport_fastrtps_c.h
[10.217s] -- Up-to-date: /my_new_project/ros2_ws/install/turtlesim/include/turtlesim/turtlesim/srv/detail/teleport_absolute__rosidl_typesupport_fastrtps_c.h
[10.254s] -- Up-to-date: /my_new_project/ros2_ws/install/turtlesim/include/turtlesim/turtlesim/srv/detail/teleport_relative__rosidl_typesupport_fastrtps_c.h
[10.314s] -- Up-to-date: /my_new_project/ros2_ws/install/turtlesim/lib/libturtlesim__rosidl_typesupport_fastrtps_c.so
[10.376s] -- Up-to-date: /my_new_project/ros2_ws/install/turtlesim/include/turtlesim/turtlesim
[10.411s] -- Up-to-date: /my_new_project/ros2_ws/install/turtlesim/include/turtlesim/turtlesim/action
[10.456s] -- Up-to-date: /my_new_project/ros2_ws/install/turtlesim/include/turtlesim/turtlesim/action/detail
[10.510s] -- Up-to-date: /my_new_project/ros2_ws/install/turtlesim/include/turtlesim/turtlesim/action/detail/rotate_absolute__builder.hpp
[10.551s] -- Up-to-date: /my_new_project/ros2_ws/install/turtlesim/include/turtlesim/turtlesim/action/detail/rotate_absolute__struct.hpp
[10.591s] -- Up-to-date: /my_new_project/ros2_ws/install/turtlesim/include/turtlesim/turtlesim/action/detail/rotate_absolute__traits.hpp
[10.635s] -- Up-to-date: /my_new_project/ros2_ws/install/turtlesim/include/turtlesim/turtlesim/action/detail/rotate_absolute__type_support.hpp
[10.665s] -- Up-to-date: /my_new_project/ros2_ws/install/turtlesim/include/turtlesim/turtlesim/action/rotate_absolute.hpp
[10.691s] -- Up-to-date: /my_new_project/ros2_ws/install/turtlesim/include/turtlesim/turtlesim/msg
[10.733s] -- Up-to-date: /my_new_project/ros2_ws/install/turtlesim/include/turtlesim/turtlesim/msg/color.hpp
[10.759s] -- Up-to-date: /my_new_project/ros2_ws/install/turtlesim/include/turtlesim/turtlesim/msg/detail
[10.805s] -- Up-to-date: /my_new_project/ros2_ws/install/turtlesim/include/turtlesim/turtlesim/msg/detail/color__builder.hpp
[10.843s] -- Up-to-date: /my_new_project/ros2_ws/install/turtlesim/include/turtlesim/turtlesim/msg/detail/color__struct.hpp
[10.887s] -- Up-to-date: /my_new_project/ros2_ws/install/turtlesim/include/turtlesim/turtlesim/msg/detail/color__traits.hpp
[10.922s] -- Up-to-date: /my_new_project/ros2_ws/install/turtlesim/include/turtlesim/turtlesim/msg/detail/color__type_support.hpp
[10.962s] -- Up-to-date: /my_new_project/ros2_ws/install/turtlesim/include/turtlesim/turtlesim/msg/detail/pose__builder.hpp
[10.997s] -- Up-to-date: /my_new_project/ros2_ws/install/turtlesim/include/turtlesim/turtlesim/msg/detail/pose__struct.hpp
[11.034s] -- Up-to-date: /my_new_project/ros2_ws/install/turtlesim/include/turtlesim/turtlesim/msg/detail/pose__traits.hpp
[11.070s] -- Up-to-date: /my_new_project/ros2_ws/install/turtlesim/include/turtlesim/turtlesim/msg/detail/pose__type_support.hpp
[11.104s] -- Up-to-date: /my_new_project/ros2_ws/install/turtlesim/include/turtlesim/turtlesim/msg/pose.hpp
[11.137s] -- Up-to-date: /my_new_project/ros2_ws/install/turtlesim/include/turtlesim/turtlesim/msg/rosidl_generator_cpp__visibility_control.hpp
[11.165s] -- Up-to-date: /my_new_project/ros2_ws/install/turtlesim/include/turtlesim/turtlesim/srv
[11.203s] -- Up-to-date: /my_new_project/ros2_ws/install/turtlesim/include/turtlesim/turtlesim/srv/detail
[11.250s] -- Up-to-date: /my_new_project/ros2_ws/install/turtlesim/include/turtlesim/turtlesim/srv/detail/kill__builder.hpp
[11.280s] -- Up-to-date: /my_new_project/ros2_ws/install/turtlesim/include/turtlesim/turtlesim/srv/detail/kill__struct.hpp
[11.316s] -- Up-to-date: /my_new_project/ros2_ws/install/turtlesim/include/turtlesim/turtlesim/srv/detail/kill__traits.hpp
[11.352s] -- Up-to-date: /my_new_project/ros2_ws/install/turtlesim/include/turtlesim/turtlesim/srv/detail/kill__type_support.hpp
[11.389s] -- Up-to-date: /my_new_project/ros2_ws/install/turtlesim/include/turtlesim/turtlesim/srv/detail/set_pen__builder.hpp
[11.421s] -- Up-to-date: /my_new_project/ros2_ws/install/turtlesim/include/turtlesim/turtlesim/srv/detail/set_pen__struct.hpp
[11.457s] -- Up-to-date: /my_new_project/ros2_ws/install/turtlesim/include/turtlesim/turtlesim/srv/detail/set_pen__traits.hpp
[11.486s] -- Up-to-date: /my_new_project/ros2_ws/install/turtlesim/include/turtlesim/turtlesim/srv/detail/set_pen__type_support.hpp
[11.525s] -- Up-to-date: /my_new_project/ros2_ws/install/turtlesim/include/turtlesim/turtlesim/srv/detail/spawn__builder.hpp
[11.563s] -- Up-to-date: /my_new_project/ros2_ws/install/turtlesim/include/turtlesim/turtlesim/srv/detail/spawn__struct.hpp
[11.595s] -- Up-to-date: /my_new_project/ros2_ws/install/turtlesim/include/turtlesim/turtlesim/srv/detail/spawn__traits.hpp
[11.630s] -- Up-to-date: /my_new_project/ros2_ws/install/turtlesim/include/turtlesim/turtlesim/srv/detail/spawn__type_support.hpp
[11.675s] -- Up-to-date: /my_new_project/ros2_ws/install/turtlesim/include/turtlesim/turtlesim/srv/detail/teleport_absolute__builder.hpp
[11.707s] -- Up-to-date: /my_new_project/ros2_ws/install/turtlesim/include/turtlesim/turtlesim/srv/detail/teleport_absolute__struct.hpp
[11.740s] -- Up-to-date: /my_new_project/ros2_ws/install/turtlesim/include/turtlesim/turtlesim/srv/detail/teleport_absolute__traits.hpp
[11.772s] -- Up-to-date: /my_new_project/ros2_ws/install/turtlesim/include/turtlesim/turtlesim/srv/detail/teleport_absolute__type_support.hpp
[11.811s] -- Up-to-date: /my_new_project/ros2_ws/install/turtlesim/include/turtlesim/turtlesim/srv/detail/teleport_relative__builder.hpp
[11.849s] -- Up-to-date: /my_new_project/ros2_ws/install/turtlesim/include/turtlesim/turtlesim/srv/detail/teleport_relative__struct.hpp
[11.883s] -- Up-to-date: /my_new_project/ros2_ws/install/turtlesim/include/turtlesim/turtlesim/srv/detail/teleport_relative__traits.hpp
[11.921s] -- Up-to-date: /my_new_project/ros2_ws/install/turtlesim/include/turtlesim/turtlesim/srv/detail/teleport_relative__type_support.hpp
[11.968s] -- Up-to-date: /my_new_project/ros2_ws/install/turtlesim/include/turtlesim/turtlesim/srv/kill.hpp
[11.998s] -- Up-to-date: /my_new_project/ros2_ws/install/turtlesim/include/turtlesim/turtlesim/srv/set_pen.hpp
[12.025s] -- Up-to-date: /my_new_project/ros2_ws/install/turtlesim/include/turtlesim/turtlesim/srv/spawn.hpp
[12.054s] -- Up-to-date: /my_new_project/ros2_ws/install/turtlesim/include/turtlesim/turtlesim/srv/teleport_absolute.hpp
[12.081s] -- Up-to-date: /my_new_project/ros2_ws/install/turtlesim/include/turtlesim/turtlesim/srv/teleport_relative.hpp
[12.104s] -- Up-to-date: /my_new_project/ros2_ws/install/turtlesim/include/turtlesim/turtlesim
[12.138s] -- Up-to-date: /my_new_project/ros2_ws/install/turtlesim/include/turtlesim/turtlesim/action
[12.177s] -- Up-to-date: /my_new_project/ros2_ws/install/turtlesim/include/turtlesim/turtlesim/action/detail
[12.223s] -- Up-to-date: /my_new_project/ros2_ws/install/turtlesim/include/turtlesim/turtlesim/action/detail/dds_fastrtps
[12.272s] -- Up-to-date: /my_new_project/ros2_ws/install/turtlesim/include/turtlesim/turtlesim/action/detail/rotate_absolute__rosidl_typesupport_fastrtps_cpp.hpp
[12.299s] -- Up-to-date: /my_new_project/ros2_ws/install/turtlesim/include/turtlesim/turtlesim/msg
[12.339s] -- Up-to-date: /my_new_project/ros2_ws/install/turtlesim/include/turtlesim/turtlesim/msg/detail
[12.384s] -- Up-to-date: /my_new_project/ros2_ws/install/turtlesim/include/turtlesim/turtlesim/msg/detail/color__rosidl_typesupport_fastrtps_cpp.hpp
[12.417s] -- Up-to-date: /my_new_project/ros2_ws/install/turtlesim/include/turtlesim/turtlesim/msg/detail/dds_fastrtps
[12.466s] -- Up-to-date: /my_new_project/ros2_ws/install/turtlesim/include/turtlesim/turtlesim/msg/detail/pose__rosidl_typesupport_fastrtps_cpp.hpp
[12.494s] -- Up-to-date: /my_new_project/ros2_ws/install/turtlesim/include/turtlesim/turtlesim/msg/rosidl_typesupport_fastrtps_cpp__visibility_control.h
[12.519s] -- Up-to-date: /my_new_project/ros2_ws/install/turtlesim/include/turtlesim/turtlesim/srv
[12.559s] -- Up-to-date: /my_new_project/ros2_ws/install/turtlesim/include/turtlesim/turtlesim/srv/detail
[12.602s] -- Up-to-date: /my_new_project/ros2_ws/install/turtlesim/include/turtlesim/turtlesim/srv/detail/dds_fastrtps
[12.651s] -- Up-to-date: /my_new_project/ros2_ws/install/turtlesim/include/turtlesim/turtlesim/srv/detail/kill__rosidl_typesupport_fastrtps_cpp.hpp
[12.686s] -- Up-to-date: /my_new_project/ros2_ws/install/turtlesim/include/turtlesim/turtlesim/srv/detail/set_pen__rosidl_typesupport_fastrtps_cpp.hpp
[12.723s] -- Up-to-date: /my_new_project/ros2_ws/install/turtlesim/include/turtlesim/turtlesim/srv/detail/spawn__rosidl_typesupport_fastrtps_cpp.hpp
[12.757s] -- Up-to-date: /my_new_project/ros2_ws/install/turtlesim/include/turtlesim/turtlesim/srv/detail/teleport_absolute__rosidl_typesupport_fastrtps_cpp.hpp
[12.788s] -- Up-to-date: /my_new_project/ros2_ws/install/turtlesim/include/turtlesim/turtlesim/srv/detail/teleport_relative__rosidl_typesupport_fastrtps_cpp.hpp
[12.841s] -- Up-to-date: /my_new_project/ros2_ws/install/turtlesim/lib/libturtlesim__rosidl_typesupport_fastrtps_cpp.so
[12.892s] -- Up-to-date: /my_new_project/ros2_ws/install/turtlesim/include/turtlesim/turtlesim
[12.927s] -- Up-to-date: /my_new_project/ros2_ws/install/turtlesim/include/turtlesim/turtlesim/action
[12.964s] -- Up-to-date: /my_new_project/ros2_ws/install/turtlesim/include/turtlesim/turtlesim/action/detail
[13.009s] -- Up-to-date: /my_new_project/ros2_ws/install/turtlesim/include/turtlesim/turtlesim/action/detail/rotate_absolute__rosidl_typesupport_introspection_c.h
[13.046s] -- Installing: /my_new_project/ros2_ws/install/turtlesim/include/turtlesim/turtlesim/action/detail/rotate_absolute__type_support.c
[13.201s] -- Up-to-date: /my_new_project/ros2_ws/install/turtlesim/include/turtlesim/turtlesim/msg
[13.238s] -- Up-to-date: /my_new_project/ros2_ws/install/turtlesim/include/turtlesim/turtlesim/msg/detail
[13.288s] -- Up-to-date: /my_new_project/ros2_ws/install/turtlesim/include/turtlesim/turtlesim/msg/detail/color__rosidl_typesupport_introspection_c.h
[13.324s] -- Installing: /my_new_project/ros2_ws/install/turtlesim/include/turtlesim/turtlesim/msg/detail/color__type_support.c
[13.436s] -- Up-to-date: /my_new_project/ros2_ws/install/turtlesim/include/turtlesim/turtlesim/msg/detail/pose__rosidl_typesupport_introspection_c.h
[13.473s] -- Installing: /my_new_project/ros2_ws/install/turtlesim/include/turtlesim/turtlesim/msg/detail/pose__type_support.c
[13.592s] -- Up-to-date: /my_new_project/ros2_ws/install/turtlesim/include/turtlesim/turtlesim/msg/rosidl_typesupport_introspection_c__visibility_control.h
[13.625s] -- Up-to-date: /my_new_project/ros2_ws/install/turtlesim/include/turtlesim/turtlesim/srv
[13.671s] -- Up-to-date: /my_new_project/ros2_ws/install/turtlesim/include/turtlesim/turtlesim/srv/detail
[13.727s] -- Up-to-date: /my_new_project/ros2_ws/install/turtlesim/include/turtlesim/turtlesim/srv/detail/kill__rosidl_typesupport_introspection_c.h
[13.770s] -- Installing: /my_new_project/ros2_ws/install/turtlesim/include/turtlesim/turtlesim/srv/detail/kill__type_support.c
[13.897s] -- Up-to-date: /my_new_project/ros2_ws/install/turtlesim/include/turtlesim/turtlesim/srv/detail/set_pen__rosidl_typesupport_introspection_c.h
[13.928s] -- Installing: /my_new_project/ros2_ws/install/turtlesim/include/turtlesim/turtlesim/srv/detail/set_pen__type_support.c
[14.059s] -- Up-to-date: /my_new_project/ros2_ws/install/turtlesim/include/turtlesim/turtlesim/srv/detail/spawn__rosidl_typesupport_introspection_c.h
[14.093s] -- Installing: /my_new_project/ros2_ws/install/turtlesim/include/turtlesim/turtlesim/srv/detail/spawn__type_support.c
[14.217s] -- Up-to-date: /my_new_project/ros2_ws/install/turtlesim/include/turtlesim/turtlesim/srv/detail/teleport_absolute__rosidl_typesupport_introspection_c.h
[14.246s] -- Installing: /my_new_project/ros2_ws/install/turtlesim/include/turtlesim/turtlesim/srv/detail/teleport_absolute__type_support.c
[14.373s] -- Up-to-date: /my_new_project/ros2_ws/install/turtlesim/include/turtlesim/turtlesim/srv/detail/teleport_relative__rosidl_typesupport_introspection_c.h
[14.411s] -- Installing: /my_new_project/ros2_ws/install/turtlesim/include/turtlesim/turtlesim/srv/detail/teleport_relative__type_support.c
[14.565s] -- Up-to-date: /my_new_project/ros2_ws/install/turtlesim/lib/libturtlesim__rosidl_typesupport_introspection_c.so
[14.641s] -- Up-to-date: /my_new_project/ros2_ws/install/turtlesim/lib/libturtlesim__rosidl_typesupport_c.so
[14.698s] -- Up-to-date: /my_new_project/ros2_ws/install/turtlesim/include/turtlesim/turtlesim
[14.730s] -- Up-to-date: /my_new_project/ros2_ws/install/turtlesim/include/turtlesim/turtlesim/action
[14.766s] -- Up-to-date: /my_new_project/ros2_ws/install/turtlesim/include/turtlesim/turtlesim/action/detail
[14.812s] -- Up-to-date: /my_new_project/ros2_ws/install/turtlesim/include/turtlesim/turtlesim/action/detail/rotate_absolute__rosidl_typesupport_introspection_cpp.hpp
[14.846s] -- Up-to-date: /my_new_project/ros2_ws/install/turtlesim/include/turtlesim/turtlesim/action/detail/rotate_absolute__type_support.cpp
[14.872s] -- Up-to-date: /my_new_project/ros2_ws/install/turtlesim/include/turtlesim/turtlesim/msg
[14.909s] -- Up-to-date: /my_new_project/ros2_ws/install/turtlesim/include/turtlesim/turtlesim/msg/detail
[14.948s] -- Up-to-date: /my_new_project/ros2_ws/install/turtlesim/include/turtlesim/turtlesim/msg/detail/color__rosidl_typesupport_introspection_cpp.hpp
[14.981s] -- Up-to-date: /my_new_project/ros2_ws/install/turtlesim/include/turtlesim/turtlesim/msg/detail/color__type_support.cpp
[15.019s] -- Up-to-date: /my_new_project/ros2_ws/install/turtlesim/include/turtlesim/turtlesim/msg/detail/pose__rosidl_typesupport_introspection_cpp.hpp
[15.056s] -- Up-to-date: /my_new_project/ros2_ws/install/turtlesim/include/turtlesim/turtlesim/msg/detail/pose__type_support.cpp
[15.082s] -- Up-to-date: /my_new_project/ros2_ws/install/turtlesim/include/turtlesim/turtlesim/srv
[15.122s] -- Up-to-date: /my_new_project/ros2_ws/install/turtlesim/include/turtlesim/turtlesim/srv/detail
[15.175s] -- Up-to-date: /my_new_project/ros2_ws/install/turtlesim/include/turtlesim/turtlesim/srv/detail/kill__rosidl_typesupport_introspection_cpp.hpp
[15.217s] -- Up-to-date: /my_new_project/ros2_ws/install/turtlesim/include/turtlesim/turtlesim/srv/detail/kill__type_support.cpp
[15.252s] -- Up-to-date: /my_new_project/ros2_ws/install/turtlesim/include/turtlesim/turtlesim/srv/detail/set_pen__rosidl_typesupport_introspection_cpp.hpp
[15.286s] -- Up-to-date: /my_new_project/ros2_ws/install/turtlesim/include/turtlesim/turtlesim/srv/detail/set_pen__type_support.cpp
[15.323s] -- Up-to-date: /my_new_project/ros2_ws/install/turtlesim/include/turtlesim/turtlesim/srv/detail/spawn__rosidl_typesupport_introspection_cpp.hpp
[15.352s] -- Up-to-date: /my_new_project/ros2_ws/install/turtlesim/include/turtlesim/turtlesim/srv/detail/spawn__type_support.cpp
[15.386s] -- Up-to-date: /my_new_project/ros2_ws/install/turtlesim/include/turtlesim/turtlesim/srv/detail/teleport_absolute__rosidl_typesupport_introspection_cpp.hpp
[15.422s] -- Up-to-date: /my_new_project/ros2_ws/install/turtlesim/include/turtlesim/turtlesim/srv/detail/teleport_absolute__type_support.cpp
[15.451s] -- Up-to-date: /my_new_project/ros2_ws/install/turtlesim/include/turtlesim/turtlesim/srv/detail/teleport_relative__rosidl_typesupport_introspection_cpp.hpp
[15.482s] -- Up-to-date: /my_new_project/ros2_ws/install/turtlesim/include/turtlesim/turtlesim/srv/detail/teleport_relative__type_support.cpp
[15.537s] -- Up-to-date: /my_new_project/ros2_ws/install/turtlesim/lib/libturtlesim__rosidl_typesupport_introspection_cpp.so
[15.620s] -- Up-to-date: /my_new_project/ros2_ws/install/turtlesim/lib/libturtlesim__rosidl_typesupport_cpp.so
[15.673s] -- Up-to-date: /my_new_project/ros2_ws/install/turtlesim/share/turtlesim/environment/pythonpath.sh
[15.704s] -- Up-to-date: /my_new_project/ros2_ws/install/turtlesim/share/turtlesim/environment/pythonpath.dsv
[15.728s] -- Up-to-date: /my_new_project/ros2_ws/install/turtlesim/lib/python3.12/site-packages/turtlesim-1.8.3-py3.12.egg-info
[15.763s] -- Installing: /my_new_project/ros2_ws/install/turtlesim/lib/python3.12/site-packages/turtlesim-1.8.3-py3.12.egg-info/dependency_links.txt
[15.862s] -- Installing: /my_new_project/ros2_ws/install/turtlesim/lib/python3.12/site-packages/turtlesim-1.8.3-py3.12.egg-info/PKG-INFO
[15.964s] -- Installing: /my_new_project/ros2_ws/install/turtlesim/lib/python3.12/site-packages/turtlesim-1.8.3-py3.12.egg-info/SOURCES.txt
[16.084s] -- Installing: /my_new_project/ros2_ws/install/turtlesim/lib/python3.12/site-packages/turtlesim-1.8.3-py3.12.egg-info/top_level.txt
[16.208s] -- Up-to-date: /my_new_project/ros2_ws/install/turtlesim/lib/python3.12/site-packages/turtlesim
[16.243s] -- Up-to-date: /my_new_project/ros2_ws/install/turtlesim/lib/python3.12/site-packages/turtlesim/action
[16.283s] -- Up-to-date: /my_new_project/ros2_ws/install/turtlesim/lib/python3.12/site-packages/turtlesim/action/_rotate_absolute.py
[16.314s] -- Up-to-date: /my_new_project/ros2_ws/install/turtlesim/lib/python3.12/site-packages/turtlesim/action/_rotate_absolute_s.c
[16.346s] -- Up-to-date: /my_new_project/ros2_ws/install/turtlesim/lib/python3.12/site-packages/turtlesim/action/__init__.py
[16.375s] -- Up-to-date: /my_new_project/ros2_ws/install/turtlesim/lib/python3.12/site-packages/turtlesim/msg
[16.415s] -- Up-to-date: /my_new_project/ros2_ws/install/turtlesim/lib/python3.12/site-packages/turtlesim/msg/_color.py
[16.447s] -- Up-to-date: /my_new_project/ros2_ws/install/turtlesim/lib/python3.12/site-packages/turtlesim/msg/_color_s.c
[16.479s] -- Up-to-date: /my_new_project/ros2_ws/install/turtlesim/lib/python3.12/site-packages/turtlesim/msg/_pose.py
[16.507s] -- Up-to-date: /my_new_project/ros2_ws/install/turtlesim/lib/python3.12/site-packages/turtlesim/msg/_pose_s.c
[16.539s] -- Up-to-date: /my_new_project/ros2_ws/install/turtlesim/lib/python3.12/site-packages/turtlesim/msg/__init__.py
[16.567s] -- Up-to-date: /my_new_project/ros2_ws/install/turtlesim/lib/python3.12/site-packages/turtlesim/srv
[16.609s] -- Up-to-date: /my_new_project/ros2_ws/install/turtlesim/lib/python3.12/site-packages/turtlesim/srv/_kill.py
[16.642s] -- Up-to-date: /my_new_project/ros2_ws/install/turtlesim/lib/python3.12/site-packages/turtlesim/srv/_kill_s.c
[16.669s] -- Up-to-date: /my_new_project/ros2_ws/install/turtlesim/lib/python3.12/site-packages/turtlesim/srv/_set_pen.py
[16.697s] -- Up-to-date: /my_new_project/ros2_ws/install/turtlesim/lib/python3.12/site-packages/turtlesim/srv/_set_pen_s.c
[16.727s] -- Up-to-date: /my_new_project/ros2_ws/install/turtlesim/lib/python3.12/site-packages/turtlesim/srv/_spawn.py
[16.757s] -- Up-to-date: /my_new_project/ros2_ws/install/turtlesim/lib/python3.12/site-packages/turtlesim/srv/_spawn_s.c
[16.787s] -- Up-to-date: /my_new_project/ros2_ws/install/turtlesim/lib/python3.12/site-packages/turtlesim/srv/_teleport_absolute.py
[16.818s] -- Up-to-date: /my_new_project/ros2_ws/install/turtlesim/lib/python3.12/site-packages/turtlesim/srv/_teleport_absolute_s.c
[16.851s] -- Up-to-date: /my_new_project/ros2_ws/install/turtlesim/lib/python3.12/site-packages/turtlesim/srv/_teleport_relative.py
[16.878s] -- Up-to-date: /my_new_project/ros2_ws/install/turtlesim/lib/python3.12/site-packages/turtlesim/srv/_teleport_relative_s.c
[16.908s] -- Up-to-date: /my_new_project/ros2_ws/install/turtlesim/lib/python3.12/site-packages/turtlesim/srv/__init__.py
[16.939s] -- Up-to-date: /my_new_project/ros2_ws/install/turtlesim/lib/python3.12/site-packages/turtlesim/turtlesim_s__rosidl_typesupport_c.so
[16.966s] -- Up-to-date: /my_new_project/ros2_ws/install/turtlesim/lib/python3.12/site-packages/turtlesim/turtlesim_s__rosidl_typesupport_fastrtps_c.so
[16.995s] -- Up-to-date: /my_new_project/ros2_ws/install/turtlesim/lib/python3.12/site-packages/turtlesim/turtlesim_s__rosidl_typesupport_introspection_c.so
[17.025s] -- Up-to-date: /my_new_project/ros2_ws/install/turtlesim/lib/python3.12/site-packages/turtlesim/_turtlesim_s.ep.rosidl_typesupport_c.c
[17.054s] -- Up-to-date: /my_new_project/ros2_ws/install/turtlesim/lib/python3.12/site-packages/turtlesim/_turtlesim_s.ep.rosidl_typesupport_fastrtps_c.c
[17.085s] -- Up-to-date: /my_new_project/ros2_ws/install/turtlesim/lib/python3.12/site-packages/turtlesim/_turtlesim_s.ep.rosidl_typesupport_introspection_c.c
[17.113s] -- Up-to-date: /my_new_project/ros2_ws/install/turtlesim/lib/python3.12/site-packages/turtlesim/__init__.py
[17.663s] Listing '/my_new_project/ros2_ws/install/turtlesim/lib/python3.12/site-packages/turtlesim'...
[17.665s] Listing '/my_new_project/ros2_ws/install/turtlesim/lib/python3.12/site-packages/turtlesim/action'...
[17.667s] Listing '/my_new_project/ros2_ws/install/turtlesim/lib/python3.12/site-packages/turtlesim/msg'...
[17.668s] Listing '/my_new_project/ros2_ws/install/turtlesim/lib/python3.12/site-packages/turtlesim/srv'...
[17.722s] -- Up-to-date: /my_new_project/ros2_ws/install/turtlesim/lib/python3.12/site-packages/turtlesim/turtlesim_s__rosidl_typesupport_fastrtps_c.so
[17.830s] -- Up-to-date: /my_new_project/ros2_ws/install/turtlesim/lib/python3.12/site-packages/turtlesim/turtlesim_s__rosidl_typesupport_introspection_c.so
[17.941s] -- Up-to-date: /my_new_project/ros2_ws/install/turtlesim/lib/python3.12/site-packages/turtlesim/turtlesim_s__rosidl_typesupport_c.so
[18.043s] -- Up-to-date: /my_new_project/ros2_ws/install/turtlesim/lib/libturtlesim__rosidl_generator_py.so
[18.111s] -- Up-to-date: /my_new_project/ros2_ws/install/turtlesim/share/turtlesim/action/RotateAbsolute.idl
[18.139s] -- Up-to-date: /my_new_project/ros2_ws/install/turtlesim/share/turtlesim/msg/Color.idl
[18.169s] -- Up-to-date: /my_new_project/ros2_ws/install/turtlesim/share/turtlesim/msg/Pose.idl
[18.205s] -- Up-to-date: /my_new_project/ros2_ws/install/turtlesim/share/turtlesim/srv/Kill.idl
[18.236s] -- Up-to-date: /my_new_project/ros2_ws/install/turtlesim/share/turtlesim/srv/SetPen.idl
[18.269s] -- Up-to-date: /my_new_project/ros2_ws/install/turtlesim/share/turtlesim/srv/Spawn.idl
[18.304s] -- Up-to-date: /my_new_project/ros2_ws/install/turtlesim/share/turtlesim/srv/TeleportAbsolute.idl
[18.332s] -- Up-to-date: /my_new_project/ros2_ws/install/turtlesim/share/turtlesim/srv/TeleportRelative.idl
[18.364s] -- Up-to-date: /my_new_project/ros2_ws/install/turtlesim/share/turtlesim/action/RotateAbsolute.action
[18.397s] -- Up-to-date: /my_new_project/ros2_ws/install/turtlesim/share/turtlesim/msg/Color.msg
[18.426s] -- Up-to-date: /my_new_project/ros2_ws/install/turtlesim/share/turtlesim/msg/Pose.msg
[18.462s] -- Up-to-date: /my_new_project/ros2_ws/install/turtlesim/share/turtlesim/srv/Kill.srv
[18.496s] -- Up-to-date: /my_new_project/ros2_ws/install/turtlesim/share/turtlesim/srv/SetPen.srv
[18.530s] -- Up-to-date: /my_new_project/ros2_ws/install/turtlesim/share/turtlesim/srv/Spawn.srv
[18.563s] -- Up-to-date: /my_new_project/ros2_ws/install/turtlesim/share/turtlesim/srv/TeleportAbsolute.srv
[18.595s] -- Up-to-date: /my_new_project/ros2_ws/install/turtlesim/share/turtlesim/srv/TeleportRelative.srv
[18.645s] -- Up-to-date: /my_new_project/ros2_ws/install/turtlesim/lib/turtlesim/turtlesim_node
[18.761s] -- Up-to-date: /my_new_project/ros2_ws/install/turtlesim/lib/turtlesim/turtle_teleop_key
[18.854s] -- Up-to-date: /my_new_project/ros2_ws/install/turtlesim/lib/turtlesim/draw_square
[18.957s] -- Up-to-date: /my_new_project/ros2_ws/install/turtlesim/lib/turtlesim/mimic
[19.028s] -- Up-to-date: /my_new_project/ros2_ws/install/turtlesim/share/turtlesim/images
[19.059s] -- Up-to-date: /my_new_project/ros2_ws/install/turtlesim/share/turtlesim/images/ardent.png
[19.084s] -- Up-to-date: /my_new_project/ros2_ws/install/turtlesim/share/turtlesim/images/bouncy.png
[19.115s] -- Up-to-date: /my_new_project/ros2_ws/install/turtlesim/share/turtlesim/images/crystal.png
[19.140s] -- Up-to-date: /my_new_project/ros2_ws/install/turtlesim/share/turtlesim/images/dashing.png
[19.195s] -- Up-to-date: /my_new_project/ros2_ws/install/turtlesim/share/turtlesim/images/eloquent.png
[19.224s] -- Up-to-date: /my_new_project/ros2_ws/install/turtlesim/share/turtlesim/images/foxy.png
[19.248s] -- Up-to-date: /my_new_project/ros2_ws/install/turtlesim/share/turtlesim/images/galactic.png
[19.278s] -- Up-to-date: /my_new_project/ros2_ws/install/turtlesim/share/turtlesim/images/humble.png
[19.304s] -- Up-to-date: /my_new_project/ros2_ws/install/turtlesim/share/turtlesim/images/iron.png
[19.329s] -- Up-to-date: /my_new_project/ros2_ws/install/turtlesim/share/turtlesim/images/jazzy.png
[19.353s] -- Up-to-date: /my_new_project/ros2_ws/install/turtlesim/share/turtlesim/images/rolling.png
[19.376s] -- Up-to-date: /my_new_project/ros2_ws/install/turtlesim/share/turtlesim/launch
[19.408s] -- Up-to-date: /my_new_project/ros2_ws/install/turtlesim/share/turtlesim/launch/multisim.launch.py
[19.445s] -- Up-to-date: /my_new_project/ros2_ws/install/turtlesim/share/ament_index/resource_index/package_run_dependencies/turtlesim
[19.486s] -- Up-to-date: /my_new_project/ros2_ws/install/turtlesim/share/ament_index/resource_index/parent_prefix_path/turtlesim
[19.511s] -- Up-to-date: /my_new_project/ros2_ws/install/turtlesim/share/turtlesim/environment/ament_prefix_path.sh
[19.535s] -- Up-to-date: /my_new_project/ros2_ws/install/turtlesim/share/turtlesim/environment/ament_prefix_path.dsv
[19.555s] -- Up-to-date: /my_new_project/ros2_ws/install/turtlesim/share/turtlesim/environment/path.sh
[19.589s] -- Up-to-date: /my_new_project/ros2_ws/install/turtlesim/share/turtlesim/environment/path.dsv
[19.619s] -- Up-to-date: /my_new_project/ros2_ws/install/turtlesim/share/turtlesim/local_setup.bash
[19.645s] -- Up-to-date: /my_new_project/ros2_ws/install/turtlesim/share/turtlesim/local_setup.sh
[19.671s] -- Up-to-date: /my_new_project/ros2_ws/install/turtlesim/share/turtlesim/local_setup.zsh
[19.695s] -- Up-to-date: /my_new_project/ros2_ws/install/turtlesim/share/turtlesim/local_setup.dsv
[19.725s] -- Installing: /my_new_project/ros2_ws/install/turtlesim/share/turtlesim/package.dsv
[19.813s] -- Up-to-date: /my_new_project/ros2_ws/install/turtlesim/share/ament_index/resource_index/packages/turtlesim
[19.862s] -- Up-to-date: /my_new_project/ros2_ws/install/turtlesim/share/turtlesim/cmake/export_turtlesim__rosidl_generator_cExport.cmake
[19.893s] -- Up-to-date: /my_new_project/ros2_ws/install/turtlesim/share/turtlesim/cmake/export_turtlesim__rosidl_generator_cExport-noconfig.cmake
[19.941s] -- Up-to-date: /my_new_project/ros2_ws/install/turtlesim/share/turtlesim/cmake/export_turtlesim__rosidl_typesupport_fastrtps_cExport.cmake
[19.970s] -- Up-to-date: /my_new_project/ros2_ws/install/turtlesim/share/turtlesim/cmake/export_turtlesim__rosidl_typesupport_fastrtps_cExport-noconfig.cmake
[20.021s] -- Up-to-date: /my_new_project/ros2_ws/install/turtlesim/share/turtlesim/cmake/export_turtlesim__rosidl_generator_cppExport.cmake
[20.066s] -- Up-to-date: /my_new_project/ros2_ws/install/turtlesim/share/turtlesim/cmake/export_turtlesim__rosidl_typesupport_fastrtps_cppExport.cmake
[20.095s] -- Up-to-date: /my_new_project/ros2_ws/install/turtlesim/share/turtlesim/cmake/export_turtlesim__rosidl_typesupport_fastrtps_cppExport-noconfig.cmake
[20.145s] -- Up-to-date: /my_new_project/ros2_ws/install/turtlesim/share/turtlesim/cmake/turtlesim__rosidl_typesupport_introspection_cExport.cmake
[20.176s] -- Up-to-date: /my_new_project/ros2_ws/install/turtlesim/share/turtlesim/cmake/turtlesim__rosidl_typesupport_introspection_cExport-noconfig.cmake
[20.224s] -- Up-to-date: /my_new_project/ros2_ws/install/turtlesim/share/turtlesim/cmake/turtlesim__rosidl_typesupport_cExport.cmake
[20.254s] -- Up-to-date: /my_new_project/ros2_ws/install/turtlesim/share/turtlesim/cmake/turtlesim__rosidl_typesupport_cExport-noconfig.cmake
[20.301s] -- Up-to-date: /my_new_project/ros2_ws/install/turtlesim/share/turtlesim/cmake/turtlesim__rosidl_typesupport_introspection_cppExport.cmake
[20.334s] -- Up-to-date: /my_new_project/ros2_ws/install/turtlesim/share/turtlesim/cmake/turtlesim__rosidl_typesupport_introspection_cppExport-noconfig.cmake
[20.381s] -- Up-to-date: /my_new_project/ros2_ws/install/turtlesim/share/turtlesim/cmake/turtlesim__rosidl_typesupport_cppExport.cmake
[20.412s] -- Up-to-date: /my_new_project/ros2_ws/install/turtlesim/share/turtlesim/cmake/turtlesim__rosidl_typesupport_cppExport-noconfig.cmake
[20.460s] -- Up-to-date: /my_new_project/ros2_ws/install/turtlesim/share/turtlesim/cmake/export_turtlesim__rosidl_generator_pyExport.cmake
[20.491s] -- Up-to-date: /my_new_project/ros2_ws/install/turtlesim/share/turtlesim/cmake/export_turtlesim__rosidl_generator_pyExport-noconfig.cmake
[20.526s] -- Up-to-date: /my_new_project/ros2_ws/install/turtlesim/share/turtlesim/cmake/rosidl_cmake-extras.cmake
[20.559s] -- Up-to-date: /my_new_project/ros2_ws/install/turtlesim/share/turtlesim/cmake/ament_cmake_export_dependencies-extras.cmake
[20.585s] -- Up-to-date: /my_new_project/ros2_ws/install/turtlesim/share/turtlesim/cmake/ament_cmake_export_include_directories-extras.cmake
[20.615s] -- Up-to-date: /my_new_project/ros2_ws/install/turtlesim/share/turtlesim/cmake/ament_cmake_export_libraries-extras.cmake
[20.645s] -- Up-to-date: /my_new_project/ros2_ws/install/turtlesim/share/turtlesim/cmake/ament_cmake_export_targets-extras.cmake
[20.673s] -- Up-to-date: /my_new_project/ros2_ws/install/turtlesim/share/turtlesim/cmake/rosidl_cmake_export_typesupport_targets-extras.cmake
[20.700s] -- Up-to-date: /my_new_project/ros2_ws/install/turtlesim/share/turtlesim/cmake/rosidl_cmake_export_typesupport_libraries-extras.cmake
[20.727s] -- Up-to-date: /my_new_project/ros2_ws/install/turtlesim/share/turtlesim/cmake/turtlesimConfig.cmake
[20.750s] -- Up-to-date: /my_new_project/ros2_ws/install/turtlesim/share/turtlesim/cmake/turtlesimConfig-version.cmake
[20.779s] -- Up-to-date: /my_new_project/ros2_ws/install/turtlesim/share/turtlesim/package.xml
[20.834s] Invoked command in '/my_new_project/ros2_ws/build/turtlesim' returned '0': CMAKE_PREFIX_PATH=${CMAKE_PREFIX_PATH}:/opt/ros/jazzy /usr/bin/cmake --install /my_new_project/ros2_ws/build/turtlesim
