[1.038s] Invoking command in '/my_new_project/ros2_ws/build/roarm': CMAKE_PREFIX_PATH=${CMAKE_PREFIX_PATH}:/opt/ros/jazzy /usr/bin/cmake --build /my_new_project/ros2_ws/build/roarm -- -j16 -l16
[1.428s] Invoked command in '/my_new_project/ros2_ws/build/roarm' returned '0': CMAKE_PREFIX_PATH=${CMAKE_PREFIX_PATH}:/opt/ros/jazzy /usr/bin/cmake --build /my_new_project/ros2_ws/build/roarm -- -j16 -l16
[1.481s] Invoking command in '/my_new_project/ros2_ws/build/roarm': CMAKE_PREFIX_PATH=${CMAKE_PREFIX_PATH}:/opt/ros/jazzy /usr/bin/cmake --install /my_new_project/ros2_ws/build/roarm
[1.553s] -- Install configuration: ""
[1.554s] -- Up-to-date: /my_new_project/ros2_ws/install/roarm/share/roarm/config
[1.577s] -- Up-to-date: /my_new_project/ros2_ws/install/roarm/share/roarm/config/.gitkeep
[1.602s] -- Up-to-date: /my_new_project/ros2_ws/install/roarm/share/roarm/launch
[1.637s] -- Up-to-date: /my_new_project/ros2_ws/install/roarm/share/roarm/launch/roarm.launch.py
[1.657s] -- Up-to-date: /my_new_project/ros2_ws/install/roarm/share/roarm/maps
[1.715s] -- Up-to-date: /my_new_project/ros2_ws/install/roarm/share/roarm/maps/.gitkeep
[1.716s] -- Up-to-date: /my_new_project/ros2_ws/install/roarm/share/roarm/meshes
[1.746s] -- Up-to-date: /my_new_project/ros2_ws/install/roarm/share/roarm/meshes/base.stl
[1.772s] -- Up-to-date: /my_new_project/ros2_ws/install/roarm/share/roarm/meshes/L1.stl
[1.797s] -- Up-to-date: /my_new_project/ros2_ws/install/roarm/share/roarm/meshes/L2.stl
[1.824s] -- Up-to-date: /my_new_project/ros2_ws/install/roarm/share/roarm/meshes/L3.stl
[1.851s] -- Up-to-date: /my_new_project/ros2_ws/install/roarm/share/roarm/meshes/L4.stl
[1.878s] -- Up-to-date: /my_new_project/ros2_ws/install/roarm/share/roarm/meshes/L5_1_A.stl
[1.904s] -- Up-to-date: /my_new_project/ros2_ws/install/roarm/share/roarm/meshes/L5_1_B.stl
[1.933s] -- Up-to-date: /my_new_project/ros2_ws/install/roarm/share/roarm/meshes/L5_2_A.stl
[1.966s] -- Up-to-date: /my_new_project/ros2_ws/install/roarm/share/roarm/meshes/L5_2_B.stl
[2.015s] -- Up-to-date: /my_new_project/ros2_ws/install/roarm/share/roarm/meshes/L5_3_A.stl
[2.045s] -- Up-to-date: /my_new_project/ros2_ws/install/roarm/share/roarm/meshes/L5_3_B.stl
[2.077s] -- Up-to-date: /my_new_project/ros2_ws/install/roarm/share/roarm/models
[2.118s] -- Up-to-date: /my_new_project/ros2_ws/install/roarm/share/roarm/models/.gitkeep
[2.142s] -- Up-to-date: /my_new_project/ros2_ws/install/roarm/share/roarm/params
[2.184s] -- Up-to-date: /my_new_project/ros2_ws/install/roarm/share/roarm/params/.gitkeep
[2.210s] -- Up-to-date: /my_new_project/ros2_ws/install/roarm/share/roarm/rviz
[2.249s] -- Up-to-date: /my_new_project/ros2_ws/install/roarm/share/roarm/rviz/rviz_basic_settings.rviz
[2.275s] -- Up-to-date: /my_new_project/ros2_ws/install/roarm/share/roarm/src
[2.313s] -- Up-to-date: /my_new_project/ros2_ws/install/roarm/share/roarm/src/.gitkeep
[2.337s] -- Up-to-date: /my_new_project/ros2_ws/install/roarm/share/roarm/urdf
[2.376s] -- Up-to-date: /my_new_project/ros2_ws/install/roarm/share/roarm/urdf/roarm.urdf
[2.399s] -- Up-to-date: /my_new_project/ros2_ws/install/roarm/share/roarm/worlds
[2.437s] -- Up-to-date: /my_new_project/ros2_ws/install/roarm/share/roarm/worlds/.gitkeep
[2.485s] -- Up-to-date: /my_new_project/ros2_ws/install/roarm/share/ament_index/resource_index/package_run_dependencies/roarm
[2.540s] -- Up-to-date: /my_new_project/ros2_ws/install/roarm/share/ament_index/resource_index/parent_prefix_path/roarm
[2.565s] -- Up-to-date: /my_new_project/ros2_ws/install/roarm/share/roarm/environment/ament_prefix_path.sh
[2.601s] -- Up-to-date: /my_new_project/ros2_ws/install/roarm/share/roarm/environment/ament_prefix_path.dsv
[2.625s] -- Up-to-date: /my_new_project/ros2_ws/install/roarm/share/roarm/environment/path.sh
[2.656s] -- Up-to-date: /my_new_project/ros2_ws/install/roarm/share/roarm/environment/path.dsv
[2.685s] -- Up-to-date: /my_new_project/ros2_ws/install/roarm/share/roarm/local_setup.bash
[2.712s] -- Up-to-date: /my_new_project/ros2_ws/install/roarm/share/roarm/local_setup.sh
[2.738s] -- Up-to-date: /my_new_project/ros2_ws/install/roarm/share/roarm/local_setup.zsh
[2.760s] -- Up-to-date: /my_new_project/ros2_ws/install/roarm/share/roarm/local_setup.dsv
[2.785s] -- Installing: /my_new_project/ros2_ws/install/roarm/share/roarm/package.dsv
[2.896s] -- Up-to-date: /my_new_project/ros2_ws/install/roarm/share/ament_index/resource_index/packages/roarm
[2.925s] -- Up-to-date: /my_new_project/ros2_ws/install/roarm/share/roarm/cmake/roarmConfig.cmake
[2.946s] -- Up-to-date: /my_new_project/ros2_ws/install/roarm/share/roarm/cmake/roarmConfig-version.cmake
[2.977s] -- Up-to-date: /my_new_project/ros2_ws/install/roarm/share/roarm/package.xml
[2.994s] Invoked command in '/my_new_project/ros2_ws/build/roarm' returned '0': CMAKE_PREFIX_PATH=${CMAKE_PREFIX_PATH}:/opt/ros/jazzy /usr/bin/cmake --install /my_new_project/ros2_ws/build/roarm
