[0.259s] Invoking command in '/my_new_project/ros2_ws/build/turtlesim': CMAKE_PREFIX_PATH=${CMAKE_PREFIX_PATH}:/opt/ros/jazzy /usr/bin/cmake --build /my_new_project/ros2_ws/build/turtlesim -- -j16 -l16
[1.265s] [  0%] Built target ament_cmake_python_symlink_turtlesim
[1.296s] [  0%] Built target turtlesim__rosidl_generator_type_description
[2.134s] [  1%] Built target turtlesim__cpp
[2.388s] running egg_info
[2.440s] writing turtlesim.egg-info/PKG-INFO
[2.448s] writing dependency_links to turtlesim.egg-info/dependency_links.txt
[2.459s] writing top-level names to turtlesim.egg-info/top_level.txt
[2.756s] reading manifest file 'turtlesim.egg-info/SOURCES.txt'
[2.929s] writing manifest file 'turtlesim.egg-info/SOURCES.txt'
[3.131s] [  1%] Built target ament_cmake_python_build_turtlesim_egg
[3.355s] [ 24%] Built target turtlesim__rosidl_generator_c
[4.280s] [ 42%] Built target turtlesim__rosidl_typesupport_c
[4.282s] [ 42%] Built target turtlesim__rosidl_typesupport_cpp
[4.498s] [ 50%] Built target turtlesim__rosidl_typesupport_introspection_cpp
[4.569s] [ 59%] Built target turtlesim__rosidl_typesupport_introspection_c
[4.621s] [ 67%] Built target turtlesim__rosidl_typesupport_fastrtps_c
[4.760s] [ 73%] Built target draw_square
[4.765s] [ 74%] Built target turtle_teleop_key
[4.767s] [ 74%] Built target mimic
[4.800s] [ 81%] Built target turtlesim__rosidl_typesupport_fastrtps_cpp
[5.299s] [ 81%] Built target turtlesim
[6.001s] [ 81%] Built target turtlesim__py
[6.806s] [ 89%] Built target turtlesim__rosidl_generator_py
[7.092s] [ 94%] Built target turtlesim_node
[7.135s] [ 98%] Built target turtlesim_s__rosidl_typesupport_introspection_c
[7.137s] [ 98%] Built target turtlesim_s__rosidl_typesupport_fastrtps_c
[7.310s] [100%] Built target turtlesim_s__rosidl_typesupport_c
[8.026s] Invoked command in '/my_new_project/ros2_ws/build/turtlesim' returned '0': CMAKE_PREFIX_PATH=${CMAKE_PREFIX_PATH}:/opt/ros/jazzy /usr/bin/cmake --build /my_new_project/ros2_ws/build/turtlesim -- -j16 -l16
[8.063s] Invoking command in '/my_new_project/ros2_ws/build/turtlesim': CMAKE_PREFIX_PATH=${CMAKE_PREFIX_PATH}:/opt/ros/jazzy /usr/bin/cmake --install /my_new_project/ros2_ws/build/turtlesim
[8.130s] -- Install configuration: ""
[8.180s] -- Execute custom install script
[8.265s] -- Up-to-date symlink: /my_new_project/ros2_ws/install/turtlesim/share/ament_index/resource_index/rosidl_interfaces/turtlesim
[8.315s] -- Up-to-date symlink: /my_new_project/ros2_ws/install/turtlesim/share/turtlesim/action/RotateAbsolute.json
[8.362s] -- Up-to-date symlink: /my_new_project/ros2_ws/install/turtlesim/share/turtlesim/msg/Color.json
[8.418s] -- Up-to-date symlink: /my_new_project/ros2_ws/install/turtlesim/share/turtlesim/msg/Pose.json
[8.471s] -- Up-to-date symlink: /my_new_project/ros2_ws/install/turtlesim/share/turtlesim/srv/Kill.json
[8.534s] -- Up-to-date symlink: /my_new_project/ros2_ws/install/turtlesim/share/turtlesim/srv/SetPen.json
[8.596s] -- Up-to-date symlink: /my_new_project/ros2_ws/install/turtlesim/share/turtlesim/srv/Spawn.json
[8.647s] -- Up-to-date symlink: /my_new_project/ros2_ws/install/turtlesim/share/turtlesim/srv/TeleportAbsolute.json
[8.702s] -- Up-to-date symlink: /my_new_project/ros2_ws/install/turtlesim/share/turtlesim/srv/TeleportRelative.json
[9.345s] -- Up-to-date symlink: /my_new_project/ros2_ws/install/turtlesim/include/turtlesim/turtlesim/action/detail/rotate_absolute__functions.h
[9.430s] -- Up-to-date symlink: /my_new_project/ros2_ws/install/turtlesim/include/turtlesim/turtlesim/action/detail/rotate_absolute__struct.h
[9.502s] -- Up-to-date symlink: /my_new_project/ros2_ws/install/turtlesim/include/turtlesim/turtlesim/action/detail/rotate_absolute__type_support.h
[9.573s] -- Up-to-date symlink: /my_new_project/ros2_ws/install/turtlesim/include/turtlesim/turtlesim/action/rotate_absolute.h
[9.630s] -- Up-to-date symlink: /my_new_project/ros2_ws/install/turtlesim/include/turtlesim/turtlesim/msg/color.h
[9.738s] -- Up-to-date symlink: /my_new_project/ros2_ws/install/turtlesim/include/turtlesim/turtlesim/msg/detail/color__functions.h
[9.812s] -- Up-to-date symlink: /my_new_project/ros2_ws/install/turtlesim/include/turtlesim/turtlesim/msg/detail/color__struct.h
[9.911s] -- Up-to-date symlink: /my_new_project/ros2_ws/install/turtlesim/include/turtlesim/turtlesim/msg/detail/color__type_support.h
[9.980s] -- Up-to-date symlink: /my_new_project/ros2_ws/install/turtlesim/include/turtlesim/turtlesim/msg/detail/pose__functions.h
[10.049s] -- Up-to-date symlink: /my_new_project/ros2_ws/install/turtlesim/include/turtlesim/turtlesim/msg/detail/pose__struct.h
[10.123s] -- Up-to-date symlink: /my_new_project/ros2_ws/install/turtlesim/include/turtlesim/turtlesim/msg/detail/pose__type_support.h
[10.176s] -- Up-to-date symlink: /my_new_project/ros2_ws/install/turtlesim/include/turtlesim/turtlesim/msg/pose.h
[10.229s] -- Up-to-date symlink: /my_new_project/ros2_ws/install/turtlesim/include/turtlesim/turtlesim/msg/rosidl_generator_c__visibility_control.h
[10.296s] -- Up-to-date symlink: /my_new_project/ros2_ws/install/turtlesim/include/turtlesim/turtlesim/srv/detail/kill__functions.h
[10.364s] -- Up-to-date symlink: /my_new_project/ros2_ws/install/turtlesim/include/turtlesim/turtlesim/srv/detail/kill__struct.h
[10.431s] -- Up-to-date symlink: /my_new_project/ros2_ws/install/turtlesim/include/turtlesim/turtlesim/srv/detail/kill__type_support.h
[10.502s] -- Up-to-date symlink: /my_new_project/ros2_ws/install/turtlesim/include/turtlesim/turtlesim/srv/detail/set_pen__functions.h
[10.575s] -- Up-to-date symlink: /my_new_project/ros2_ws/install/turtlesim/include/turtlesim/turtlesim/srv/detail/set_pen__struct.h
[10.646s] -- Up-to-date symlink: /my_new_project/ros2_ws/install/turtlesim/include/turtlesim/turtlesim/srv/detail/set_pen__type_support.h
[10.723s] -- Up-to-date symlink: /my_new_project/ros2_ws/install/turtlesim/include/turtlesim/turtlesim/srv/detail/spawn__functions.h
[10.800s] -- Up-to-date symlink: /my_new_project/ros2_ws/install/turtlesim/include/turtlesim/turtlesim/srv/detail/spawn__struct.h
[10.866s] -- Up-to-date symlink: /my_new_project/ros2_ws/install/turtlesim/include/turtlesim/turtlesim/srv/detail/spawn__type_support.h
[10.940s] -- Up-to-date symlink: /my_new_project/ros2_ws/install/turtlesim/include/turtlesim/turtlesim/srv/detail/teleport_absolute__functions.h
[11.020s] -- Up-to-date symlink: /my_new_project/ros2_ws/install/turtlesim/include/turtlesim/turtlesim/srv/detail/teleport_absolute__struct.h
[11.101s] -- Up-to-date symlink: /my_new_project/ros2_ws/install/turtlesim/include/turtlesim/turtlesim/srv/detail/teleport_absolute__type_support.h
[11.172s] -- Up-to-date symlink: /my_new_project/ros2_ws/install/turtlesim/include/turtlesim/turtlesim/srv/detail/teleport_relative__functions.h
[11.240s] -- Up-to-date symlink: /my_new_project/ros2_ws/install/turtlesim/include/turtlesim/turtlesim/srv/detail/teleport_relative__struct.h
[11.333s] -- Up-to-date symlink: /my_new_project/ros2_ws/install/turtlesim/include/turtlesim/turtlesim/srv/detail/teleport_relative__type_support.h
[11.386s] -- Up-to-date symlink: /my_new_project/ros2_ws/install/turtlesim/include/turtlesim/turtlesim/srv/kill.h
[11.437s] -- Up-to-date symlink: /my_new_project/ros2_ws/install/turtlesim/include/turtlesim/turtlesim/srv/set_pen.h
[11.492s] -- Up-to-date symlink: /my_new_project/ros2_ws/install/turtlesim/include/turtlesim/turtlesim/srv/spawn.h
[11.541s] -- Up-to-date symlink: /my_new_project/ros2_ws/install/turtlesim/include/turtlesim/turtlesim/srv/teleport_absolute.h
[11.598s] -- Up-to-date symlink: /my_new_project/ros2_ws/install/turtlesim/include/turtlesim/turtlesim/srv/teleport_relative.h
[11.624s] -- Up-to-date symlink: /my_new_project/ros2_ws/install/turtlesim/share/turtlesim/environment/library_path.sh
[11.679s] -- Up-to-date symlink: /my_new_project/ros2_ws/install/turtlesim/share/turtlesim/environment/library_path.dsv
[12.199s] -- Up-to-date symlink: /my_new_project/ros2_ws/install/turtlesim/include/turtlesim/turtlesim/action/detail/rotate_absolute__rosidl_typesupport_fastrtps_c.h
[12.287s] -- Up-to-date symlink: /my_new_project/ros2_ws/install/turtlesim/include/turtlesim/turtlesim/msg/detail/color__rosidl_typesupport_fastrtps_c.h
[12.357s] -- Up-to-date symlink: /my_new_project/ros2_ws/install/turtlesim/include/turtlesim/turtlesim/msg/detail/pose__rosidl_typesupport_fastrtps_c.h
[12.426s] -- Up-to-date symlink: /my_new_project/ros2_ws/install/turtlesim/include/turtlesim/turtlesim/msg/rosidl_typesupport_fastrtps_c__visibility_control.h
[12.491s] -- Up-to-date symlink: /my_new_project/ros2_ws/install/turtlesim/include/turtlesim/turtlesim/srv/detail/kill__rosidl_typesupport_fastrtps_c.h
[12.563s] -- Up-to-date symlink: /my_new_project/ros2_ws/install/turtlesim/include/turtlesim/turtlesim/srv/detail/set_pen__rosidl_typesupport_fastrtps_c.h
[12.625s] -- Up-to-date symlink: /my_new_project/ros2_ws/install/turtlesim/include/turtlesim/turtlesim/srv/detail/spawn__rosidl_typesupport_fastrtps_c.h
[12.700s] -- Up-to-date symlink: /my_new_project/ros2_ws/install/turtlesim/include/turtlesim/turtlesim/srv/detail/teleport_absolute__rosidl_typesupport_fastrtps_c.h
[12.779s] -- Up-to-date symlink: /my_new_project/ros2_ws/install/turtlesim/include/turtlesim/turtlesim/srv/detail/teleport_relative__rosidl_typesupport_fastrtps_c.h
[13.306s] -- Up-to-date symlink: /my_new_project/ros2_ws/install/turtlesim/include/turtlesim/turtlesim/action/detail/rotate_absolute__builder.hpp
[13.389s] -- Up-to-date symlink: /my_new_project/ros2_ws/install/turtlesim/include/turtlesim/turtlesim/action/detail/rotate_absolute__struct.hpp
[13.467s] -- Up-to-date symlink: /my_new_project/ros2_ws/install/turtlesim/include/turtlesim/turtlesim/action/detail/rotate_absolute__traits.hpp
[13.549s] -- Up-to-date symlink: /my_new_project/ros2_ws/install/turtlesim/include/turtlesim/turtlesim/action/detail/rotate_absolute__type_support.hpp
[13.614s] -- Up-to-date symlink: /my_new_project/ros2_ws/install/turtlesim/include/turtlesim/turtlesim/action/rotate_absolute.hpp
[13.680s] -- Up-to-date symlink: /my_new_project/ros2_ws/install/turtlesim/include/turtlesim/turtlesim/msg/color.hpp
[13.766s] -- Up-to-date symlink: /my_new_project/ros2_ws/install/turtlesim/include/turtlesim/turtlesim/msg/detail/color__builder.hpp
[13.904s] -- Up-to-date symlink: /my_new_project/ros2_ws/install/turtlesim/include/turtlesim/turtlesim/msg/detail/color__struct.hpp
[13.983s] -- Up-to-date symlink: /my_new_project/ros2_ws/install/turtlesim/include/turtlesim/turtlesim/msg/detail/color__traits.hpp
[14.063s] -- Up-to-date symlink: /my_new_project/ros2_ws/install/turtlesim/include/turtlesim/turtlesim/msg/detail/color__type_support.hpp
[14.141s] -- Up-to-date symlink: /my_new_project/ros2_ws/install/turtlesim/include/turtlesim/turtlesim/msg/detail/pose__builder.hpp
[14.214s] -- Up-to-date symlink: /my_new_project/ros2_ws/install/turtlesim/include/turtlesim/turtlesim/msg/detail/pose__struct.hpp
[14.297s] -- Up-to-date symlink: /my_new_project/ros2_ws/install/turtlesim/include/turtlesim/turtlesim/msg/detail/pose__traits.hpp
[14.378s] -- Up-to-date symlink: /my_new_project/ros2_ws/install/turtlesim/include/turtlesim/turtlesim/msg/detail/pose__type_support.hpp
[14.442s] -- Up-to-date symlink: /my_new_project/ros2_ws/install/turtlesim/include/turtlesim/turtlesim/msg/pose.hpp
[14.509s] -- Up-to-date symlink: /my_new_project/ros2_ws/install/turtlesim/include/turtlesim/turtlesim/msg/rosidl_generator_cpp__visibility_control.hpp
[14.588s] -- Up-to-date symlink: /my_new_project/ros2_ws/install/turtlesim/include/turtlesim/turtlesim/srv/detail/kill__builder.hpp
[14.665s] -- Up-to-date symlink: /my_new_project/ros2_ws/install/turtlesim/include/turtlesim/turtlesim/srv/detail/kill__struct.hpp
[14.738s] -- Up-to-date symlink: /my_new_project/ros2_ws/install/turtlesim/include/turtlesim/turtlesim/srv/detail/kill__traits.hpp
[14.815s] -- Up-to-date symlink: /my_new_project/ros2_ws/install/turtlesim/include/turtlesim/turtlesim/srv/detail/kill__type_support.hpp
[14.891s] -- Up-to-date symlink: /my_new_project/ros2_ws/install/turtlesim/include/turtlesim/turtlesim/srv/detail/set_pen__builder.hpp
[14.978s] -- Up-to-date symlink: /my_new_project/ros2_ws/install/turtlesim/include/turtlesim/turtlesim/srv/detail/set_pen__struct.hpp
[15.058s] -- Up-to-date symlink: /my_new_project/ros2_ws/install/turtlesim/include/turtlesim/turtlesim/srv/detail/set_pen__traits.hpp
[15.144s] -- Up-to-date symlink: /my_new_project/ros2_ws/install/turtlesim/include/turtlesim/turtlesim/srv/detail/set_pen__type_support.hpp
[15.229s] -- Up-to-date symlink: /my_new_project/ros2_ws/install/turtlesim/include/turtlesim/turtlesim/srv/detail/spawn__builder.hpp
[15.301s] -- Up-to-date symlink: /my_new_project/ros2_ws/install/turtlesim/include/turtlesim/turtlesim/srv/detail/spawn__struct.hpp
[15.380s] -- Up-to-date symlink: /my_new_project/ros2_ws/install/turtlesim/include/turtlesim/turtlesim/srv/detail/spawn__traits.hpp
[15.461s] -- Up-to-date symlink: /my_new_project/ros2_ws/install/turtlesim/include/turtlesim/turtlesim/srv/detail/spawn__type_support.hpp
[15.527s] -- Up-to-date symlink: /my_new_project/ros2_ws/install/turtlesim/include/turtlesim/turtlesim/srv/detail/teleport_absolute__builder.hpp
[15.598s] -- Up-to-date symlink: /my_new_project/ros2_ws/install/turtlesim/include/turtlesim/turtlesim/srv/detail/teleport_absolute__struct.hpp
[15.668s] -- Up-to-date symlink: /my_new_project/ros2_ws/install/turtlesim/include/turtlesim/turtlesim/srv/detail/teleport_absolute__traits.hpp
[15.774s] -- Up-to-date symlink: /my_new_project/ros2_ws/install/turtlesim/include/turtlesim/turtlesim/srv/detail/teleport_absolute__type_support.hpp
[15.842s] -- Up-to-date symlink: /my_new_project/ros2_ws/install/turtlesim/include/turtlesim/turtlesim/srv/detail/teleport_relative__builder.hpp
[15.915s] -- Up-to-date symlink: /my_new_project/ros2_ws/install/turtlesim/include/turtlesim/turtlesim/srv/detail/teleport_relative__struct.hpp
[15.976s] -- Up-to-date symlink: /my_new_project/ros2_ws/install/turtlesim/include/turtlesim/turtlesim/srv/detail/teleport_relative__traits.hpp
[16.050s] -- Up-to-date symlink: /my_new_project/ros2_ws/install/turtlesim/include/turtlesim/turtlesim/srv/detail/teleport_relative__type_support.hpp
[16.099s] -- Up-to-date symlink: /my_new_project/ros2_ws/install/turtlesim/include/turtlesim/turtlesim/srv/kill.hpp
[16.153s] -- Up-to-date symlink: /my_new_project/ros2_ws/install/turtlesim/include/turtlesim/turtlesim/srv/set_pen.hpp
[16.222s] -- Up-to-date symlink: /my_new_project/ros2_ws/install/turtlesim/include/turtlesim/turtlesim/srv/spawn.hpp
[16.279s] -- Up-to-date symlink: /my_new_project/ros2_ws/install/turtlesim/include/turtlesim/turtlesim/srv/teleport_absolute.hpp
[16.338s] -- Up-to-date symlink: /my_new_project/ros2_ws/install/turtlesim/include/turtlesim/turtlesim/srv/teleport_relative.hpp
[16.942s] -- Up-to-date symlink: /my_new_project/ros2_ws/install/turtlesim/include/turtlesim/turtlesim/action/detail/rotate_absolute__rosidl_typesupport_fastrtps_cpp.hpp
[17.025s] -- Up-to-date symlink: /my_new_project/ros2_ws/install/turtlesim/include/turtlesim/turtlesim/msg/detail/color__rosidl_typesupport_fastrtps_cpp.hpp
[17.099s] -- Up-to-date symlink: /my_new_project/ros2_ws/install/turtlesim/include/turtlesim/turtlesim/msg/detail/pose__rosidl_typesupport_fastrtps_cpp.hpp
[17.160s] -- Up-to-date symlink: /my_new_project/ros2_ws/install/turtlesim/include/turtlesim/turtlesim/msg/rosidl_typesupport_fastrtps_cpp__visibility_control.h
[17.253s] -- Up-to-date symlink: /my_new_project/ros2_ws/install/turtlesim/include/turtlesim/turtlesim/srv/detail/kill__rosidl_typesupport_fastrtps_cpp.hpp
[17.328s] -- Up-to-date symlink: /my_new_project/ros2_ws/install/turtlesim/include/turtlesim/turtlesim/srv/detail/set_pen__rosidl_typesupport_fastrtps_cpp.hpp
[17.395s] -- Up-to-date symlink: /my_new_project/ros2_ws/install/turtlesim/include/turtlesim/turtlesim/srv/detail/spawn__rosidl_typesupport_fastrtps_cpp.hpp
[17.463s] -- Up-to-date symlink: /my_new_project/ros2_ws/install/turtlesim/include/turtlesim/turtlesim/srv/detail/teleport_absolute__rosidl_typesupport_fastrtps_cpp.hpp
[17.531s] -- Up-to-date symlink: /my_new_project/ros2_ws/install/turtlesim/include/turtlesim/turtlesim/srv/detail/teleport_relative__rosidl_typesupport_fastrtps_cpp.hpp
[17.811s] -- Up-to-date symlink: /my_new_project/ros2_ws/install/turtlesim/include/turtlesim/turtlesim/action/detail/rotate_absolute__rosidl_typesupport_introspection_c.h
[17.882s] -- Up-to-date symlink: /my_new_project/ros2_ws/install/turtlesim/include/turtlesim/turtlesim/msg/detail/color__rosidl_typesupport_introspection_c.h
[17.974s] -- Up-to-date symlink: /my_new_project/ros2_ws/install/turtlesim/include/turtlesim/turtlesim/msg/detail/pose__rosidl_typesupport_introspection_c.h
[18.033s] -- Up-to-date symlink: /my_new_project/ros2_ws/install/turtlesim/include/turtlesim/turtlesim/msg/rosidl_typesupport_introspection_c__visibility_control.h
[18.103s] -- Up-to-date symlink: /my_new_project/ros2_ws/install/turtlesim/include/turtlesim/turtlesim/srv/detail/kill__rosidl_typesupport_introspection_c.h
[18.172s] -- Up-to-date symlink: /my_new_project/ros2_ws/install/turtlesim/include/turtlesim/turtlesim/srv/detail/set_pen__rosidl_typesupport_introspection_c.h
[18.234s] -- Up-to-date symlink: /my_new_project/ros2_ws/install/turtlesim/include/turtlesim/turtlesim/srv/detail/spawn__rosidl_typesupport_introspection_c.h
[18.306s] -- Up-to-date symlink: /my_new_project/ros2_ws/install/turtlesim/include/turtlesim/turtlesim/srv/detail/teleport_absolute__rosidl_typesupport_introspection_c.h
[18.375s] -- Up-to-date symlink: /my_new_project/ros2_ws/install/turtlesim/include/turtlesim/turtlesim/srv/detail/teleport_relative__rosidl_typesupport_introspection_c.h
[18.661s] -- Up-to-date symlink: /my_new_project/ros2_ws/install/turtlesim/include/turtlesim/turtlesim/action/detail/rotate_absolute__rosidl_typesupport_introspection_cpp.hpp
[18.729s] -- Up-to-date symlink: /my_new_project/ros2_ws/install/turtlesim/include/turtlesim/turtlesim/msg/detail/color__rosidl_typesupport_introspection_cpp.hpp
[18.801s] -- Up-to-date symlink: /my_new_project/ros2_ws/install/turtlesim/include/turtlesim/turtlesim/msg/detail/pose__rosidl_typesupport_introspection_cpp.hpp
[18.876s] -- Up-to-date symlink: /my_new_project/ros2_ws/install/turtlesim/include/turtlesim/turtlesim/srv/detail/kill__rosidl_typesupport_introspection_cpp.hpp
[18.950s] -- Up-to-date symlink: /my_new_project/ros2_ws/install/turtlesim/include/turtlesim/turtlesim/srv/detail/set_pen__rosidl_typesupport_introspection_cpp.hpp
[19.020s] -- Up-to-date symlink: /my_new_project/ros2_ws/install/turtlesim/include/turtlesim/turtlesim/srv/detail/spawn__rosidl_typesupport_introspection_cpp.hpp
[19.097s] -- Up-to-date symlink: /my_new_project/ros2_ws/install/turtlesim/include/turtlesim/turtlesim/srv/detail/teleport_absolute__rosidl_typesupport_introspection_cpp.hpp
[19.182s] -- Up-to-date symlink: /my_new_project/ros2_ws/install/turtlesim/include/turtlesim/turtlesim/srv/detail/teleport_relative__rosidl_typesupport_introspection_cpp.hpp
[19.226s] -- Up-to-date symlink: /my_new_project/ros2_ws/install/turtlesim/share/turtlesim/environment/pythonpath.sh
[19.264s] -- Up-to-date symlink: /my_new_project/ros2_ws/install/turtlesim/share/turtlesim/environment/pythonpath.dsv
[19.374s] -- Up-to-date symlink: /my_new_project/ros2_ws/install/turtlesim/lib/python3.12/site-packages/turtlesim-1.8.3-py3.12.egg-info/PKG-INFO
[19.436s] -- Up-to-date symlink: /my_new_project/ros2_ws/install/turtlesim/lib/python3.12/site-packages/turtlesim-1.8.3-py3.12.egg-info/SOURCES.txt
[19.497s] -- Up-to-date symlink: /my_new_project/ros2_ws/install/turtlesim/lib/python3.12/site-packages/turtlesim-1.8.3-py3.12.egg-info/dependency_links.txt
[19.555s] -- Up-to-date symlink: /my_new_project/ros2_ws/install/turtlesim/lib/python3.12/site-packages/turtlesim-1.8.3-py3.12.egg-info/top_level.txt
[20.283s] -- Up-to-date symlink: /my_new_project/ros2_ws/install/turtlesim/lib/python3.12/site-packages/turtlesim/__init__.py
[20.340s] -- Up-to-date symlink: /my_new_project/ros2_ws/install/turtlesim/lib/python3.12/site-packages/turtlesim/_turtlesim_s.ep.rosidl_typesupport_c.c
[20.404s] -- Up-to-date symlink: /my_new_project/ros2_ws/install/turtlesim/lib/python3.12/site-packages/turtlesim/_turtlesim_s.ep.rosidl_typesupport_fastrtps_c.c
[20.475s] -- Up-to-date symlink: /my_new_project/ros2_ws/install/turtlesim/lib/python3.12/site-packages/turtlesim/_turtlesim_s.ep.rosidl_typesupport_introspection_c.c
[20.577s] -- Up-to-date symlink: /my_new_project/ros2_ws/install/turtlesim/lib/python3.12/site-packages/turtlesim/action/__init__.py
[20.668s] -- Up-to-date symlink: /my_new_project/ros2_ws/install/turtlesim/lib/python3.12/site-packages/turtlesim/action/_rotate_absolute.py
[20.742s] -- Up-to-date symlink: /my_new_project/ros2_ws/install/turtlesim/lib/python3.12/site-packages/turtlesim/action/_rotate_absolute_s.c
[20.835s] -- Up-to-date symlink: /my_new_project/ros2_ws/install/turtlesim/lib/python3.12/site-packages/turtlesim/msg/__init__.py
[20.909s] -- Up-to-date symlink: /my_new_project/ros2_ws/install/turtlesim/lib/python3.12/site-packages/turtlesim/msg/_color.py
[20.985s] -- Up-to-date symlink: /my_new_project/ros2_ws/install/turtlesim/lib/python3.12/site-packages/turtlesim/msg/_color_s.c
[21.061s] -- Up-to-date symlink: /my_new_project/ros2_ws/install/turtlesim/lib/python3.12/site-packages/turtlesim/msg/_pose.py
[21.126s] -- Up-to-date symlink: /my_new_project/ros2_ws/install/turtlesim/lib/python3.12/site-packages/turtlesim/msg/_pose_s.c
[21.193s] -- Up-to-date symlink: /my_new_project/ros2_ws/install/turtlesim/lib/python3.12/site-packages/turtlesim/srv/__init__.py
[21.262s] -- Up-to-date symlink: /my_new_project/ros2_ws/install/turtlesim/lib/python3.12/site-packages/turtlesim/srv/_kill.py
[21.319s] -- Up-to-date symlink: /my_new_project/ros2_ws/install/turtlesim/lib/python3.12/site-packages/turtlesim/srv/_kill_s.c
[21.379s] -- Up-to-date symlink: /my_new_project/ros2_ws/install/turtlesim/lib/python3.12/site-packages/turtlesim/srv/_set_pen.py
[21.437s] -- Up-to-date symlink: /my_new_project/ros2_ws/install/turtlesim/lib/python3.12/site-packages/turtlesim/srv/_set_pen_s.c
[21.497s] -- Up-to-date symlink: /my_new_project/ros2_ws/install/turtlesim/lib/python3.12/site-packages/turtlesim/srv/_spawn.py
[21.560s] -- Up-to-date symlink: /my_new_project/ros2_ws/install/turtlesim/lib/python3.12/site-packages/turtlesim/srv/_spawn_s.c
[21.618s] -- Up-to-date symlink: /my_new_project/ros2_ws/install/turtlesim/lib/python3.12/site-packages/turtlesim/srv/_teleport_absolute.py
[21.681s] -- Up-to-date symlink: /my_new_project/ros2_ws/install/turtlesim/lib/python3.12/site-packages/turtlesim/srv/_teleport_absolute_s.c
[21.738s] -- Up-to-date symlink: /my_new_project/ros2_ws/install/turtlesim/lib/python3.12/site-packages/turtlesim/srv/_teleport_relative.py
[21.797s] -- Up-to-date symlink: /my_new_project/ros2_ws/install/turtlesim/lib/python3.12/site-packages/turtlesim/srv/_teleport_relative_s.c
[21.840s] -- Up-to-date symlink: /my_new_project/ros2_ws/install/turtlesim/lib/python3.12/site-packages/turtlesim/turtlesim_s__rosidl_typesupport_c.so
[21.885s] -- Up-to-date symlink: /my_new_project/ros2_ws/install/turtlesim/lib/python3.12/site-packages/turtlesim/turtlesim_s__rosidl_typesupport_fastrtps_c.so
[21.928s] -- Up-to-date symlink: /my_new_project/ros2_ws/install/turtlesim/lib/python3.12/site-packages/turtlesim/turtlesim_s__rosidl_typesupport_introspection_c.so
[21.975s] -- Up-to-date symlink: /my_new_project/ros2_ws/install/turtlesim/lib/python3.12/site-packages/turtlesim/turtlesim_s__rosidl_typesupport_fastrtps_c.so
[22.009s] -- Up-to-date symlink: /my_new_project/ros2_ws/install/turtlesim/lib/python3.12/site-packages/turtlesim/turtlesim_s__rosidl_typesupport_introspection_c.so
[22.041s] -- Up-to-date symlink: /my_new_project/ros2_ws/install/turtlesim/lib/python3.12/site-packages/turtlesim/turtlesim_s__rosidl_typesupport_c.so
[22.095s] -- Up-to-date symlink: /my_new_project/ros2_ws/install/turtlesim/share/turtlesim/action/RotateAbsolute.idl
[22.149s] -- Up-to-date symlink: /my_new_project/ros2_ws/install/turtlesim/share/turtlesim/msg/Color.idl
[22.196s] -- Up-to-date symlink: /my_new_project/ros2_ws/install/turtlesim/share/turtlesim/msg/Pose.idl
[22.243s] -- Up-to-date symlink: /my_new_project/ros2_ws/install/turtlesim/share/turtlesim/srv/Kill.idl
[22.289s] -- Up-to-date symlink: /my_new_project/ros2_ws/install/turtlesim/share/turtlesim/srv/SetPen.idl
[22.329s] -- Up-to-date symlink: /my_new_project/ros2_ws/install/turtlesim/share/turtlesim/srv/Spawn.idl
[22.367s] -- Up-to-date symlink: /my_new_project/ros2_ws/install/turtlesim/share/turtlesim/srv/TeleportAbsolute.idl
[22.407s] -- Up-to-date symlink: /my_new_project/ros2_ws/install/turtlesim/share/turtlesim/srv/TeleportRelative.idl
[22.443s] -- Up-to-date symlink: /my_new_project/ros2_ws/install/turtlesim/share/turtlesim/action/RotateAbsolute.action
[22.488s] -- Up-to-date symlink: /my_new_project/ros2_ws/install/turtlesim/share/turtlesim/msg/Color.msg
[22.524s] -- Up-to-date symlink: /my_new_project/ros2_ws/install/turtlesim/share/turtlesim/msg/Pose.msg
[22.567s] -- Up-to-date symlink: /my_new_project/ros2_ws/install/turtlesim/share/turtlesim/srv/Kill.srv
[22.605s] -- Up-to-date symlink: /my_new_project/ros2_ws/install/turtlesim/share/turtlesim/srv/SetPen.srv
[22.641s] -- Up-to-date symlink: /my_new_project/ros2_ws/install/turtlesim/share/turtlesim/srv/Spawn.srv
[22.676s] -- Up-to-date symlink: /my_new_project/ros2_ws/install/turtlesim/share/turtlesim/srv/TeleportAbsolute.srv
[22.728s] -- Up-to-date symlink: /my_new_project/ros2_ws/install/turtlesim/share/turtlesim/srv/TeleportRelative.srv
[22.765s] -- Up-to-date symlink: /my_new_project/ros2_ws/install/turtlesim/lib/turtlesim/turtlesim_node
[22.808s] -- Up-to-date symlink: /my_new_project/ros2_ws/install/turtlesim/lib/turtlesim/turtle_teleop_key
[22.839s] -- Up-to-date symlink: /my_new_project/ros2_ws/install/turtlesim/lib/turtlesim/draw_square
[22.870s] -- Up-to-date symlink: /my_new_project/ros2_ws/install/turtlesim/lib/turtlesim/mimic
[22.947s] -- Up-to-date symlink: /my_new_project/ros2_ws/install/turtlesim/share/turtlesim/launch/multisim.launch.py
[23.039s] -- Up-to-date symlink: /my_new_project/ros2_ws/install/turtlesim/share/ament_index/resource_index/package_run_dependencies/turtlesim
[23.130s] -- Up-to-date symlink: /my_new_project/ros2_ws/install/turtlesim/share/ament_index/resource_index/parent_prefix_path/turtlesim
[23.178s] -- Up-to-date symlink: /my_new_project/ros2_ws/install/turtlesim/share/turtlesim/environment/ament_prefix_path.sh
[23.223s] -- Up-to-date symlink: /my_new_project/ros2_ws/install/turtlesim/share/turtlesim/environment/ament_prefix_path.dsv
[23.259s] -- Up-to-date symlink: /my_new_project/ros2_ws/install/turtlesim/share/turtlesim/environment/path.sh
[23.296s] -- Up-to-date symlink: /my_new_project/ros2_ws/install/turtlesim/share/turtlesim/environment/path.dsv
[23.326s] -- Up-to-date symlink: /my_new_project/ros2_ws/install/turtlesim/share/turtlesim/local_setup.bash
[23.355s] -- Up-to-date symlink: /my_new_project/ros2_ws/install/turtlesim/share/turtlesim/local_setup.sh
[23.387s] -- Up-to-date symlink: /my_new_project/ros2_ws/install/turtlesim/share/turtlesim/local_setup.zsh
[23.415s] -- Up-to-date symlink: /my_new_project/ros2_ws/install/turtlesim/share/turtlesim/local_setup.dsv
[23.430s] -- Symlinking: /my_new_project/ros2_ws/install/turtlesim/share/turtlesim/package.dsv
[23.699s] -- Up-to-date symlink: /my_new_project/ros2_ws/install/turtlesim/share/ament_index/resource_index/packages/turtlesim
[23.736s] -- Up-to-date symlink: /my_new_project/ros2_ws/install/turtlesim/share/turtlesim/cmake/rosidl_cmake-extras.cmake
[23.775s] -- Up-to-date symlink: /my_new_project/ros2_ws/install/turtlesim/share/turtlesim/cmake/ament_cmake_export_dependencies-extras.cmake
[23.813s] -- Up-to-date symlink: /my_new_project/ros2_ws/install/turtlesim/share/turtlesim/cmake/ament_cmake_export_include_directories-extras.cmake
[23.855s] -- Up-to-date symlink: /my_new_project/ros2_ws/install/turtlesim/share/turtlesim/cmake/ament_cmake_export_libraries-extras.cmake
[23.901s] -- Up-to-date symlink: /my_new_project/ros2_ws/install/turtlesim/share/turtlesim/cmake/ament_cmake_export_targets-extras.cmake
[23.942s] -- Up-to-date symlink: /my_new_project/ros2_ws/install/turtlesim/share/turtlesim/cmake/rosidl_cmake_export_typesupport_targets-extras.cmake
[23.998s] -- Up-to-date symlink: /my_new_project/ros2_ws/install/turtlesim/share/turtlesim/cmake/rosidl_cmake_export_typesupport_libraries-extras.cmake
[24.045s] -- Up-to-date symlink: /my_new_project/ros2_ws/install/turtlesim/share/turtlesim/cmake/turtlesimConfig.cmake
[24.086s] -- Up-to-date symlink: /my_new_project/ros2_ws/install/turtlesim/share/turtlesim/cmake/turtlesimConfig-version.cmake
[24.123s] -- Up-to-date symlink: /my_new_project/ros2_ws/install/turtlesim/share/turtlesim/package.xml
[24.191s] -- Up-to-date: /my_new_project/ros2_ws/install/turtlesim/lib/libturtlesim__rosidl_generator_c.so
[24.308s] -- Up-to-date: /my_new_project/ros2_ws/install/turtlesim/lib/libturtlesim__rosidl_typesupport_fastrtps_c.so
[24.421s] -- Up-to-date: /my_new_project/ros2_ws/install/turtlesim/lib/libturtlesim__rosidl_typesupport_fastrtps_cpp.so
[24.536s] -- Up-to-date: /my_new_project/ros2_ws/install/turtlesim/lib/libturtlesim__rosidl_typesupport_introspection_c.so
[24.653s] -- Up-to-date: /my_new_project/ros2_ws/install/turtlesim/lib/libturtlesim__rosidl_typesupport_c.so
[24.765s] -- Up-to-date: /my_new_project/ros2_ws/install/turtlesim/lib/libturtlesim__rosidl_typesupport_introspection_cpp.so
[24.882s] -- Up-to-date: /my_new_project/ros2_ws/install/turtlesim/lib/libturtlesim__rosidl_typesupport_cpp.so
[26.003s] Listing '/my_new_project/ros2_ws/install/turtlesim/lib/python3.12/site-packages/turtlesim'...
[26.004s] Listing '/my_new_project/ros2_ws/install/turtlesim/lib/python3.12/site-packages/turtlesim/action'...
[26.005s] Listing '/my_new_project/ros2_ws/install/turtlesim/lib/python3.12/site-packages/turtlesim/msg'...
[26.006s] Listing '/my_new_project/ros2_ws/install/turtlesim/lib/python3.12/site-packages/turtlesim/srv'...
[26.061s] -- Up-to-date: /my_new_project/ros2_ws/install/turtlesim/lib/libturtlesim__rosidl_generator_py.so
[26.130s] -- Up-to-date: /my_new_project/ros2_ws/install/turtlesim/share/turtlesim/images
[26.169s] -- Up-to-date: /my_new_project/ros2_ws/install/turtlesim/share/turtlesim/images/ardent.png
[26.206s] -- Up-to-date: /my_new_project/ros2_ws/install/turtlesim/share/turtlesim/images/bouncy.png
[26.244s] -- Up-to-date: /my_new_project/ros2_ws/install/turtlesim/share/turtlesim/images/crystal.png
[26.275s] -- Up-to-date: /my_new_project/ros2_ws/install/turtlesim/share/turtlesim/images/dashing.png
[26.308s] -- Up-to-date: /my_new_project/ros2_ws/install/turtlesim/share/turtlesim/images/eloquent.png
[26.343s] -- Up-to-date: /my_new_project/ros2_ws/install/turtlesim/share/turtlesim/images/foxy.png
[26.372s] -- Up-to-date: /my_new_project/ros2_ws/install/turtlesim/share/turtlesim/images/galactic.png
[26.403s] -- Up-to-date: /my_new_project/ros2_ws/install/turtlesim/share/turtlesim/images/humble.png
[26.438s] -- Up-to-date: /my_new_project/ros2_ws/install/turtlesim/share/turtlesim/images/iron.png
[26.468s] -- Up-to-date: /my_new_project/ros2_ws/install/turtlesim/share/turtlesim/images/jazzy.png
[26.501s] -- Up-to-date: /my_new_project/ros2_ws/install/turtlesim/share/turtlesim/images/rolling.png
[26.564s] -- Up-to-date: /my_new_project/ros2_ws/install/turtlesim/share/turtlesim/cmake/export_turtlesim__rosidl_generator_cExport.cmake
[26.604s] -- Up-to-date: /my_new_project/ros2_ws/install/turtlesim/share/turtlesim/cmake/export_turtlesim__rosidl_generator_cExport-noconfig.cmake
[26.666s] -- Up-to-date: /my_new_project/ros2_ws/install/turtlesim/share/turtlesim/cmake/export_turtlesim__rosidl_typesupport_fastrtps_cExport.cmake
[26.706s] -- Up-to-date: /my_new_project/ros2_ws/install/turtlesim/share/turtlesim/cmake/export_turtlesim__rosidl_typesupport_fastrtps_cExport-noconfig.cmake
[26.768s] -- Up-to-date: /my_new_project/ros2_ws/install/turtlesim/share/turtlesim/cmake/export_turtlesim__rosidl_generator_cppExport.cmake
[26.836s] -- Up-to-date: /my_new_project/ros2_ws/install/turtlesim/share/turtlesim/cmake/export_turtlesim__rosidl_typesupport_fastrtps_cppExport.cmake
[26.875s] -- Up-to-date: /my_new_project/ros2_ws/install/turtlesim/share/turtlesim/cmake/export_turtlesim__rosidl_typesupport_fastrtps_cppExport-noconfig.cmake
[26.940s] -- Up-to-date: /my_new_project/ros2_ws/install/turtlesim/share/turtlesim/cmake/turtlesim__rosidl_typesupport_introspection_cExport.cmake
[26.981s] -- Up-to-date: /my_new_project/ros2_ws/install/turtlesim/share/turtlesim/cmake/turtlesim__rosidl_typesupport_introspection_cExport-noconfig.cmake
[27.050s] -- Up-to-date: /my_new_project/ros2_ws/install/turtlesim/share/turtlesim/cmake/turtlesim__rosidl_typesupport_cExport.cmake
[27.091s] -- Up-to-date: /my_new_project/ros2_ws/install/turtlesim/share/turtlesim/cmake/turtlesim__rosidl_typesupport_cExport-noconfig.cmake
[27.156s] -- Up-to-date: /my_new_project/ros2_ws/install/turtlesim/share/turtlesim/cmake/turtlesim__rosidl_typesupport_introspection_cppExport.cmake
[27.199s] -- Up-to-date: /my_new_project/ros2_ws/install/turtlesim/share/turtlesim/cmake/turtlesim__rosidl_typesupport_introspection_cppExport-noconfig.cmake
[27.271s] -- Up-to-date: /my_new_project/ros2_ws/install/turtlesim/share/turtlesim/cmake/turtlesim__rosidl_typesupport_cppExport.cmake
[27.309s] -- Up-to-date: /my_new_project/ros2_ws/install/turtlesim/share/turtlesim/cmake/turtlesim__rosidl_typesupport_cppExport-noconfig.cmake
[27.368s] -- Up-to-date: /my_new_project/ros2_ws/install/turtlesim/share/turtlesim/cmake/export_turtlesim__rosidl_generator_pyExport.cmake
[27.402s] -- Up-to-date: /my_new_project/ros2_ws/install/turtlesim/share/turtlesim/cmake/export_turtlesim__rosidl_generator_pyExport-noconfig.cmake
[27.458s] Invoked command in '/my_new_project/ros2_ws/build/turtlesim' returned '0': CMAKE_PREFIX_PATH=${CMAKE_PREFIX_PATH}:/opt/ros/jazzy /usr/bin/cmake --install /my_new_project/ros2_ws/build/turtlesim
