[0.992s] Invoking command in '/my_new_project/ros2_ws/build/turtlesim': CMAKE_PREFIX_PATH=${CMAKE_PREFIX_PATH}:/opt/ros/jazzy /usr/bin/cmake --build /my_new_project/ros2_ws/build/turtlesim -- -j16 -l16
[1.644s] [  0%] Built target turtlesim__rosidl_generator_type_description
[2.177s] [  1%] Built target turtlesim__cpp
[3.093s] [ 24%] Built target turtlesim__rosidl_generator_c
[3.164s] [ 24%] Built target ament_cmake_python_copy_turtlesim
[3.746s] [ 41%] Built target turtlesim__rosidl_typesupport_c
[3.755s] [ 42%] Built target turtlesim__rosidl_typesupport_cpp
[3.776s] running egg_info
[3.819s] writing turtlesim.egg-info/PKG-INFO
[3.851s] writing dependency_links to turtlesim.egg-info/dependency_links.txt
[3.855s] writing top-level names to turtlesim.egg-info/top_level.txt
[3.975s] [ 58%] Built target turtlesim__rosidl_typesupport_introspection_cpp
[4.030s] [ 66%] Built target turtlesim__rosidl_typesupport_introspection_c
[4.033s] [ 67%] Built target turtlesim__rosidl_typesupport_fastrtps_c
[4.035s] [ 69%] Built target draw_square
[4.037s] [ 70%] Built target mimic
[4.050s] [ 72%] Built target turtle_teleop_key
[4.086s] reading manifest file 'turtlesim.egg-info/SOURCES.txt'
[4.154s] [ 81%] Built target turtlesim__rosidl_typesupport_fastrtps_cpp
[4.198s] writing manifest file 'turtlesim.egg-info/SOURCES.txt'
[4.259s] [ 81%] Built target turtlesim
[4.268s] [ 81%] Built target ament_cmake_python_build_turtlesim_egg
[4.298s] [ 86%] Built target turtlesim_node
[4.550s] [ 86%] Built target turtlesim__py
[5.085s] [ 94%] Built target turtlesim__rosidl_generator_py
[5.337s] [100%] Built target turtlesim_s__rosidl_typesupport_fastrtps_c
[5.340s] [100%] Built target turtlesim_s__rosidl_typesupport_introspection_c
[5.342s] [100%] Built target turtlesim_s__rosidl_typesupport_c
[5.954s] Invoked command in '/my_new_project/ros2_ws/build/turtlesim' returned '0': CMAKE_PREFIX_PATH=${CMAKE_PREFIX_PATH}:/opt/ros/jazzy /usr/bin/cmake --build /my_new_project/ros2_ws/build/turtlesim -- -j16 -l16
[6.066s] Invoking command in '/my_new_project/ros2_ws/build/turtlesim': CMAKE_PREFIX_PATH=${CMAKE_PREFIX_PATH}:/opt/ros/jazzy /usr/bin/cmake --install /my_new_project/ros2_ws/build/turtlesim
[6.124s] -- Install configuration: ""
[6.171s] -- Up-to-date: /my_new_project/ros2_ws/install/turtlesim/share/ament_index/resource_index/rosidl_interfaces/turtlesim
[6.212s] -- Up-to-date: /my_new_project/ros2_ws/install/turtlesim/share/turtlesim/action/RotateAbsolute.json
[6.253s] -- Up-to-date: /my_new_project/ros2_ws/install/turtlesim/share/turtlesim/msg/Color.json
[6.294s] -- Up-to-date: /my_new_project/ros2_ws/install/turtlesim/share/turtlesim/msg/Pose.json
[6.333s] -- Up-to-date: /my_new_project/ros2_ws/install/turtlesim/share/turtlesim/srv/Kill.json
[6.372s] -- Up-to-date: /my_new_project/ros2_ws/install/turtlesim/share/turtlesim/srv/SetPen.json
[6.411s] -- Up-to-date: /my_new_project/ros2_ws/install/turtlesim/share/turtlesim/srv/Spawn.json
[6.448s] -- Up-to-date: /my_new_project/ros2_ws/install/turtlesim/share/turtlesim/srv/TeleportAbsolute.json
[6.485s] -- Up-to-date: /my_new_project/ros2_ws/install/turtlesim/share/turtlesim/srv/TeleportRelative.json
[6.512s] -- Up-to-date: /my_new_project/ros2_ws/install/turtlesim/include/turtlesim/turtlesim
[6.548s] -- Up-to-date: /my_new_project/ros2_ws/install/turtlesim/include/turtlesim/turtlesim/action
[6.593s] -- Up-to-date: /my_new_project/ros2_ws/install/turtlesim/include/turtlesim/turtlesim/action/detail
[6.645s] -- Up-to-date: /my_new_project/ros2_ws/install/turtlesim/include/turtlesim/turtlesim/action/detail/rotate_absolute__description.c
[6.689s] -- Up-to-date: /my_new_project/ros2_ws/install/turtlesim/include/turtlesim/turtlesim/action/detail/rotate_absolute__functions.c
[6.733s] -- Up-to-date: /my_new_project/ros2_ws/install/turtlesim/include/turtlesim/turtlesim/action/detail/rotate_absolute__functions.h
[6.774s] -- Up-to-date: /my_new_project/ros2_ws/install/turtlesim/include/turtlesim/turtlesim/action/detail/rotate_absolute__struct.h
[6.815s] -- Installing: /my_new_project/ros2_ws/install/turtlesim/include/turtlesim/turtlesim/action/detail/rotate_absolute__type_support.c
[6.982s] -- Up-to-date: /my_new_project/ros2_ws/install/turtlesim/include/turtlesim/turtlesim/action/detail/rotate_absolute__type_support.h
[7.020s] -- Up-to-date: /my_new_project/ros2_ws/install/turtlesim/include/turtlesim/turtlesim/action/rotate_absolute.h
[7.050s] -- Up-to-date: /my_new_project/ros2_ws/install/turtlesim/include/turtlesim/turtlesim/msg
[7.094s] -- Up-to-date: /my_new_project/ros2_ws/install/turtlesim/include/turtlesim/turtlesim/msg/color.h
[7.129s] -- Up-to-date: /my_new_project/ros2_ws/install/turtlesim/include/turtlesim/turtlesim/msg/detail
[7.183s] -- Up-to-date: /my_new_project/ros2_ws/install/turtlesim/include/turtlesim/turtlesim/msg/detail/color__description.c
[7.227s] -- Up-to-date: /my_new_project/ros2_ws/install/turtlesim/include/turtlesim/turtlesim/msg/detail/color__functions.c
[7.269s] -- Up-to-date: /my_new_project/ros2_ws/install/turtlesim/include/turtlesim/turtlesim/msg/detail/color__functions.h
[7.310s] -- Up-to-date: /my_new_project/ros2_ws/install/turtlesim/include/turtlesim/turtlesim/msg/detail/color__struct.h
[7.350s] -- Installing: /my_new_project/ros2_ws/install/turtlesim/include/turtlesim/turtlesim/msg/detail/color__type_support.c
[7.504s] -- Up-to-date: /my_new_project/ros2_ws/install/turtlesim/include/turtlesim/turtlesim/msg/detail/color__type_support.h
[7.547s] -- Up-to-date: /my_new_project/ros2_ws/install/turtlesim/include/turtlesim/turtlesim/msg/detail/pose__description.c
[7.588s] -- Up-to-date: /my_new_project/ros2_ws/install/turtlesim/include/turtlesim/turtlesim/msg/detail/pose__functions.c
[7.629s] -- Up-to-date: /my_new_project/ros2_ws/install/turtlesim/include/turtlesim/turtlesim/msg/detail/pose__functions.h
[7.668s] -- Up-to-date: /my_new_project/ros2_ws/install/turtlesim/include/turtlesim/turtlesim/msg/detail/pose__struct.h
[7.706s] -- Installing: /my_new_project/ros2_ws/install/turtlesim/include/turtlesim/turtlesim/msg/detail/pose__type_support.c
[7.864s] -- Up-to-date: /my_new_project/ros2_ws/install/turtlesim/include/turtlesim/turtlesim/msg/detail/pose__type_support.h
[7.891s] -- Up-to-date: /my_new_project/ros2_ws/install/turtlesim/include/turtlesim/turtlesim/msg/pose.h
[7.923s] -- Up-to-date: /my_new_project/ros2_ws/install/turtlesim/include/turtlesim/turtlesim/msg/rosidl_generator_c__visibility_control.h
[7.946s] -- Up-to-date: /my_new_project/ros2_ws/install/turtlesim/include/turtlesim/turtlesim/srv
[7.989s] -- Up-to-date: /my_new_project/ros2_ws/install/turtlesim/include/turtlesim/turtlesim/srv/detail
[8.050s] -- Up-to-date: /my_new_project/ros2_ws/install/turtlesim/include/turtlesim/turtlesim/srv/detail/kill__description.c
[8.094s] -- Up-to-date: /my_new_project/ros2_ws/install/turtlesim/include/turtlesim/turtlesim/srv/detail/kill__functions.c
[8.139s] -- Up-to-date: /my_new_project/ros2_ws/install/turtlesim/include/turtlesim/turtlesim/srv/detail/kill__functions.h
[8.184s] -- Up-to-date: /my_new_project/ros2_ws/install/turtlesim/include/turtlesim/turtlesim/srv/detail/kill__struct.h
[8.225s] -- Installing: /my_new_project/ros2_ws/install/turtlesim/include/turtlesim/turtlesim/srv/detail/kill__type_support.c
[8.372s] -- Up-to-date: /my_new_project/ros2_ws/install/turtlesim/include/turtlesim/turtlesim/srv/detail/kill__type_support.h
[8.407s] -- Up-to-date: /my_new_project/ros2_ws/install/turtlesim/include/turtlesim/turtlesim/srv/detail/set_pen__description.c
[8.445s] -- Up-to-date: /my_new_project/ros2_ws/install/turtlesim/include/turtlesim/turtlesim/srv/detail/set_pen__functions.c
[8.487s] -- Up-to-date: /my_new_project/ros2_ws/install/turtlesim/include/turtlesim/turtlesim/srv/detail/set_pen__functions.h
[8.525s] -- Up-to-date: /my_new_project/ros2_ws/install/turtlesim/include/turtlesim/turtlesim/srv/detail/set_pen__struct.h
[8.561s] -- Installing: /my_new_project/ros2_ws/install/turtlesim/include/turtlesim/turtlesim/srv/detail/set_pen__type_support.c
[8.717s] -- Up-to-date: /my_new_project/ros2_ws/install/turtlesim/include/turtlesim/turtlesim/srv/detail/set_pen__type_support.h
[8.754s] -- Up-to-date: /my_new_project/ros2_ws/install/turtlesim/include/turtlesim/turtlesim/srv/detail/spawn__description.c
[8.787s] -- Up-to-date: /my_new_project/ros2_ws/install/turtlesim/include/turtlesim/turtlesim/srv/detail/spawn__functions.c
[8.825s] -- Up-to-date: /my_new_project/ros2_ws/install/turtlesim/include/turtlesim/turtlesim/srv/detail/spawn__functions.h
[8.855s] -- Up-to-date: /my_new_project/ros2_ws/install/turtlesim/include/turtlesim/turtlesim/srv/detail/spawn__struct.h
[8.894s] -- Installing: /my_new_project/ros2_ws/install/turtlesim/include/turtlesim/turtlesim/srv/detail/spawn__type_support.c
[9.064s] -- Up-to-date: /my_new_project/ros2_ws/install/turtlesim/include/turtlesim/turtlesim/srv/detail/spawn__type_support.h
[9.119s] -- Up-to-date: /my_new_project/ros2_ws/install/turtlesim/include/turtlesim/turtlesim/srv/detail/teleport_absolute__description.c
[9.157s] -- Up-to-date: /my_new_project/ros2_ws/install/turtlesim/include/turtlesim/turtlesim/srv/detail/teleport_absolute__functions.c
[9.193s] -- Up-to-date: /my_new_project/ros2_ws/install/turtlesim/include/turtlesim/turtlesim/srv/detail/teleport_absolute__functions.h
[9.231s] -- Up-to-date: /my_new_project/ros2_ws/install/turtlesim/include/turtlesim/turtlesim/srv/detail/teleport_absolute__struct.h
[9.270s] -- Installing: /my_new_project/ros2_ws/install/turtlesim/include/turtlesim/turtlesim/srv/detail/teleport_absolute__type_support.c
[9.430s] -- Up-to-date: /my_new_project/ros2_ws/install/turtlesim/include/turtlesim/turtlesim/srv/detail/teleport_absolute__type_support.h
[9.469s] -- Up-to-date: /my_new_project/ros2_ws/install/turtlesim/include/turtlesim/turtlesim/srv/detail/teleport_relative__description.c
[9.510s] -- Up-to-date: /my_new_project/ros2_ws/install/turtlesim/include/turtlesim/turtlesim/srv/detail/teleport_relative__functions.c
[9.549s] -- Up-to-date: /my_new_project/ros2_ws/install/turtlesim/include/turtlesim/turtlesim/srv/detail/teleport_relative__functions.h
[9.591s] -- Up-to-date: /my_new_project/ros2_ws/install/turtlesim/include/turtlesim/turtlesim/srv/detail/teleport_relative__struct.h
[9.639s] -- Installing: /my_new_project/ros2_ws/install/turtlesim/include/turtlesim/turtlesim/srv/detail/teleport_relative__type_support.c
[9.808s] -- Up-to-date: /my_new_project/ros2_ws/install/turtlesim/include/turtlesim/turtlesim/srv/detail/teleport_relative__type_support.h
[9.847s] -- Up-to-date: /my_new_project/ros2_ws/install/turtlesim/include/turtlesim/turtlesim/srv/kill.h
[9.885s] -- Up-to-date: /my_new_project/ros2_ws/install/turtlesim/include/turtlesim/turtlesim/srv/set_pen.h
[9.920s] -- Up-to-date: /my_new_project/ros2_ws/install/turtlesim/include/turtlesim/turtlesim/srv/spawn.h
[9.957s] -- Up-to-date: /my_new_project/ros2_ws/install/turtlesim/include/turtlesim/turtlesim/srv/teleport_absolute.h
[9.990s] -- Up-to-date: /my_new_project/ros2_ws/install/turtlesim/include/turtlesim/turtlesim/srv/teleport_relative.h
[10.018s] -- Up-to-date: /my_new_project/ros2_ws/install/turtlesim/share/turtlesim/environment/library_path.sh
[10.052s] -- Up-to-date: /my_new_project/ros2_ws/install/turtlesim/share/turtlesim/environment/library_path.dsv
[10.129s] -- Up-to-date: /my_new_project/ros2_ws/install/turtlesim/lib/libturtlesim__rosidl_generator_c.so
[10.190s] -- Up-to-date: /my_new_project/ros2_ws/install/turtlesim/include/turtlesim/turtlesim
[10.229s] -- Up-to-date: /my_new_project/ros2_ws/install/turtlesim/include/turtlesim/turtlesim/action
[10.275s] -- Up-to-date: /my_new_project/ros2_ws/install/turtlesim/include/turtlesim/turtlesim/action/detail
[10.326s] -- Up-to-date: /my_new_project/ros2_ws/install/turtlesim/include/turtlesim/turtlesim/action/detail/rotate_absolute__rosidl_typesupport_fastrtps_c.h
[10.355s] -- Up-to-date: /my_new_project/ros2_ws/install/turtlesim/include/turtlesim/turtlesim/msg
[10.398s] -- Up-to-date: /my_new_project/ros2_ws/install/turtlesim/include/turtlesim/turtlesim/msg/detail
[10.451s] -- Up-to-date: /my_new_project/ros2_ws/install/turtlesim/include/turtlesim/turtlesim/msg/detail/color__rosidl_typesupport_fastrtps_c.h
[10.492s] -- Up-to-date: /my_new_project/ros2_ws/install/turtlesim/include/turtlesim/turtlesim/msg/detail/pose__rosidl_typesupport_fastrtps_c.h
[10.531s] -- Up-to-date: /my_new_project/ros2_ws/install/turtlesim/include/turtlesim/turtlesim/msg/rosidl_typesupport_fastrtps_c__visibility_control.h
[10.564s] -- Up-to-date: /my_new_project/ros2_ws/install/turtlesim/include/turtlesim/turtlesim/srv
[10.612s] -- Up-to-date: /my_new_project/ros2_ws/install/turtlesim/include/turtlesim/turtlesim/srv/detail
[10.667s] -- Up-to-date: /my_new_project/ros2_ws/install/turtlesim/include/turtlesim/turtlesim/srv/detail/kill__rosidl_typesupport_fastrtps_c.h
[10.709s] -- Up-to-date: /my_new_project/ros2_ws/install/turtlesim/include/turtlesim/turtlesim/srv/detail/set_pen__rosidl_typesupport_fastrtps_c.h
[10.749s] -- Up-to-date: /my_new_project/ros2_ws/install/turtlesim/include/turtlesim/turtlesim/srv/detail/spawn__rosidl_typesupport_fastrtps_c.h
[10.792s] -- Up-to-date: /my_new_project/ros2_ws/install/turtlesim/include/turtlesim/turtlesim/srv/detail/teleport_absolute__rosidl_typesupport_fastrtps_c.h
[10.834s] -- Up-to-date: /my_new_project/ros2_ws/install/turtlesim/include/turtlesim/turtlesim/srv/detail/teleport_relative__rosidl_typesupport_fastrtps_c.h
[10.951s] -- Up-to-date: /my_new_project/ros2_ws/install/turtlesim/lib/libturtlesim__rosidl_typesupport_fastrtps_c.so
[11.018s] -- Up-to-date: /my_new_project/ros2_ws/install/turtlesim/include/turtlesim/turtlesim
[11.053s] -- Up-to-date: /my_new_project/ros2_ws/install/turtlesim/include/turtlesim/turtlesim/action
[11.097s] -- Up-to-date: /my_new_project/ros2_ws/install/turtlesim/include/turtlesim/turtlesim/action/detail
[11.150s] -- Up-to-date: /my_new_project/ros2_ws/install/turtlesim/include/turtlesim/turtlesim/action/detail/rotate_absolute__builder.hpp
[11.194s] -- Up-to-date: /my_new_project/ros2_ws/install/turtlesim/include/turtlesim/turtlesim/action/detail/rotate_absolute__struct.hpp
[11.238s] -- Up-to-date: /my_new_project/ros2_ws/install/turtlesim/include/turtlesim/turtlesim/action/detail/rotate_absolute__traits.hpp
[11.282s] -- Up-to-date: /my_new_project/ros2_ws/install/turtlesim/include/turtlesim/turtlesim/action/detail/rotate_absolute__type_support.hpp
[11.321s] -- Up-to-date: /my_new_project/ros2_ws/install/turtlesim/include/turtlesim/turtlesim/action/rotate_absolute.hpp
[11.352s] -- Up-to-date: /my_new_project/ros2_ws/install/turtlesim/include/turtlesim/turtlesim/msg
[11.400s] -- Up-to-date: /my_new_project/ros2_ws/install/turtlesim/include/turtlesim/turtlesim/msg/color.hpp
[11.439s] -- Up-to-date: /my_new_project/ros2_ws/install/turtlesim/include/turtlesim/turtlesim/msg/detail
[11.493s] -- Up-to-date: /my_new_project/ros2_ws/install/turtlesim/include/turtlesim/turtlesim/msg/detail/color__builder.hpp
[11.532s] -- Up-to-date: /my_new_project/ros2_ws/install/turtlesim/include/turtlesim/turtlesim/msg/detail/color__struct.hpp
[11.573s] -- Up-to-date: /my_new_project/ros2_ws/install/turtlesim/include/turtlesim/turtlesim/msg/detail/color__traits.hpp
[11.610s] -- Up-to-date: /my_new_project/ros2_ws/install/turtlesim/include/turtlesim/turtlesim/msg/detail/color__type_support.hpp
[11.649s] -- Up-to-date: /my_new_project/ros2_ws/install/turtlesim/include/turtlesim/turtlesim/msg/detail/pose__builder.hpp
[11.691s] -- Up-to-date: /my_new_project/ros2_ws/install/turtlesim/include/turtlesim/turtlesim/msg/detail/pose__struct.hpp
[11.727s] -- Up-to-date: /my_new_project/ros2_ws/install/turtlesim/include/turtlesim/turtlesim/msg/detail/pose__traits.hpp
[11.765s] -- Up-to-date: /my_new_project/ros2_ws/install/turtlesim/include/turtlesim/turtlesim/msg/detail/pose__type_support.hpp
[11.800s] -- Up-to-date: /my_new_project/ros2_ws/install/turtlesim/include/turtlesim/turtlesim/msg/pose.hpp
[11.837s] -- Up-to-date: /my_new_project/ros2_ws/install/turtlesim/include/turtlesim/turtlesim/msg/rosidl_generator_cpp__visibility_control.hpp
[11.865s] -- Up-to-date: /my_new_project/ros2_ws/install/turtlesim/include/turtlesim/turtlesim/srv
[11.909s] -- Up-to-date: /my_new_project/ros2_ws/install/turtlesim/include/turtlesim/turtlesim/srv/detail
[11.965s] -- Up-to-date: /my_new_project/ros2_ws/install/turtlesim/include/turtlesim/turtlesim/srv/detail/kill__builder.hpp
[12.009s] -- Up-to-date: /my_new_project/ros2_ws/install/turtlesim/include/turtlesim/turtlesim/srv/detail/kill__struct.hpp
[12.054s] -- Up-to-date: /my_new_project/ros2_ws/install/turtlesim/include/turtlesim/turtlesim/srv/detail/kill__traits.hpp
[12.099s] -- Up-to-date: /my_new_project/ros2_ws/install/turtlesim/include/turtlesim/turtlesim/srv/detail/kill__type_support.hpp
[12.141s] -- Up-to-date: /my_new_project/ros2_ws/install/turtlesim/include/turtlesim/turtlesim/srv/detail/set_pen__builder.hpp
[12.183s] -- Up-to-date: /my_new_project/ros2_ws/install/turtlesim/include/turtlesim/turtlesim/srv/detail/set_pen__struct.hpp
[12.225s] -- Up-to-date: /my_new_project/ros2_ws/install/turtlesim/include/turtlesim/turtlesim/srv/detail/set_pen__traits.hpp
[12.268s] -- Up-to-date: /my_new_project/ros2_ws/install/turtlesim/include/turtlesim/turtlesim/srv/detail/set_pen__type_support.hpp
[12.309s] -- Up-to-date: /my_new_project/ros2_ws/install/turtlesim/include/turtlesim/turtlesim/srv/detail/spawn__builder.hpp
[12.355s] -- Up-to-date: /my_new_project/ros2_ws/install/turtlesim/include/turtlesim/turtlesim/srv/detail/spawn__struct.hpp
[12.397s] -- Up-to-date: /my_new_project/ros2_ws/install/turtlesim/include/turtlesim/turtlesim/srv/detail/spawn__traits.hpp
[12.440s] -- Up-to-date: /my_new_project/ros2_ws/install/turtlesim/include/turtlesim/turtlesim/srv/detail/spawn__type_support.hpp
[12.481s] -- Up-to-date: /my_new_project/ros2_ws/install/turtlesim/include/turtlesim/turtlesim/srv/detail/teleport_absolute__builder.hpp
[12.524s] -- Up-to-date: /my_new_project/ros2_ws/install/turtlesim/include/turtlesim/turtlesim/srv/detail/teleport_absolute__struct.hpp
[12.566s] -- Up-to-date: /my_new_project/ros2_ws/install/turtlesim/include/turtlesim/turtlesim/srv/detail/teleport_absolute__traits.hpp
[12.607s] -- Up-to-date: /my_new_project/ros2_ws/install/turtlesim/include/turtlesim/turtlesim/srv/detail/teleport_absolute__type_support.hpp
[12.650s] -- Up-to-date: /my_new_project/ros2_ws/install/turtlesim/include/turtlesim/turtlesim/srv/detail/teleport_relative__builder.hpp
[12.693s] -- Up-to-date: /my_new_project/ros2_ws/install/turtlesim/include/turtlesim/turtlesim/srv/detail/teleport_relative__struct.hpp
[12.731s] -- Up-to-date: /my_new_project/ros2_ws/install/turtlesim/include/turtlesim/turtlesim/srv/detail/teleport_relative__traits.hpp
[12.773s] -- Up-to-date: /my_new_project/ros2_ws/install/turtlesim/include/turtlesim/turtlesim/srv/detail/teleport_relative__type_support.hpp
[12.811s] -- Up-to-date: /my_new_project/ros2_ws/install/turtlesim/include/turtlesim/turtlesim/srv/kill.hpp
[12.846s] -- Up-to-date: /my_new_project/ros2_ws/install/turtlesim/include/turtlesim/turtlesim/srv/set_pen.hpp
[12.877s] -- Up-to-date: /my_new_project/ros2_ws/install/turtlesim/include/turtlesim/turtlesim/srv/spawn.hpp
[12.912s] -- Up-to-date: /my_new_project/ros2_ws/install/turtlesim/include/turtlesim/turtlesim/srv/teleport_absolute.hpp
[12.948s] -- Up-to-date: /my_new_project/ros2_ws/install/turtlesim/include/turtlesim/turtlesim/srv/teleport_relative.hpp
[12.975s] -- Up-to-date: /my_new_project/ros2_ws/install/turtlesim/include/turtlesim/turtlesim
[13.012s] -- Up-to-date: /my_new_project/ros2_ws/install/turtlesim/include/turtlesim/turtlesim/action
[13.064s] -- Up-to-date: /my_new_project/ros2_ws/install/turtlesim/include/turtlesim/turtlesim/action/detail
[13.124s] -- Up-to-date: /my_new_project/ros2_ws/install/turtlesim/include/turtlesim/turtlesim/action/detail/dds_fastrtps
[13.181s] -- Up-to-date: /my_new_project/ros2_ws/install/turtlesim/include/turtlesim/turtlesim/action/detail/rotate_absolute__rosidl_typesupport_fastrtps_cpp.hpp
[13.213s] -- Up-to-date: /my_new_project/ros2_ws/install/turtlesim/include/turtlesim/turtlesim/msg
[13.258s] -- Up-to-date: /my_new_project/ros2_ws/install/turtlesim/include/turtlesim/turtlesim/msg/detail
[13.314s] -- Up-to-date: /my_new_project/ros2_ws/install/turtlesim/include/turtlesim/turtlesim/msg/detail/color__rosidl_typesupport_fastrtps_cpp.hpp
[13.352s] -- Up-to-date: /my_new_project/ros2_ws/install/turtlesim/include/turtlesim/turtlesim/msg/detail/dds_fastrtps
[13.409s] -- Up-to-date: /my_new_project/ros2_ws/install/turtlesim/include/turtlesim/turtlesim/msg/detail/pose__rosidl_typesupport_fastrtps_cpp.hpp
[13.443s] -- Up-to-date: /my_new_project/ros2_ws/install/turtlesim/include/turtlesim/turtlesim/msg/rosidl_typesupport_fastrtps_cpp__visibility_control.h
[13.476s] -- Up-to-date: /my_new_project/ros2_ws/install/turtlesim/include/turtlesim/turtlesim/srv
[13.524s] -- Up-to-date: /my_new_project/ros2_ws/install/turtlesim/include/turtlesim/turtlesim/srv/detail
[13.575s] -- Up-to-date: /my_new_project/ros2_ws/install/turtlesim/include/turtlesim/turtlesim/srv/detail/dds_fastrtps
[13.633s] -- Up-to-date: /my_new_project/ros2_ws/install/turtlesim/include/turtlesim/turtlesim/srv/detail/kill__rosidl_typesupport_fastrtps_cpp.hpp
[13.670s] -- Up-to-date: /my_new_project/ros2_ws/install/turtlesim/include/turtlesim/turtlesim/srv/detail/set_pen__rosidl_typesupport_fastrtps_cpp.hpp
[13.717s] -- Up-to-date: /my_new_project/ros2_ws/install/turtlesim/include/turtlesim/turtlesim/srv/detail/spawn__rosidl_typesupport_fastrtps_cpp.hpp
[13.760s] -- Up-to-date: /my_new_project/ros2_ws/install/turtlesim/include/turtlesim/turtlesim/srv/detail/teleport_absolute__rosidl_typesupport_fastrtps_cpp.hpp
[13.801s] -- Up-to-date: /my_new_project/ros2_ws/install/turtlesim/include/turtlesim/turtlesim/srv/detail/teleport_relative__rosidl_typesupport_fastrtps_cpp.hpp
[13.922s] -- Up-to-date: /my_new_project/ros2_ws/install/turtlesim/lib/libturtlesim__rosidl_typesupport_fastrtps_cpp.so
[13.985s] -- Up-to-date: /my_new_project/ros2_ws/install/turtlesim/include/turtlesim/turtlesim
[14.023s] -- Up-to-date: /my_new_project/ros2_ws/install/turtlesim/include/turtlesim/turtlesim/action
[14.069s] -- Up-to-date: /my_new_project/ros2_ws/install/turtlesim/include/turtlesim/turtlesim/action/detail
[14.123s] -- Up-to-date: /my_new_project/ros2_ws/install/turtlesim/include/turtlesim/turtlesim/action/detail/rotate_absolute__rosidl_typesupport_introspection_c.h
[14.163s] -- Installing: /my_new_project/ros2_ws/install/turtlesim/include/turtlesim/turtlesim/action/detail/rotate_absolute__type_support.c
[14.333s] -- Up-to-date: /my_new_project/ros2_ws/install/turtlesim/include/turtlesim/turtlesim/msg
[14.376s] -- Up-to-date: /my_new_project/ros2_ws/install/turtlesim/include/turtlesim/turtlesim/msg/detail
[14.428s] -- Up-to-date: /my_new_project/ros2_ws/install/turtlesim/include/turtlesim/turtlesim/msg/detail/color__rosidl_typesupport_introspection_c.h
[14.469s] -- Installing: /my_new_project/ros2_ws/install/turtlesim/include/turtlesim/turtlesim/msg/detail/color__type_support.c
[14.627s] -- Up-to-date: /my_new_project/ros2_ws/install/turtlesim/include/turtlesim/turtlesim/msg/detail/pose__rosidl_typesupport_introspection_c.h
[14.666s] -- Installing: /my_new_project/ros2_ws/install/turtlesim/include/turtlesim/turtlesim/msg/detail/pose__type_support.c
[14.809s] -- Up-to-date: /my_new_project/ros2_ws/install/turtlesim/include/turtlesim/turtlesim/msg/rosidl_typesupport_introspection_c__visibility_control.h
[14.835s] -- Up-to-date: /my_new_project/ros2_ws/install/turtlesim/include/turtlesim/turtlesim/srv
[14.872s] -- Up-to-date: /my_new_project/ros2_ws/install/turtlesim/include/turtlesim/turtlesim/srv/detail
[14.916s] -- Up-to-date: /my_new_project/ros2_ws/install/turtlesim/include/turtlesim/turtlesim/srv/detail/kill__rosidl_typesupport_introspection_c.h
[14.955s] -- Installing: /my_new_project/ros2_ws/install/turtlesim/include/turtlesim/turtlesim/srv/detail/kill__type_support.c
[15.099s] -- Up-to-date: /my_new_project/ros2_ws/install/turtlesim/include/turtlesim/turtlesim/srv/detail/set_pen__rosidl_typesupport_introspection_c.h
[15.135s] -- Installing: /my_new_project/ros2_ws/install/turtlesim/include/turtlesim/turtlesim/srv/detail/set_pen__type_support.c
[15.292s] -- Up-to-date: /my_new_project/ros2_ws/install/turtlesim/include/turtlesim/turtlesim/srv/detail/spawn__rosidl_typesupport_introspection_c.h
[15.335s] -- Installing: /my_new_project/ros2_ws/install/turtlesim/include/turtlesim/turtlesim/srv/detail/spawn__type_support.c
[15.496s] -- Up-to-date: /my_new_project/ros2_ws/install/turtlesim/include/turtlesim/turtlesim/srv/detail/teleport_absolute__rosidl_typesupport_introspection_c.h
[15.536s] -- Installing: /my_new_project/ros2_ws/install/turtlesim/include/turtlesim/turtlesim/srv/detail/teleport_absolute__type_support.c
[15.686s] -- Up-to-date: /my_new_project/ros2_ws/install/turtlesim/include/turtlesim/turtlesim/srv/detail/teleport_relative__rosidl_typesupport_introspection_c.h
[15.720s] -- Installing: /my_new_project/ros2_ws/install/turtlesim/include/turtlesim/turtlesim/srv/detail/teleport_relative__type_support.c
[15.939s] -- Up-to-date: /my_new_project/ros2_ws/install/turtlesim/lib/libturtlesim__rosidl_typesupport_introspection_c.so
[16.029s] -- Up-to-date: /my_new_project/ros2_ws/install/turtlesim/lib/libturtlesim__rosidl_typesupport_c.so
[16.080s] -- Up-to-date: /my_new_project/ros2_ws/install/turtlesim/include/turtlesim/turtlesim
[16.109s] -- Up-to-date: /my_new_project/ros2_ws/install/turtlesim/include/turtlesim/turtlesim/action
[16.157s] -- Up-to-date: /my_new_project/ros2_ws/install/turtlesim/include/turtlesim/turtlesim/action/detail
[16.207s] -- Up-to-date: /my_new_project/ros2_ws/install/turtlesim/include/turtlesim/turtlesim/action/detail/rotate_absolute__rosidl_typesupport_introspection_cpp.hpp
[16.247s] -- Up-to-date: /my_new_project/ros2_ws/install/turtlesim/include/turtlesim/turtlesim/action/detail/rotate_absolute__type_support.cpp
[16.276s] -- Up-to-date: /my_new_project/ros2_ws/install/turtlesim/include/turtlesim/turtlesim/msg
[16.311s] -- Up-to-date: /my_new_project/ros2_ws/install/turtlesim/include/turtlesim/turtlesim/msg/detail
[16.354s] -- Up-to-date: /my_new_project/ros2_ws/install/turtlesim/include/turtlesim/turtlesim/msg/detail/color__rosidl_typesupport_introspection_cpp.hpp
[16.383s] -- Up-to-date: /my_new_project/ros2_ws/install/turtlesim/include/turtlesim/turtlesim/msg/detail/color__type_support.cpp
[16.415s] -- Up-to-date: /my_new_project/ros2_ws/install/turtlesim/include/turtlesim/turtlesim/msg/detail/pose__rosidl_typesupport_introspection_cpp.hpp
[16.450s] -- Up-to-date: /my_new_project/ros2_ws/install/turtlesim/include/turtlesim/turtlesim/msg/detail/pose__type_support.cpp
[16.475s] -- Up-to-date: /my_new_project/ros2_ws/install/turtlesim/include/turtlesim/turtlesim/srv
[16.508s] -- Up-to-date: /my_new_project/ros2_ws/install/turtlesim/include/turtlesim/turtlesim/srv/detail
[16.552s] -- Up-to-date: /my_new_project/ros2_ws/install/turtlesim/include/turtlesim/turtlesim/srv/detail/kill__rosidl_typesupport_introspection_cpp.hpp
[16.586s] -- Up-to-date: /my_new_project/ros2_ws/install/turtlesim/include/turtlesim/turtlesim/srv/detail/kill__type_support.cpp
[16.619s] -- Up-to-date: /my_new_project/ros2_ws/install/turtlesim/include/turtlesim/turtlesim/srv/detail/set_pen__rosidl_typesupport_introspection_cpp.hpp
[16.653s] -- Up-to-date: /my_new_project/ros2_ws/install/turtlesim/include/turtlesim/turtlesim/srv/detail/set_pen__type_support.cpp
[16.685s] -- Up-to-date: /my_new_project/ros2_ws/install/turtlesim/include/turtlesim/turtlesim/srv/detail/spawn__rosidl_typesupport_introspection_cpp.hpp
[16.713s] -- Up-to-date: /my_new_project/ros2_ws/install/turtlesim/include/turtlesim/turtlesim/srv/detail/spawn__type_support.cpp
[16.746s] -- Up-to-date: /my_new_project/ros2_ws/install/turtlesim/include/turtlesim/turtlesim/srv/detail/teleport_absolute__rosidl_typesupport_introspection_cpp.hpp
[16.783s] -- Up-to-date: /my_new_project/ros2_ws/install/turtlesim/include/turtlesim/turtlesim/srv/detail/teleport_absolute__type_support.cpp
[16.811s] -- Up-to-date: /my_new_project/ros2_ws/install/turtlesim/include/turtlesim/turtlesim/srv/detail/teleport_relative__rosidl_typesupport_introspection_cpp.hpp
[16.850s] -- Up-to-date: /my_new_project/ros2_ws/install/turtlesim/include/turtlesim/turtlesim/srv/detail/teleport_relative__type_support.cpp
[16.960s] -- Up-to-date: /my_new_project/ros2_ws/install/turtlesim/lib/libturtlesim__rosidl_typesupport_introspection_cpp.so
[17.084s] -- Up-to-date: /my_new_project/ros2_ws/install/turtlesim/lib/libturtlesim__rosidl_typesupport_cpp.so
[17.148s] -- Up-to-date: /my_new_project/ros2_ws/install/turtlesim/share/turtlesim/environment/pythonpath.sh
[17.181s] -- Up-to-date: /my_new_project/ros2_ws/install/turtlesim/share/turtlesim/environment/pythonpath.dsv
[17.209s] -- Up-to-date: /my_new_project/ros2_ws/install/turtlesim/lib/python3.12/site-packages/turtlesim-1.8.3-py3.12.egg-info
[17.247s] -- Installing: /my_new_project/ros2_ws/install/turtlesim/lib/python3.12/site-packages/turtlesim-1.8.3-py3.12.egg-info/dependency_links.txt
[17.351s] -- Installing: /my_new_project/ros2_ws/install/turtlesim/lib/python3.12/site-packages/turtlesim-1.8.3-py3.12.egg-info/PKG-INFO
[17.457s] -- Installing: /my_new_project/ros2_ws/install/turtlesim/lib/python3.12/site-packages/turtlesim-1.8.3-py3.12.egg-info/SOURCES.txt
[17.561s] -- Installing: /my_new_project/ros2_ws/install/turtlesim/lib/python3.12/site-packages/turtlesim-1.8.3-py3.12.egg-info/top_level.txt
[17.688s] -- Up-to-date: /my_new_project/ros2_ws/install/turtlesim/lib/python3.12/site-packages/turtlesim
[17.721s] -- Up-to-date: /my_new_project/ros2_ws/install/turtlesim/lib/python3.12/site-packages/turtlesim/action
[17.759s] -- Up-to-date: /my_new_project/ros2_ws/install/turtlesim/lib/python3.12/site-packages/turtlesim/action/_rotate_absolute.py
[17.798s] -- Up-to-date: /my_new_project/ros2_ws/install/turtlesim/lib/python3.12/site-packages/turtlesim/action/_rotate_absolute_s.c
[17.824s] -- Up-to-date: /my_new_project/ros2_ws/install/turtlesim/lib/python3.12/site-packages/turtlesim/action/__init__.py
[17.860s] -- Up-to-date: /my_new_project/ros2_ws/install/turtlesim/lib/python3.12/site-packages/turtlesim/msg
[17.909s] -- Up-to-date: /my_new_project/ros2_ws/install/turtlesim/lib/python3.12/site-packages/turtlesim/msg/_color.py
[17.939s] -- Up-to-date: /my_new_project/ros2_ws/install/turtlesim/lib/python3.12/site-packages/turtlesim/msg/_color_s.c
[17.967s] -- Up-to-date: /my_new_project/ros2_ws/install/turtlesim/lib/python3.12/site-packages/turtlesim/msg/_pose.py
[17.999s] -- Up-to-date: /my_new_project/ros2_ws/install/turtlesim/lib/python3.12/site-packages/turtlesim/msg/_pose_s.c
[18.026s] -- Up-to-date: /my_new_project/ros2_ws/install/turtlesim/lib/python3.12/site-packages/turtlesim/msg/__init__.py
[18.054s] -- Up-to-date: /my_new_project/ros2_ws/install/turtlesim/lib/python3.12/site-packages/turtlesim/srv
[18.098s] -- Up-to-date: /my_new_project/ros2_ws/install/turtlesim/lib/python3.12/site-packages/turtlesim/srv/_kill.py
[18.126s] -- Up-to-date: /my_new_project/ros2_ws/install/turtlesim/lib/python3.12/site-packages/turtlesim/srv/_kill_s.c
[18.157s] -- Up-to-date: /my_new_project/ros2_ws/install/turtlesim/lib/python3.12/site-packages/turtlesim/srv/_set_pen.py
[18.191s] -- Up-to-date: /my_new_project/ros2_ws/install/turtlesim/lib/python3.12/site-packages/turtlesim/srv/_set_pen_s.c
[18.218s] -- Up-to-date: /my_new_project/ros2_ws/install/turtlesim/lib/python3.12/site-packages/turtlesim/srv/_spawn.py
[18.249s] -- Up-to-date: /my_new_project/ros2_ws/install/turtlesim/lib/python3.12/site-packages/turtlesim/srv/_spawn_s.c
[18.278s] -- Up-to-date: /my_new_project/ros2_ws/install/turtlesim/lib/python3.12/site-packages/turtlesim/srv/_teleport_absolute.py
[18.309s] -- Up-to-date: /my_new_project/ros2_ws/install/turtlesim/lib/python3.12/site-packages/turtlesim/srv/_teleport_absolute_s.c
[18.345s] -- Up-to-date: /my_new_project/ros2_ws/install/turtlesim/lib/python3.12/site-packages/turtlesim/srv/_teleport_relative.py
[18.372s] -- Up-to-date: /my_new_project/ros2_ws/install/turtlesim/lib/python3.12/site-packages/turtlesim/srv/_teleport_relative_s.c
[18.404s] -- Up-to-date: /my_new_project/ros2_ws/install/turtlesim/lib/python3.12/site-packages/turtlesim/srv/__init__.py
[18.427s] -- Up-to-date: /my_new_project/ros2_ws/install/turtlesim/lib/python3.12/site-packages/turtlesim/turtlesim_s__rosidl_typesupport_c.so
[18.452s] -- Up-to-date: /my_new_project/ros2_ws/install/turtlesim/lib/python3.12/site-packages/turtlesim/turtlesim_s__rosidl_typesupport_fastrtps_c.so
[18.477s] -- Up-to-date: /my_new_project/ros2_ws/install/turtlesim/lib/python3.12/site-packages/turtlesim/turtlesim_s__rosidl_typesupport_introspection_c.so
[18.508s] -- Up-to-date: /my_new_project/ros2_ws/install/turtlesim/lib/python3.12/site-packages/turtlesim/_turtlesim_s.ep.rosidl_typesupport_c.c
[18.531s] -- Up-to-date: /my_new_project/ros2_ws/install/turtlesim/lib/python3.12/site-packages/turtlesim/_turtlesim_s.ep.rosidl_typesupport_fastrtps_c.c
[18.559s] -- Up-to-date: /my_new_project/ros2_ws/install/turtlesim/lib/python3.12/site-packages/turtlesim/_turtlesim_s.ep.rosidl_typesupport_introspection_c.c
[18.585s] -- Up-to-date: /my_new_project/ros2_ws/install/turtlesim/lib/python3.12/site-packages/turtlesim/__init__.py
[19.371s] Listing '/my_new_project/ros2_ws/install/turtlesim/lib/python3.12/site-packages/turtlesim'...
[19.372s] Listing '/my_new_project/ros2_ws/install/turtlesim/lib/python3.12/site-packages/turtlesim/action'...
[19.373s] Listing '/my_new_project/ros2_ws/install/turtlesim/lib/python3.12/site-packages/turtlesim/msg'...
[19.374s] Listing '/my_new_project/ros2_ws/install/turtlesim/lib/python3.12/site-packages/turtlesim/srv'...
[19.454s] -- Up-to-date: /my_new_project/ros2_ws/install/turtlesim/lib/python3.12/site-packages/turtlesim/turtlesim_s__rosidl_typesupport_fastrtps_c.so
[19.586s] -- Up-to-date: /my_new_project/ros2_ws/install/turtlesim/lib/python3.12/site-packages/turtlesim/turtlesim_s__rosidl_typesupport_introspection_c.so
[19.710s] -- Up-to-date: /my_new_project/ros2_ws/install/turtlesim/lib/python3.12/site-packages/turtlesim/turtlesim_s__rosidl_typesupport_c.so
[19.854s] -- Up-to-date: /my_new_project/ros2_ws/install/turtlesim/lib/libturtlesim__rosidl_generator_py.so
[19.914s] -- Up-to-date: /my_new_project/ros2_ws/install/turtlesim/share/turtlesim/action/RotateAbsolute.idl
[19.947s] -- Up-to-date: /my_new_project/ros2_ws/install/turtlesim/share/turtlesim/msg/Color.idl
[19.978s] -- Up-to-date: /my_new_project/ros2_ws/install/turtlesim/share/turtlesim/msg/Pose.idl
[20.008s] -- Up-to-date: /my_new_project/ros2_ws/install/turtlesim/share/turtlesim/srv/Kill.idl
[20.040s] -- Up-to-date: /my_new_project/ros2_ws/install/turtlesim/share/turtlesim/srv/SetPen.idl
[20.070s] -- Up-to-date: /my_new_project/ros2_ws/install/turtlesim/share/turtlesim/srv/Spawn.idl
[20.100s] -- Up-to-date: /my_new_project/ros2_ws/install/turtlesim/share/turtlesim/srv/TeleportAbsolute.idl
[20.131s] -- Up-to-date: /my_new_project/ros2_ws/install/turtlesim/share/turtlesim/srv/TeleportRelative.idl
[20.163s] -- Up-to-date: /my_new_project/ros2_ws/install/turtlesim/share/turtlesim/action/RotateAbsolute.action
[20.194s] -- Up-to-date: /my_new_project/ros2_ws/install/turtlesim/share/turtlesim/msg/Color.msg
[20.233s] -- Up-to-date: /my_new_project/ros2_ws/install/turtlesim/share/turtlesim/msg/Pose.msg
[20.266s] -- Up-to-date: /my_new_project/ros2_ws/install/turtlesim/share/turtlesim/srv/Kill.srv
[20.301s] -- Up-to-date: /my_new_project/ros2_ws/install/turtlesim/share/turtlesim/srv/SetPen.srv
[20.337s] -- Up-to-date: /my_new_project/ros2_ws/install/turtlesim/share/turtlesim/srv/Spawn.srv
[20.372s] -- Up-to-date: /my_new_project/ros2_ws/install/turtlesim/share/turtlesim/srv/TeleportAbsolute.srv
[20.409s] -- Up-to-date: /my_new_project/ros2_ws/install/turtlesim/share/turtlesim/srv/TeleportRelative.srv
[20.544s] -- Up-to-date: /my_new_project/ros2_ws/install/turtlesim/lib/turtlesim/turtlesim_node
[20.701s] -- Up-to-date: /my_new_project/ros2_ws/install/turtlesim/lib/turtlesim/turtle_teleop_key
[20.872s] -- Up-to-date: /my_new_project/ros2_ws/install/turtlesim/lib/turtlesim/draw_square
[21.029s] -- Up-to-date: /my_new_project/ros2_ws/install/turtlesim/lib/turtlesim/mimic
[21.091s] -- Up-to-date: /my_new_project/ros2_ws/install/turtlesim/share/turtlesim/images
[21.125s] -- Up-to-date: /my_new_project/ros2_ws/install/turtlesim/share/turtlesim/images/ardent.png
[21.157s] -- Up-to-date: /my_new_project/ros2_ws/install/turtlesim/share/turtlesim/images/bouncy.png
[21.185s] -- Up-to-date: /my_new_project/ros2_ws/install/turtlesim/share/turtlesim/images/crystal.png
[21.211s] -- Up-to-date: /my_new_project/ros2_ws/install/turtlesim/share/turtlesim/images/dashing.png
[21.240s] -- Up-to-date: /my_new_project/ros2_ws/install/turtlesim/share/turtlesim/images/eloquent.png
[21.272s] -- Up-to-date: /my_new_project/ros2_ws/install/turtlesim/share/turtlesim/images/foxy.png
[21.297s] -- Up-to-date: /my_new_project/ros2_ws/install/turtlesim/share/turtlesim/images/galactic.png
[21.327s] -- Up-to-date: /my_new_project/ros2_ws/install/turtlesim/share/turtlesim/images/humble.png
[21.355s] -- Up-to-date: /my_new_project/ros2_ws/install/turtlesim/share/turtlesim/images/iron.png
[21.389s] -- Up-to-date: /my_new_project/ros2_ws/install/turtlesim/share/turtlesim/images/jazzy.png
[21.419s] -- Up-to-date: /my_new_project/ros2_ws/install/turtlesim/share/turtlesim/images/rolling.png
[21.449s] -- Up-to-date: /my_new_project/ros2_ws/install/turtlesim/share/turtlesim/launch
[21.492s] -- Up-to-date: /my_new_project/ros2_ws/install/turtlesim/share/turtlesim/launch/multisim.launch.py
[21.529s] -- Up-to-date: /my_new_project/ros2_ws/install/turtlesim/share/ament_index/resource_index/package_run_dependencies/turtlesim
[21.571s] -- Up-to-date: /my_new_project/ros2_ws/install/turtlesim/share/ament_index/resource_index/parent_prefix_path/turtlesim
[21.591s] -- Up-to-date: /my_new_project/ros2_ws/install/turtlesim/share/turtlesim/environment/ament_prefix_path.sh
[21.614s] -- Up-to-date: /my_new_project/ros2_ws/install/turtlesim/share/turtlesim/environment/ament_prefix_path.dsv
[21.636s] -- Up-to-date: /my_new_project/ros2_ws/install/turtlesim/share/turtlesim/environment/path.sh
[21.663s] -- Up-to-date: /my_new_project/ros2_ws/install/turtlesim/share/turtlesim/environment/path.dsv
[21.685s] -- Up-to-date: /my_new_project/ros2_ws/install/turtlesim/share/turtlesim/local_setup.bash
[21.705s] -- Up-to-date: /my_new_project/ros2_ws/install/turtlesim/share/turtlesim/local_setup.sh
[21.730s] -- Up-to-date: /my_new_project/ros2_ws/install/turtlesim/share/turtlesim/local_setup.zsh
[21.755s] -- Up-to-date: /my_new_project/ros2_ws/install/turtlesim/share/turtlesim/local_setup.dsv
[21.780s] -- Installing: /my_new_project/ros2_ws/install/turtlesim/share/turtlesim/package.dsv
[21.890s] -- Up-to-date: /my_new_project/ros2_ws/install/turtlesim/share/ament_index/resource_index/packages/turtlesim
[21.952s] -- Up-to-date: /my_new_project/ros2_ws/install/turtlesim/share/turtlesim/cmake/export_turtlesim__rosidl_generator_cExport.cmake
[21.984s] -- Up-to-date: /my_new_project/ros2_ws/install/turtlesim/share/turtlesim/cmake/export_turtlesim__rosidl_generator_cExport-noconfig.cmake
[22.045s] -- Up-to-date: /my_new_project/ros2_ws/install/turtlesim/share/turtlesim/cmake/export_turtlesim__rosidl_typesupport_fastrtps_cExport.cmake
[22.078s] -- Up-to-date: /my_new_project/ros2_ws/install/turtlesim/share/turtlesim/cmake/export_turtlesim__rosidl_typesupport_fastrtps_cExport-noconfig.cmake
[22.138s] -- Up-to-date: /my_new_project/ros2_ws/install/turtlesim/share/turtlesim/cmake/export_turtlesim__rosidl_generator_cppExport.cmake
[22.205s] -- Up-to-date: /my_new_project/ros2_ws/install/turtlesim/share/turtlesim/cmake/export_turtlesim__rosidl_typesupport_fastrtps_cppExport.cmake
[22.236s] -- Up-to-date: /my_new_project/ros2_ws/install/turtlesim/share/turtlesim/cmake/export_turtlesim__rosidl_typesupport_fastrtps_cppExport-noconfig.cmake
[22.300s] -- Up-to-date: /my_new_project/ros2_ws/install/turtlesim/share/turtlesim/cmake/turtlesim__rosidl_typesupport_introspection_cExport.cmake
[22.332s] -- Up-to-date: /my_new_project/ros2_ws/install/turtlesim/share/turtlesim/cmake/turtlesim__rosidl_typesupport_introspection_cExport-noconfig.cmake
[22.404s] -- Up-to-date: /my_new_project/ros2_ws/install/turtlesim/share/turtlesim/cmake/turtlesim__rosidl_typesupport_cExport.cmake
[22.436s] -- Up-to-date: /my_new_project/ros2_ws/install/turtlesim/share/turtlesim/cmake/turtlesim__rosidl_typesupport_cExport-noconfig.cmake
[22.502s] -- Up-to-date: /my_new_project/ros2_ws/install/turtlesim/share/turtlesim/cmake/turtlesim__rosidl_typesupport_introspection_cppExport.cmake
[22.532s] -- Up-to-date: /my_new_project/ros2_ws/install/turtlesim/share/turtlesim/cmake/turtlesim__rosidl_typesupport_introspection_cppExport-noconfig.cmake
[22.595s] -- Up-to-date: /my_new_project/ros2_ws/install/turtlesim/share/turtlesim/cmake/turtlesim__rosidl_typesupport_cppExport.cmake
[22.627s] -- Up-to-date: /my_new_project/ros2_ws/install/turtlesim/share/turtlesim/cmake/turtlesim__rosidl_typesupport_cppExport-noconfig.cmake
[22.692s] -- Up-to-date: /my_new_project/ros2_ws/install/turtlesim/share/turtlesim/cmake/export_turtlesim__rosidl_generator_pyExport.cmake
[22.727s] -- Up-to-date: /my_new_project/ros2_ws/install/turtlesim/share/turtlesim/cmake/export_turtlesim__rosidl_generator_pyExport-noconfig.cmake
[22.756s] -- Up-to-date: /my_new_project/ros2_ws/install/turtlesim/share/turtlesim/cmake/rosidl_cmake-extras.cmake
[22.783s] -- Up-to-date: /my_new_project/ros2_ws/install/turtlesim/share/turtlesim/cmake/ament_cmake_export_dependencies-extras.cmake
[22.813s] -- Up-to-date: /my_new_project/ros2_ws/install/turtlesim/share/turtlesim/cmake/ament_cmake_export_include_directories-extras.cmake
[22.840s] -- Up-to-date: /my_new_project/ros2_ws/install/turtlesim/share/turtlesim/cmake/ament_cmake_export_libraries-extras.cmake
[22.866s] -- Up-to-date: /my_new_project/ros2_ws/install/turtlesim/share/turtlesim/cmake/ament_cmake_export_targets-extras.cmake
[22.892s] -- Up-to-date: /my_new_project/ros2_ws/install/turtlesim/share/turtlesim/cmake/rosidl_cmake_export_typesupport_targets-extras.cmake
[22.916s] -- Up-to-date: /my_new_project/ros2_ws/install/turtlesim/share/turtlesim/cmake/rosidl_cmake_export_typesupport_libraries-extras.cmake
[22.943s] -- Up-to-date: /my_new_project/ros2_ws/install/turtlesim/share/turtlesim/cmake/turtlesimConfig.cmake
[22.963s] -- Up-to-date: /my_new_project/ros2_ws/install/turtlesim/share/turtlesim/cmake/turtlesimConfig-version.cmake
[22.996s] -- Up-to-date: /my_new_project/ros2_ws/install/turtlesim/share/turtlesim/package.xml
[23.063s] Invoked command in '/my_new_project/ros2_ws/build/turtlesim' returned '0': CMAKE_PREFIX_PATH=${CMAKE_PREFIX_PATH}:/opt/ros/jazzy /usr/bin/cmake --install /my_new_project/ros2_ws/build/turtlesim
