[3.714s] Invoking command in '/my_new_project/ros2_ws/src/my_package': PYTHONPATH=/my_new_project/ros2_ws/build/my_package/prefix_override:/usr/lib/python3/dist-packages/colcon_core/task/python/colcon_distutils_commands:/my_new_project/ros2_ws/install/my_package/lib/python3.12/site-packages:${PYTHONPATH} /usr/bin/python3 -W ignore:setup.py install is deprecated -W ignore:easy_install command is deprecated setup.py egg_info --egg-base ../../build/my_package build --build-base /my_new_project/ros2_ws/build/my_package/build install --record /my_new_project/ros2_ws/build/my_package/install.log --single-version-externally-managed install_data
[4.944s] running egg_info
[5.007s] writing ../../build/my_package/my_package.egg-info/PKG-INFO
[5.023s] writing dependency_links to ../../build/my_package/my_package.egg-info/dependency_links.txt
[5.032s] writing entry points to ../../build/my_package/my_package.egg-info/entry_points.txt
[5.046s] writing requirements to ../../build/my_package/my_package.egg-info/requires.txt
[5.056s] writing top-level names to ../../build/my_package/my_package.egg-info/top_level.txt
[5.262s] reading manifest file '../../build/my_package/my_package.egg-info/SOURCES.txt'
[5.424s] writing manifest file '../../build/my_package/my_package.egg-info/SOURCES.txt'
[5.432s] running build
[5.434s] running build_py
[5.486s] running install
[5.504s] running install_lib
[5.742s] running install_data
[5.804s] running install_egg_info
[5.867s] removing '/my_new_project/ros2_ws/install/my_package/lib/python3.12/site-packages/my_package-0.0.0-py3.12.egg-info' (and everything under it)
[5.991s] Copying ../../build/my_package/my_package.egg-info to /my_new_project/ros2_ws/install/my_package/lib/python3.12/site-packages/my_package-0.0.0-py3.12.egg-info
[6.557s] running install_scripts
[7.005s] Installing my_node script to /my_new_project/ros2_ws/install/my_package/lib/my_package
[7.036s] writing list of installed files to '/my_new_project/ros2_ws/build/my_package/install.log'
