[5.542s] Invoking command in '/my_new_project/ros2_ws/src/my_package': PYTHONPATH=/my_new_project/ros2_ws/build/my_package/prefix_override:/usr/lib/python3/dist-packages/colcon_core/task/python/colcon_distutils_commands:/my_new_project/ros2_ws/install/my_package/lib/python3.12/site-packages:${PYTHONPATH} /usr/bin/python3 -W ignore:setup.py install is deprecated -W ignore:easy_install command is deprecated setup.py egg_info --egg-base ../../build/my_package build --build-base /my_new_project/ros2_ws/build/my_package/build install --record /my_new_project/ros2_ws/build/my_package/install.log --single-version-externally-managed install_data
[7.165s] running egg_info
[7.212s] writing ../../build/my_package/my_package.egg-info/PKG-INFO
[7.220s] writing dependency_links to ../../build/my_package/my_package.egg-info/dependency_links.txt
[7.228s] writing entry points to ../../build/my_package/my_package.egg-info/entry_points.txt
[7.237s] writing requirements to ../../build/my_package/my_package.egg-info/requires.txt
[7.242s] writing top-level names to ../../build/my_package/my_package.egg-info/top_level.txt
[7.385s] reading manifest file '../../build/my_package/my_package.egg-info/SOURCES.txt'
[7.503s] writing manifest file '../../build/my_package/my_package.egg-info/SOURCES.txt'
[7.508s] running build
[7.510s] running build_py
[7.557s] running install
[7.573s] running install_lib
[7.749s] running install_data
[7.796s] running install_egg_info
[7.863s] removing '/my_new_project/ros2_ws/install/my_package/lib/python3.12/site-packages/my_package-0.0.0-py3.12.egg-info' (and everything under it)
[7.970s] Copying ../../build/my_package/my_package.egg-info to /my_new_project/ros2_ws/install/my_package/lib/python3.12/site-packages/my_package-0.0.0-py3.12.egg-info
[8.364s] running install_scripts
[8.801s] Installing my_node script to /my_new_project/ros2_ws/install/my_package/lib/my_package
[8.821s] writing list of installed files to '/my_new_project/ros2_ws/build/my_package/install.log'
[8.892s] Invoked command in '/my_new_project/ros2_ws/src/my_package' returned '0': PYTHONPATH=/my_new_project/ros2_ws/build/my_package/prefix_override:/usr/lib/python3/dist-packages/colcon_core/task/python/colcon_distutils_commands:/my_new_project/ros2_ws/install/my_package/lib/python3.12/site-packages:${PYTHONPATH} /usr/bin/python3 -W ignore:setup.py install is deprecated -W ignore:easy_install command is deprecated setup.py egg_info --egg-base ../../build/my_package build --build-base /my_new_project/ros2_ws/build/my_package/build install --record /my_new_project/ros2_ws/build/my_package/install.log --single-version-externally-managed install_data
