-- The C compiler identification is GNU 13.3.0
-- The CXX compiler identification is GNU 13.3.0
-- Detecting C compiler ABI info
-- Detecting C compiler ABI info - done
-- Check for working C compiler: /usr/bin/cc - skipped
-- Detecting C compile features
-- Detecting C compile features - done
-- Detecting CXX compiler ABI info
-- Detecting CXX compiler ABI info - done
-- Check for working CXX compiler: /usr/bin/c++ - skipped
-- Detecting CXX compile features
-- Detecting CXX compile features - done
-- Found ament_cmake: 2.5.3 (/opt/ros/jazzy/share/ament_cmake/cmake)
-- Found Python3: /usr/bin/python3 (found version "3.12.3") found components: Interpreter 
-- Override CMake install command with custom implementation using symlinks instead of copying resources
-- Found ament_lint_auto: 0.17.1 (/opt/ros/jazzy/share/ament_lint_auto/cmake)
-- Added test 'lint_cmake' to check CMake code style
-- Added test 'xmllint' to check XML markup files
-- Configuring done (14.1s)
-- Generating done (0.5s)
-- Build files have been written to: /my_new_project/ros2_ws/build/cpp_pubsub
gmake: Warning: File 'Makefile' has modification time 0.16 s in the future
gmake: warning:  Clock skew detected.  Your build may be incomplete.
-- Install configuration: ""
-- Execute custom install script
-- Symlinking: /my_new_project/ros2_ws/install/cpp_pubsub/share/ament_index/resource_index/package_run_dependencies/cpp_pubsub
-- Symlinking: /my_new_project/ros2_ws/install/cpp_pubsub/share/ament_index/resource_index/parent_prefix_path/cpp_pubsub
-- Symlinking: /my_new_project/ros2_ws/install/cpp_pubsub/share/cpp_pubsub/environment/ament_prefix_path.sh
-- Symlinking: /my_new_project/ros2_ws/install/cpp_pubsub/share/cpp_pubsub/environment/ament_prefix_path.dsv
-- Symlinking: /my_new_project/ros2_ws/install/cpp_pubsub/share/cpp_pubsub/environment/path.sh
-- Symlinking: /my_new_project/ros2_ws/install/cpp_pubsub/share/cpp_pubsub/environment/path.dsv
-- Symlinking: /my_new_project/ros2_ws/install/cpp_pubsub/share/cpp_pubsub/local_setup.bash
-- Symlinking: /my_new_project/ros2_ws/install/cpp_pubsub/share/cpp_pubsub/local_setup.sh
-- Symlinking: /my_new_project/ros2_ws/install/cpp_pubsub/share/cpp_pubsub/local_setup.zsh
-- Symlinking: /my_new_project/ros2_ws/install/cpp_pubsub/share/cpp_pubsub/local_setup.dsv
-- Symlinking: /my_new_project/ros2_ws/install/cpp_pubsub/share/cpp_pubsub/package.dsv
-- Symlinking: /my_new_project/ros2_ws/install/cpp_pubsub/share/ament_index/resource_index/packages/cpp_pubsub
-- Symlinking: /my_new_project/ros2_ws/install/cpp_pubsub/share/cpp_pubsub/cmake/cpp_pubsubConfig.cmake
-- Symlinking: /my_new_project/ros2_ws/install/cpp_pubsub/share/cpp_pubsub/cmake/cpp_pubsubConfig-version.cmake
-- Symlinking: /my_new_project/ros2_ws/install/cpp_pubsub/share/cpp_pubsub/package.xml
