gmake[2]: Warning: File 'CMakeFiles/turtlesim__rosidl_generator_c.dir/compiler_depend.make' has modification time 1.4 s in the future
gmake[2]: warning:  Clock skew detected.  Your build may be incomplete.
gmake[2]: Warning: File 'CMakeFiles/turtlesim__rosidl_typesupport_c.dir/compiler_depend.make' has modification time 1.5 s in the future
gmake[2]: Warning: File 'CMakeFiles/turtlesim__rosidl_typesupport_introspection_c.dir/compiler_depend.make' has modification time 1.4 s in the future
gmake[2]: warning:  Clock skew detected.  Your build may be incomplete.
gmake[2]: warning:  Clock skew detected.  Your build may be incomplete.
gmake[2]: Warning: File 'CMakeFiles/turtlesim__rosidl_typesupport_cpp.dir/compiler_depend.make' has modification time 1.1 s in the future
gmake[2]: Warning: File 'CMakeFiles/turtlesim__rosidl_typesupport_introspection_cpp.dir/compiler_depend.make' has modification time 1 s in the future
gmake[2]: warning:  Clock skew detected.  Your build may be incomplete.
gmake[2]: Warning: File 'CMakeFiles/turtlesim__rosidl_typesupport_fastrtps_c.dir/compiler_depend.make' has modification time 0.94 s in the future
gmake[2]: warning:  Clock skew detected.  Your build may be incomplete.
gmake[2]: Warning: File 'CMakeFiles/turtlesim__rosidl_typesupport_fastrtps_cpp.dir/compiler_depend.make' has modification time 0.94 s in the future
gmake[2]: warning:  Clock skew detected.  Your build may be incomplete.
gmake[2]: warning:  Clock skew detected.  Your build may be incomplete.
gmake[2]: Warning: File 'CMakeFiles/mimic.dir/compiler_depend.make' has modification time 1.3 s in the future
gmake[2]: Warning: File 'CMakeFiles/draw_square.dir/compiler_depend.make' has modification time 1.3 s in the future
gmake[2]: warning:  Clock skew detected.  Your build may be incomplete.
gmake[2]: warning:  Clock skew detected.  Your build may be incomplete.
gmake[2]: Warning: File 'CMakeFiles/turtle_teleop_key.dir/compiler_depend.make' has modification time 1.3 s in the future
gmake[2]: warning:  Clock skew detected.  Your build may be incomplete.
gmake[2]: Warning: File 'CMakeFiles/turtlesim_node.dir/compiler_depend.make' has modification time 0.68 s in the future
gmake[2]: Warning: File 'CMakeFiles/turtlesim__rosidl_generator_py.dir/compiler_depend.make' has modification time 1 s in the future
gmake[2]: warning:  Clock skew detected.  Your build may be incomplete.
gmake[2]: Warning: File 'CMakeFiles/turtlesim_s__rosidl_typesupport_fastrtps_c.dir/compiler_depend.make' has modification time 1.3 s in the future
gmake[2]: Warning: File 'CMakeFiles/turtlesim_s__rosidl_typesupport_introspection_c.dir/compiler_depend.make' has modification time 1.3 s in the future
gmake[2]: Warning: File 'CMakeFiles/turtlesim_s__rosidl_typesupport_c.dir/compiler_depend.make' has modification time 1.3 s in the future
gmake[2]: warning:  Clock skew detected.  Your build may be incomplete.
gmake[2]: warning:  Clock skew detected.  Your build may be incomplete.
gmake[2]: warning:  Clock skew detected.  Your build may be incomplete.
gmake[2]: warning:  Clock skew detected.  Your build may be incomplete.
