[0.184s] Invoking command in '/my_new_project/ros2_ws/build/turtlesim': CMAKE_PREFIX_PATH=${CMAKE_PREFIX_PATH}:/opt/ros/jazzy /usr/bin/cmake --build /my_new_project/ros2_ws/build/turtlesim -- -j16 -l16
[1.079s] [  0%] Built target turtlesim__rosidl_generator_type_description
[1.116s] [  0%] Built target ament_cmake_python_symlink_turtlesim
[1.698s] [  1%] Built target turtlesim__cpp
[1.999s] running egg_info
[2.029s] writing turtlesim.egg-info/PKG-INFO
[2.035s] writing dependency_links to turtlesim.egg-info/dependency_links.txt
[2.042s] writing top-level names to turtlesim.egg-info/top_level.txt
[2.237s] reading manifest file 'turtlesim.egg-info/SOURCES.txt'
[2.320s] writing manifest file 'turtlesim.egg-info/SOURCES.txt'
[2.521s] [  1%] Built target ament_cmake_python_build_turtlesim_egg
[2.552s] gmake[2]: Warning: File 'CMakeFiles/turtlesim__rosidl_generator_c.dir/compiler_depend.make' has modification time 1.4 s in the future
[2.815s] gmake[2]: warning:  Clock skew detected.  Your build may be incomplete.
[3.068s] [ 24%] Built target turtlesim__rosidl_generator_c
[3.797s] gmake[2]: Warning: File 'CMakeFiles/turtlesim__rosidl_typesupport_c.dir/compiler_depend.make' has modification time 1.5 s in the future
[3.930s] gmake[2]: Warning: File 'CMakeFiles/turtlesim__rosidl_typesupport_introspection_c.dir/compiler_depend.make' has modification time 1.4 s in the future
[4.039s] gmake[2]: warning:  Clock skew detected.  Your build may be incomplete.
[4.237s] gmake[2]: warning:  Clock skew detected.  Your build may be incomplete.
[4.274s] [ 33%] Built target turtlesim__rosidl_typesupport_c
[4.304s] gmake[2]: Warning: File 'CMakeFiles/turtlesim__rosidl_typesupport_cpp.dir/compiler_depend.make' has modification time 1.1 s in the future
[4.442s] [ 42%] Built target turtlesim__rosidl_typesupport_introspection_c
[4.451s] gmake[2]: Warning: File 'CMakeFiles/turtlesim__rosidl_typesupport_introspection_cpp.dir/compiler_depend.make' has modification time 1 s in the future
[4.513s] gmake[2]: warning:  Clock skew detected.  Your build may be incomplete.
[4.552s] gmake[2]: Warning: File 'CMakeFiles/turtlesim__rosidl_typesupport_fastrtps_c.dir/compiler_depend.make' has modification time 0.94 s in the future
[4.651s] gmake[2]: warning:  Clock skew detected.  Your build may be incomplete.
[4.688s] gmake[2]: Warning: File 'CMakeFiles/turtlesim__rosidl_typesupport_fastrtps_cpp.dir/compiler_depend.make' has modification time 0.94 s in the future
[4.699s] [ 51%] Built target turtlesim__rosidl_typesupport_cpp
[4.804s] gmake[2]: warning:  Clock skew detected.  Your build may be incomplete.
[4.807s] [ 59%] Built target turtlesim__rosidl_typesupport_introspection_cpp
[4.980s] gmake[2]: warning:  Clock skew detected.  Your build may be incomplete.
[5.011s] [ 67%] Built target turtlesim__rosidl_typesupport_fastrtps_c
[5.226s] [ 76%] Built target turtlesim__rosidl_typesupport_fastrtps_cpp
[5.580s] gmake[2]: Warning: File 'CMakeFiles/mimic.dir/compiler_depend.make' has modification time 1.3 s in the future
[5.585s] gmake[2]: Warning: File 'CMakeFiles/draw_square.dir/compiler_depend.make' has modification time 1.3 s in the future
[5.632s] gmake[2]: warning:  Clock skew detected.  Your build may be incomplete.
[5.636s] gmake[2]: warning:  Clock skew detected.  Your build may be incomplete.
[5.659s] [ 76%] Built target turtlesim
[5.669s] gmake[2]: Warning: File 'CMakeFiles/turtle_teleop_key.dir/compiler_depend.make' has modification time 1.3 s in the future
[5.696s] [ 78%] Built target mimic
[5.703s] [ 79%] Built target draw_square
[5.717s] gmake[2]: warning:  Clock skew detected.  Your build may be incomplete.
[5.830s] [ 81%] Built target turtle_teleop_key
[6.148s] [ 81%] Built target turtlesim__py
[6.470s] gmake[2]: Warning: File 'CMakeFiles/turtlesim_node.dir/compiler_depend.make' has modification time 0.68 s in the future
[6.795s] [ 82%] [32mBuilding CXX object CMakeFiles/turtlesim_node.dir/src/turtle_frame.cpp.o[0m
[7.089s] gmake[2]: Warning: File 'CMakeFiles/turtlesim__rosidl_generator_py.dir/compiler_depend.make' has modification time 1 s in the future
[7.239s] gmake[2]: warning:  Clock skew detected.  Your build may be incomplete.
[7.446s] [ 90%] Built target turtlesim__rosidl_generator_py
[7.867s] gmake[2]: Warning: File 'CMakeFiles/turtlesim_s__rosidl_typesupport_fastrtps_c.dir/compiler_depend.make' has modification time 1.3 s in the future
[7.868s] gmake[2]: Warning: File 'CMakeFiles/turtlesim_s__rosidl_typesupport_introspection_c.dir/compiler_depend.make' has modification time 1.3 s in the future
[7.880s] gmake[2]: Warning: File 'CMakeFiles/turtlesim_s__rosidl_typesupport_c.dir/compiler_depend.make' has modification time 1.3 s in the future
[7.910s] gmake[2]: warning:  Clock skew detected.  Your build may be incomplete.
[7.912s] gmake[2]: warning:  Clock skew detected.  Your build may be incomplete.
[7.976s] [ 94%] Built target turtlesim_s__rosidl_typesupport_introspection_c
[7.978s] [ 94%] Built target turtlesim_s__rosidl_typesupport_fastrtps_c
[7.991s] gmake[2]: warning:  Clock skew detected.  Your build may be incomplete.
[8.175s] [ 96%] Built target turtlesim_s__rosidl_typesupport_c
[24.946s] [ 97%] [32m[1mLinking CXX executable turtlesim_node[0m
[34.115s] gmake[2]: warning:  Clock skew detected.  Your build may be incomplete.
[34.289s] [100%] Built target turtlesim_node
[34.808s] Invoked command in '/my_new_project/ros2_ws/build/turtlesim' returned '0': CMAKE_PREFIX_PATH=${CMAKE_PREFIX_PATH}:/opt/ros/jazzy /usr/bin/cmake --build /my_new_project/ros2_ws/build/turtlesim -- -j16 -l16
[34.943s] Invoking command in '/my_new_project/ros2_ws/build/turtlesim': CMAKE_PREFIX_PATH=${CMAKE_PREFIX_PATH}:/opt/ros/jazzy /usr/bin/cmake --install /my_new_project/ros2_ws/build/turtlesim
[35.070s] -- Install configuration: ""
[35.082s] -- Execute custom install script
[35.145s] -- Up-to-date symlink: /my_new_project/ros2_ws/install/turtlesim/share/ament_index/resource_index/rosidl_interfaces/turtlesim
[35.186s] -- Up-to-date symlink: /my_new_project/ros2_ws/install/turtlesim/share/turtlesim/action/RotateAbsolute.json
[35.223s] -- Up-to-date symlink: /my_new_project/ros2_ws/install/turtlesim/share/turtlesim/msg/Color.json
[35.264s] -- Up-to-date symlink: /my_new_project/ros2_ws/install/turtlesim/share/turtlesim/msg/Pose.json
[35.304s] -- Up-to-date symlink: /my_new_project/ros2_ws/install/turtlesim/share/turtlesim/srv/Kill.json
[35.358s] -- Up-to-date symlink: /my_new_project/ros2_ws/install/turtlesim/share/turtlesim/srv/SetPen.json
[35.409s] -- Up-to-date symlink: /my_new_project/ros2_ws/install/turtlesim/share/turtlesim/srv/Spawn.json
[35.468s] -- Up-to-date symlink: /my_new_project/ros2_ws/install/turtlesim/share/turtlesim/srv/TeleportAbsolute.json
[35.512s] -- Up-to-date symlink: /my_new_project/ros2_ws/install/turtlesim/share/turtlesim/srv/TeleportRelative.json
[35.976s] -- Up-to-date symlink: /my_new_project/ros2_ws/install/turtlesim/include/turtlesim/turtlesim/action/detail/rotate_absolute__functions.h
[36.049s] -- Up-to-date symlink: /my_new_project/ros2_ws/install/turtlesim/include/turtlesim/turtlesim/action/detail/rotate_absolute__struct.h
[36.127s] -- Up-to-date symlink: /my_new_project/ros2_ws/install/turtlesim/include/turtlesim/turtlesim/action/detail/rotate_absolute__type_support.h
[36.188s] -- Up-to-date symlink: /my_new_project/ros2_ws/install/turtlesim/include/turtlesim/turtlesim/action/rotate_absolute.h
[36.248s] -- Up-to-date symlink: /my_new_project/ros2_ws/install/turtlesim/include/turtlesim/turtlesim/msg/color.h
[36.324s] -- Up-to-date symlink: /my_new_project/ros2_ws/install/turtlesim/include/turtlesim/turtlesim/msg/detail/color__functions.h
[36.403s] -- Up-to-date symlink: /my_new_project/ros2_ws/install/turtlesim/include/turtlesim/turtlesim/msg/detail/color__struct.h
[36.476s] -- Up-to-date symlink: /my_new_project/ros2_ws/install/turtlesim/include/turtlesim/turtlesim/msg/detail/color__type_support.h
[36.546s] -- Up-to-date symlink: /my_new_project/ros2_ws/install/turtlesim/include/turtlesim/turtlesim/msg/detail/pose__functions.h
[36.611s] -- Up-to-date symlink: /my_new_project/ros2_ws/install/turtlesim/include/turtlesim/turtlesim/msg/detail/pose__struct.h
[36.678s] -- Up-to-date symlink: /my_new_project/ros2_ws/install/turtlesim/include/turtlesim/turtlesim/msg/detail/pose__type_support.h
[36.733s] -- Up-to-date symlink: /my_new_project/ros2_ws/install/turtlesim/include/turtlesim/turtlesim/msg/pose.h
[36.782s] -- Up-to-date symlink: /my_new_project/ros2_ws/install/turtlesim/include/turtlesim/turtlesim/msg/rosidl_generator_c__visibility_control.h
[36.851s] -- Up-to-date symlink: /my_new_project/ros2_ws/install/turtlesim/include/turtlesim/turtlesim/srv/detail/kill__functions.h
[36.918s] -- Up-to-date symlink: /my_new_project/ros2_ws/install/turtlesim/include/turtlesim/turtlesim/srv/detail/kill__struct.h
[36.971s] -- Up-to-date symlink: /my_new_project/ros2_ws/install/turtlesim/include/turtlesim/turtlesim/srv/detail/kill__type_support.h
[37.035s] -- Up-to-date symlink: /my_new_project/ros2_ws/install/turtlesim/include/turtlesim/turtlesim/srv/detail/set_pen__functions.h
[37.097s] -- Up-to-date symlink: /my_new_project/ros2_ws/install/turtlesim/include/turtlesim/turtlesim/srv/detail/set_pen__struct.h
[37.153s] -- Up-to-date symlink: /my_new_project/ros2_ws/install/turtlesim/include/turtlesim/turtlesim/srv/detail/set_pen__type_support.h
[37.211s] -- Up-to-date symlink: /my_new_project/ros2_ws/install/turtlesim/include/turtlesim/turtlesim/srv/detail/spawn__functions.h
[37.266s] -- Up-to-date symlink: /my_new_project/ros2_ws/install/turtlesim/include/turtlesim/turtlesim/srv/detail/spawn__struct.h
[37.331s] -- Up-to-date symlink: /my_new_project/ros2_ws/install/turtlesim/include/turtlesim/turtlesim/srv/detail/spawn__type_support.h
[37.383s] -- Up-to-date symlink: /my_new_project/ros2_ws/install/turtlesim/include/turtlesim/turtlesim/srv/detail/teleport_absolute__functions.h
[37.438s] -- Up-to-date symlink: /my_new_project/ros2_ws/install/turtlesim/include/turtlesim/turtlesim/srv/detail/teleport_absolute__struct.h
[37.495s] -- Up-to-date symlink: /my_new_project/ros2_ws/install/turtlesim/include/turtlesim/turtlesim/srv/detail/teleport_absolute__type_support.h
[37.549s] -- Up-to-date symlink: /my_new_project/ros2_ws/install/turtlesim/include/turtlesim/turtlesim/srv/detail/teleport_relative__functions.h
[37.605s] -- Up-to-date symlink: /my_new_project/ros2_ws/install/turtlesim/include/turtlesim/turtlesim/srv/detail/teleport_relative__struct.h
[37.660s] -- Up-to-date symlink: /my_new_project/ros2_ws/install/turtlesim/include/turtlesim/turtlesim/srv/detail/teleport_relative__type_support.h
[37.700s] -- Up-to-date symlink: /my_new_project/ros2_ws/install/turtlesim/include/turtlesim/turtlesim/srv/kill.h
[37.743s] -- Up-to-date symlink: /my_new_project/ros2_ws/install/turtlesim/include/turtlesim/turtlesim/srv/set_pen.h
[37.784s] -- Up-to-date symlink: /my_new_project/ros2_ws/install/turtlesim/include/turtlesim/turtlesim/srv/spawn.h
[37.835s] -- Up-to-date symlink: /my_new_project/ros2_ws/install/turtlesim/include/turtlesim/turtlesim/srv/teleport_absolute.h
[37.874s] -- Up-to-date symlink: /my_new_project/ros2_ws/install/turtlesim/include/turtlesim/turtlesim/srv/teleport_relative.h
[37.904s] -- Up-to-date symlink: /my_new_project/ros2_ws/install/turtlesim/share/turtlesim/environment/library_path.sh
[37.940s] -- Up-to-date symlink: /my_new_project/ros2_ws/install/turtlesim/share/turtlesim/environment/library_path.dsv
[38.343s] -- Up-to-date symlink: /my_new_project/ros2_ws/install/turtlesim/include/turtlesim/turtlesim/action/detail/rotate_absolute__rosidl_typesupport_fastrtps_c.h
[38.395s] -- Up-to-date symlink: /my_new_project/ros2_ws/install/turtlesim/include/turtlesim/turtlesim/msg/detail/color__rosidl_typesupport_fastrtps_c.h
[38.453s] -- Up-to-date symlink: /my_new_project/ros2_ws/install/turtlesim/include/turtlesim/turtlesim/msg/detail/pose__rosidl_typesupport_fastrtps_c.h
[38.502s] -- Up-to-date symlink: /my_new_project/ros2_ws/install/turtlesim/include/turtlesim/turtlesim/msg/rosidl_typesupport_fastrtps_c__visibility_control.h
[38.560s] -- Up-to-date symlink: /my_new_project/ros2_ws/install/turtlesim/include/turtlesim/turtlesim/srv/detail/kill__rosidl_typesupport_fastrtps_c.h
[38.615s] -- Up-to-date symlink: /my_new_project/ros2_ws/install/turtlesim/include/turtlesim/turtlesim/srv/detail/set_pen__rosidl_typesupport_fastrtps_c.h
[38.676s] -- Up-to-date symlink: /my_new_project/ros2_ws/install/turtlesim/include/turtlesim/turtlesim/srv/detail/spawn__rosidl_typesupport_fastrtps_c.h
[38.730s] -- Up-to-date symlink: /my_new_project/ros2_ws/install/turtlesim/include/turtlesim/turtlesim/srv/detail/teleport_absolute__rosidl_typesupport_fastrtps_c.h
[38.781s] -- Up-to-date symlink: /my_new_project/ros2_ws/install/turtlesim/include/turtlesim/turtlesim/srv/detail/teleport_relative__rosidl_typesupport_fastrtps_c.h
[39.143s] -- Up-to-date symlink: /my_new_project/ros2_ws/install/turtlesim/include/turtlesim/turtlesim/action/detail/rotate_absolute__builder.hpp
[39.195s] -- Up-to-date symlink: /my_new_project/ros2_ws/install/turtlesim/include/turtlesim/turtlesim/action/detail/rotate_absolute__struct.hpp
[39.258s] -- Up-to-date symlink: /my_new_project/ros2_ws/install/turtlesim/include/turtlesim/turtlesim/action/detail/rotate_absolute__traits.hpp
[39.325s] -- Up-to-date symlink: /my_new_project/ros2_ws/install/turtlesim/include/turtlesim/turtlesim/action/detail/rotate_absolute__type_support.hpp
[39.373s] -- Up-to-date symlink: /my_new_project/ros2_ws/install/turtlesim/include/turtlesim/turtlesim/action/rotate_absolute.hpp
[39.415s] -- Up-to-date symlink: /my_new_project/ros2_ws/install/turtlesim/include/turtlesim/turtlesim/msg/color.hpp
[39.474s] -- Up-to-date symlink: /my_new_project/ros2_ws/install/turtlesim/include/turtlesim/turtlesim/msg/detail/color__builder.hpp
[39.530s] -- Up-to-date symlink: /my_new_project/ros2_ws/install/turtlesim/include/turtlesim/turtlesim/msg/detail/color__struct.hpp
[39.593s] -- Up-to-date symlink: /my_new_project/ros2_ws/install/turtlesim/include/turtlesim/turtlesim/msg/detail/color__traits.hpp
[39.663s] -- Up-to-date symlink: /my_new_project/ros2_ws/install/turtlesim/include/turtlesim/turtlesim/msg/detail/color__type_support.hpp
[39.740s] -- Up-to-date symlink: /my_new_project/ros2_ws/install/turtlesim/include/turtlesim/turtlesim/msg/detail/pose__builder.hpp
[39.809s] -- Up-to-date symlink: /my_new_project/ros2_ws/install/turtlesim/include/turtlesim/turtlesim/msg/detail/pose__struct.hpp
[39.867s] -- Up-to-date symlink: /my_new_project/ros2_ws/install/turtlesim/include/turtlesim/turtlesim/msg/detail/pose__traits.hpp
[39.929s] -- Up-to-date symlink: /my_new_project/ros2_ws/install/turtlesim/include/turtlesim/turtlesim/msg/detail/pose__type_support.hpp
[39.977s] -- Up-to-date symlink: /my_new_project/ros2_ws/install/turtlesim/include/turtlesim/turtlesim/msg/pose.hpp
[40.025s] -- Up-to-date symlink: /my_new_project/ros2_ws/install/turtlesim/include/turtlesim/turtlesim/msg/rosidl_generator_cpp__visibility_control.hpp
[40.084s] -- Up-to-date symlink: /my_new_project/ros2_ws/install/turtlesim/include/turtlesim/turtlesim/srv/detail/kill__builder.hpp
[40.149s] -- Up-to-date symlink: /my_new_project/ros2_ws/install/turtlesim/include/turtlesim/turtlesim/srv/detail/kill__struct.hpp
[40.203s] -- Up-to-date symlink: /my_new_project/ros2_ws/install/turtlesim/include/turtlesim/turtlesim/srv/detail/kill__traits.hpp
[40.261s] -- Up-to-date symlink: /my_new_project/ros2_ws/install/turtlesim/include/turtlesim/turtlesim/srv/detail/kill__type_support.hpp
[40.324s] -- Up-to-date symlink: /my_new_project/ros2_ws/install/turtlesim/include/turtlesim/turtlesim/srv/detail/set_pen__builder.hpp
[40.381s] -- Up-to-date symlink: /my_new_project/ros2_ws/install/turtlesim/include/turtlesim/turtlesim/srv/detail/set_pen__struct.hpp
[40.436s] -- Up-to-date symlink: /my_new_project/ros2_ws/install/turtlesim/include/turtlesim/turtlesim/srv/detail/set_pen__traits.hpp
[40.495s] -- Up-to-date symlink: /my_new_project/ros2_ws/install/turtlesim/include/turtlesim/turtlesim/srv/detail/set_pen__type_support.hpp
[40.556s] -- Up-to-date symlink: /my_new_project/ros2_ws/install/turtlesim/include/turtlesim/turtlesim/srv/detail/spawn__builder.hpp
[40.607s] -- Up-to-date symlink: /my_new_project/ros2_ws/install/turtlesim/include/turtlesim/turtlesim/srv/detail/spawn__struct.hpp
[40.676s] -- Up-to-date symlink: /my_new_project/ros2_ws/install/turtlesim/include/turtlesim/turtlesim/srv/detail/spawn__traits.hpp
[40.736s] -- Up-to-date symlink: /my_new_project/ros2_ws/install/turtlesim/include/turtlesim/turtlesim/srv/detail/spawn__type_support.hpp
[40.800s] -- Up-to-date symlink: /my_new_project/ros2_ws/install/turtlesim/include/turtlesim/turtlesim/srv/detail/teleport_absolute__builder.hpp
[40.861s] -- Up-to-date symlink: /my_new_project/ros2_ws/install/turtlesim/include/turtlesim/turtlesim/srv/detail/teleport_absolute__struct.hpp
[40.923s] -- Up-to-date symlink: /my_new_project/ros2_ws/install/turtlesim/include/turtlesim/turtlesim/srv/detail/teleport_absolute__traits.hpp
[40.987s] -- Up-to-date symlink: /my_new_project/ros2_ws/install/turtlesim/include/turtlesim/turtlesim/srv/detail/teleport_absolute__type_support.hpp
[41.042s] -- Up-to-date symlink: /my_new_project/ros2_ws/install/turtlesim/include/turtlesim/turtlesim/srv/detail/teleport_relative__builder.hpp
[41.100s] -- Up-to-date symlink: /my_new_project/ros2_ws/install/turtlesim/include/turtlesim/turtlesim/srv/detail/teleport_relative__struct.hpp
[41.170s] -- Up-to-date symlink: /my_new_project/ros2_ws/install/turtlesim/include/turtlesim/turtlesim/srv/detail/teleport_relative__traits.hpp
[41.227s] -- Up-to-date symlink: /my_new_project/ros2_ws/install/turtlesim/include/turtlesim/turtlesim/srv/detail/teleport_relative__type_support.hpp
[41.278s] -- Up-to-date symlink: /my_new_project/ros2_ws/install/turtlesim/include/turtlesim/turtlesim/srv/kill.hpp
[41.326s] -- Up-to-date symlink: /my_new_project/ros2_ws/install/turtlesim/include/turtlesim/turtlesim/srv/set_pen.hpp
[41.377s] -- Up-to-date symlink: /my_new_project/ros2_ws/install/turtlesim/include/turtlesim/turtlesim/srv/spawn.hpp
[41.446s] -- Up-to-date symlink: /my_new_project/ros2_ws/install/turtlesim/include/turtlesim/turtlesim/srv/teleport_absolute.hpp
[41.493s] -- Up-to-date symlink: /my_new_project/ros2_ws/install/turtlesim/include/turtlesim/turtlesim/srv/teleport_relative.hpp
[41.975s] -- Up-to-date symlink: /my_new_project/ros2_ws/install/turtlesim/include/turtlesim/turtlesim/action/detail/rotate_absolute__rosidl_typesupport_fastrtps_cpp.hpp
[42.028s] -- Up-to-date symlink: /my_new_project/ros2_ws/install/turtlesim/include/turtlesim/turtlesim/msg/detail/color__rosidl_typesupport_fastrtps_cpp.hpp
[42.096s] -- Up-to-date symlink: /my_new_project/ros2_ws/install/turtlesim/include/turtlesim/turtlesim/msg/detail/pose__rosidl_typesupport_fastrtps_cpp.hpp
[42.158s] -- Up-to-date symlink: /my_new_project/ros2_ws/install/turtlesim/include/turtlesim/turtlesim/msg/rosidl_typesupport_fastrtps_cpp__visibility_control.h
[42.229s] -- Up-to-date symlink: /my_new_project/ros2_ws/install/turtlesim/include/turtlesim/turtlesim/srv/detail/kill__rosidl_typesupport_fastrtps_cpp.hpp
[42.298s] -- Up-to-date symlink: /my_new_project/ros2_ws/install/turtlesim/include/turtlesim/turtlesim/srv/detail/set_pen__rosidl_typesupport_fastrtps_cpp.hpp
[42.364s] -- Up-to-date symlink: /my_new_project/ros2_ws/install/turtlesim/include/turtlesim/turtlesim/srv/detail/spawn__rosidl_typesupport_fastrtps_cpp.hpp
[42.434s] -- Up-to-date symlink: /my_new_project/ros2_ws/install/turtlesim/include/turtlesim/turtlesim/srv/detail/teleport_absolute__rosidl_typesupport_fastrtps_cpp.hpp
[42.505s] -- Up-to-date symlink: /my_new_project/ros2_ws/install/turtlesim/include/turtlesim/turtlesim/srv/detail/teleport_relative__rosidl_typesupport_fastrtps_cpp.hpp
[42.756s] -- Up-to-date symlink: /my_new_project/ros2_ws/install/turtlesim/include/turtlesim/turtlesim/action/detail/rotate_absolute__rosidl_typesupport_introspection_c.h
[42.816s] -- Up-to-date symlink: /my_new_project/ros2_ws/install/turtlesim/include/turtlesim/turtlesim/msg/detail/color__rosidl_typesupport_introspection_c.h
[42.878s] -- Up-to-date symlink: /my_new_project/ros2_ws/install/turtlesim/include/turtlesim/turtlesim/msg/detail/pose__rosidl_typesupport_introspection_c.h
[42.939s] -- Up-to-date symlink: /my_new_project/ros2_ws/install/turtlesim/include/turtlesim/turtlesim/msg/rosidl_typesupport_introspection_c__visibility_control.h
[43.001s] -- Up-to-date symlink: /my_new_project/ros2_ws/install/turtlesim/include/turtlesim/turtlesim/srv/detail/kill__rosidl_typesupport_introspection_c.h
[43.060s] -- Up-to-date symlink: /my_new_project/ros2_ws/install/turtlesim/include/turtlesim/turtlesim/srv/detail/set_pen__rosidl_typesupport_introspection_c.h
[43.128s] -- Up-to-date symlink: /my_new_project/ros2_ws/install/turtlesim/include/turtlesim/turtlesim/srv/detail/spawn__rosidl_typesupport_introspection_c.h
[43.191s] -- Up-to-date symlink: /my_new_project/ros2_ws/install/turtlesim/include/turtlesim/turtlesim/srv/detail/teleport_absolute__rosidl_typesupport_introspection_c.h
[43.250s] -- Up-to-date symlink: /my_new_project/ros2_ws/install/turtlesim/include/turtlesim/turtlesim/srv/detail/teleport_relative__rosidl_typesupport_introspection_c.h
[43.449s] -- Up-to-date symlink: /my_new_project/ros2_ws/install/turtlesim/include/turtlesim/turtlesim/action/detail/rotate_absolute__rosidl_typesupport_introspection_cpp.hpp
[43.508s] -- Up-to-date symlink: /my_new_project/ros2_ws/install/turtlesim/include/turtlesim/turtlesim/msg/detail/color__rosidl_typesupport_introspection_cpp.hpp
[43.566s] -- Up-to-date symlink: /my_new_project/ros2_ws/install/turtlesim/include/turtlesim/turtlesim/msg/detail/pose__rosidl_typesupport_introspection_cpp.hpp
[43.621s] -- Up-to-date symlink: /my_new_project/ros2_ws/install/turtlesim/include/turtlesim/turtlesim/srv/detail/kill__rosidl_typesupport_introspection_cpp.hpp
[43.676s] -- Up-to-date symlink: /my_new_project/ros2_ws/install/turtlesim/include/turtlesim/turtlesim/srv/detail/set_pen__rosidl_typesupport_introspection_cpp.hpp
[43.729s] -- Up-to-date symlink: /my_new_project/ros2_ws/install/turtlesim/include/turtlesim/turtlesim/srv/detail/spawn__rosidl_typesupport_introspection_cpp.hpp
[43.785s] -- Up-to-date symlink: /my_new_project/ros2_ws/install/turtlesim/include/turtlesim/turtlesim/srv/detail/teleport_absolute__rosidl_typesupport_introspection_cpp.hpp
[43.843s] -- Up-to-date symlink: /my_new_project/ros2_ws/install/turtlesim/include/turtlesim/turtlesim/srv/detail/teleport_relative__rosidl_typesupport_introspection_cpp.hpp
[43.879s] -- Up-to-date symlink: /my_new_project/ros2_ws/install/turtlesim/share/turtlesim/environment/pythonpath.sh
[43.913s] -- Up-to-date symlink: /my_new_project/ros2_ws/install/turtlesim/share/turtlesim/environment/pythonpath.dsv
[43.992s] -- Up-to-date symlink: /my_new_project/ros2_ws/install/turtlesim/lib/python3.12/site-packages/turtlesim-1.8.3-py3.12.egg-info/PKG-INFO
[44.037s] -- Up-to-date symlink: /my_new_project/ros2_ws/install/turtlesim/lib/python3.12/site-packages/turtlesim-1.8.3-py3.12.egg-info/SOURCES.txt
[44.083s] -- Up-to-date symlink: /my_new_project/ros2_ws/install/turtlesim/lib/python3.12/site-packages/turtlesim-1.8.3-py3.12.egg-info/dependency_links.txt
[44.134s] -- Up-to-date symlink: /my_new_project/ros2_ws/install/turtlesim/lib/python3.12/site-packages/turtlesim-1.8.3-py3.12.egg-info/top_level.txt
[44.605s] -- Up-to-date symlink: /my_new_project/ros2_ws/install/turtlesim/lib/python3.12/site-packages/turtlesim/__init__.py
[44.648s] -- Up-to-date symlink: /my_new_project/ros2_ws/install/turtlesim/lib/python3.12/site-packages/turtlesim/_turtlesim_s.ep.rosidl_typesupport_c.c
[44.692s] -- Up-to-date symlink: /my_new_project/ros2_ws/install/turtlesim/lib/python3.12/site-packages/turtlesim/_turtlesim_s.ep.rosidl_typesupport_fastrtps_c.c
[44.736s] -- Up-to-date symlink: /my_new_project/ros2_ws/install/turtlesim/lib/python3.12/site-packages/turtlesim/_turtlesim_s.ep.rosidl_typesupport_introspection_c.c
[44.787s] -- Up-to-date symlink: /my_new_project/ros2_ws/install/turtlesim/lib/python3.12/site-packages/turtlesim/action/__init__.py
[44.843s] -- Up-to-date symlink: /my_new_project/ros2_ws/install/turtlesim/lib/python3.12/site-packages/turtlesim/action/_rotate_absolute.py
[44.897s] -- Up-to-date symlink: /my_new_project/ros2_ws/install/turtlesim/lib/python3.12/site-packages/turtlesim/action/_rotate_absolute_s.c
[44.954s] -- Up-to-date symlink: /my_new_project/ros2_ws/install/turtlesim/lib/python3.12/site-packages/turtlesim/msg/__init__.py
[45.005s] -- Up-to-date symlink: /my_new_project/ros2_ws/install/turtlesim/lib/python3.12/site-packages/turtlesim/msg/_color.py
[45.059s] -- Up-to-date symlink: /my_new_project/ros2_ws/install/turtlesim/lib/python3.12/site-packages/turtlesim/msg/_color_s.c
[45.109s] -- Up-to-date symlink: /my_new_project/ros2_ws/install/turtlesim/lib/python3.12/site-packages/turtlesim/msg/_pose.py
[45.160s] -- Up-to-date symlink: /my_new_project/ros2_ws/install/turtlesim/lib/python3.12/site-packages/turtlesim/msg/_pose_s.c
[45.218s] -- Up-to-date symlink: /my_new_project/ros2_ws/install/turtlesim/lib/python3.12/site-packages/turtlesim/srv/__init__.py
[45.274s] -- Up-to-date symlink: /my_new_project/ros2_ws/install/turtlesim/lib/python3.12/site-packages/turtlesim/srv/_kill.py
[45.328s] -- Up-to-date symlink: /my_new_project/ros2_ws/install/turtlesim/lib/python3.12/site-packages/turtlesim/srv/_kill_s.c
[45.383s] -- Up-to-date symlink: /my_new_project/ros2_ws/install/turtlesim/lib/python3.12/site-packages/turtlesim/srv/_set_pen.py
[45.437s] -- Up-to-date symlink: /my_new_project/ros2_ws/install/turtlesim/lib/python3.12/site-packages/turtlesim/srv/_set_pen_s.c
[45.490s] -- Up-to-date symlink: /my_new_project/ros2_ws/install/turtlesim/lib/python3.12/site-packages/turtlesim/srv/_spawn.py
[45.547s] -- Up-to-date symlink: /my_new_project/ros2_ws/install/turtlesim/lib/python3.12/site-packages/turtlesim/srv/_spawn_s.c
[45.603s] -- Up-to-date symlink: /my_new_project/ros2_ws/install/turtlesim/lib/python3.12/site-packages/turtlesim/srv/_teleport_absolute.py
[45.657s] -- Up-to-date symlink: /my_new_project/ros2_ws/install/turtlesim/lib/python3.12/site-packages/turtlesim/srv/_teleport_absolute_s.c
[45.710s] -- Up-to-date symlink: /my_new_project/ros2_ws/install/turtlesim/lib/python3.12/site-packages/turtlesim/srv/_teleport_relative.py
[45.765s] -- Up-to-date symlink: /my_new_project/ros2_ws/install/turtlesim/lib/python3.12/site-packages/turtlesim/srv/_teleport_relative_s.c
[45.808s] -- Up-to-date symlink: /my_new_project/ros2_ws/install/turtlesim/lib/python3.12/site-packages/turtlesim/turtlesim_s__rosidl_typesupport_c.so
[45.874s] -- Up-to-date symlink: /my_new_project/ros2_ws/install/turtlesim/lib/python3.12/site-packages/turtlesim/turtlesim_s__rosidl_typesupport_fastrtps_c.so
[45.917s] -- Up-to-date symlink: /my_new_project/ros2_ws/install/turtlesim/lib/python3.12/site-packages/turtlesim/turtlesim_s__rosidl_typesupport_introspection_c.so
[45.971s] -- Up-to-date symlink: /my_new_project/ros2_ws/install/turtlesim/lib/python3.12/site-packages/turtlesim/turtlesim_s__rosidl_typesupport_fastrtps_c.so
[46.020s] -- Up-to-date symlink: /my_new_project/ros2_ws/install/turtlesim/lib/python3.12/site-packages/turtlesim/turtlesim_s__rosidl_typesupport_introspection_c.so
[46.068s] -- Up-to-date symlink: /my_new_project/ros2_ws/install/turtlesim/lib/python3.12/site-packages/turtlesim/turtlesim_s__rosidl_typesupport_c.so
[46.113s] -- Up-to-date symlink: /my_new_project/ros2_ws/install/turtlesim/share/turtlesim/action/RotateAbsolute.idl
[46.158s] -- Up-to-date symlink: /my_new_project/ros2_ws/install/turtlesim/share/turtlesim/msg/Color.idl
[46.196s] -- Up-to-date symlink: /my_new_project/ros2_ws/install/turtlesim/share/turtlesim/msg/Pose.idl
[46.243s] -- Up-to-date symlink: /my_new_project/ros2_ws/install/turtlesim/share/turtlesim/srv/Kill.idl
[46.287s] -- Up-to-date symlink: /my_new_project/ros2_ws/install/turtlesim/share/turtlesim/srv/SetPen.idl
[46.329s] -- Up-to-date symlink: /my_new_project/ros2_ws/install/turtlesim/share/turtlesim/srv/Spawn.idl
[46.377s] -- Up-to-date symlink: /my_new_project/ros2_ws/install/turtlesim/share/turtlesim/srv/TeleportAbsolute.idl
[46.420s] -- Up-to-date symlink: /my_new_project/ros2_ws/install/turtlesim/share/turtlesim/srv/TeleportRelative.idl
[46.463s] -- Up-to-date symlink: /my_new_project/ros2_ws/install/turtlesim/share/turtlesim/action/RotateAbsolute.action
[46.502s] -- Up-to-date symlink: /my_new_project/ros2_ws/install/turtlesim/share/turtlesim/msg/Color.msg
[46.550s] -- Up-to-date symlink: /my_new_project/ros2_ws/install/turtlesim/share/turtlesim/msg/Pose.msg
[46.593s] -- Up-to-date symlink: /my_new_project/ros2_ws/install/turtlesim/share/turtlesim/srv/Kill.srv
[46.642s] -- Up-to-date symlink: /my_new_project/ros2_ws/install/turtlesim/share/turtlesim/srv/SetPen.srv
[46.686s] -- Up-to-date symlink: /my_new_project/ros2_ws/install/turtlesim/share/turtlesim/srv/Spawn.srv
[46.733s] -- Up-to-date symlink: /my_new_project/ros2_ws/install/turtlesim/share/turtlesim/srv/TeleportAbsolute.srv
[46.776s] -- Up-to-date symlink: /my_new_project/ros2_ws/install/turtlesim/share/turtlesim/srv/TeleportRelative.srv
[46.805s] -- Up-to-date symlink: /my_new_project/ros2_ws/install/turtlesim/lib/turtlesim/turtlesim_node
[46.829s] -- Up-to-date symlink: /my_new_project/ros2_ws/install/turtlesim/lib/turtlesim/turtle_teleop_key
[46.858s] -- Up-to-date symlink: /my_new_project/ros2_ws/install/turtlesim/lib/turtlesim/draw_square
[46.882s] -- Up-to-date symlink: /my_new_project/ros2_ws/install/turtlesim/lib/turtlesim/mimic
[46.937s] -- Up-to-date symlink: /my_new_project/ros2_ws/install/turtlesim/share/turtlesim/launch/multisim.launch.py
[47.003s] -- Up-to-date symlink: /my_new_project/ros2_ws/install/turtlesim/share/ament_index/resource_index/package_run_dependencies/turtlesim
[47.068s] -- Up-to-date symlink: /my_new_project/ros2_ws/install/turtlesim/share/ament_index/resource_index/parent_prefix_path/turtlesim
[47.097s] -- Up-to-date symlink: /my_new_project/ros2_ws/install/turtlesim/share/turtlesim/environment/ament_prefix_path.sh
[47.134s] -- Up-to-date symlink: /my_new_project/ros2_ws/install/turtlesim/share/turtlesim/environment/ament_prefix_path.dsv
[47.165s] -- Up-to-date symlink: /my_new_project/ros2_ws/install/turtlesim/share/turtlesim/environment/path.sh
[47.201s] -- Up-to-date symlink: /my_new_project/ros2_ws/install/turtlesim/share/turtlesim/environment/path.dsv
[47.231s] -- Up-to-date symlink: /my_new_project/ros2_ws/install/turtlesim/share/turtlesim/local_setup.bash
[47.263s] -- Up-to-date symlink: /my_new_project/ros2_ws/install/turtlesim/share/turtlesim/local_setup.sh
[47.291s] -- Up-to-date symlink: /my_new_project/ros2_ws/install/turtlesim/share/turtlesim/local_setup.zsh
[47.320s] -- Up-to-date symlink: /my_new_project/ros2_ws/install/turtlesim/share/turtlesim/local_setup.dsv
[47.355s] -- Symlinking: /my_new_project/ros2_ws/install/turtlesim/share/turtlesim/package.dsv
[47.551s] -- Up-to-date symlink: /my_new_project/ros2_ws/install/turtlesim/share/ament_index/resource_index/packages/turtlesim
[47.587s] -- Up-to-date symlink: /my_new_project/ros2_ws/install/turtlesim/share/turtlesim/cmake/rosidl_cmake-extras.cmake
[47.621s] -- Up-to-date symlink: /my_new_project/ros2_ws/install/turtlesim/share/turtlesim/cmake/ament_cmake_export_dependencies-extras.cmake
[47.657s] -- Up-to-date symlink: /my_new_project/ros2_ws/install/turtlesim/share/turtlesim/cmake/ament_cmake_export_include_directories-extras.cmake
[47.693s] -- Up-to-date symlink: /my_new_project/ros2_ws/install/turtlesim/share/turtlesim/cmake/ament_cmake_export_libraries-extras.cmake
[47.729s] -- Up-to-date symlink: /my_new_project/ros2_ws/install/turtlesim/share/turtlesim/cmake/ament_cmake_export_targets-extras.cmake
[47.761s] -- Up-to-date symlink: /my_new_project/ros2_ws/install/turtlesim/share/turtlesim/cmake/rosidl_cmake_export_typesupport_targets-extras.cmake
[47.797s] -- Up-to-date symlink: /my_new_project/ros2_ws/install/turtlesim/share/turtlesim/cmake/rosidl_cmake_export_typesupport_libraries-extras.cmake
[47.830s] -- Up-to-date symlink: /my_new_project/ros2_ws/install/turtlesim/share/turtlesim/cmake/turtlesimConfig.cmake
[47.861s] -- Up-to-date symlink: /my_new_project/ros2_ws/install/turtlesim/share/turtlesim/cmake/turtlesimConfig-version.cmake
[47.897s] -- Up-to-date symlink: /my_new_project/ros2_ws/install/turtlesim/share/turtlesim/package.xml
[47.933s] -- Up-to-date: /my_new_project/ros2_ws/install/turtlesim/lib/libturtlesim__rosidl_generator_c.so
[48.010s] -- Up-to-date: /my_new_project/ros2_ws/install/turtlesim/lib/libturtlesim__rosidl_typesupport_fastrtps_c.so
[48.087s] -- Up-to-date: /my_new_project/ros2_ws/install/turtlesim/lib/libturtlesim__rosidl_typesupport_fastrtps_cpp.so
[48.171s] -- Up-to-date: /my_new_project/ros2_ws/install/turtlesim/lib/libturtlesim__rosidl_typesupport_introspection_c.so
[48.249s] -- Up-to-date: /my_new_project/ros2_ws/install/turtlesim/lib/libturtlesim__rosidl_typesupport_c.so
[48.325s] -- Up-to-date: /my_new_project/ros2_ws/install/turtlesim/lib/libturtlesim__rosidl_typesupport_introspection_cpp.so
[48.406s] -- Up-to-date: /my_new_project/ros2_ws/install/turtlesim/lib/libturtlesim__rosidl_typesupport_cpp.so
[49.330s] Listing '/my_new_project/ros2_ws/install/turtlesim/lib/python3.12/site-packages/turtlesim'...
[49.331s] Listing '/my_new_project/ros2_ws/install/turtlesim/lib/python3.12/site-packages/turtlesim/action'...
[49.332s] Listing '/my_new_project/ros2_ws/install/turtlesim/lib/python3.12/site-packages/turtlesim/msg'...
[49.334s] Listing '/my_new_project/ros2_ws/install/turtlesim/lib/python3.12/site-packages/turtlesim/srv'...
[49.377s] -- Up-to-date: /my_new_project/ros2_ws/install/turtlesim/lib/libturtlesim__rosidl_generator_py.so
[49.430s] -- Up-to-date: /my_new_project/ros2_ws/install/turtlesim/share/turtlesim/images
[49.465s] -- Up-to-date: /my_new_project/ros2_ws/install/turtlesim/share/turtlesim/images/ardent.png
[49.488s] -- Up-to-date: /my_new_project/ros2_ws/install/turtlesim/share/turtlesim/images/bouncy.png
[49.518s] -- Up-to-date: /my_new_project/ros2_ws/install/turtlesim/share/turtlesim/images/crystal.png
[49.543s] -- Up-to-date: /my_new_project/ros2_ws/install/turtlesim/share/turtlesim/images/dashing.png
[49.570s] -- Up-to-date: /my_new_project/ros2_ws/install/turtlesim/share/turtlesim/images/eloquent.png
[49.597s] -- Up-to-date: /my_new_project/ros2_ws/install/turtlesim/share/turtlesim/images/foxy.png
[49.628s] -- Up-to-date: /my_new_project/ros2_ws/install/turtlesim/share/turtlesim/images/galactic.png
[49.654s] -- Up-to-date: /my_new_project/ros2_ws/install/turtlesim/share/turtlesim/images/humble.png
[49.681s] -- Up-to-date: /my_new_project/ros2_ws/install/turtlesim/share/turtlesim/images/iron.png
[49.710s] -- Up-to-date: /my_new_project/ros2_ws/install/turtlesim/share/turtlesim/images/jazzy.png
[49.737s] -- Up-to-date: /my_new_project/ros2_ws/install/turtlesim/share/turtlesim/images/rolling.png
[49.783s] -- Up-to-date: /my_new_project/ros2_ws/install/turtlesim/share/turtlesim/cmake/export_turtlesim__rosidl_generator_cExport.cmake
[49.824s] -- Up-to-date: /my_new_project/ros2_ws/install/turtlesim/share/turtlesim/cmake/export_turtlesim__rosidl_generator_cExport-noconfig.cmake
[49.865s] -- Up-to-date: /my_new_project/ros2_ws/install/turtlesim/share/turtlesim/cmake/export_turtlesim__rosidl_typesupport_fastrtps_cExport.cmake
[49.901s] -- Up-to-date: /my_new_project/ros2_ws/install/turtlesim/share/turtlesim/cmake/export_turtlesim__rosidl_typesupport_fastrtps_cExport-noconfig.cmake
[49.952s] -- Up-to-date: /my_new_project/ros2_ws/install/turtlesim/share/turtlesim/cmake/export_turtlesim__rosidl_generator_cppExport.cmake
[50.004s] -- Up-to-date: /my_new_project/ros2_ws/install/turtlesim/share/turtlesim/cmake/export_turtlesim__rosidl_typesupport_fastrtps_cppExport.cmake
[50.037s] -- Up-to-date: /my_new_project/ros2_ws/install/turtlesim/share/turtlesim/cmake/export_turtlesim__rosidl_typesupport_fastrtps_cppExport-noconfig.cmake
[50.087s] -- Up-to-date: /my_new_project/ros2_ws/install/turtlesim/share/turtlesim/cmake/turtlesim__rosidl_typesupport_introspection_cExport.cmake
[50.124s] -- Up-to-date: /my_new_project/ros2_ws/install/turtlesim/share/turtlesim/cmake/turtlesim__rosidl_typesupport_introspection_cExport-noconfig.cmake
[50.169s] -- Up-to-date: /my_new_project/ros2_ws/install/turtlesim/share/turtlesim/cmake/turtlesim__rosidl_typesupport_cExport.cmake
[50.200s] -- Up-to-date: /my_new_project/ros2_ws/install/turtlesim/share/turtlesim/cmake/turtlesim__rosidl_typesupport_cExport-noconfig.cmake
[50.250s] -- Up-to-date: /my_new_project/ros2_ws/install/turtlesim/share/turtlesim/cmake/turtlesim__rosidl_typesupport_introspection_cppExport.cmake
[50.302s] -- Up-to-date: /my_new_project/ros2_ws/install/turtlesim/share/turtlesim/cmake/turtlesim__rosidl_typesupport_introspection_cppExport-noconfig.cmake
[50.357s] -- Up-to-date: /my_new_project/ros2_ws/install/turtlesim/share/turtlesim/cmake/turtlesim__rosidl_typesupport_cppExport.cmake
[50.390s] -- Up-to-date: /my_new_project/ros2_ws/install/turtlesim/share/turtlesim/cmake/turtlesim__rosidl_typesupport_cppExport-noconfig.cmake
[50.441s] -- Up-to-date: /my_new_project/ros2_ws/install/turtlesim/share/turtlesim/cmake/export_turtlesim__rosidl_generator_pyExport.cmake
[50.473s] -- Up-to-date: /my_new_project/ros2_ws/install/turtlesim/share/turtlesim/cmake/export_turtlesim__rosidl_generator_pyExport-noconfig.cmake
[50.501s] Invoked command in '/my_new_project/ros2_ws/build/turtlesim' returned '0': CMAKE_PREFIX_PATH=${CMAKE_PREFIX_PATH}:/opt/ros/jazzy /usr/bin/cmake --install /my_new_project/ros2_ws/build/turtlesim
