running egg_info
creating ../../build/serial_ctrl/serial_ctrl.egg-info
writing ../../build/serial_ctrl/serial_ctrl.egg-info/PKG-INFO
writing dependency_links to ../../build/serial_ctrl/serial_ctrl.egg-info/dependency_links.txt
writing entry points to ../../build/serial_ctrl/serial_ctrl.egg-info/entry_points.txt
writing requirements to ../../build/serial_ctrl/serial_ctrl.egg-info/requires.txt
writing top-level names to ../../build/serial_ctrl/serial_ctrl.egg-info/top_level.txt
writing manifest file '../../build/serial_ctrl/serial_ctrl.egg-info/SOURCES.txt'
reading manifest file '../../build/serial_ctrl/serial_ctrl.egg-info/SOURCES.txt'
writing manifest file '../../build/serial_ctrl/serial_ctrl.egg-info/SOURCES.txt'
running build
running build_py
creating /my_new_project/ros2_ws/build/serial_ctrl/build
creating /my_new_project/ros2_ws/build/serial_ctrl/build/lib
creating /my_new_project/ros2_ws/build/serial_ctrl/build/lib/serial_ctrl
copying serial_ctrl/serial_ctrl_py.py -> /my_new_project/ros2_ws/build/serial_ctrl/build/lib/serial_ctrl
copying serial_ctrl/__init__.py -> /my_new_project/ros2_ws/build/serial_ctrl/build/lib/serial_ctrl
running install
running install_lib
creating /my_new_project/ros2_ws/install/serial_ctrl/lib/python3.12/site-packages/serial_ctrl
copying /my_new_project/ros2_ws/build/serial_ctrl/build/lib/serial_ctrl/serial_ctrl_py.py -> /my_new_project/ros2_ws/install/serial_ctrl/lib/python3.12/site-packages/serial_ctrl
copying /my_new_project/ros2_ws/build/serial_ctrl/build/lib/serial_ctrl/__init__.py -> /my_new_project/ros2_ws/install/serial_ctrl/lib/python3.12/site-packages/serial_ctrl
byte-compiling /my_new_project/ros2_ws/install/serial_ctrl/lib/python3.12/site-packages/serial_ctrl/serial_ctrl_py.py to serial_ctrl_py.cpython-312.pyc
byte-compiling /my_new_project/ros2_ws/install/serial_ctrl/lib/python3.12/site-packages/serial_ctrl/__init__.py to __init__.cpython-312.pyc
running install_data
creating /my_new_project/ros2_ws/install/serial_ctrl/share/ament_index
creating /my_new_project/ros2_ws/install/serial_ctrl/share/ament_index/resource_index
creating /my_new_project/ros2_ws/install/serial_ctrl/share/ament_index/resource_index/packages
copying resource/serial_ctrl -> /my_new_project/ros2_ws/install/serial_ctrl/share/ament_index/resource_index/packages
copying package.xml -> /my_new_project/ros2_ws/install/serial_ctrl/share/serial_ctrl
running install_egg_info
Copying ../../build/serial_ctrl/serial_ctrl.egg-info to /my_new_project/ros2_ws/install/serial_ctrl/lib/python3.12/site-packages/serial_ctrl-0.0.0-py3.12.egg-info
running install_scripts
Installing serial_ctrl script to /my_new_project/ros2_ws/install/serial_ctrl/lib/serial_ctrl
writing list of installed files to '/my_new_project/ros2_ws/build/serial_ctrl/install.log'
