[3.473s] Invoking command in '/my_new_project/ros2_ws/src/py_pubsub': PYTHONPATH=/my_new_project/ros2_ws/build/py_pubsub/prefix_override:/usr/lib/python3/dist-packages/colcon_core/task/python/colcon_distutils_commands:/my_new_project/ros2_ws/install/py_pubsub/lib/python3.12/site-packages:${PYTHONPATH} /usr/bin/python3 -W ignore:setup.py install is deprecated -W ignore:easy_install command is deprecated setup.py egg_info --egg-base ../../build/py_pubsub build --build-base /my_new_project/ros2_ws/build/py_pubsub/build install --record /my_new_project/ros2_ws/build/py_pubsub/install.log --single-version-externally-managed install_data
[4.922s] running egg_info
[4.976s] writing ../../build/py_pubsub/py_pubsub.egg-info/PKG-INFO
[4.985s] writing dependency_links to ../../build/py_pubsub/py_pubsub.egg-info/dependency_links.txt
[4.994s] writing entry points to ../../build/py_pubsub/py_pubsub.egg-info/entry_points.txt
[5.001s] writing requirements to ../../build/py_pubsub/py_pubsub.egg-info/requires.txt
[5.006s] writing top-level names to ../../build/py_pubsub/py_pubsub.egg-info/top_level.txt
[5.179s] reading manifest file '../../build/py_pubsub/py_pubsub.egg-info/SOURCES.txt'
[5.239s] adding license file 'LICENSE'
[5.287s] writing manifest file '../../build/py_pubsub/py_pubsub.egg-info/SOURCES.txt'
[5.295s] running build
[5.325s] running build_py
[5.442s] running install
[5.460s] running install_lib
[5.716s] running install_data
[5.762s] running install_egg_info
[5.823s] removing '/my_new_project/ros2_ws/install/py_pubsub/lib/python3.12/site-packages/py_pubsub-0.0.0-py3.12.egg-info' (and everything under it)
[5.915s] Copying ../../build/py_pubsub/py_pubsub.egg-info to /my_new_project/ros2_ws/install/py_pubsub/lib/python3.12/site-packages/py_pubsub-0.0.0-py3.12.egg-info
[6.309s] running install_scripts
[6.728s] Installing listener script to /my_new_project/ros2_ws/install/py_pubsub/lib/py_pubsub
[6.746s] Installing talker script to /my_new_project/ros2_ws/install/py_pubsub/lib/py_pubsub
[6.765s] writing list of installed files to '/my_new_project/ros2_ws/build/py_pubsub/install.log'
[7.239s] Invoked command in '/my_new_project/ros2_ws/src/py_pubsub' returned '0': PYTHONPATH=/my_new_project/ros2_ws/build/py_pubsub/prefix_override:/usr/lib/python3/dist-packages/colcon_core/task/python/colcon_distutils_commands:/my_new_project/ros2_ws/install/py_pubsub/lib/python3.12/site-packages:${PYTHONPATH} /usr/bin/python3 -W ignore:setup.py install is deprecated -W ignore:easy_install command is deprecated setup.py egg_info --egg-base ../../build/py_pubsub build --build-base /my_new_project/ros2_ws/build/py_pubsub/build install --record /my_new_project/ros2_ws/build/py_pubsub/install.log --single-version-externally-managed install_data
