[5.469s] Invoking command in '/my_new_project/ros2_ws/src/py_pubsub': PYTHONPATH=/my_new_project/ros2_ws/build/py_pubsub/prefix_override:/usr/lib/python3/dist-packages/colcon_core/task/python/colcon_distutils_commands:/my_new_project/ros2_ws/install/py_pubsub/lib/python3.12/site-packages:${PYTHONPATH} /usr/bin/python3 -W ignore:setup.py install is deprecated -W ignore:easy_install command is deprecated setup.py egg_info --egg-base ../../build/py_pubsub build --build-base /my_new_project/ros2_ws/build/py_pubsub/build install --record /my_new_project/ros2_ws/build/py_pubsub/install.log --single-version-externally-managed install_data
[7.072s] running egg_info
[7.118s] writing ../../build/py_pubsub/py_pubsub.egg-info/PKG-INFO
[7.128s] writing dependency_links to ../../build/py_pubsub/py_pubsub.egg-info/dependency_links.txt
[7.137s] writing entry points to ../../build/py_pubsub/py_pubsub.egg-info/entry_points.txt
[7.144s] writing requirements to ../../build/py_pubsub/py_pubsub.egg-info/requires.txt
[7.150s] writing top-level names to ../../build/py_pubsub/py_pubsub.egg-info/top_level.txt
[7.296s] reading manifest file '../../build/py_pubsub/py_pubsub.egg-info/SOURCES.txt'
[7.386s] adding license file 'LICENSE'
[7.422s] writing manifest file '../../build/py_pubsub/py_pubsub.egg-info/SOURCES.txt'
[7.428s] running build
[7.430s] running build_py
[7.498s] running install
[7.514s] running install_lib
[7.771s] running install_data
[7.817s] running install_egg_info
[7.885s] removing '/my_new_project/ros2_ws/install/py_pubsub/lib/python3.12/site-packages/py_pubsub-0.0.0-py3.12.egg-info' (and everything under it)
[7.987s] Copying ../../build/py_pubsub/py_pubsub.egg-info to /my_new_project/ros2_ws/install/py_pubsub/lib/python3.12/site-packages/py_pubsub-0.0.0-py3.12.egg-info
[8.373s] running install_scripts
[8.812s] Installing listener script to /my_new_project/ros2_ws/install/py_pubsub/lib/py_pubsub
[8.828s] Installing talker script to /my_new_project/ros2_ws/install/py_pubsub/lib/py_pubsub
[8.846s] writing list of installed files to '/my_new_project/ros2_ws/build/py_pubsub/install.log'
[9.564s] Invoked command in '/my_new_project/ros2_ws/src/py_pubsub' returned '0': PYTHONPATH=/my_new_project/ros2_ws/build/py_pubsub/prefix_override:/usr/lib/python3/dist-packages/colcon_core/task/python/colcon_distutils_commands:/my_new_project/ros2_ws/install/py_pubsub/lib/python3.12/site-packages:${PYTHONPATH} /usr/bin/python3 -W ignore:setup.py install is deprecated -W ignore:easy_install command is deprecated setup.py egg_info --egg-base ../../build/py_pubsub build --build-base /my_new_project/ros2_ws/build/py_pubsub/build install --record /my_new_project/ros2_ws/build/py_pubsub/install.log --single-version-externally-managed install_data
