[3.579s] Invoking command in '/my_new_project/ros2_ws/src/py_pubsub': PYTHONPATH=/my_new_project/ros2_ws/build/py_pubsub/prefix_override:/usr/lib/python3/dist-packages/colcon_core/task/python/colcon_distutils_commands:/my_new_project/ros2_ws/install/py_pubsub/lib/python3.12/site-packages:${PYTHONPATH} /usr/bin/python3 -W ignore:setup.py install is deprecated -W ignore:easy_install command is deprecated setup.py egg_info --egg-base ../../build/py_pubsub build --build-base /my_new_project/ros2_ws/build/py_pubsub/build install --record /my_new_project/ros2_ws/build/py_pubsub/install.log --single-version-externally-managed install_data
[4.822s] running egg_info
[4.883s] writing ../../build/py_pubsub/py_pubsub.egg-info/PKG-INFO
[4.897s] writing dependency_links to ../../build/py_pubsub/py_pubsub.egg-info/dependency_links.txt
[4.907s] writing entry points to ../../build/py_pubsub/py_pubsub.egg-info/entry_points.txt
[4.922s] writing requirements to ../../build/py_pubsub/py_pubsub.egg-info/requires.txt
[4.929s] writing top-level names to ../../build/py_pubsub/py_pubsub.egg-info/top_level.txt
[5.143s] reading manifest file '../../build/py_pubsub/py_pubsub.egg-info/SOURCES.txt'
[5.272s] adding license file 'LICENSE'
[5.317s] writing manifest file '../../build/py_pubsub/py_pubsub.egg-info/SOURCES.txt'
[5.323s] running build
[5.353s] running build_py
[5.356s] copying py_pubsub/publisher_member_function.py -> /my_new_project/ros2_ws/build/py_pubsub/build/lib/py_pubsub
[5.447s] running install
[5.465s] running install_lib
[5.592s] copying /my_new_project/ros2_ws/build/py_pubsub/build/lib/py_pubsub/publisher_member_function.py -> /my_new_project/ros2_ws/install/py_pubsub/lib/python3.12/site-packages/py_pubsub
[5.771s] byte-compiling /my_new_project/ros2_ws/install/py_pubsub/lib/python3.12/site-packages/py_pubsub/publisher_member_function.py to publisher_member_function.cpython-312.pyc
[5.911s] running install_data
[5.971s] running install_egg_info
[6.035s] removing '/my_new_project/ros2_ws/install/py_pubsub/lib/python3.12/site-packages/py_pubsub-0.0.0-py3.12.egg-info' (and everything under it)
[6.176s] Copying ../../build/py_pubsub/py_pubsub.egg-info to /my_new_project/ros2_ws/install/py_pubsub/lib/python3.12/site-packages/py_pubsub-0.0.0-py3.12.egg-info
[6.685s] running install_scripts
[7.184s] Installing listener script to /my_new_project/ros2_ws/install/py_pubsub/lib/py_pubsub
[7.208s] Installing talker script to /my_new_project/ros2_ws/install/py_pubsub/lib/py_pubsub
[7.234s] writing list of installed files to '/my_new_project/ros2_ws/build/py_pubsub/install.log'
