[1.344s] Invoking command in '/my_new_project/ros2_ws/build/turtlesim': CMAKE_PREFIX_PATH=${CMAKE_PREFIX_PATH}:/opt/ros/jazzy /usr/bin/cmake --build /my_new_project/ros2_ws/build/turtlesim -- -j16 -l16
[2.007s] [  0%] Built target turtlesim__rosidl_generator_type_description
[2.630s] [  1%] Built target turtlesim__cpp
[3.629s] [ 24%] Built target turtlesim__rosidl_generator_c
[4.047s] [ 24%] Built target ament_cmake_python_copy_turtlesim
[4.371s] [ 41%] Built target turtlesim__rosidl_typesupport_c
[4.379s] [ 42%] Built target turtlesim__rosidl_typesupport_cpp
[4.554s] [ 50%] Built target turtlesim__rosidl_typesupport_introspection_cpp
[4.606s] [ 63%] Built target turtlesim__rosidl_typesupport_introspection_c
[4.634s] [ 67%] Built target turtlesim__rosidl_typesupport_fastrtps_c
[4.715s] running egg_info
[4.759s] writing turtlesim.egg-info/PKG-INFO
[4.767s] [ 74%] Built target draw_square
[4.769s] writing dependency_links to turtlesim.egg-info/dependency_links.txt
[4.775s] [ 77%] Built target turtle_teleop_key
[4.777s] [ 77%] Built target mimic
[4.779s] writing top-level names to turtlesim.egg-info/top_level.txt
[4.798s] [ 81%] Built target turtlesim__rosidl_typesupport_fastrtps_cpp
[4.955s] [ 81%] Built target turtlesim
[4.964s] reading manifest file 'turtlesim.egg-info/SOURCES.txt'
[5.078s] [ 86%] Built target turtlesim_node
[5.084s] writing manifest file 'turtlesim.egg-info/SOURCES.txt'
[5.142s] [ 86%] Built target ament_cmake_python_build_turtlesim_egg
[5.308s] [ 86%] Built target turtlesim__py
[5.814s] [ 94%] Built target turtlesim__rosidl_generator_py
[6.085s] [100%] Built target turtlesim_s__rosidl_typesupport_fastrtps_c
[6.086s] [100%] Built target turtlesim_s__rosidl_typesupport_c
[6.087s] [100%] Built target turtlesim_s__rosidl_typesupport_introspection_c
[6.564s] Invoked command in '/my_new_project/ros2_ws/build/turtlesim' returned '0': CMAKE_PREFIX_PATH=${CMAKE_PREFIX_PATH}:/opt/ros/jazzy /usr/bin/cmake --build /my_new_project/ros2_ws/build/turtlesim -- -j16 -l16
[6.640s] Invoking command in '/my_new_project/ros2_ws/build/turtlesim': CMAKE_PREFIX_PATH=${CMAKE_PREFIX_PATH}:/opt/ros/jazzy /usr/bin/cmake --install /my_new_project/ros2_ws/build/turtlesim
[6.678s] -- Install configuration: ""
[6.713s] -- Up-to-date: /my_new_project/ros2_ws/install/turtlesim/share/ament_index/resource_index/rosidl_interfaces/turtlesim
[6.745s] -- Up-to-date: /my_new_project/ros2_ws/install/turtlesim/share/turtlesim/action/RotateAbsolute.json
[6.778s] -- Up-to-date: /my_new_project/ros2_ws/install/turtlesim/share/turtlesim/msg/Color.json
[6.809s] -- Up-to-date: /my_new_project/ros2_ws/install/turtlesim/share/turtlesim/msg/Pose.json
[6.840s] -- Up-to-date: /my_new_project/ros2_ws/install/turtlesim/share/turtlesim/srv/Kill.json
[6.874s] -- Up-to-date: /my_new_project/ros2_ws/install/turtlesim/share/turtlesim/srv/SetPen.json
[6.906s] -- Up-to-date: /my_new_project/ros2_ws/install/turtlesim/share/turtlesim/srv/Spawn.json
[6.940s] -- Up-to-date: /my_new_project/ros2_ws/install/turtlesim/share/turtlesim/srv/TeleportAbsolute.json
[6.974s] -- Up-to-date: /my_new_project/ros2_ws/install/turtlesim/share/turtlesim/srv/TeleportRelative.json
[6.992s] -- Up-to-date: /my_new_project/ros2_ws/install/turtlesim/include/turtlesim/turtlesim
[7.023s] -- Up-to-date: /my_new_project/ros2_ws/install/turtlesim/include/turtlesim/turtlesim/action
[7.055s] -- Up-to-date: /my_new_project/ros2_ws/install/turtlesim/include/turtlesim/turtlesim/action/detail
[7.101s] -- Up-to-date: /my_new_project/ros2_ws/install/turtlesim/include/turtlesim/turtlesim/action/detail/rotate_absolute__description.c
[7.134s] -- Up-to-date: /my_new_project/ros2_ws/install/turtlesim/include/turtlesim/turtlesim/action/detail/rotate_absolute__functions.c
[7.165s] -- Up-to-date: /my_new_project/ros2_ws/install/turtlesim/include/turtlesim/turtlesim/action/detail/rotate_absolute__functions.h
[7.197s] -- Up-to-date: /my_new_project/ros2_ws/install/turtlesim/include/turtlesim/turtlesim/action/detail/rotate_absolute__struct.h
[7.230s] -- Installing: /my_new_project/ros2_ws/install/turtlesim/include/turtlesim/turtlesim/action/detail/rotate_absolute__type_support.c
[7.380s] -- Up-to-date: /my_new_project/ros2_ws/install/turtlesim/include/turtlesim/turtlesim/action/detail/rotate_absolute__type_support.h
[7.408s] -- Up-to-date: /my_new_project/ros2_ws/install/turtlesim/include/turtlesim/turtlesim/action/rotate_absolute.h
[7.428s] -- Up-to-date: /my_new_project/ros2_ws/install/turtlesim/include/turtlesim/turtlesim/msg
[7.460s] -- Up-to-date: /my_new_project/ros2_ws/install/turtlesim/include/turtlesim/turtlesim/msg/color.h
[7.485s] -- Up-to-date: /my_new_project/ros2_ws/install/turtlesim/include/turtlesim/turtlesim/msg/detail
[7.525s] -- Up-to-date: /my_new_project/ros2_ws/install/turtlesim/include/turtlesim/turtlesim/msg/detail/color__description.c
[7.559s] -- Up-to-date: /my_new_project/ros2_ws/install/turtlesim/include/turtlesim/turtlesim/msg/detail/color__functions.c
[7.591s] -- Up-to-date: /my_new_project/ros2_ws/install/turtlesim/include/turtlesim/turtlesim/msg/detail/color__functions.h
[7.630s] -- Up-to-date: /my_new_project/ros2_ws/install/turtlesim/include/turtlesim/turtlesim/msg/detail/color__struct.h
[7.668s] -- Installing: /my_new_project/ros2_ws/install/turtlesim/include/turtlesim/turtlesim/msg/detail/color__type_support.c
[7.795s] -- Up-to-date: /my_new_project/ros2_ws/install/turtlesim/include/turtlesim/turtlesim/msg/detail/color__type_support.h
[7.830s] -- Up-to-date: /my_new_project/ros2_ws/install/turtlesim/include/turtlesim/turtlesim/msg/detail/pose__description.c
[7.862s] -- Up-to-date: /my_new_project/ros2_ws/install/turtlesim/include/turtlesim/turtlesim/msg/detail/pose__functions.c
[7.901s] -- Up-to-date: /my_new_project/ros2_ws/install/turtlesim/include/turtlesim/turtlesim/msg/detail/pose__functions.h
[7.939s] -- Up-to-date: /my_new_project/ros2_ws/install/turtlesim/include/turtlesim/turtlesim/msg/detail/pose__struct.h
[7.974s] -- Installing: /my_new_project/ros2_ws/install/turtlesim/include/turtlesim/turtlesim/msg/detail/pose__type_support.c
[8.102s] -- Up-to-date: /my_new_project/ros2_ws/install/turtlesim/include/turtlesim/turtlesim/msg/detail/pose__type_support.h
[8.132s] -- Up-to-date: /my_new_project/ros2_ws/install/turtlesim/include/turtlesim/turtlesim/msg/pose.h
[8.153s] -- Up-to-date: /my_new_project/ros2_ws/install/turtlesim/include/turtlesim/turtlesim/msg/rosidl_generator_c__visibility_control.h
[8.172s] -- Up-to-date: /my_new_project/ros2_ws/install/turtlesim/include/turtlesim/turtlesim/srv
[8.199s] -- Up-to-date: /my_new_project/ros2_ws/install/turtlesim/include/turtlesim/turtlesim/srv/detail
[8.238s] -- Up-to-date: /my_new_project/ros2_ws/install/turtlesim/include/turtlesim/turtlesim/srv/detail/kill__description.c
[8.267s] -- Up-to-date: /my_new_project/ros2_ws/install/turtlesim/include/turtlesim/turtlesim/srv/detail/kill__functions.c
[8.297s] -- Up-to-date: /my_new_project/ros2_ws/install/turtlesim/include/turtlesim/turtlesim/srv/detail/kill__functions.h
[8.328s] -- Up-to-date: /my_new_project/ros2_ws/install/turtlesim/include/turtlesim/turtlesim/srv/detail/kill__struct.h
[8.356s] -- Installing: /my_new_project/ros2_ws/install/turtlesim/include/turtlesim/turtlesim/srv/detail/kill__type_support.c
[8.506s] -- Up-to-date: /my_new_project/ros2_ws/install/turtlesim/include/turtlesim/turtlesim/srv/detail/kill__type_support.h
[8.539s] -- Up-to-date: /my_new_project/ros2_ws/install/turtlesim/include/turtlesim/turtlesim/srv/detail/set_pen__description.c
[8.569s] -- Up-to-date: /my_new_project/ros2_ws/install/turtlesim/include/turtlesim/turtlesim/srv/detail/set_pen__functions.c
[8.599s] -- Up-to-date: /my_new_project/ros2_ws/install/turtlesim/include/turtlesim/turtlesim/srv/detail/set_pen__functions.h
[8.631s] -- Up-to-date: /my_new_project/ros2_ws/install/turtlesim/include/turtlesim/turtlesim/srv/detail/set_pen__struct.h
[8.663s] -- Installing: /my_new_project/ros2_ws/install/turtlesim/include/turtlesim/turtlesim/srv/detail/set_pen__type_support.c
[8.815s] -- Up-to-date: /my_new_project/ros2_ws/install/turtlesim/include/turtlesim/turtlesim/srv/detail/set_pen__type_support.h
[8.846s] -- Up-to-date: /my_new_project/ros2_ws/install/turtlesim/include/turtlesim/turtlesim/srv/detail/spawn__description.c
[8.879s] -- Up-to-date: /my_new_project/ros2_ws/install/turtlesim/include/turtlesim/turtlesim/srv/detail/spawn__functions.c
[8.908s] -- Up-to-date: /my_new_project/ros2_ws/install/turtlesim/include/turtlesim/turtlesim/srv/detail/spawn__functions.h
[8.940s] -- Up-to-date: /my_new_project/ros2_ws/install/turtlesim/include/turtlesim/turtlesim/srv/detail/spawn__struct.h
[8.973s] -- Installing: /my_new_project/ros2_ws/install/turtlesim/include/turtlesim/turtlesim/srv/detail/spawn__type_support.c
[9.113s] -- Up-to-date: /my_new_project/ros2_ws/install/turtlesim/include/turtlesim/turtlesim/srv/detail/spawn__type_support.h
[9.143s] -- Up-to-date: /my_new_project/ros2_ws/install/turtlesim/include/turtlesim/turtlesim/srv/detail/teleport_absolute__description.c
[9.173s] -- Up-to-date: /my_new_project/ros2_ws/install/turtlesim/include/turtlesim/turtlesim/srv/detail/teleport_absolute__functions.c
[9.198s] -- Up-to-date: /my_new_project/ros2_ws/install/turtlesim/include/turtlesim/turtlesim/srv/detail/teleport_absolute__functions.h
[9.229s] -- Up-to-date: /my_new_project/ros2_ws/install/turtlesim/include/turtlesim/turtlesim/srv/detail/teleport_absolute__struct.h
[9.257s] -- Installing: /my_new_project/ros2_ws/install/turtlesim/include/turtlesim/turtlesim/srv/detail/teleport_absolute__type_support.c
[9.394s] -- Up-to-date: /my_new_project/ros2_ws/install/turtlesim/include/turtlesim/turtlesim/srv/detail/teleport_absolute__type_support.h
[9.430s] -- Up-to-date: /my_new_project/ros2_ws/install/turtlesim/include/turtlesim/turtlesim/srv/detail/teleport_relative__description.c
[9.458s] -- Up-to-date: /my_new_project/ros2_ws/install/turtlesim/include/turtlesim/turtlesim/srv/detail/teleport_relative__functions.c
[9.489s] -- Up-to-date: /my_new_project/ros2_ws/install/turtlesim/include/turtlesim/turtlesim/srv/detail/teleport_relative__functions.h
[9.525s] -- Up-to-date: /my_new_project/ros2_ws/install/turtlesim/include/turtlesim/turtlesim/srv/detail/teleport_relative__struct.h
[9.559s] -- Installing: /my_new_project/ros2_ws/install/turtlesim/include/turtlesim/turtlesim/srv/detail/teleport_relative__type_support.c
[9.723s] -- Up-to-date: /my_new_project/ros2_ws/install/turtlesim/include/turtlesim/turtlesim/srv/detail/teleport_relative__type_support.h
[9.749s] -- Up-to-date: /my_new_project/ros2_ws/install/turtlesim/include/turtlesim/turtlesim/srv/kill.h
[9.781s] -- Up-to-date: /my_new_project/ros2_ws/install/turtlesim/include/turtlesim/turtlesim/srv/set_pen.h
[9.808s] -- Up-to-date: /my_new_project/ros2_ws/install/turtlesim/include/turtlesim/turtlesim/srv/spawn.h
[9.841s] -- Up-to-date: /my_new_project/ros2_ws/install/turtlesim/include/turtlesim/turtlesim/srv/teleport_absolute.h
[9.867s] -- Up-to-date: /my_new_project/ros2_ws/install/turtlesim/include/turtlesim/turtlesim/srv/teleport_relative.h
[9.886s] -- Up-to-date: /my_new_project/ros2_ws/install/turtlesim/share/turtlesim/environment/library_path.sh
[9.907s] -- Up-to-date: /my_new_project/ros2_ws/install/turtlesim/share/turtlesim/environment/library_path.dsv
[9.972s] -- Up-to-date: /my_new_project/ros2_ws/install/turtlesim/lib/libturtlesim__rosidl_generator_c.so
[10.014s] -- Up-to-date: /my_new_project/ros2_ws/install/turtlesim/include/turtlesim/turtlesim
[10.040s] -- Up-to-date: /my_new_project/ros2_ws/install/turtlesim/include/turtlesim/turtlesim/action
[10.072s] -- Up-to-date: /my_new_project/ros2_ws/install/turtlesim/include/turtlesim/turtlesim/action/detail
[10.105s] -- Up-to-date: /my_new_project/ros2_ws/install/turtlesim/include/turtlesim/turtlesim/action/detail/rotate_absolute__rosidl_typesupport_fastrtps_c.h
[10.130s] -- Up-to-date: /my_new_project/ros2_ws/install/turtlesim/include/turtlesim/turtlesim/msg
[10.156s] -- Up-to-date: /my_new_project/ros2_ws/install/turtlesim/include/turtlesim/turtlesim/msg/detail
[10.194s] -- Up-to-date: /my_new_project/ros2_ws/install/turtlesim/include/turtlesim/turtlesim/msg/detail/color__rosidl_typesupport_fastrtps_c.h
[10.229s] -- Up-to-date: /my_new_project/ros2_ws/install/turtlesim/include/turtlesim/turtlesim/msg/detail/pose__rosidl_typesupport_fastrtps_c.h
[10.264s] -- Up-to-date: /my_new_project/ros2_ws/install/turtlesim/include/turtlesim/turtlesim/msg/rosidl_typesupport_fastrtps_c__visibility_control.h
[10.287s] -- Up-to-date: /my_new_project/ros2_ws/install/turtlesim/include/turtlesim/turtlesim/srv
[10.314s] -- Up-to-date: /my_new_project/ros2_ws/install/turtlesim/include/turtlesim/turtlesim/srv/detail
[10.350s] -- Up-to-date: /my_new_project/ros2_ws/install/turtlesim/include/turtlesim/turtlesim/srv/detail/kill__rosidl_typesupport_fastrtps_c.h
[10.377s] -- Up-to-date: /my_new_project/ros2_ws/install/turtlesim/include/turtlesim/turtlesim/srv/detail/set_pen__rosidl_typesupport_fastrtps_c.h
[10.401s] -- Up-to-date: /my_new_project/ros2_ws/install/turtlesim/include/turtlesim/turtlesim/srv/detail/spawn__rosidl_typesupport_fastrtps_c.h
[10.432s] -- Up-to-date: /my_new_project/ros2_ws/install/turtlesim/include/turtlesim/turtlesim/srv/detail/teleport_absolute__rosidl_typesupport_fastrtps_c.h
[10.458s] -- Up-to-date: /my_new_project/ros2_ws/install/turtlesim/include/turtlesim/turtlesim/srv/detail/teleport_relative__rosidl_typesupport_fastrtps_c.h
[10.541s] -- Up-to-date: /my_new_project/ros2_ws/install/turtlesim/lib/libturtlesim__rosidl_typesupport_fastrtps_c.so
[10.582s] -- Up-to-date: /my_new_project/ros2_ws/install/turtlesim/include/turtlesim/turtlesim
[10.603s] -- Up-to-date: /my_new_project/ros2_ws/install/turtlesim/include/turtlesim/turtlesim/action
[10.635s] -- Up-to-date: /my_new_project/ros2_ws/install/turtlesim/include/turtlesim/turtlesim/action/detail
[10.670s] -- Up-to-date: /my_new_project/ros2_ws/install/turtlesim/include/turtlesim/turtlesim/action/detail/rotate_absolute__builder.hpp
[10.697s] -- Up-to-date: /my_new_project/ros2_ws/install/turtlesim/include/turtlesim/turtlesim/action/detail/rotate_absolute__struct.hpp
[10.727s] -- Up-to-date: /my_new_project/ros2_ws/install/turtlesim/include/turtlesim/turtlesim/action/detail/rotate_absolute__traits.hpp
[10.758s] -- Up-to-date: /my_new_project/ros2_ws/install/turtlesim/include/turtlesim/turtlesim/action/detail/rotate_absolute__type_support.hpp
[10.784s] -- Up-to-date: /my_new_project/ros2_ws/install/turtlesim/include/turtlesim/turtlesim/action/rotate_absolute.hpp
[10.804s] -- Up-to-date: /my_new_project/ros2_ws/install/turtlesim/include/turtlesim/turtlesim/msg
[10.840s] -- Up-to-date: /my_new_project/ros2_ws/install/turtlesim/include/turtlesim/turtlesim/msg/color.hpp
[10.864s] -- Up-to-date: /my_new_project/ros2_ws/install/turtlesim/include/turtlesim/turtlesim/msg/detail
[10.903s] -- Up-to-date: /my_new_project/ros2_ws/install/turtlesim/include/turtlesim/turtlesim/msg/detail/color__builder.hpp
[10.965s] -- Up-to-date: /my_new_project/ros2_ws/install/turtlesim/include/turtlesim/turtlesim/msg/detail/color__struct.hpp
[11.004s] -- Up-to-date: /my_new_project/ros2_ws/install/turtlesim/include/turtlesim/turtlesim/msg/detail/color__traits.hpp
[11.045s] -- Up-to-date: /my_new_project/ros2_ws/install/turtlesim/include/turtlesim/turtlesim/msg/detail/color__type_support.hpp
[11.085s] -- Up-to-date: /my_new_project/ros2_ws/install/turtlesim/include/turtlesim/turtlesim/msg/detail/pose__builder.hpp
[11.113s] -- Up-to-date: /my_new_project/ros2_ws/install/turtlesim/include/turtlesim/turtlesim/msg/detail/pose__struct.hpp
[11.147s] -- Up-to-date: /my_new_project/ros2_ws/install/turtlesim/include/turtlesim/turtlesim/msg/detail/pose__traits.hpp
[11.174s] -- Up-to-date: /my_new_project/ros2_ws/install/turtlesim/include/turtlesim/turtlesim/msg/detail/pose__type_support.hpp
[11.201s] -- Up-to-date: /my_new_project/ros2_ws/install/turtlesim/include/turtlesim/turtlesim/msg/pose.hpp
[11.232s] -- Up-to-date: /my_new_project/ros2_ws/install/turtlesim/include/turtlesim/turtlesim/msg/rosidl_generator_cpp__visibility_control.hpp
[11.255s] -- Up-to-date: /my_new_project/ros2_ws/install/turtlesim/include/turtlesim/turtlesim/srv
[11.288s] -- Up-to-date: /my_new_project/ros2_ws/install/turtlesim/include/turtlesim/turtlesim/srv/detail
[11.327s] -- Up-to-date: /my_new_project/ros2_ws/install/turtlesim/include/turtlesim/turtlesim/srv/detail/kill__builder.hpp
[11.364s] -- Up-to-date: /my_new_project/ros2_ws/install/turtlesim/include/turtlesim/turtlesim/srv/detail/kill__struct.hpp
[11.406s] -- Up-to-date: /my_new_project/ros2_ws/install/turtlesim/include/turtlesim/turtlesim/srv/detail/kill__traits.hpp
[11.449s] -- Up-to-date: /my_new_project/ros2_ws/install/turtlesim/include/turtlesim/turtlesim/srv/detail/kill__type_support.hpp
[11.490s] -- Up-to-date: /my_new_project/ros2_ws/install/turtlesim/include/turtlesim/turtlesim/srv/detail/set_pen__builder.hpp
[11.528s] -- Up-to-date: /my_new_project/ros2_ws/install/turtlesim/include/turtlesim/turtlesim/srv/detail/set_pen__struct.hpp
[11.560s] -- Up-to-date: /my_new_project/ros2_ws/install/turtlesim/include/turtlesim/turtlesim/srv/detail/set_pen__traits.hpp
[11.591s] -- Up-to-date: /my_new_project/ros2_ws/install/turtlesim/include/turtlesim/turtlesim/srv/detail/set_pen__type_support.hpp
[11.619s] -- Up-to-date: /my_new_project/ros2_ws/install/turtlesim/include/turtlesim/turtlesim/srv/detail/spawn__builder.hpp
[11.651s] -- Up-to-date: /my_new_project/ros2_ws/install/turtlesim/include/turtlesim/turtlesim/srv/detail/spawn__struct.hpp
[11.683s] -- Up-to-date: /my_new_project/ros2_ws/install/turtlesim/include/turtlesim/turtlesim/srv/detail/spawn__traits.hpp
[11.713s] -- Up-to-date: /my_new_project/ros2_ws/install/turtlesim/include/turtlesim/turtlesim/srv/detail/spawn__type_support.hpp
[11.750s] -- Up-to-date: /my_new_project/ros2_ws/install/turtlesim/include/turtlesim/turtlesim/srv/detail/teleport_absolute__builder.hpp
[11.787s] -- Up-to-date: /my_new_project/ros2_ws/install/turtlesim/include/turtlesim/turtlesim/srv/detail/teleport_absolute__struct.hpp
[11.818s] -- Up-to-date: /my_new_project/ros2_ws/install/turtlesim/include/turtlesim/turtlesim/srv/detail/teleport_absolute__traits.hpp
[11.855s] -- Up-to-date: /my_new_project/ros2_ws/install/turtlesim/include/turtlesim/turtlesim/srv/detail/teleport_absolute__type_support.hpp
[11.884s] -- Up-to-date: /my_new_project/ros2_ws/install/turtlesim/include/turtlesim/turtlesim/srv/detail/teleport_relative__builder.hpp
[11.916s] -- Up-to-date: /my_new_project/ros2_ws/install/turtlesim/include/turtlesim/turtlesim/srv/detail/teleport_relative__struct.hpp
[11.950s] -- Up-to-date: /my_new_project/ros2_ws/install/turtlesim/include/turtlesim/turtlesim/srv/detail/teleport_relative__traits.hpp
[11.981s] -- Up-to-date: /my_new_project/ros2_ws/install/turtlesim/include/turtlesim/turtlesim/srv/detail/teleport_relative__type_support.hpp
[12.008s] -- Up-to-date: /my_new_project/ros2_ws/install/turtlesim/include/turtlesim/turtlesim/srv/kill.hpp
[12.035s] -- Up-to-date: /my_new_project/ros2_ws/install/turtlesim/include/turtlesim/turtlesim/srv/set_pen.hpp
[12.058s] -- Up-to-date: /my_new_project/ros2_ws/install/turtlesim/include/turtlesim/turtlesim/srv/spawn.hpp
[12.084s] -- Up-to-date: /my_new_project/ros2_ws/install/turtlesim/include/turtlesim/turtlesim/srv/teleport_absolute.hpp
[12.106s] -- Up-to-date: /my_new_project/ros2_ws/install/turtlesim/include/turtlesim/turtlesim/srv/teleport_relative.hpp
[12.127s] -- Up-to-date: /my_new_project/ros2_ws/install/turtlesim/include/turtlesim/turtlesim
[12.157s] -- Up-to-date: /my_new_project/ros2_ws/install/turtlesim/include/turtlesim/turtlesim/action
[12.186s] -- Up-to-date: /my_new_project/ros2_ws/install/turtlesim/include/turtlesim/turtlesim/action/detail
[12.219s] -- Up-to-date: /my_new_project/ros2_ws/install/turtlesim/include/turtlesim/turtlesim/action/detail/dds_fastrtps
[12.261s] -- Up-to-date: /my_new_project/ros2_ws/install/turtlesim/include/turtlesim/turtlesim/action/detail/rotate_absolute__rosidl_typesupport_fastrtps_cpp.hpp
[12.282s] -- Up-to-date: /my_new_project/ros2_ws/install/turtlesim/include/turtlesim/turtlesim/msg
[12.329s] -- Up-to-date: /my_new_project/ros2_ws/install/turtlesim/include/turtlesim/turtlesim/msg/detail
[12.376s] -- Up-to-date: /my_new_project/ros2_ws/install/turtlesim/include/turtlesim/turtlesim/msg/detail/color__rosidl_typesupport_fastrtps_cpp.hpp
[12.405s] -- Up-to-date: /my_new_project/ros2_ws/install/turtlesim/include/turtlesim/turtlesim/msg/detail/dds_fastrtps
[12.455s] -- Up-to-date: /my_new_project/ros2_ws/install/turtlesim/include/turtlesim/turtlesim/msg/detail/pose__rosidl_typesupport_fastrtps_cpp.hpp
[12.484s] -- Up-to-date: /my_new_project/ros2_ws/install/turtlesim/include/turtlesim/turtlesim/msg/rosidl_typesupport_fastrtps_cpp__visibility_control.h
[12.503s] -- Up-to-date: /my_new_project/ros2_ws/install/turtlesim/include/turtlesim/turtlesim/srv
[12.535s] -- Up-to-date: /my_new_project/ros2_ws/install/turtlesim/include/turtlesim/turtlesim/srv/detail
[12.569s] -- Up-to-date: /my_new_project/ros2_ws/install/turtlesim/include/turtlesim/turtlesim/srv/detail/dds_fastrtps
[12.611s] -- Up-to-date: /my_new_project/ros2_ws/install/turtlesim/include/turtlesim/turtlesim/srv/detail/kill__rosidl_typesupport_fastrtps_cpp.hpp
[12.644s] -- Up-to-date: /my_new_project/ros2_ws/install/turtlesim/include/turtlesim/turtlesim/srv/detail/set_pen__rosidl_typesupport_fastrtps_cpp.hpp
[12.671s] -- Up-to-date: /my_new_project/ros2_ws/install/turtlesim/include/turtlesim/turtlesim/srv/detail/spawn__rosidl_typesupport_fastrtps_cpp.hpp
[12.701s] -- Up-to-date: /my_new_project/ros2_ws/install/turtlesim/include/turtlesim/turtlesim/srv/detail/teleport_absolute__rosidl_typesupport_fastrtps_cpp.hpp
[12.733s] -- Up-to-date: /my_new_project/ros2_ws/install/turtlesim/include/turtlesim/turtlesim/srv/detail/teleport_relative__rosidl_typesupport_fastrtps_cpp.hpp
[12.833s] -- Up-to-date: /my_new_project/ros2_ws/install/turtlesim/lib/libturtlesim__rosidl_typesupport_fastrtps_cpp.so
[12.876s] -- Up-to-date: /my_new_project/ros2_ws/install/turtlesim/include/turtlesim/turtlesim
[12.902s] -- Up-to-date: /my_new_project/ros2_ws/install/turtlesim/include/turtlesim/turtlesim/action
[12.938s] -- Up-to-date: /my_new_project/ros2_ws/install/turtlesim/include/turtlesim/turtlesim/action/detail
[12.975s] -- Up-to-date: /my_new_project/ros2_ws/install/turtlesim/include/turtlesim/turtlesim/action/detail/rotate_absolute__rosidl_typesupport_introspection_c.h
[13.008s] -- Installing: /my_new_project/ros2_ws/install/turtlesim/include/turtlesim/turtlesim/action/detail/rotate_absolute__type_support.c
[13.147s] -- Up-to-date: /my_new_project/ros2_ws/install/turtlesim/include/turtlesim/turtlesim/msg
[13.177s] -- Up-to-date: /my_new_project/ros2_ws/install/turtlesim/include/turtlesim/turtlesim/msg/detail
[13.224s] -- Up-to-date: /my_new_project/ros2_ws/install/turtlesim/include/turtlesim/turtlesim/msg/detail/color__rosidl_typesupport_introspection_c.h
[13.254s] -- Installing: /my_new_project/ros2_ws/install/turtlesim/include/turtlesim/turtlesim/msg/detail/color__type_support.c
[13.423s] -- Up-to-date: /my_new_project/ros2_ws/install/turtlesim/include/turtlesim/turtlesim/msg/detail/pose__rosidl_typesupport_introspection_c.h
[13.462s] -- Installing: /my_new_project/ros2_ws/install/turtlesim/include/turtlesim/turtlesim/msg/detail/pose__type_support.c
[13.614s] -- Up-to-date: /my_new_project/ros2_ws/install/turtlesim/include/turtlesim/turtlesim/msg/rosidl_typesupport_introspection_c__visibility_control.h
[13.638s] -- Up-to-date: /my_new_project/ros2_ws/install/turtlesim/include/turtlesim/turtlesim/srv
[13.681s] -- Up-to-date: /my_new_project/ros2_ws/install/turtlesim/include/turtlesim/turtlesim/srv/detail
[13.721s] -- Up-to-date: /my_new_project/ros2_ws/install/turtlesim/include/turtlesim/turtlesim/srv/detail/kill__rosidl_typesupport_introspection_c.h
[13.755s] -- Installing: /my_new_project/ros2_ws/install/turtlesim/include/turtlesim/turtlesim/srv/detail/kill__type_support.c
[13.913s] -- Up-to-date: /my_new_project/ros2_ws/install/turtlesim/include/turtlesim/turtlesim/srv/detail/set_pen__rosidl_typesupport_introspection_c.h
[13.946s] -- Installing: /my_new_project/ros2_ws/install/turtlesim/include/turtlesim/turtlesim/srv/detail/set_pen__type_support.c
[14.102s] -- Up-to-date: /my_new_project/ros2_ws/install/turtlesim/include/turtlesim/turtlesim/srv/detail/spawn__rosidl_typesupport_introspection_c.h
[14.138s] -- Installing: /my_new_project/ros2_ws/install/turtlesim/include/turtlesim/turtlesim/srv/detail/spawn__type_support.c
[14.307s] -- Up-to-date: /my_new_project/ros2_ws/install/turtlesim/include/turtlesim/turtlesim/srv/detail/teleport_absolute__rosidl_typesupport_introspection_c.h
[14.342s] -- Installing: /my_new_project/ros2_ws/install/turtlesim/include/turtlesim/turtlesim/srv/detail/teleport_absolute__type_support.c
[14.499s] -- Up-to-date: /my_new_project/ros2_ws/install/turtlesim/include/turtlesim/turtlesim/srv/detail/teleport_relative__rosidl_typesupport_introspection_c.h
[14.526s] -- Installing: /my_new_project/ros2_ws/install/turtlesim/include/turtlesim/turtlesim/srv/detail/teleport_relative__type_support.c
[14.725s] -- Up-to-date: /my_new_project/ros2_ws/install/turtlesim/lib/libturtlesim__rosidl_typesupport_introspection_c.so
[14.830s] -- Up-to-date: /my_new_project/ros2_ws/install/turtlesim/lib/libturtlesim__rosidl_typesupport_c.so
[14.883s] -- Up-to-date: /my_new_project/ros2_ws/install/turtlesim/include/turtlesim/turtlesim
[14.915s] -- Up-to-date: /my_new_project/ros2_ws/install/turtlesim/include/turtlesim/turtlesim/action
[14.948s] -- Up-to-date: /my_new_project/ros2_ws/install/turtlesim/include/turtlesim/turtlesim/action/detail
[15.005s] -- Up-to-date: /my_new_project/ros2_ws/install/turtlesim/include/turtlesim/turtlesim/action/detail/rotate_absolute__rosidl_typesupport_introspection_cpp.hpp
[15.040s] -- Up-to-date: /my_new_project/ros2_ws/install/turtlesim/include/turtlesim/turtlesim/action/detail/rotate_absolute__type_support.cpp
[15.059s] -- Up-to-date: /my_new_project/ros2_ws/install/turtlesim/include/turtlesim/turtlesim/msg
[15.088s] -- Up-to-date: /my_new_project/ros2_ws/install/turtlesim/include/turtlesim/turtlesim/msg/detail
[15.129s] -- Up-to-date: /my_new_project/ros2_ws/install/turtlesim/include/turtlesim/turtlesim/msg/detail/color__rosidl_typesupport_introspection_cpp.hpp
[15.161s] -- Up-to-date: /my_new_project/ros2_ws/install/turtlesim/include/turtlesim/turtlesim/msg/detail/color__type_support.cpp
[15.188s] -- Up-to-date: /my_new_project/ros2_ws/install/turtlesim/include/turtlesim/turtlesim/msg/detail/pose__rosidl_typesupport_introspection_cpp.hpp
[15.216s] -- Up-to-date: /my_new_project/ros2_ws/install/turtlesim/include/turtlesim/turtlesim/msg/detail/pose__type_support.cpp
[15.240s] -- Up-to-date: /my_new_project/ros2_ws/install/turtlesim/include/turtlesim/turtlesim/srv
[15.268s] -- Up-to-date: /my_new_project/ros2_ws/install/turtlesim/include/turtlesim/turtlesim/srv/detail
[15.307s] -- Up-to-date: /my_new_project/ros2_ws/install/turtlesim/include/turtlesim/turtlesim/srv/detail/kill__rosidl_typesupport_introspection_cpp.hpp
[15.336s] -- Up-to-date: /my_new_project/ros2_ws/install/turtlesim/include/turtlesim/turtlesim/srv/detail/kill__type_support.cpp
[15.365s] -- Up-to-date: /my_new_project/ros2_ws/install/turtlesim/include/turtlesim/turtlesim/srv/detail/set_pen__rosidl_typesupport_introspection_cpp.hpp
[15.397s] -- Up-to-date: /my_new_project/ros2_ws/install/turtlesim/include/turtlesim/turtlesim/srv/detail/set_pen__type_support.cpp
[15.422s] -- Up-to-date: /my_new_project/ros2_ws/install/turtlesim/include/turtlesim/turtlesim/srv/detail/spawn__rosidl_typesupport_introspection_cpp.hpp
[15.458s] -- Up-to-date: /my_new_project/ros2_ws/install/turtlesim/include/turtlesim/turtlesim/srv/detail/spawn__type_support.cpp
[15.491s] -- Up-to-date: /my_new_project/ros2_ws/install/turtlesim/include/turtlesim/turtlesim/srv/detail/teleport_absolute__rosidl_typesupport_introspection_cpp.hpp
[15.518s] -- Up-to-date: /my_new_project/ros2_ws/install/turtlesim/include/turtlesim/turtlesim/srv/detail/teleport_absolute__type_support.cpp
[15.553s] -- Up-to-date: /my_new_project/ros2_ws/install/turtlesim/include/turtlesim/turtlesim/srv/detail/teleport_relative__rosidl_typesupport_introspection_cpp.hpp
[15.586s] -- Up-to-date: /my_new_project/ros2_ws/install/turtlesim/include/turtlesim/turtlesim/srv/detail/teleport_relative__type_support.cpp
[15.651s] -- Up-to-date: /my_new_project/ros2_ws/install/turtlesim/lib/libturtlesim__rosidl_typesupport_introspection_cpp.so
[15.763s] -- Up-to-date: /my_new_project/ros2_ws/install/turtlesim/lib/libturtlesim__rosidl_typesupport_cpp.so
[15.806s] -- Up-to-date: /my_new_project/ros2_ws/install/turtlesim/share/turtlesim/environment/pythonpath.sh
[15.830s] -- Up-to-date: /my_new_project/ros2_ws/install/turtlesim/share/turtlesim/environment/pythonpath.dsv
[15.851s] -- Up-to-date: /my_new_project/ros2_ws/install/turtlesim/lib/python3.12/site-packages/turtlesim-1.8.3-py3.12.egg-info
[15.882s] -- Installing: /my_new_project/ros2_ws/install/turtlesim/lib/python3.12/site-packages/turtlesim-1.8.3-py3.12.egg-info/dependency_links.txt
[15.968s] -- Installing: /my_new_project/ros2_ws/install/turtlesim/lib/python3.12/site-packages/turtlesim-1.8.3-py3.12.egg-info/PKG-INFO
[16.052s] -- Installing: /my_new_project/ros2_ws/install/turtlesim/lib/python3.12/site-packages/turtlesim-1.8.3-py3.12.egg-info/SOURCES.txt
[16.132s] -- Installing: /my_new_project/ros2_ws/install/turtlesim/lib/python3.12/site-packages/turtlesim-1.8.3-py3.12.egg-info/top_level.txt
[16.209s] -- Up-to-date: /my_new_project/ros2_ws/install/turtlesim/lib/python3.12/site-packages/turtlesim
[16.254s] -- Up-to-date: /my_new_project/ros2_ws/install/turtlesim/lib/python3.12/site-packages/turtlesim/action
[16.288s] -- Up-to-date: /my_new_project/ros2_ws/install/turtlesim/lib/python3.12/site-packages/turtlesim/action/_rotate_absolute.py
[16.322s] -- Up-to-date: /my_new_project/ros2_ws/install/turtlesim/lib/python3.12/site-packages/turtlesim/action/_rotate_absolute_s.c
[16.354s] -- Up-to-date: /my_new_project/ros2_ws/install/turtlesim/lib/python3.12/site-packages/turtlesim/action/__init__.py
[16.374s] -- Up-to-date: /my_new_project/ros2_ws/install/turtlesim/lib/python3.12/site-packages/turtlesim/msg
[16.405s] -- Up-to-date: /my_new_project/ros2_ws/install/turtlesim/lib/python3.12/site-packages/turtlesim/msg/_color.py
[16.429s] -- Up-to-date: /my_new_project/ros2_ws/install/turtlesim/lib/python3.12/site-packages/turtlesim/msg/_color_s.c
[16.456s] -- Up-to-date: /my_new_project/ros2_ws/install/turtlesim/lib/python3.12/site-packages/turtlesim/msg/_pose.py
[16.482s] -- Up-to-date: /my_new_project/ros2_ws/install/turtlesim/lib/python3.12/site-packages/turtlesim/msg/_pose_s.c
[16.503s] -- Up-to-date: /my_new_project/ros2_ws/install/turtlesim/lib/python3.12/site-packages/turtlesim/msg/__init__.py
[16.522s] -- Up-to-date: /my_new_project/ros2_ws/install/turtlesim/lib/python3.12/site-packages/turtlesim/srv
[16.557s] -- Up-to-date: /my_new_project/ros2_ws/install/turtlesim/lib/python3.12/site-packages/turtlesim/srv/_kill.py
[16.582s] -- Up-to-date: /my_new_project/ros2_ws/install/turtlesim/lib/python3.12/site-packages/turtlesim/srv/_kill_s.c
[16.606s] -- Up-to-date: /my_new_project/ros2_ws/install/turtlesim/lib/python3.12/site-packages/turtlesim/srv/_set_pen.py
[16.629s] -- Up-to-date: /my_new_project/ros2_ws/install/turtlesim/lib/python3.12/site-packages/turtlesim/srv/_set_pen_s.c
[16.655s] -- Up-to-date: /my_new_project/ros2_ws/install/turtlesim/lib/python3.12/site-packages/turtlesim/srv/_spawn.py
[16.678s] -- Up-to-date: /my_new_project/ros2_ws/install/turtlesim/lib/python3.12/site-packages/turtlesim/srv/_spawn_s.c
[16.702s] -- Up-to-date: /my_new_project/ros2_ws/install/turtlesim/lib/python3.12/site-packages/turtlesim/srv/_teleport_absolute.py
[16.727s] -- Up-to-date: /my_new_project/ros2_ws/install/turtlesim/lib/python3.12/site-packages/turtlesim/srv/_teleport_absolute_s.c
[16.754s] -- Up-to-date: /my_new_project/ros2_ws/install/turtlesim/lib/python3.12/site-packages/turtlesim/srv/_teleport_relative.py
[16.778s] -- Up-to-date: /my_new_project/ros2_ws/install/turtlesim/lib/python3.12/site-packages/turtlesim/srv/_teleport_relative_s.c
[16.803s] -- Up-to-date: /my_new_project/ros2_ws/install/turtlesim/lib/python3.12/site-packages/turtlesim/srv/__init__.py
[16.824s] -- Up-to-date: /my_new_project/ros2_ws/install/turtlesim/lib/python3.12/site-packages/turtlesim/turtlesim_s__rosidl_typesupport_c.so
[16.850s] -- Up-to-date: /my_new_project/ros2_ws/install/turtlesim/lib/python3.12/site-packages/turtlesim/turtlesim_s__rosidl_typesupport_fastrtps_c.so
[16.869s] -- Up-to-date: /my_new_project/ros2_ws/install/turtlesim/lib/python3.12/site-packages/turtlesim/turtlesim_s__rosidl_typesupport_introspection_c.so
[16.889s] -- Up-to-date: /my_new_project/ros2_ws/install/turtlesim/lib/python3.12/site-packages/turtlesim/_turtlesim_s.ep.rosidl_typesupport_c.c
[16.909s] -- Up-to-date: /my_new_project/ros2_ws/install/turtlesim/lib/python3.12/site-packages/turtlesim/_turtlesim_s.ep.rosidl_typesupport_fastrtps_c.c
[16.929s] -- Up-to-date: /my_new_project/ros2_ws/install/turtlesim/lib/python3.12/site-packages/turtlesim/_turtlesim_s.ep.rosidl_typesupport_introspection_c.c
[16.958s] -- Up-to-date: /my_new_project/ros2_ws/install/turtlesim/lib/python3.12/site-packages/turtlesim/__init__.py
[17.658s] Listing '/my_new_project/ros2_ws/install/turtlesim/lib/python3.12/site-packages/turtlesim'...
[17.659s] Listing '/my_new_project/ros2_ws/install/turtlesim/lib/python3.12/site-packages/turtlesim/action'...
[17.660s] Listing '/my_new_project/ros2_ws/install/turtlesim/lib/python3.12/site-packages/turtlesim/msg'...
[17.661s] Listing '/my_new_project/ros2_ws/install/turtlesim/lib/python3.12/site-packages/turtlesim/srv'...
[17.762s] -- Up-to-date: /my_new_project/ros2_ws/install/turtlesim/lib/python3.12/site-packages/turtlesim/turtlesim_s__rosidl_typesupport_fastrtps_c.so
[17.897s] -- Up-to-date: /my_new_project/ros2_ws/install/turtlesim/lib/python3.12/site-packages/turtlesim/turtlesim_s__rosidl_typesupport_introspection_c.so
[18.034s] -- Up-to-date: /my_new_project/ros2_ws/install/turtlesim/lib/python3.12/site-packages/turtlesim/turtlesim_s__rosidl_typesupport_c.so
[18.162s] -- Up-to-date: /my_new_project/ros2_ws/install/turtlesim/lib/libturtlesim__rosidl_generator_py.so
[18.216s] -- Up-to-date: /my_new_project/ros2_ws/install/turtlesim/share/turtlesim/action/RotateAbsolute.idl
[18.254s] -- Up-to-date: /my_new_project/ros2_ws/install/turtlesim/share/turtlesim/msg/Color.idl
[18.282s] -- Up-to-date: /my_new_project/ros2_ws/install/turtlesim/share/turtlesim/msg/Pose.idl
[18.312s] -- Up-to-date: /my_new_project/ros2_ws/install/turtlesim/share/turtlesim/srv/Kill.idl
[18.341s] -- Up-to-date: /my_new_project/ros2_ws/install/turtlesim/share/turtlesim/srv/SetPen.idl
[18.373s] -- Up-to-date: /my_new_project/ros2_ws/install/turtlesim/share/turtlesim/srv/Spawn.idl
[18.402s] -- Up-to-date: /my_new_project/ros2_ws/install/turtlesim/share/turtlesim/srv/TeleportAbsolute.idl
[18.428s] -- Up-to-date: /my_new_project/ros2_ws/install/turtlesim/share/turtlesim/srv/TeleportRelative.idl
[18.465s] -- Up-to-date: /my_new_project/ros2_ws/install/turtlesim/share/turtlesim/action/RotateAbsolute.action
[18.498s] -- Up-to-date: /my_new_project/ros2_ws/install/turtlesim/share/turtlesim/msg/Color.msg
[18.526s] -- Up-to-date: /my_new_project/ros2_ws/install/turtlesim/share/turtlesim/msg/Pose.msg
[18.560s] -- Up-to-date: /my_new_project/ros2_ws/install/turtlesim/share/turtlesim/srv/Kill.srv
[18.594s] -- Up-to-date: /my_new_project/ros2_ws/install/turtlesim/share/turtlesim/srv/SetPen.srv
[18.623s] -- Up-to-date: /my_new_project/ros2_ws/install/turtlesim/share/turtlesim/srv/Spawn.srv
[18.659s] -- Up-to-date: /my_new_project/ros2_ws/install/turtlesim/share/turtlesim/srv/TeleportAbsolute.srv
[18.693s] -- Up-to-date: /my_new_project/ros2_ws/install/turtlesim/share/turtlesim/srv/TeleportRelative.srv
[18.807s] -- Up-to-date: /my_new_project/ros2_ws/install/turtlesim/lib/turtlesim/turtlesim_node
[18.930s] -- Up-to-date: /my_new_project/ros2_ws/install/turtlesim/lib/turtlesim/turtle_teleop_key
[19.075s] -- Up-to-date: /my_new_project/ros2_ws/install/turtlesim/lib/turtlesim/draw_square
[19.219s] -- Up-to-date: /my_new_project/ros2_ws/install/turtlesim/lib/turtlesim/mimic
[19.275s] -- Up-to-date: /my_new_project/ros2_ws/install/turtlesim/share/turtlesim/images
[19.308s] -- Up-to-date: /my_new_project/ros2_ws/install/turtlesim/share/turtlesim/images/ardent.png
[19.332s] -- Up-to-date: /my_new_project/ros2_ws/install/turtlesim/share/turtlesim/images/bouncy.png
[19.361s] -- Up-to-date: /my_new_project/ros2_ws/install/turtlesim/share/turtlesim/images/crystal.png
[19.387s] -- Up-to-date: /my_new_project/ros2_ws/install/turtlesim/share/turtlesim/images/dashing.png
[19.417s] -- Up-to-date: /my_new_project/ros2_ws/install/turtlesim/share/turtlesim/images/eloquent.png
[19.449s] -- Up-to-date: /my_new_project/ros2_ws/install/turtlesim/share/turtlesim/images/foxy.png
[19.480s] -- Up-to-date: /my_new_project/ros2_ws/install/turtlesim/share/turtlesim/images/galactic.png
[19.512s] -- Up-to-date: /my_new_project/ros2_ws/install/turtlesim/share/turtlesim/images/humble.png
[19.546s] -- Up-to-date: /my_new_project/ros2_ws/install/turtlesim/share/turtlesim/images/iron.png
[19.580s] -- Up-to-date: /my_new_project/ros2_ws/install/turtlesim/share/turtlesim/images/jazzy.png
[19.610s] -- Up-to-date: /my_new_project/ros2_ws/install/turtlesim/share/turtlesim/images/rolling.png
[19.629s] -- Up-to-date: /my_new_project/ros2_ws/install/turtlesim/share/turtlesim/launch
[19.665s] -- Up-to-date: /my_new_project/ros2_ws/install/turtlesim/share/turtlesim/launch/multisim.launch.py
[19.704s] -- Up-to-date: /my_new_project/ros2_ws/install/turtlesim/share/ament_index/resource_index/package_run_dependencies/turtlesim
[19.739s] -- Up-to-date: /my_new_project/ros2_ws/install/turtlesim/share/ament_index/resource_index/parent_prefix_path/turtlesim
[19.761s] -- Up-to-date: /my_new_project/ros2_ws/install/turtlesim/share/turtlesim/environment/ament_prefix_path.sh
[19.785s] -- Up-to-date: /my_new_project/ros2_ws/install/turtlesim/share/turtlesim/environment/ament_prefix_path.dsv
[19.806s] -- Up-to-date: /my_new_project/ros2_ws/install/turtlesim/share/turtlesim/environment/path.sh
[19.828s] -- Up-to-date: /my_new_project/ros2_ws/install/turtlesim/share/turtlesim/environment/path.dsv
[19.853s] -- Up-to-date: /my_new_project/ros2_ws/install/turtlesim/share/turtlesim/local_setup.bash
[19.876s] -- Up-to-date: /my_new_project/ros2_ws/install/turtlesim/share/turtlesim/local_setup.sh
[19.896s] -- Up-to-date: /my_new_project/ros2_ws/install/turtlesim/share/turtlesim/local_setup.zsh
[19.919s] -- Up-to-date: /my_new_project/ros2_ws/install/turtlesim/share/turtlesim/local_setup.dsv
[19.947s] -- Installing: /my_new_project/ros2_ws/install/turtlesim/share/turtlesim/package.dsv
[20.047s] -- Up-to-date: /my_new_project/ros2_ws/install/turtlesim/share/ament_index/resource_index/packages/turtlesim
[20.135s] -- Up-to-date: /my_new_project/ros2_ws/install/turtlesim/share/turtlesim/cmake/export_turtlesim__rosidl_generator_cExport.cmake
[20.167s] -- Up-to-date: /my_new_project/ros2_ws/install/turtlesim/share/turtlesim/cmake/export_turtlesim__rosidl_generator_cExport-noconfig.cmake
[20.255s] -- Up-to-date: /my_new_project/ros2_ws/install/turtlesim/share/turtlesim/cmake/export_turtlesim__rosidl_typesupport_fastrtps_cExport.cmake
[20.288s] -- Up-to-date: /my_new_project/ros2_ws/install/turtlesim/share/turtlesim/cmake/export_turtlesim__rosidl_typesupport_fastrtps_cExport-noconfig.cmake
[20.372s] -- Up-to-date: /my_new_project/ros2_ws/install/turtlesim/share/turtlesim/cmake/export_turtlesim__rosidl_generator_cppExport.cmake
[20.427s] -- Up-to-date: /my_new_project/ros2_ws/install/turtlesim/share/turtlesim/cmake/export_turtlesim__rosidl_typesupport_fastrtps_cppExport.cmake
[20.459s] -- Up-to-date: /my_new_project/ros2_ws/install/turtlesim/share/turtlesim/cmake/export_turtlesim__rosidl_typesupport_fastrtps_cppExport-noconfig.cmake
[20.547s] -- Up-to-date: /my_new_project/ros2_ws/install/turtlesim/share/turtlesim/cmake/turtlesim__rosidl_typesupport_introspection_cExport.cmake
[20.574s] -- Up-to-date: /my_new_project/ros2_ws/install/turtlesim/share/turtlesim/cmake/turtlesim__rosidl_typesupport_introspection_cExport-noconfig.cmake
[20.664s] -- Up-to-date: /my_new_project/ros2_ws/install/turtlesim/share/turtlesim/cmake/turtlesim__rosidl_typesupport_cExport.cmake
[20.690s] -- Up-to-date: /my_new_project/ros2_ws/install/turtlesim/share/turtlesim/cmake/turtlesim__rosidl_typesupport_cExport-noconfig.cmake
[20.780s] -- Up-to-date: /my_new_project/ros2_ws/install/turtlesim/share/turtlesim/cmake/turtlesim__rosidl_typesupport_introspection_cppExport.cmake
[20.806s] -- Up-to-date: /my_new_project/ros2_ws/install/turtlesim/share/turtlesim/cmake/turtlesim__rosidl_typesupport_introspection_cppExport-noconfig.cmake
[20.896s] -- Up-to-date: /my_new_project/ros2_ws/install/turtlesim/share/turtlesim/cmake/turtlesim__rosidl_typesupport_cppExport.cmake
[20.927s] -- Up-to-date: /my_new_project/ros2_ws/install/turtlesim/share/turtlesim/cmake/turtlesim__rosidl_typesupport_cppExport-noconfig.cmake
[21.018s] -- Up-to-date: /my_new_project/ros2_ws/install/turtlesim/share/turtlesim/cmake/export_turtlesim__rosidl_generator_pyExport.cmake
[21.052s] -- Up-to-date: /my_new_project/ros2_ws/install/turtlesim/share/turtlesim/cmake/export_turtlesim__rosidl_generator_pyExport-noconfig.cmake
[21.086s] -- Up-to-date: /my_new_project/ros2_ws/install/turtlesim/share/turtlesim/cmake/rosidl_cmake-extras.cmake
[21.121s] -- Up-to-date: /my_new_project/ros2_ws/install/turtlesim/share/turtlesim/cmake/ament_cmake_export_dependencies-extras.cmake
[21.155s] -- Up-to-date: /my_new_project/ros2_ws/install/turtlesim/share/turtlesim/cmake/ament_cmake_export_include_directories-extras.cmake
[21.183s] -- Up-to-date: /my_new_project/ros2_ws/install/turtlesim/share/turtlesim/cmake/ament_cmake_export_libraries-extras.cmake
[21.211s] -- Up-to-date: /my_new_project/ros2_ws/install/turtlesim/share/turtlesim/cmake/ament_cmake_export_targets-extras.cmake
[21.236s] -- Up-to-date: /my_new_project/ros2_ws/install/turtlesim/share/turtlesim/cmake/rosidl_cmake_export_typesupport_targets-extras.cmake
[21.262s] -- Up-to-date: /my_new_project/ros2_ws/install/turtlesim/share/turtlesim/cmake/rosidl_cmake_export_typesupport_libraries-extras.cmake
[21.285s] -- Up-to-date: /my_new_project/ros2_ws/install/turtlesim/share/turtlesim/cmake/turtlesimConfig.cmake
[21.305s] -- Up-to-date: /my_new_project/ros2_ws/install/turtlesim/share/turtlesim/cmake/turtlesimConfig-version.cmake
[21.331s] -- Up-to-date: /my_new_project/ros2_ws/install/turtlesim/share/turtlesim/package.xml
[21.393s] Invoked command in '/my_new_project/ros2_ws/build/turtlesim' returned '0': CMAKE_PREFIX_PATH=${CMAKE_PREFIX_PATH}:/opt/ros/jazzy /usr/bin/cmake --install /my_new_project/ros2_ws/build/turtlesim
