[0.296s] Invoking command in '/my_new_project/ros2_ws/build/my_package': CMAKE_PREFIX_PATH=${CMAKE_PREFIX_PATH}:/opt/ros/jazzy /usr/bin/cmake /my_new_project/ros2_ws/src/my_package -DCMAKE_INSTALL_PREFIX=/my_new_project/ros2_ws/install/my_package
[1.527s] -- The C compiler identification is GNU 13.3.0
[2.069s] -- The CXX compiler identification is GNU 13.3.0
[2.308s] -- Detecting C compiler ABI info
[4.155s] -- Detecting C compiler ABI info - done
[4.224s] -- Check for working C compiler: /usr/bin/cc - skipped
[4.253s] -- Detecting C compile features
[4.254s] -- Detecting C compile features - done
[4.422s] -- Detecting CXX compiler ABI info
[6.273s] -- Detecting CXX compiler ABI info - done
[6.336s] -- Check for working CXX compiler: /usr/bin/c++ - skipped
[6.338s] -- Detecting CXX compile features
[6.340s] -- Detecting CXX compile features - done
[6.531s] -- Found ament_cmake: 2.5.3 (/opt/ros/jazzy/share/ament_cmake/cmake)
[8.863s] -- Found Python3: /usr/bin/python3 (found version "3.12.3") found components: Interpreter 
[11.488s] -- Found ament_lint_auto: 0.17.1 (/opt/ros/jazzy/share/ament_lint_auto/cmake)
[13.791s] -- Added test 'cppcheck' to perform static code analysis on C / C++ code
[13.793s] -- Configured cppcheck include dirs: $<BUILD_INTERFACE:/my_new_project/ros2_ws/src/my_package/include>
[13.794s] -- Configured cppcheck exclude dirs and/or files: 
[14.019s] -- Added test 'lint_cmake' to check CMake code style
[14.540s] -- Added test 'uncrustify' to check C / C++ code style
[14.542s] -- Configured uncrustify additional arguments: 
[14.640s] -- Added test 'xmllint' to check XML markup files
[14.928s] -- Configuring done (14.3s)
[15.649s] -- Generating done (0.6s)
[16.101s] -- Build files have been written to: /my_new_project/ros2_ws/build/my_package
[16.112s] Invoked command in '/my_new_project/ros2_ws/build/my_package' returned '0': CMAKE_PREFIX_PATH=${CMAKE_PREFIX_PATH}:/opt/ros/jazzy /usr/bin/cmake /my_new_project/ros2_ws/src/my_package -DCMAKE_INSTALL_PREFIX=/my_new_project/ros2_ws/install/my_package
[16.130s] Invoking command in '/my_new_project/ros2_ws/build/my_package': CMAKE_PREFIX_PATH=${CMAKE_PREFIX_PATH}:/opt/ros/jazzy /usr/bin/cmake --build /my_new_project/ros2_ws/build/my_package -- -j16 -l16
[17.151s] [ 50%] [32mBuilding CXX object CMakeFiles/my_node.dir/src/my_node.cpp.o[0m
[17.639s] [100%] [32m[1mLinking CXX executable my_node[0m
[18.160s] [100%] Built target my_node
[18.335s] Invoked command in '/my_new_project/ros2_ws/build/my_package' returned '0': CMAKE_PREFIX_PATH=${CMAKE_PREFIX_PATH}:/opt/ros/jazzy /usr/bin/cmake --build /my_new_project/ros2_ws/build/my_package -- -j16 -l16
[18.504s] Invoking command in '/my_new_project/ros2_ws/build/my_package': CMAKE_PREFIX_PATH=${CMAKE_PREFIX_PATH}:/opt/ros/jazzy /usr/bin/cmake --install /my_new_project/ros2_ws/build/my_package
[18.651s] -- Install configuration: ""
[18.678s] -- Installing: /my_new_project/ros2_ws/install/my_package/lib/my_package/my_node
[18.870s] -- Installing: /my_new_project/ros2_ws/install/my_package/share/ament_index/resource_index/package_run_dependencies/my_package
[19.087s] -- Installing: /my_new_project/ros2_ws/install/my_package/share/ament_index/resource_index/parent_prefix_path/my_package
[19.260s] -- Installing: /my_new_project/ros2_ws/install/my_package/share/my_package/environment/ament_prefix_path.sh
[19.427s] -- Installing: /my_new_project/ros2_ws/install/my_package/share/my_package/environment/ament_prefix_path.dsv
[19.570s] -- Installing: /my_new_project/ros2_ws/install/my_package/share/my_package/environment/path.sh
[19.677s] -- Installing: /my_new_project/ros2_ws/install/my_package/share/my_package/environment/path.dsv
[19.798s] -- Installing: /my_new_project/ros2_ws/install/my_package/share/my_package/local_setup.bash
[19.884s] -- Installing: /my_new_project/ros2_ws/install/my_package/share/my_package/local_setup.sh
[19.967s] -- Installing: /my_new_project/ros2_ws/install/my_package/share/my_package/local_setup.zsh
[20.049s] -- Installing: /my_new_project/ros2_ws/install/my_package/share/my_package/local_setup.dsv
[20.165s] -- Installing: /my_new_project/ros2_ws/install/my_package/share/my_package/package.dsv
[20.313s] -- Installing: /my_new_project/ros2_ws/install/my_package/share/ament_index/resource_index/packages/my_package
[20.462s] -- Installing: /my_new_project/ros2_ws/install/my_package/share/my_package/cmake/my_packageConfig.cmake
[20.577s] -- Installing: /my_new_project/ros2_ws/install/my_package/share/my_package/cmake/my_packageConfig-version.cmake
[20.707s] -- Installing: /my_new_project/ros2_ws/install/my_package/share/my_package/package.xml
[20.786s] Invoked command in '/my_new_project/ros2_ws/build/my_package' returned '0': CMAKE_PREFIX_PATH=${CMAKE_PREFIX_PATH}:/opt/ros/jazzy /usr/bin/cmake --install /my_new_project/ros2_ws/build/my_package
