[0.598s] DEBUG:colcon:Command line arguments: ['/usr/bin/colcon', 'build', '--symlink-install']
[0.598s] DEBUG:colcon:Parsed command line arguments: Namespace(log_base=None, log_level=None, verb_name='build', build_base='build', install_base='install', merge_install=False, symlink_install=True, test_result_base=None, continue_on_error=False, executor='parallel', parallel_workers=16, event_handlers=None, ignore_user_meta=False, metas=['./colcon.meta'], base_paths=['.'], packages_ignore=None, packages_ignore_regex=None, paths=None, packages_up_to=None, packages_up_to_regex=None, packages_above=None, packages_above_and_dependencies=None, packages_above_depth=None, packages_select_by_dep=None, packages_skip_by_dep=None, packages_skip_up_to=None, packages_select_build_failed=False, packages_skip_build_finished=False, packages_select_test_failures=False, packages_skip_test_passed=False, packages_select=None, packages_skip=None, packages_select_regex=None, packages_skip_regex=None, packages_start=None, packages_end=None, cmake_args=None, cmake_target=None, cmake_target_skip_unavailable=False, cmake_clean_cache=False, cmake_clean_first=False, cmake_force_configure=False, ament_cmake_args=None, catkin_cmake_args=None, catkin_skip_building_tests=False, mixin_files=None, mixin=None, verb_parser=<colcon_mixin.mixin.mixin_argument.MixinArgumentDecorator object at 0x7f9f5ef73140>, verb_extension=<colcon_core.verb.build.BuildVerb object at 0x7f9f5ef722d0>, main=<bound method BuildVerb.main of <colcon_core.verb.build.BuildVerb object at 0x7f9f5ef722d0>>, mixin_verb=('build',))
[0.759s] Level 1:colcon.colcon_core.package_discovery:discover_packages(colcon_meta) check parameters
[0.760s] Level 1:colcon.colcon_core.package_discovery:discover_packages(recursive) check parameters
[0.760s] Level 1:colcon.colcon_core.package_discovery:discover_packages(ignore) check parameters
[0.761s] Level 1:colcon.colcon_core.package_discovery:discover_packages(path) check parameters
[0.761s] Level 1:colcon.colcon_core.package_discovery:discover_packages(colcon_meta) discover
[0.762s] Level 1:colcon.colcon_core.package_discovery:discover_packages(recursive) discover
[0.763s] INFO:colcon.colcon_core.package_discovery:Crawling recursively for packages in '/my_new_project/ros2_ws'
[0.765s] Level 1:colcon.colcon_core.package_identification:_identify(.) by extensions ['ignore', 'ignore_ament_install']
[0.766s] Level 1:colcon.colcon_core.package_identification:_identify(.) by extension 'ignore'
[0.766s] Level 1:colcon.colcon_core.package_identification:_identify(.) by extension 'ignore_ament_install'
[0.767s] Level 1:colcon.colcon_core.package_identification:_identify(.) by extensions ['colcon_pkg']
[0.767s] Level 1:colcon.colcon_core.package_identification:_identify(.) by extension 'colcon_pkg'
[0.768s] Level 1:colcon.colcon_core.package_identification:_identify(.) by extensions ['colcon_meta']
[0.768s] Level 1:colcon.colcon_core.package_identification:_identify(.) by extension 'colcon_meta'
[0.769s] Level 1:colcon.colcon_core.package_identification:_identify(.) by extensions ['ros']
[0.769s] Level 1:colcon.colcon_core.package_identification:_identify(.) by extension 'ros'
[0.848s] Level 1:colcon.colcon_core.package_identification:_identify(.) by extensions ['cmake', 'python']
[0.849s] Level 1:colcon.colcon_core.package_identification:_identify(.) by extension 'cmake'
[0.849s] Level 1:colcon.colcon_core.package_identification:_identify(.) by extension 'python'
[0.850s] Level 1:colcon.colcon_core.package_identification:_identify(.) by extensions ['python_setup_py']
[0.851s] Level 1:colcon.colcon_core.package_identification:_identify(.) by extension 'python_setup_py'
[0.855s] Level 1:colcon.colcon_core.package_identification:_identify(build) by extensions ['ignore', 'ignore_ament_install']
[0.855s] Level 1:colcon.colcon_core.package_identification:_identify(build) by extension 'ignore'
[0.857s] Level 1:colcon.colcon_core.package_identification:_identify(build) ignored
[0.861s] Level 1:colcon.colcon_core.package_identification:_identify(install) by extensions ['ignore', 'ignore_ament_install']
[0.862s] Level 1:colcon.colcon_core.package_identification:_identify(install) by extension 'ignore'
[0.864s] Level 1:colcon.colcon_core.package_identification:_identify(install) ignored
[0.870s] Level 1:colcon.colcon_core.package_identification:_identify(log) by extensions ['ignore', 'ignore_ament_install']
[0.870s] Level 1:colcon.colcon_core.package_identification:_identify(log) by extension 'ignore'
[0.872s] Level 1:colcon.colcon_core.package_identification:_identify(log) ignored
[0.876s] Level 1:colcon.colcon_core.package_identification:_identify(ros_tutorials) by extensions ['ignore', 'ignore_ament_install']
[0.876s] Level 1:colcon.colcon_core.package_identification:_identify(ros_tutorials) by extension 'ignore'
[0.878s] Level 1:colcon.colcon_core.package_identification:_identify(ros_tutorials) by extension 'ignore_ament_install'
[0.882s] Level 1:colcon.colcon_core.package_identification:_identify(ros_tutorials) by extensions ['colcon_pkg']
[0.908s] Level 1:colcon.colcon_core.package_identification:_identify(ros_tutorials) by extension 'colcon_pkg'
[0.910s] Level 1:colcon.colcon_core.package_identification:_identify(ros_tutorials) by extensions ['colcon_meta']
[0.911s] Level 1:colcon.colcon_core.package_identification:_identify(ros_tutorials) by extension 'colcon_meta'
[0.912s] Level 1:colcon.colcon_core.package_identification:_identify(ros_tutorials) by extensions ['ros']
[0.912s] Level 1:colcon.colcon_core.package_identification:_identify(ros_tutorials) by extension 'ros'
[0.918s] Level 1:colcon.colcon_core.package_identification:_identify(ros_tutorials) by extensions ['cmake', 'python']
[0.919s] Level 1:colcon.colcon_core.package_identification:_identify(ros_tutorials) by extension 'cmake'
[0.920s] Level 1:colcon.colcon_core.package_identification:_identify(ros_tutorials) by extension 'python'
[0.921s] Level 1:colcon.colcon_core.package_identification:_identify(ros_tutorials) by extensions ['python_setup_py']
[0.921s] Level 1:colcon.colcon_core.package_identification:_identify(ros_tutorials) by extension 'python_setup_py'
[0.928s] Level 1:colcon.colcon_core.package_identification:_identify(ros_tutorials/turtlesim) by extensions ['ignore', 'ignore_ament_install']
[0.929s] Level 1:colcon.colcon_core.package_identification:_identify(ros_tutorials/turtlesim) by extension 'ignore'
[0.931s] Level 1:colcon.colcon_core.package_identification:_identify(ros_tutorials/turtlesim) by extension 'ignore_ament_install'
[0.934s] Level 1:colcon.colcon_core.package_identification:_identify(ros_tutorials/turtlesim) by extensions ['colcon_pkg']
[0.935s] Level 1:colcon.colcon_core.package_identification:_identify(ros_tutorials/turtlesim) by extension 'colcon_pkg'
[0.936s] Level 1:colcon.colcon_core.package_identification:_identify(ros_tutorials/turtlesim) by extensions ['colcon_meta']
[0.937s] Level 1:colcon.colcon_core.package_identification:_identify(ros_tutorials/turtlesim) by extension 'colcon_meta'
[0.940s] Level 1:colcon.colcon_core.package_identification:_identify(ros_tutorials/turtlesim) by extensions ['ros']
[0.940s] Level 1:colcon.colcon_core.package_identification:_identify(ros_tutorials/turtlesim) by extension 'ros'
[0.963s] DEBUG:colcon.colcon_core.package_identification:Package 'ros_tutorials/turtlesim' with type 'ros.ament_cmake' and name 'turtlesim'
[0.968s] Level 1:colcon.colcon_core.package_identification:_identify(src) by extensions ['ignore', 'ignore_ament_install']
[0.968s] Level 1:colcon.colcon_core.package_identification:_identify(src) by extension 'ignore'
[0.969s] Level 1:colcon.colcon_core.package_identification:_identify(src) by extension 'ignore_ament_install'
[0.971s] Level 1:colcon.colcon_core.package_identification:_identify(src) by extensions ['colcon_pkg']
[0.971s] Level 1:colcon.colcon_core.package_identification:_identify(src) by extension 'colcon_pkg'
[0.973s] Level 1:colcon.colcon_core.package_identification:_identify(src) by extensions ['colcon_meta']
[0.973s] Level 1:colcon.colcon_core.package_identification:_identify(src) by extension 'colcon_meta'
[0.974s] Level 1:colcon.colcon_core.package_identification:_identify(src) by extensions ['ros']
[0.974s] Level 1:colcon.colcon_core.package_identification:_identify(src) by extension 'ros'
[0.979s] Level 1:colcon.colcon_core.package_identification:_identify(src) by extensions ['cmake', 'python']
[0.979s] Level 1:colcon.colcon_core.package_identification:_identify(src) by extension 'cmake'
[0.980s] Level 1:colcon.colcon_core.package_identification:_identify(src) by extension 'python'
[0.981s] Level 1:colcon.colcon_core.package_identification:_identify(src) by extensions ['python_setup_py']
[0.981s] Level 1:colcon.colcon_core.package_identification:_identify(src) by extension 'python_setup_py'
[0.987s] Level 1:colcon.colcon_core.package_identification:_identify(src/cpp_pubsub) by extensions ['ignore', 'ignore_ament_install']
[0.987s] Level 1:colcon.colcon_core.package_identification:_identify(src/cpp_pubsub) by extension 'ignore'
[0.989s] Level 1:colcon.colcon_core.package_identification:_identify(src/cpp_pubsub) by extension 'ignore_ament_install'
[0.992s] Level 1:colcon.colcon_core.package_identification:_identify(src/cpp_pubsub) by extensions ['colcon_pkg']
[0.992s] Level 1:colcon.colcon_core.package_identification:_identify(src/cpp_pubsub) by extension 'colcon_pkg'
[0.994s] Level 1:colcon.colcon_core.package_identification:_identify(src/cpp_pubsub) by extensions ['colcon_meta']
[0.994s] Level 1:colcon.colcon_core.package_identification:_identify(src/cpp_pubsub) by extension 'colcon_meta'
[0.998s] Level 1:colcon.colcon_core.package_identification:_identify(src/cpp_pubsub) by extensions ['ros']
[0.998s] Level 1:colcon.colcon_core.package_identification:_identify(src/cpp_pubsub) by extension 'ros'
[1.018s] DEBUG:colcon.colcon_core.package_identification:Package 'src/cpp_pubsub' with type 'ros.ament_cmake' and name 'cpp_pubsub'
[1.025s] Level 1:colcon.colcon_core.package_identification:_identify(src/my_package) by extensions ['ignore', 'ignore_ament_install']
[1.025s] Level 1:colcon.colcon_core.package_identification:_identify(src/my_package) by extension 'ignore'
[1.027s] Level 1:colcon.colcon_core.package_identification:_identify(src/my_package) by extension 'ignore_ament_install'
[1.031s] Level 1:colcon.colcon_core.package_identification:_identify(src/my_package) by extensions ['colcon_pkg']
[1.031s] Level 1:colcon.colcon_core.package_identification:_identify(src/my_package) by extension 'colcon_pkg'
[1.033s] Level 1:colcon.colcon_core.package_identification:_identify(src/my_package) by extensions ['colcon_meta']
[1.033s] Level 1:colcon.colcon_core.package_identification:_identify(src/my_package) by extension 'colcon_meta'
[1.036s] Level 1:colcon.colcon_core.package_identification:_identify(src/my_package) by extensions ['ros']
[1.036s] Level 1:colcon.colcon_core.package_identification:_identify(src/my_package) by extension 'ros'
[1.056s] DEBUG:colcon.colcon_core.package_identification:Package 'src/my_package' with type 'ros.ament_cmake' and name 'my_package'
[1.056s] Level 1:colcon.colcon_core.package_discovery:discover_packages(recursive) using defaults
[1.057s] Level 1:colcon.colcon_core.package_discovery:discover_packages(ignore) discover
[1.057s] Level 1:colcon.colcon_core.package_discovery:discover_packages(ignore) using defaults
[1.057s] Level 1:colcon.colcon_core.package_discovery:discover_packages(path) discover
[1.058s] Level 1:colcon.colcon_core.package_discovery:discover_packages(path) using defaults
[1.153s] Level 5:colcon.colcon_core.verb:set package 'cpp_pubsub' build argument 'cmake_args' from command line to 'None'
[1.153s] Level 5:colcon.colcon_core.verb:set package 'cpp_pubsub' build argument 'cmake_target' from command line to 'None'
[1.154s] Level 5:colcon.colcon_core.verb:set package 'cpp_pubsub' build argument 'cmake_target_skip_unavailable' from command line to 'False'
[1.154s] Level 5:colcon.colcon_core.verb:set package 'cpp_pubsub' build argument 'cmake_clean_cache' from command line to 'False'
[1.154s] Level 5:colcon.colcon_core.verb:set package 'cpp_pubsub' build argument 'cmake_clean_first' from command line to 'False'
[1.155s] Level 5:colcon.colcon_core.verb:set package 'cpp_pubsub' build argument 'cmake_force_configure' from command line to 'False'
[1.155s] Level 5:colcon.colcon_core.verb:set package 'cpp_pubsub' build argument 'ament_cmake_args' from command line to 'None'
[1.156s] Level 5:colcon.colcon_core.verb:set package 'cpp_pubsub' build argument 'catkin_cmake_args' from command line to 'None'
[1.156s] Level 5:colcon.colcon_core.verb:set package 'cpp_pubsub' build argument 'catkin_skip_building_tests' from command line to 'False'
[1.156s] DEBUG:colcon.colcon_core.verb:Building package 'cpp_pubsub' with the following arguments: {'ament_cmake_args': None, 'build_base': '/my_new_project/ros2_ws/build/cpp_pubsub', 'catkin_cmake_args': None, 'catkin_skip_building_tests': False, 'cmake_args': None, 'cmake_clean_cache': False, 'cmake_clean_first': False, 'cmake_force_configure': False, 'cmake_target': None, 'cmake_target_skip_unavailable': False, 'install_base': '/my_new_project/ros2_ws/install/cpp_pubsub', 'merge_install': False, 'path': '/my_new_project/ros2_ws/src/cpp_pubsub', 'symlink_install': True, 'test_result_base': None}
[1.157s] Level 5:colcon.colcon_core.verb:set package 'my_package' build argument 'cmake_args' from command line to 'None'
[1.157s] Level 5:colcon.colcon_core.verb:set package 'my_package' build argument 'cmake_target' from command line to 'None'
[1.158s] Level 5:colcon.colcon_core.verb:set package 'my_package' build argument 'cmake_target_skip_unavailable' from command line to 'False'
[1.158s] Level 5:colcon.colcon_core.verb:set package 'my_package' build argument 'cmake_clean_cache' from command line to 'False'
[1.158s] Level 5:colcon.colcon_core.verb:set package 'my_package' build argument 'cmake_clean_first' from command line to 'False'
[1.159s] Level 5:colcon.colcon_core.verb:set package 'my_package' build argument 'cmake_force_configure' from command line to 'False'
[1.159s] Level 5:colcon.colcon_core.verb:set package 'my_package' build argument 'ament_cmake_args' from command line to 'None'
[1.159s] Level 5:colcon.colcon_core.verb:set package 'my_package' build argument 'catkin_cmake_args' from command line to 'None'
[1.160s] Level 5:colcon.colcon_core.verb:set package 'my_package' build argument 'catkin_skip_building_tests' from command line to 'False'
[1.160s] DEBUG:colcon.colcon_core.verb:Building package 'my_package' with the following arguments: {'ament_cmake_args': None, 'build_base': '/my_new_project/ros2_ws/build/my_package', 'catkin_cmake_args': None, 'catkin_skip_building_tests': False, 'cmake_args': None, 'cmake_clean_cache': False, 'cmake_clean_first': False, 'cmake_force_configure': False, 'cmake_target': None, 'cmake_target_skip_unavailable': False, 'install_base': '/my_new_project/ros2_ws/install/my_package', 'merge_install': False, 'path': '/my_new_project/ros2_ws/src/my_package', 'symlink_install': True, 'test_result_base': None}
[1.161s] Level 5:colcon.colcon_core.verb:set package 'turtlesim' build argument 'cmake_args' from command line to 'None'
[1.161s] Level 5:colcon.colcon_core.verb:set package 'turtlesim' build argument 'cmake_target' from command line to 'None'
[1.161s] Level 5:colcon.colcon_core.verb:set package 'turtlesim' build argument 'cmake_target_skip_unavailable' from command line to 'False'
[1.162s] Level 5:colcon.colcon_core.verb:set package 'turtlesim' build argument 'cmake_clean_cache' from command line to 'False'
[1.162s] Level 5:colcon.colcon_core.verb:set package 'turtlesim' build argument 'cmake_clean_first' from command line to 'False'
[1.163s] Level 5:colcon.colcon_core.verb:set package 'turtlesim' build argument 'cmake_force_configure' from command line to 'False'
[1.163s] Level 5:colcon.colcon_core.verb:set package 'turtlesim' build argument 'ament_cmake_args' from command line to 'None'
[1.163s] Level 5:colcon.colcon_core.verb:set package 'turtlesim' build argument 'catkin_cmake_args' from command line to 'None'
[1.163s] Level 5:colcon.colcon_core.verb:set package 'turtlesim' build argument 'catkin_skip_building_tests' from command line to 'False'
[1.164s] DEBUG:colcon.colcon_core.verb:Building package 'turtlesim' with the following arguments: {'ament_cmake_args': None, 'build_base': '/my_new_project/ros2_ws/build/turtlesim', 'catkin_cmake_args': None, 'catkin_skip_building_tests': False, 'cmake_args': None, 'cmake_clean_cache': False, 'cmake_clean_first': False, 'cmake_force_configure': False, 'cmake_target': None, 'cmake_target_skip_unavailable': False, 'install_base': '/my_new_project/ros2_ws/install/turtlesim', 'merge_install': False, 'path': '/my_new_project/ros2_ws/ros_tutorials/turtlesim', 'symlink_install': True, 'test_result_base': None}
[1.164s] INFO:colcon.colcon_core.executor:Executing jobs using 'parallel' executor
[1.166s] DEBUG:colcon.colcon_parallel_executor.executor.parallel:run_until_complete
[1.167s] INFO:colcon.colcon_ros.task.ament_cmake.build:Building ROS package in '/my_new_project/ros2_ws/src/cpp_pubsub' with build type 'ament_cmake'
[1.167s] INFO:colcon.colcon_cmake.task.cmake.build:Building CMake package in '/my_new_project/ros2_ws/src/cpp_pubsub'
[1.180s] INFO:colcon.colcon_core.plugin_system:Skipping extension 'colcon_core.shell.bat': Not used on non-Windows systems
[1.181s] INFO:colcon.colcon_core.shell:Skip shell extension 'powershell' for command environment: Not usable outside of PowerShell
[1.181s] DEBUG:colcon.colcon_core.shell:Skip shell extension 'dsv' for command environment
[1.293s] INFO:colcon.colcon_ros.task.ament_cmake.build:Building ROS package in '/my_new_project/ros2_ws/src/my_package' with build type 'ament_cmake'
[1.293s] INFO:colcon.colcon_cmake.task.cmake.build:Building CMake package in '/my_new_project/ros2_ws/src/my_package'
[1.294s] INFO:colcon.colcon_core.shell:Skip shell extension 'powershell' for command environment: Not usable outside of PowerShell
[1.295s] DEBUG:colcon.colcon_core.shell:Skip shell extension 'dsv' for command environment
[1.391s] INFO:colcon.colcon_ros.task.ament_cmake.build:Building ROS package in '/my_new_project/ros2_ws/ros_tutorials/turtlesim' with build type 'ament_cmake'
[1.392s] INFO:colcon.colcon_cmake.task.cmake.build:Building CMake package in '/my_new_project/ros2_ws/ros_tutorials/turtlesim'
[1.392s] INFO:colcon.colcon_core.shell:Skip shell extension 'powershell' for command environment: Not usable outside of PowerShell
[1.393s] DEBUG:colcon.colcon_core.shell:Skip shell extension 'dsv' for command environment
[1.534s] DEBUG:colcon.colcon_core.event_handler.log_command:Invoking command in '/my_new_project/ros2_ws/build/cpp_pubsub': CMAKE_PREFIX_PATH=${CMAKE_PREFIX_PATH}:/opt/ros/jazzy /usr/bin/cmake /my_new_project/ros2_ws/src/cpp_pubsub -DAMENT_CMAKE_SYMLINK_INSTALL=1 -DCMAKE_INSTALL_PREFIX=/my_new_project/ros2_ws/install/cpp_pubsub
[1.604s] DEBUG:colcon.colcon_core.event_handler.log_command:Invoking command in '/my_new_project/ros2_ws/build/my_package': CMAKE_PREFIX_PATH=${CMAKE_PREFIX_PATH}:/opt/ros/jazzy /usr/bin/cmake /my_new_project/ros2_ws/src/my_package -DAMENT_CMAKE_SYMLINK_INSTALL=1 -DCMAKE_INSTALL_PREFIX=/my_new_project/ros2_ws/install/my_package
[1.652s] DEBUG:colcon.colcon_core.event_handler.log_command:Invoking command in '/my_new_project/ros2_ws/build/turtlesim': CMAKE_PREFIX_PATH=${CMAKE_PREFIX_PATH}:/opt/ros/jazzy /usr/bin/cmake --build /my_new_project/ros2_ws/build/turtlesim -- -j16 -l16
[8.363s] DEBUG:colcon.colcon_core.event_handler.log_command:Invoked command in '/my_new_project/ros2_ws/build/my_package' returned '0': CMAKE_PREFIX_PATH=${CMAKE_PREFIX_PATH}:/opt/ros/jazzy /usr/bin/cmake /my_new_project/ros2_ws/src/my_package -DAMENT_CMAKE_SYMLINK_INSTALL=1 -DCMAKE_INSTALL_PREFIX=/my_new_project/ros2_ws/install/my_package
[8.408s] DEBUG:colcon.colcon_core.event_handler.log_command:Invoking command in '/my_new_project/ros2_ws/build/my_package': CMAKE_PREFIX_PATH=${CMAKE_PREFIX_PATH}:/opt/ros/jazzy /usr/bin/cmake --build /my_new_project/ros2_ws/build/my_package -- -j16 -l16
[9.315s] DEBUG:colcon.colcon_core.event_handler.log_command:Invoked command in '/my_new_project/ros2_ws/build/my_package' returned '0': CMAKE_PREFIX_PATH=${CMAKE_PREFIX_PATH}:/opt/ros/jazzy /usr/bin/cmake --build /my_new_project/ros2_ws/build/my_package -- -j16 -l16
[9.388s] DEBUG:colcon.colcon_core.event_handler.log_command:Invoking command in '/my_new_project/ros2_ws/build/my_package': CMAKE_PREFIX_PATH=${CMAKE_PREFIX_PATH}:/opt/ros/jazzy /usr/bin/cmake --install /my_new_project/ros2_ws/build/my_package
[9.419s] DEBUG:colcon.colcon_core.event_handler.log_command:Invoked command in '/my_new_project/ros2_ws/build/turtlesim' returned '0': CMAKE_PREFIX_PATH=${CMAKE_PREFIX_PATH}:/opt/ros/jazzy /usr/bin/cmake --build /my_new_project/ros2_ws/build/turtlesim -- -j16 -l16
[9.456s] DEBUG:colcon.colcon_core.event_handler.log_command:Invoking command in '/my_new_project/ros2_ws/build/turtlesim': CMAKE_PREFIX_PATH=${CMAKE_PREFIX_PATH}:/opt/ros/jazzy /usr/bin/cmake --install /my_new_project/ros2_ws/build/turtlesim
[11.804s] Level 1:colcon.colcon_core.environment:create_environment_scripts_only(my_package)
[11.805s] DEBUG:colcon.colcon_core.event_handler.log_command:Invoked command in '/my_new_project/ros2_ws/build/my_package' returned '0': CMAKE_PREFIX_PATH=${CMAKE_PREFIX_PATH}:/opt/ros/jazzy /usr/bin/cmake --install /my_new_project/ros2_ws/build/my_package
[11.854s] Level 1:colcon.colcon_core.environment:checking '/my_new_project/ros2_ws/install/my_package' for CMake module files
[12.017s] Level 1:colcon.colcon_core.environment:checking '/my_new_project/ros2_ws/install/my_package' for CMake config files
[12.184s] Level 1:colcon.colcon_core.shell:create_environment_hook('my_package', 'cmake_prefix_path')
[12.185s] INFO:colcon.colcon_core.shell:Creating environment hook '/my_new_project/ros2_ws/install/my_package/share/my_package/hook/cmake_prefix_path.ps1'
[12.236s] INFO:colcon.colcon_core.shell:Creating environment descriptor '/my_new_project/ros2_ws/install/my_package/share/my_package/hook/cmake_prefix_path.dsv'
[12.253s] INFO:colcon.colcon_core.shell:Creating environment hook '/my_new_project/ros2_ws/install/my_package/share/my_package/hook/cmake_prefix_path.sh'
[12.284s] Level 1:colcon.colcon_core.environment:checking '/my_new_project/ros2_ws/install/my_package/lib'
[12.290s] Level 1:colcon.colcon_core.environment:checking '/my_new_project/ros2_ws/install/my_package/bin'
[12.292s] Level 1:colcon.colcon_core.environment:checking '/my_new_project/ros2_ws/install/my_package/lib/pkgconfig/my_package.pc'
[12.302s] Level 1:colcon.colcon_core.environment:checking '/my_new_project/ros2_ws/install/my_package/lib/python3.12/site-packages'
[12.304s] Level 1:colcon.colcon_core.environment:checking '/my_new_project/ros2_ws/install/my_package/bin'
[12.306s] INFO:colcon.colcon_core.shell:Creating package script '/my_new_project/ros2_ws/install/my_package/share/my_package/package.ps1'
[12.355s] INFO:colcon.colcon_core.shell:Creating package descriptor '/my_new_project/ros2_ws/install/my_package/share/my_package/package.dsv'
[12.378s] INFO:colcon.colcon_core.shell:Creating package script '/my_new_project/ros2_ws/install/my_package/share/my_package/package.sh'
[12.391s] INFO:colcon.colcon_core.shell:Creating package script '/my_new_project/ros2_ws/install/my_package/share/my_package/package.bash'
[12.415s] INFO:colcon.colcon_core.shell:Creating package script '/my_new_project/ros2_ws/install/my_package/share/my_package/package.zsh'
[12.438s] Level 1:colcon.colcon_core.environment:create_file_with_runtime_dependencies(/my_new_project/ros2_ws/install/my_package/share/colcon-core/packages/my_package)
[12.480s] Level 1:colcon.colcon_core.environment:create_environment_scripts_only(my_package)
[12.481s] Level 1:colcon.colcon_core.environment:checking '/my_new_project/ros2_ws/install/my_package' for CMake module files
[12.642s] Level 1:colcon.colcon_core.environment:checking '/my_new_project/ros2_ws/install/my_package' for CMake config files
[12.834s] Level 1:colcon.colcon_core.shell:create_environment_hook('my_package', 'cmake_prefix_path')
[12.835s] INFO:colcon.colcon_core.shell:Creating environment hook '/my_new_project/ros2_ws/install/my_package/share/my_package/hook/cmake_prefix_path.ps1'
[12.857s] INFO:colcon.colcon_core.shell:Creating environment descriptor '/my_new_project/ros2_ws/install/my_package/share/my_package/hook/cmake_prefix_path.dsv'
[12.880s] INFO:colcon.colcon_core.shell:Creating environment hook '/my_new_project/ros2_ws/install/my_package/share/my_package/hook/cmake_prefix_path.sh'
[12.907s] Level 1:colcon.colcon_core.environment:checking '/my_new_project/ros2_ws/install/my_package/lib'
[12.913s] Level 1:colcon.colcon_core.environment:checking '/my_new_project/ros2_ws/install/my_package/bin'
[12.914s] Level 1:colcon.colcon_core.environment:checking '/my_new_project/ros2_ws/install/my_package/lib/pkgconfig/my_package.pc'
[12.917s] Level 1:colcon.colcon_core.environment:checking '/my_new_project/ros2_ws/install/my_package/lib/python3.12/site-packages'
[12.920s] Level 1:colcon.colcon_core.environment:checking '/my_new_project/ros2_ws/install/my_package/bin'
[12.922s] INFO:colcon.colcon_core.shell:Creating package script '/my_new_project/ros2_ws/install/my_package/share/my_package/package.ps1'
[12.943s] INFO:colcon.colcon_core.shell:Creating package descriptor '/my_new_project/ros2_ws/install/my_package/share/my_package/package.dsv'
[12.961s] INFO:colcon.colcon_core.shell:Creating package script '/my_new_project/ros2_ws/install/my_package/share/my_package/package.sh'
[12.979s] INFO:colcon.colcon_core.shell:Creating package script '/my_new_project/ros2_ws/install/my_package/share/my_package/package.bash'
[13.000s] INFO:colcon.colcon_core.shell:Creating package script '/my_new_project/ros2_ws/install/my_package/share/my_package/package.zsh'
[13.018s] Level 1:colcon.colcon_core.environment:create_file_with_runtime_dependencies(/my_new_project/ros2_ws/install/my_package/share/colcon-core/packages/my_package)
[16.811s] DEBUG:colcon.colcon_core.event_handler.log_command:Invoked command in '/my_new_project/ros2_ws/build/cpp_pubsub' returned '0': CMAKE_PREFIX_PATH=${CMAKE_PREFIX_PATH}:/opt/ros/jazzy /usr/bin/cmake /my_new_project/ros2_ws/src/cpp_pubsub -DAMENT_CMAKE_SYMLINK_INSTALL=1 -DCMAKE_INSTALL_PREFIX=/my_new_project/ros2_ws/install/cpp_pubsub
[16.851s] DEBUG:colcon.colcon_core.event_handler.log_command:Invoking command in '/my_new_project/ros2_ws/build/cpp_pubsub': CMAKE_PREFIX_PATH=${CMAKE_PREFIX_PATH}:/opt/ros/jazzy /usr/bin/cmake --build /my_new_project/ros2_ws/build/cpp_pubsub -- -j16 -l16
[17.398s] DEBUG:colcon.colcon_core.event_handler.log_command:Invoked command in '/my_new_project/ros2_ws/build/cpp_pubsub' returned '0': CMAKE_PREFIX_PATH=${CMAKE_PREFIX_PATH}:/opt/ros/jazzy /usr/bin/cmake --build /my_new_project/ros2_ws/build/cpp_pubsub -- -j16 -l16
[17.426s] DEBUG:colcon.colcon_core.event_handler.log_command:Invoking command in '/my_new_project/ros2_ws/build/cpp_pubsub': CMAKE_PREFIX_PATH=${CMAKE_PREFIX_PATH}:/opt/ros/jazzy /usr/bin/cmake --install /my_new_project/ros2_ws/build/cpp_pubsub
[20.129s] Level 1:colcon.colcon_core.environment:create_environment_scripts_only(cpp_pubsub)
[20.130s] Level 1:colcon.colcon_core.environment:checking '/my_new_project/ros2_ws/install/cpp_pubsub' for CMake module files
[20.132s] DEBUG:colcon.colcon_core.event_handler.log_command:Invoked command in '/my_new_project/ros2_ws/build/cpp_pubsub' returned '0': CMAKE_PREFIX_PATH=${CMAKE_PREFIX_PATH}:/opt/ros/jazzy /usr/bin/cmake --install /my_new_project/ros2_ws/build/cpp_pubsub
[20.243s] Level 1:colcon.colcon_core.environment:checking '/my_new_project/ros2_ws/install/cpp_pubsub' for CMake config files
[20.382s] Level 1:colcon.colcon_core.shell:create_environment_hook('cpp_pubsub', 'cmake_prefix_path')
[20.383s] INFO:colcon.colcon_core.shell:Creating environment hook '/my_new_project/ros2_ws/install/cpp_pubsub/share/cpp_pubsub/hook/cmake_prefix_path.ps1'
[20.403s] INFO:colcon.colcon_core.shell:Creating environment descriptor '/my_new_project/ros2_ws/install/cpp_pubsub/share/cpp_pubsub/hook/cmake_prefix_path.dsv'
[20.428s] INFO:colcon.colcon_core.shell:Creating environment hook '/my_new_project/ros2_ws/install/cpp_pubsub/share/cpp_pubsub/hook/cmake_prefix_path.sh'
[20.486s] Level 1:colcon.colcon_core.environment:checking '/my_new_project/ros2_ws/install/cpp_pubsub/bin'
[20.489s] Level 1:colcon.colcon_core.environment:checking '/my_new_project/ros2_ws/install/cpp_pubsub/lib/pkgconfig/cpp_pubsub.pc'
[20.491s] Level 1:colcon.colcon_core.environment:checking '/my_new_project/ros2_ws/install/cpp_pubsub/lib/python3.12/site-packages'
[20.493s] Level 1:colcon.colcon_core.environment:checking '/my_new_project/ros2_ws/install/cpp_pubsub/bin'
[20.496s] INFO:colcon.colcon_core.shell:Creating package script '/my_new_project/ros2_ws/install/cpp_pubsub/share/cpp_pubsub/package.ps1'
[20.517s] INFO:colcon.colcon_core.shell:Creating package descriptor '/my_new_project/ros2_ws/install/cpp_pubsub/share/cpp_pubsub/package.dsv'
[20.544s] INFO:colcon.colcon_core.shell:Creating package script '/my_new_project/ros2_ws/install/cpp_pubsub/share/cpp_pubsub/package.sh'
[20.565s] INFO:colcon.colcon_core.shell:Creating package script '/my_new_project/ros2_ws/install/cpp_pubsub/share/cpp_pubsub/package.bash'
[20.586s] INFO:colcon.colcon_core.shell:Creating package script '/my_new_project/ros2_ws/install/cpp_pubsub/share/cpp_pubsub/package.zsh'
[20.606s] Level 1:colcon.colcon_core.environment:create_file_with_runtime_dependencies(/my_new_project/ros2_ws/install/cpp_pubsub/share/colcon-core/packages/cpp_pubsub)
[20.677s] Level 1:colcon.colcon_core.environment:create_environment_scripts_only(cpp_pubsub)
[20.678s] Level 1:colcon.colcon_core.environment:checking '/my_new_project/ros2_ws/install/cpp_pubsub' for CMake module files
[20.848s] Level 1:colcon.colcon_core.environment:checking '/my_new_project/ros2_ws/install/cpp_pubsub' for CMake config files
[21.005s] Level 1:colcon.colcon_core.shell:create_environment_hook('cpp_pubsub', 'cmake_prefix_path')
[21.005s] INFO:colcon.colcon_core.shell:Creating environment hook '/my_new_project/ros2_ws/install/cpp_pubsub/share/cpp_pubsub/hook/cmake_prefix_path.ps1'
[21.033s] INFO:colcon.colcon_core.shell:Creating environment descriptor '/my_new_project/ros2_ws/install/cpp_pubsub/share/cpp_pubsub/hook/cmake_prefix_path.dsv'
[21.063s] INFO:colcon.colcon_core.shell:Creating environment hook '/my_new_project/ros2_ws/install/cpp_pubsub/share/cpp_pubsub/hook/cmake_prefix_path.sh'
[21.099s] Level 1:colcon.colcon_core.environment:checking '/my_new_project/ros2_ws/install/cpp_pubsub/bin'
[21.102s] Level 1:colcon.colcon_core.environment:checking '/my_new_project/ros2_ws/install/cpp_pubsub/lib/pkgconfig/cpp_pubsub.pc'
[21.104s] Level 1:colcon.colcon_core.environment:checking '/my_new_project/ros2_ws/install/cpp_pubsub/lib/python3.12/site-packages'
[21.107s] Level 1:colcon.colcon_core.environment:checking '/my_new_project/ros2_ws/install/cpp_pubsub/bin'
[21.110s] INFO:colcon.colcon_core.shell:Creating package script '/my_new_project/ros2_ws/install/cpp_pubsub/share/cpp_pubsub/package.ps1'
[21.137s] INFO:colcon.colcon_core.shell:Creating package descriptor '/my_new_project/ros2_ws/install/cpp_pubsub/share/cpp_pubsub/package.dsv'
[21.169s] INFO:colcon.colcon_core.shell:Creating package script '/my_new_project/ros2_ws/install/cpp_pubsub/share/cpp_pubsub/package.sh'
[21.197s] INFO:colcon.colcon_core.shell:Creating package script '/my_new_project/ros2_ws/install/cpp_pubsub/share/cpp_pubsub/package.bash'
[21.222s] INFO:colcon.colcon_core.shell:Creating package script '/my_new_project/ros2_ws/install/cpp_pubsub/share/cpp_pubsub/package.zsh'
[21.249s] Level 1:colcon.colcon_core.environment:create_file_with_runtime_dependencies(/my_new_project/ros2_ws/install/cpp_pubsub/share/colcon-core/packages/cpp_pubsub)
[26.459s] Level 1:colcon.colcon_core.environment:create_environment_scripts_only(turtlesim)
[26.460s] Level 1:colcon.colcon_core.environment:checking '/my_new_project/ros2_ws/install/turtlesim' for CMake module files
[26.490s] DEBUG:colcon.colcon_core.event_handler.log_command:Invoked command in '/my_new_project/ros2_ws/build/turtlesim' returned '0': CMAKE_PREFIX_PATH=${CMAKE_PREFIX_PATH}:/opt/ros/jazzy /usr/bin/cmake --install /my_new_project/ros2_ws/build/turtlesim
[26.926s] Level 1:colcon.colcon_core.environment:checking '/my_new_project/ros2_ws/install/turtlesim' for CMake config files
[28.263s] Level 1:colcon.colcon_core.shell:create_environment_hook('turtlesim', 'cmake_prefix_path')
[28.264s] INFO:colcon.colcon_core.shell:Creating environment hook '/my_new_project/ros2_ws/install/turtlesim/share/turtlesim/hook/cmake_prefix_path.ps1'
[28.287s] INFO:colcon.colcon_core.shell:Creating environment descriptor '/my_new_project/ros2_ws/install/turtlesim/share/turtlesim/hook/cmake_prefix_path.dsv'
[28.318s] INFO:colcon.colcon_core.shell:Creating environment hook '/my_new_project/ros2_ws/install/turtlesim/share/turtlesim/hook/cmake_prefix_path.sh'
[28.350s] Level 1:colcon.colcon_core.environment:checking '/my_new_project/ros2_ws/install/turtlesim/lib'
[28.356s] Level 1:colcon.colcon_core.shell:create_environment_hook('turtlesim', 'ld_library_path_lib')
[28.357s] INFO:colcon.colcon_core.shell:Creating environment hook '/my_new_project/ros2_ws/install/turtlesim/share/turtlesim/hook/ld_library_path_lib.ps1'
[28.380s] INFO:colcon.colcon_core.shell:Creating environment descriptor '/my_new_project/ros2_ws/install/turtlesim/share/turtlesim/hook/ld_library_path_lib.dsv'
[28.403s] INFO:colcon.colcon_core.shell:Creating environment hook '/my_new_project/ros2_ws/install/turtlesim/share/turtlesim/hook/ld_library_path_lib.sh'
[28.429s] Level 1:colcon.colcon_core.environment:checking '/my_new_project/ros2_ws/install/turtlesim/bin'
[28.432s] Level 1:colcon.colcon_core.environment:checking '/my_new_project/ros2_ws/install/turtlesim/lib/pkgconfig/turtlesim.pc'
[28.435s] Level 1:colcon.colcon_core.environment:checking '/my_new_project/ros2_ws/install/turtlesim/lib/python3.12/site-packages'
[28.439s] Level 1:colcon.colcon_core.shell:create_environment_hook('turtlesim', 'pythonpath')
[28.439s] INFO:colcon.colcon_core.shell:Creating environment hook '/my_new_project/ros2_ws/install/turtlesim/share/turtlesim/hook/pythonpath.ps1'
[28.459s] INFO:colcon.colcon_core.shell:Creating environment descriptor '/my_new_project/ros2_ws/install/turtlesim/share/turtlesim/hook/pythonpath.dsv'
[28.483s] INFO:colcon.colcon_core.shell:Creating environment hook '/my_new_project/ros2_ws/install/turtlesim/share/turtlesim/hook/pythonpath.sh'
[28.505s] Level 1:colcon.colcon_core.environment:checking '/my_new_project/ros2_ws/install/turtlesim/bin'
[28.507s] INFO:colcon.colcon_core.shell:Creating package script '/my_new_project/ros2_ws/install/turtlesim/share/turtlesim/package.ps1'
[28.530s] INFO:colcon.colcon_core.shell:Creating package descriptor '/my_new_project/ros2_ws/install/turtlesim/share/turtlesim/package.dsv'
[28.553s] INFO:colcon.colcon_core.shell:Creating package script '/my_new_project/ros2_ws/install/turtlesim/share/turtlesim/package.sh'
[28.572s] INFO:colcon.colcon_core.shell:Creating package script '/my_new_project/ros2_ws/install/turtlesim/share/turtlesim/package.bash'
[28.592s] INFO:colcon.colcon_core.shell:Creating package script '/my_new_project/ros2_ws/install/turtlesim/share/turtlesim/package.zsh'
[28.611s] Level 1:colcon.colcon_core.environment:create_file_with_runtime_dependencies(/my_new_project/ros2_ws/install/turtlesim/share/colcon-core/packages/turtlesim)
[28.653s] Level 1:colcon.colcon_core.environment:create_environment_scripts_only(turtlesim)
[28.654s] Level 1:colcon.colcon_core.environment:checking '/my_new_project/ros2_ws/install/turtlesim' for CMake module files
[29.138s] Level 1:colcon.colcon_core.environment:checking '/my_new_project/ros2_ws/install/turtlesim' for CMake config files
[30.542s] Level 1:colcon.colcon_core.shell:create_environment_hook('turtlesim', 'cmake_prefix_path')
[30.542s] INFO:colcon.colcon_core.shell:Creating environment hook '/my_new_project/ros2_ws/install/turtlesim/share/turtlesim/hook/cmake_prefix_path.ps1'
[30.562s] INFO:colcon.colcon_core.shell:Creating environment descriptor '/my_new_project/ros2_ws/install/turtlesim/share/turtlesim/hook/cmake_prefix_path.dsv'
[30.584s] INFO:colcon.colcon_core.shell:Creating environment hook '/my_new_project/ros2_ws/install/turtlesim/share/turtlesim/hook/cmake_prefix_path.sh'
[30.607s] Level 1:colcon.colcon_core.environment:checking '/my_new_project/ros2_ws/install/turtlesim/lib'
[30.612s] Level 1:colcon.colcon_core.shell:create_environment_hook('turtlesim', 'ld_library_path_lib')
[30.612s] INFO:colcon.colcon_core.shell:Creating environment hook '/my_new_project/ros2_ws/install/turtlesim/share/turtlesim/hook/ld_library_path_lib.ps1'
[30.632s] INFO:colcon.colcon_core.shell:Creating environment descriptor '/my_new_project/ros2_ws/install/turtlesim/share/turtlesim/hook/ld_library_path_lib.dsv'
[30.652s] INFO:colcon.colcon_core.shell:Creating environment hook '/my_new_project/ros2_ws/install/turtlesim/share/turtlesim/hook/ld_library_path_lib.sh'
[30.674s] Level 1:colcon.colcon_core.environment:checking '/my_new_project/ros2_ws/install/turtlesim/bin'
[30.677s] Level 1:colcon.colcon_core.environment:checking '/my_new_project/ros2_ws/install/turtlesim/lib/pkgconfig/turtlesim.pc'
[30.680s] Level 1:colcon.colcon_core.environment:checking '/my_new_project/ros2_ws/install/turtlesim/lib/python3.12/site-packages'
[30.683s] Level 1:colcon.colcon_core.shell:create_environment_hook('turtlesim', 'pythonpath')
[30.684s] INFO:colcon.colcon_core.shell:Creating environment hook '/my_new_project/ros2_ws/install/turtlesim/share/turtlesim/hook/pythonpath.ps1'
[30.703s] INFO:colcon.colcon_core.shell:Creating environment descriptor '/my_new_project/ros2_ws/install/turtlesim/share/turtlesim/hook/pythonpath.dsv'
[30.726s] INFO:colcon.colcon_core.shell:Creating environment hook '/my_new_project/ros2_ws/install/turtlesim/share/turtlesim/hook/pythonpath.sh'
[30.750s] Level 1:colcon.colcon_core.environment:checking '/my_new_project/ros2_ws/install/turtlesim/bin'
[30.752s] INFO:colcon.colcon_core.shell:Creating package script '/my_new_project/ros2_ws/install/turtlesim/share/turtlesim/package.ps1'
[30.774s] INFO:colcon.colcon_core.shell:Creating package descriptor '/my_new_project/ros2_ws/install/turtlesim/share/turtlesim/package.dsv'
[30.803s] INFO:colcon.colcon_core.shell:Creating package script '/my_new_project/ros2_ws/install/turtlesim/share/turtlesim/package.sh'
[30.821s] INFO:colcon.colcon_core.shell:Creating package script '/my_new_project/ros2_ws/install/turtlesim/share/turtlesim/package.bash'
[30.842s] INFO:colcon.colcon_core.shell:Creating package script '/my_new_project/ros2_ws/install/turtlesim/share/turtlesim/package.zsh'
[30.861s] Level 1:colcon.colcon_core.environment:create_file_with_runtime_dependencies(/my_new_project/ros2_ws/install/turtlesim/share/colcon-core/packages/turtlesim)
[30.877s] DEBUG:colcon.colcon_parallel_executor.executor.parallel:closing loop
[30.878s] DEBUG:colcon.colcon_parallel_executor.executor.parallel:loop closed
[30.879s] DEBUG:colcon.colcon_parallel_executor.executor.parallel:run_until_complete finished with '0'
[30.880s] DEBUG:colcon.colcon_core.event_reactor:joining thread
[31.008s] INFO:colcon.colcon_core.plugin_system:Skipping extension 'colcon_notification.desktop_notification.notify_send': Could not find 'notify-send'
[31.009s] INFO:colcon.colcon_core.plugin_system:Skipping extension 'colcon_notification.desktop_notification.terminal_notifier': Not used on non-Darwin systems
[31.009s] INFO:colcon.colcon_core.plugin_system:Skipping extension 'colcon_notification.desktop_notification.win32': Not used on non-Windows systems
[31.009s] INFO:colcon.colcon_notification.desktop_notification:Sending desktop notification using 'notify2'
[31.014s] DEBUG:colcon.colcon_notification.desktop_notification.notify2:Failed to initialize notify2: org.freedesktop.DBus.Error.Spawn.ExecFailed: /usr/bin/dbus-launch terminated abnormally without any error message
[31.016s] DEBUG:colcon.colcon_core.event_reactor:joined thread
[31.017s] INFO:colcon.colcon_core.shell:Creating prefix script '/my_new_project/ros2_ws/install/local_setup.ps1'
[31.026s] INFO:colcon.colcon_core.shell:Creating prefix util module '/my_new_project/ros2_ws/install/_local_setup_util_ps1.py'
[31.035s] INFO:colcon.colcon_core.shell:Creating prefix chain script '/my_new_project/ros2_ws/install/setup.ps1'
[31.070s] INFO:colcon.colcon_core.shell:Creating prefix script '/my_new_project/ros2_ws/install/local_setup.sh'
[31.079s] INFO:colcon.colcon_core.shell:Creating prefix util module '/my_new_project/ros2_ws/install/_local_setup_util_sh.py'
[31.089s] INFO:colcon.colcon_core.shell:Creating prefix chain script '/my_new_project/ros2_ws/install/setup.sh'
[31.125s] INFO:colcon.colcon_core.shell:Creating prefix script '/my_new_project/ros2_ws/install/local_setup.bash'
[31.132s] INFO:colcon.colcon_core.shell:Creating prefix chain script '/my_new_project/ros2_ws/install/setup.bash'
[31.166s] INFO:colcon.colcon_core.shell:Creating prefix script '/my_new_project/ros2_ws/install/local_setup.zsh'
[31.174s] INFO:colcon.colcon_core.shell:Creating prefix chain script '/my_new_project/ros2_ws/install/setup.zsh'
