gmake[1]: Warning: File 'CMakeFiles/Makefile2' has modification time 0.094 s in the future
gmake[2]: Warning: File 'rosidl_generator_c/turtlesim/action/detail/rotate_absolute__description.c' has modification time 0.77 s in the future
gmake[2]: warning:  Clock skew detected.  Your build may be incomplete.
gmake[2]: Warning: File 'rosidl_typesupport_c/turtlesim/action/rotate_absolute__type_support.cpp' has modification time 0.43 s in the future
gmake[2]: Warning: File 'rosidl_typesupport_cpp/turtlesim/action/rotate_absolute__type_support.cpp' has modification time 0.41 s in the future
gmake[2]: Warning: File 'rosidl_typesupport_introspection_cpp/turtlesim/action/detail/rotate_absolute__type_support.cpp' has modification time 0.4 s in the future
gmake[2]: Warning: File 'rosidl_typesupport_introspection_c/turtlesim/action/detail/rotate_absolute__type_support.c' has modification time 0.63 s in the future
gmake[2]: warning:  Clock skew detected.  Your build may be incomplete.
gmake[2]: Warning: File 'rosidl_typesupport_fastrtps_cpp/turtlesim/msg/detail/dds_fastrtps/color__type_support.cpp' has modification time 0.18 s in the future
gmake[2]: Warning: File 'rosidl_typesupport_fastrtps_c/turtlesim/action/detail/rotate_absolute__type_support_c.cpp' has modification time 0.11 s in the future
gmake[2]: warning:  Clock skew detected.  Your build may be incomplete.
gmake[2]: Warning: File 'libturtlesim__rosidl_typesupport_cpp.so' has modification time 0.17 s in the future
gmake[2]: warning:  Clock skew detected.  Your build may be incomplete.
gmake[2]: warning:  Clock skew detected.  Your build may be incomplete.
gmake[2]: warning:  Clock skew detected.  Your build may be incomplete.
gmake[2]: warning:  Clock skew detected.  Your build may be incomplete.
gmake[2]: Warning: File 'rosidl_generator_py/turtlesim/action/_rotate_absolute_s.c' has modification time 2 s in the future
gmake[2]: warning:  Clock skew detected.  Your build may be incomplete.
gmake[2]: Warning: File 'libturtlesim__rosidl_generator_py.so' has modification time 1.9 s in the future
gmake[2]: Warning: File 'libturtlesim__rosidl_generator_py.so' has modification time 1.9 s in the future
gmake[2]: Warning: File 'libturtlesim__rosidl_generator_py.so' has modification time 1.9 s in the future
gmake[2]: warning:  Clock skew detected.  Your build may be incomplete.
gmake[2]: warning:  Clock skew detected.  Your build may be incomplete.
gmake[2]: warning:  Clock skew detected.  Your build may be incomplete.
gmake[2]: warning:  Clock skew detected.  Your build may be incomplete.
gmake[1]: warning:  Clock skew detected.  Your build may be incomplete.
