[0.164s] Invoking command in '/my_new_project/ros2_ws/build/turtlesim': CMAKE_PREFIX_PATH=${CMAKE_PREFIX_PATH}:/opt/ros/jazzy /usr/bin/cmake /my_new_project/ros2_ws/ros_tutorials/turtlesim -DAMENT_CMAKE_SYMLINK_INSTALL=1 -DCMAKE_INSTALL_PREFIX=/my_new_project/ros2_ws/install/turtlesim
[0.900s] -- The C compiler identification is GNU 13.3.0
[1.417s] -- The CXX compiler identification is GNU 13.3.0
[1.562s] -- Detecting C compiler ABI info
[2.532s] -- Detecting C compiler ABI info - done
[2.576s] -- Check for working C compiler: /usr/bin/cc - skipped
[2.578s] -- Detecting C compile features
[2.580s] -- Detecting C compile features - done
[2.667s] -- Detecting CXX compiler ABI info
[3.569s] -- Detecting CXX compiler ABI info - done
[3.617s] -- Check for working CXX compiler: /usr/bin/c++ - skipped
[3.618s] -- Detecting CXX compile features
[3.622s] -- Detecting CXX compile features - done
[3.754s] -- Found ament_cmake: 2.5.3 (/opt/ros/jazzy/share/ament_cmake/cmake)
[4.062s] -- Found Python3: /usr/bin/python3 (found version "3.12.3") found components: Interpreter 
[4.283s] -- Override CMake install command with custom implementation using symlinks instead of copying resources
[4.975s] -- Found ament_index_cpp: 1.8.1 (/opt/ros/jazzy/share/ament_index_cpp/cmake)
[5.010s] -- Found geometry_msgs: 5.3.5 (/opt/ros/jazzy/share/geometry_msgs/cmake)
[5.495s] -- Found rosidl_generator_c: 4.6.5 (/opt/ros/jazzy/share/rosidl_generator_c/cmake)
[5.613s] -- Found rosidl_generator_cpp: 4.6.5 (/opt/ros/jazzy/share/rosidl_generator_cpp/cmake)
[5.766s] -- Using all available rosidl_typesupport_c: rosidl_typesupport_fastrtps_c;rosidl_typesupport_introspection_c
[5.931s] -- Using all available rosidl_typesupport_cpp: rosidl_typesupport_fastrtps_cpp;rosidl_typesupport_introspection_cpp
[6.444s] -- Found rcl_interfaces: 2.0.2 (/opt/ros/jazzy/share/rcl_interfaces/cmake)
[6.619s] -- Found rclcpp: 28.1.6 (/opt/ros/jazzy/share/rclcpp/cmake)
[6.926s] -- Found rmw_implementation_cmake: 7.3.1 (/opt/ros/jazzy/share/rmw_implementation_cmake/cmake)
[6.970s] -- Found rmw_fastrtps_cpp: 8.4.1 (/opt/ros/jazzy/share/rmw_fastrtps_cpp/cmake)
[7.342s] -- Found OpenSSL: /usr/lib/x86_64-linux-gnu/libcrypto.so (found version "3.0.13")  
[7.425s] -- Found FastRTPS: /opt/ros/jazzy/include (Required is at least version "2.13") 
[7.491s] -- Using RMW implementation 'rmw_fastrtps_cpp' as default
[7.807s] -- Found rclcpp_action: 28.1.6 (/opt/ros/jazzy/share/rclcpp_action/cmake)
[8.082s] -- Found rosidl_default_generators: 1.6.0 (/opt/ros/jazzy/share/rosidl_default_generators/cmake)
[8.294s] -- Found rosidl_adapter: 4.6.5 (/opt/ros/jazzy/share/rosidl_adapter/cmake)
[8.331s] -- Found std_srvs: 5.3.5 (/opt/ros/jazzy/share/std_srvs/cmake)
[11.142s] -- Found ament_cmake_ros: 0.12.0 (/opt/ros/jazzy/share/ament_cmake_ros/cmake)
[13.962s] -- Using all available rosidl_typesupport_c: rosidl_typesupport_fastrtps_c;rosidl_typesupport_introspection_c
[14.816s] -- Using all available rosidl_typesupport_cpp: rosidl_typesupport_fastrtps_cpp;rosidl_typesupport_introspection_cpp
[14.877s] -- Found python_cmake_module: 0.11.1 (/opt/ros/jazzy/share/python_cmake_module/cmake)
[15.049s] -- Found PythonExtra: /usr/bin/python3  
[15.774s] -- Found Python3: /usr/bin/python3 (found version "3.12.3") found components: Interpreter Development NumPy Development.Module Development.Embed 
[16.697s] -- Found ament_lint_auto: 0.17.1 (/opt/ros/jazzy/share/ament_lint_auto/cmake)
[17.789s] -- Added test 'copyright' to check source files copyright and LICENSE
[19.656s] -- Added test 'cppcheck' to perform static code analysis on C / C++ code
[19.658s] -- Configured cppcheck include dirs: /my_new_project/ros2_ws/ros_tutorials/turtlesim/include
[19.659s] -- Configured cppcheck exclude dirs and/or files: 
[21.590s] -- Added test 'cpplint' to check C / C++ code against the Google style
[21.592s] -- Configured cpplint exclude dirs and/or files: 
[21.856s] -- Added test 'flake8' to check Python code syntax and style conventions
[21.857s] -- Configured 'flake8' exclude dirs and/or files: 
[22.385s] -- Added test 'lint_cmake' to check CMake code style
[22.657s] -- Added test 'pep257' to check Python code against some of the docstring style conventions in PEP 257
[24.566s] -- Added test 'uncrustify' to check C / C++ code style
[24.568s] -- Configured uncrustify additional arguments: 
[24.829s] -- Added test 'xmllint' to check XML markup files
[25.534s] -- Configuring done (25.2s)
[29.852s] -- Generating done (3.8s)
[31.897s] -- Build files have been written to: /my_new_project/ros2_ws/build/turtlesim
[31.921s] Invoked command in '/my_new_project/ros2_ws/build/turtlesim' returned '0': CMAKE_PREFIX_PATH=${CMAKE_PREFIX_PATH}:/opt/ros/jazzy /usr/bin/cmake /my_new_project/ros2_ws/ros_tutorials/turtlesim -DAMENT_CMAKE_SYMLINK_INSTALL=1 -DCMAKE_INSTALL_PREFIX=/my_new_project/ros2_ws/install/turtlesim
[31.966s] Invoking command in '/my_new_project/ros2_ws/build/turtlesim': CMAKE_PREFIX_PATH=${CMAKE_PREFIX_PATH}:/opt/ros/jazzy /usr/bin/cmake --build /my_new_project/ros2_ws/build/turtlesim -- -j16 -l16
[32.272s] gmake[1]: Warning: File 'CMakeFiles/Makefile2' has modification time 0.094 s in the future
[32.374s] [  0%] [34m[1mGenerating type hashes for ROS interfaces[0m
[32.393s] [  0%] Built target ament_cmake_python_symlink_turtlesim
[32.853s] running egg_info
[32.855s] creating turtlesim.egg-info
[32.885s] writing turtlesim.egg-info/PKG-INFO
[32.891s] writing dependency_links to turtlesim.egg-info/dependency_links.txt
[32.901s] writing top-level names to turtlesim.egg-info/top_level.txt
[32.908s] writing manifest file 'turtlesim.egg-info/SOURCES.txt'
[33.031s] reading manifest file 'turtlesim.egg-info/SOURCES.txt'
[33.069s] writing manifest file 'turtlesim.egg-info/SOURCES.txt'
[33.157s] [  0%] Built target ament_cmake_python_build_turtlesim_egg
[33.218s] [  0%] Built target turtlesim__rosidl_generator_type_description
[33.335s] [  1%] [34m[1mGenerating C code for ROS interfaces[0m
[33.394s] [  2%] [34m[1mGenerating C++ code for ROS interfaces[0m
[35.673s] [  2%] Built target turtlesim__cpp
[36.918s] gmake[2]: Warning: File 'rosidl_generator_c/turtlesim/action/detail/rotate_absolute__description.c' has modification time 0.77 s in the future
[36.966s] [  3%] [32mBuilding C object CMakeFiles/turtlesim__rosidl_generator_c.dir/rosidl_generator_c/turtlesim/action/detail/rotate_absolute__description.c.o[0m
[37.002s] [  4%] [32mBuilding C object CMakeFiles/turtlesim__rosidl_generator_c.dir/rosidl_generator_c/turtlesim/action/detail/rotate_absolute__functions.c.o[0m
[37.013s] [  7%] [32mBuilding C object CMakeFiles/turtlesim__rosidl_generator_c.dir/rosidl_generator_c/turtlesim/msg/detail/color__type_support.c.o[0m
[37.015s] [  7%] [32mBuilding C object CMakeFiles/turtlesim__rosidl_generator_c.dir/rosidl_generator_c/turtlesim/action/detail/rotate_absolute__type_support.c.o[0m
[37.016s] [  7%] [32mBuilding C object CMakeFiles/turtlesim__rosidl_generator_c.dir/rosidl_generator_c/turtlesim/msg/detail/color__functions.c.o[0m
[37.018s] [  7%] [32mBuilding C object CMakeFiles/turtlesim__rosidl_generator_c.dir/rosidl_generator_c/turtlesim/msg/detail/color__description.c.o[0m
[37.022s] [  8%] [32mBuilding C object CMakeFiles/turtlesim__rosidl_generator_c.dir/rosidl_generator_c/turtlesim/msg/detail/pose__description.c.o[0m
[37.037s] [  9%] [32mBuilding C object CMakeFiles/turtlesim__rosidl_generator_c.dir/rosidl_generator_c/turtlesim/msg/detail/pose__functions.c.o[0m
[37.048s] [ 10%] [32mBuilding C object CMakeFiles/turtlesim__rosidl_generator_c.dir/rosidl_generator_c/turtlesim/msg/detail/pose__type_support.c.o[0m
[37.057s] [ 11%] [32mBuilding C object CMakeFiles/turtlesim__rosidl_generator_c.dir/rosidl_generator_c/turtlesim/srv/detail/kill__description.c.o[0m
[37.074s] [ 12%] [32mBuilding C object CMakeFiles/turtlesim__rosidl_generator_c.dir/rosidl_generator_c/turtlesim/srv/detail/kill__functions.c.o[0m
[37.088s] [ 13%] [32mBuilding C object CMakeFiles/turtlesim__rosidl_generator_c.dir/rosidl_generator_c/turtlesim/srv/detail/kill__type_support.c.o[0m
[37.093s] [ 13%] [32mBuilding C object CMakeFiles/turtlesim__rosidl_generator_c.dir/rosidl_generator_c/turtlesim/srv/detail/set_pen__description.c.o[0m
[37.111s] [ 14%] [32mBuilding C object CMakeFiles/turtlesim__rosidl_generator_c.dir/rosidl_generator_c/turtlesim/srv/detail/set_pen__functions.c.o[0m
[37.123s] [ 15%] [32mBuilding C object CMakeFiles/turtlesim__rosidl_generator_c.dir/rosidl_generator_c/turtlesim/srv/detail/set_pen__type_support.c.o[0m
[37.134s] [ 16%] [32mBuilding C object CMakeFiles/turtlesim__rosidl_generator_c.dir/rosidl_generator_c/turtlesim/srv/detail/spawn__description.c.o[0m
[37.432s] [ 18%] [32mBuilding C object CMakeFiles/turtlesim__rosidl_generator_c.dir/rosidl_generator_c/turtlesim/srv/detail/spawn__functions.c.o[0m
[37.435s] [ 18%] [32mBuilding C object CMakeFiles/turtlesim__rosidl_generator_c.dir/rosidl_generator_c/turtlesim/srv/detail/spawn__type_support.c.o[0m
[37.447s] [ 20%] [32mBuilding C object CMakeFiles/turtlesim__rosidl_generator_c.dir/rosidl_generator_c/turtlesim/srv/detail/teleport_absolute__description.c.o[0m
[37.456s] [ 20%] [32mBuilding C object CMakeFiles/turtlesim__rosidl_generator_c.dir/rosidl_generator_c/turtlesim/srv/detail/teleport_absolute__functions.c.o[0m
[37.477s] [ 20%] [32mBuilding C object CMakeFiles/turtlesim__rosidl_generator_c.dir/rosidl_generator_c/turtlesim/srv/detail/teleport_absolute__type_support.c.o[0m
[37.491s] [ 21%] [32mBuilding C object CMakeFiles/turtlesim__rosidl_generator_c.dir/rosidl_generator_c/turtlesim/srv/detail/teleport_relative__description.c.o[0m
[37.518s] [ 22%] [32mBuilding C object CMakeFiles/turtlesim__rosidl_generator_c.dir/rosidl_generator_c/turtlesim/srv/detail/teleport_relative__functions.c.o[0m
[37.545s] [ 23%] [32mBuilding C object CMakeFiles/turtlesim__rosidl_generator_c.dir/rosidl_generator_c/turtlesim/srv/detail/teleport_relative__type_support.c.o[0m
[38.010s] [ 24%] [32m[1mLinking C shared library libturtlesim__rosidl_generator_c.so[0m
[38.962s] gmake[2]: warning:  Clock skew detected.  Your build may be incomplete.
[39.089s] [ 24%] Built target turtlesim__rosidl_generator_c
[39.167s] [ 28%] [34m[1mGenerating C++ introspection for ROS interfaces[0m
[39.168s] [ 28%] [34m[1mGenerating C type support for eProsima Fast-RTPS[0m
[39.170s] [ 28%] [34m[1mGenerating C++ type support for eProsima Fast-RTPS[0m
[39.171s] [ 28%] [34m[1mGenerating C++ type support dispatch for ROS interfaces[0m
[39.173s] [ 28%] [34m[1mGenerating C type support dispatch for ROS interfaces[0m
[39.178s] [ 29%] [34m[1mGenerating C introspection for ROS interfaces[0m
[40.521s] gmake[2]: Warning: File 'rosidl_typesupport_c/turtlesim/action/rotate_absolute__type_support.cpp' has modification time 0.43 s in the future
[40.522s] gmake[2]: Warning: File 'rosidl_typesupport_cpp/turtlesim/action/rotate_absolute__type_support.cpp' has modification time 0.41 s in the future
[40.571s] [ 31%] [32mBuilding CXX object CMakeFiles/turtlesim__rosidl_typesupport_c.dir/rosidl_typesupport_c/turtlesim/action/rotate_absolute__type_support.cpp.o[0m
[40.574s] [ 31%] [32mBuilding CXX object CMakeFiles/turtlesim__rosidl_typesupport_cpp.dir/rosidl_typesupport_cpp/turtlesim/action/rotate_absolute__type_support.cpp.o[0m
[40.592s] [ 35%] [32mBuilding CXX object CMakeFiles/turtlesim__rosidl_typesupport_cpp.dir/rosidl_typesupport_cpp/turtlesim/msg/color__type_support.cpp.o[0m
[40.595s] [ 35%] [32mBuilding CXX object CMakeFiles/turtlesim__rosidl_typesupport_c.dir/rosidl_typesupport_c/turtlesim/msg/color__type_support.cpp.o[0m
[40.597s] [ 35%] [32mBuilding CXX object CMakeFiles/turtlesim__rosidl_typesupport_cpp.dir/rosidl_typesupport_cpp/turtlesim/msg/pose__type_support.cpp.o[0m
[40.600s] [ 35%] [32mBuilding CXX object CMakeFiles/turtlesim__rosidl_typesupport_c.dir/rosidl_typesupport_c/turtlesim/msg/pose__type_support.cpp.o[0m
[40.602s] [ 36%] [32mBuilding CXX object CMakeFiles/turtlesim__rosidl_typesupport_cpp.dir/rosidl_typesupport_cpp/turtlesim/srv/kill__type_support.cpp.o[0m
[40.612s] [ 38%] [32mBuilding CXX object CMakeFiles/turtlesim__rosidl_typesupport_c.dir/rosidl_typesupport_c/turtlesim/srv/set_pen__type_support.cpp.o[0m
[40.616s] [ 38%] [32mBuilding CXX object CMakeFiles/turtlesim__rosidl_typesupport_c.dir/rosidl_typesupport_c/turtlesim/srv/kill__type_support.cpp.o[0m
[40.622s] [ 38%] [32mBuilding CXX object CMakeFiles/turtlesim__rosidl_typesupport_cpp.dir/rosidl_typesupport_cpp/turtlesim/srv/set_pen__type_support.cpp.o[0m
[40.625s] [ 39%] [32mBuilding CXX object CMakeFiles/turtlesim__rosidl_typesupport_c.dir/rosidl_typesupport_c/turtlesim/srv/spawn__type_support.cpp.o[0m
[40.630s] [ 39%] [32mBuilding CXX object CMakeFiles/turtlesim__rosidl_typesupport_cpp.dir/rosidl_typesupport_cpp/turtlesim/srv/spawn__type_support.cpp.o[0m
[41.280s] [ 40%] [32mBuilding CXX object CMakeFiles/turtlesim__rosidl_typesupport_c.dir/rosidl_typesupport_c/turtlesim/srv/teleport_absolute__type_support.cpp.o[0m
[41.326s] [ 41%] [32mBuilding CXX object CMakeFiles/turtlesim__rosidl_typesupport_c.dir/rosidl_typesupport_c/turtlesim/srv/teleport_relative__type_support.cpp.o[0m
[41.354s] [ 42%] [32mBuilding CXX object CMakeFiles/turtlesim__rosidl_typesupport_cpp.dir/rosidl_typesupport_cpp/turtlesim/srv/teleport_absolute__type_support.cpp.o[0m
[41.432s] [ 43%] [32mBuilding CXX object CMakeFiles/turtlesim__rosidl_typesupport_cpp.dir/rosidl_typesupport_cpp/turtlesim/srv/teleport_relative__type_support.cpp.o[0m
[41.670s] gmake[2]: Warning: File 'rosidl_typesupport_introspection_cpp/turtlesim/action/detail/rotate_absolute__type_support.cpp' has modification time 0.4 s in the future
[41.712s] gmake[2]: Warning: File 'rosidl_typesupport_introspection_c/turtlesim/action/detail/rotate_absolute__type_support.c' has modification time 0.63 s in the future
[41.742s] [ 44%] [32mBuilding CXX object CMakeFiles/turtlesim__rosidl_typesupport_introspection_cpp.dir/rosidl_typesupport_introspection_cpp/turtlesim/action/detail/rotate_absolute__type_support.cpp.o[0m
[41.755s] [ 45%] [32mBuilding CXX object CMakeFiles/turtlesim__rosidl_typesupport_introspection_cpp.dir/rosidl_typesupport_introspection_cpp/turtlesim/msg/detail/color__type_support.cpp.o[0m
[41.778s] [ 46%] [32mBuilding CXX object CMakeFiles/turtlesim__rosidl_typesupport_introspection_cpp.dir/rosidl_typesupport_introspection_cpp/turtlesim/msg/detail/pose__type_support.cpp.o[0m
[41.787s] [ 47%] [32mBuilding C object CMakeFiles/turtlesim__rosidl_typesupport_introspection_c.dir/rosidl_typesupport_introspection_c/turtlesim/action/detail/rotate_absolute__type_support.c.o[0m
[42.016s] [ 48%] [32m[1mLinking CXX shared library libturtlesim__rosidl_typesupport_c.so[0m
[42.146s] [ 49%] [32mBuilding CXX object CMakeFiles/turtlesim__rosidl_typesupport_introspection_cpp.dir/rosidl_typesupport_introspection_cpp/turtlesim/srv/detail/kill__type_support.cpp.o[0m
[42.695s] gmake[2]: warning:  Clock skew detected.  Your build may be incomplete.
[42.790s] [ 49%] Built target turtlesim__rosidl_typesupport_c
[42.839s] [ 50%] [32mBuilding CXX object CMakeFiles/turtlesim__rosidl_typesupport_introspection_cpp.dir/rosidl_typesupport_introspection_cpp/turtlesim/srv/detail/set_pen__type_support.cpp.o[0m
[42.901s] [ 52%] [32mBuilding C object CMakeFiles/turtlesim__rosidl_typesupport_introspection_c.dir/rosidl_typesupport_introspection_c/turtlesim/msg/detail/color__type_support.c.o[0m
[42.903s] [ 52%] [32mBuilding CXX object CMakeFiles/turtlesim__rosidl_typesupport_introspection_cpp.dir/rosidl_typesupport_introspection_cpp/turtlesim/srv/detail/spawn__type_support.cpp.o[0m
[42.906s] gmake[2]: Warning: File 'rosidl_typesupport_fastrtps_cpp/turtlesim/msg/detail/dds_fastrtps/color__type_support.cpp' has modification time 0.18 s in the future
[42.920s] [ 53%] [32mBuilding CXX object CMakeFiles/turtlesim__rosidl_typesupport_fastrtps_cpp.dir/rosidl_typesupport_fastrtps_cpp/turtlesim/action/detail/dds_fastrtps/rotate_absolute__type_support.cpp.o[0m
[43.008s] gmake[2]: Warning: File 'rosidl_typesupport_fastrtps_c/turtlesim/action/detail/rotate_absolute__type_support_c.cpp' has modification time 0.11 s in the future
[43.080s] [ 54%] [32mBuilding CXX object CMakeFiles/turtlesim__rosidl_typesupport_fastrtps_cpp.dir/rosidl_typesupport_fastrtps_cpp/turtlesim/msg/detail/dds_fastrtps/color__type_support.cpp.o[0m
[43.122s] [ 54%] [32mBuilding CXX object CMakeFiles/turtlesim__rosidl_typesupport_fastrtps_c.dir/rosidl_typesupport_fastrtps_c/turtlesim/action/detail/rotate_absolute__type_support_c.cpp.o[0m
[43.256s] [ 55%] [32mBuilding CXX object CMakeFiles/turtlesim__rosidl_typesupport_fastrtps_c.dir/rosidl_typesupport_fastrtps_c/turtlesim/msg/detail/color__type_support_c.cpp.o[0m
[43.266s] [ 57%] [32mBuilding CXX object CMakeFiles/turtlesim__rosidl_typesupport_fastrtps_c.dir/rosidl_typesupport_fastrtps_c/turtlesim/msg/detail/pose__type_support_c.cpp.o[0m
[43.270s] [ 57%] [32mBuilding CXX object CMakeFiles/turtlesim__rosidl_typesupport_fastrtps_cpp.dir/rosidl_typesupport_fastrtps_cpp/turtlesim/msg/detail/dds_fastrtps/pose__type_support.cpp.o[0m
[43.755s] [ 57%] [32mBuilding C object CMakeFiles/turtlesim__rosidl_typesupport_introspection_c.dir/rosidl_typesupport_introspection_c/turtlesim/msg/detail/pose__type_support.c.o[0m
[43.923s] [ 58%] [32mBuilding CXX object CMakeFiles/turtlesim__rosidl_typesupport_fastrtps_cpp.dir/rosidl_typesupport_fastrtps_cpp/turtlesim/srv/detail/dds_fastrtps/kill__type_support.cpp.o[0m
[44.101s] [ 58%] [32mBuilding CXX object CMakeFiles/turtlesim__rosidl_typesupport_fastrtps_cpp.dir/rosidl_typesupport_fastrtps_cpp/turtlesim/srv/detail/dds_fastrtps/set_pen__type_support.cpp.o[0m
[44.405s] [ 59%] [32mBuilding CXX object CMakeFiles/turtlesim__rosidl_typesupport_fastrtps_cpp.dir/rosidl_typesupport_fastrtps_cpp/turtlesim/srv/detail/dds_fastrtps/spawn__type_support.cpp.o[0m
[44.476s] [ 60%] [32m[1mLinking CXX shared library libturtlesim__rosidl_typesupport_cpp.so[0m
[44.504s] [ 61%] [32mBuilding CXX object CMakeFiles/turtlesim__rosidl_typesupport_fastrtps_cpp.dir/rosidl_typesupport_fastrtps_cpp/turtlesim/srv/detail/dds_fastrtps/teleport_absolute__type_support.cpp.o[0m
[44.675s] [ 62%] [32mBuilding C object CMakeFiles/turtlesim__rosidl_typesupport_introspection_c.dir/rosidl_typesupport_introspection_c/turtlesim/srv/detail/kill__type_support.c.o[0m
[45.280s] [ 63%] [32mBuilding C object CMakeFiles/turtlesim__rosidl_typesupport_introspection_c.dir/rosidl_typesupport_introspection_c/turtlesim/srv/detail/set_pen__type_support.c.o[0m
[45.755s] [ 64%] [32mBuilding CXX object CMakeFiles/turtlesim__rosidl_typesupport_fastrtps_c.dir/rosidl_typesupport_fastrtps_c/turtlesim/srv/detail/kill__type_support_c.cpp.o[0m
[45.870s] gmake[2]: warning:  Clock skew detected.  Your build may be incomplete.
[45.964s] [ 64%] Built target turtlesim__rosidl_typesupport_cpp
[45.993s] [ 65%] [32mBuilding CXX object CMakeFiles/turtlesim__rosidl_typesupport_fastrtps_c.dir/rosidl_typesupport_fastrtps_c/turtlesim/srv/detail/set_pen__type_support_c.cpp.o[0m
[45.999s] [ 65%] [32mBuilding CXX object CMakeFiles/turtlesim__rosidl_typesupport_introspection_cpp.dir/rosidl_typesupport_introspection_cpp/turtlesim/srv/detail/teleport_absolute__type_support.cpp.o[0m
[46.081s] [ 66%] [32mBuilding CXX object CMakeFiles/turtlesim__rosidl_typesupport_introspection_cpp.dir/rosidl_typesupport_introspection_cpp/turtlesim/srv/detail/teleport_relative__type_support.cpp.o[0m
[46.248s] [ 67%] [32mBuilding CXX object CMakeFiles/turtlesim__rosidl_typesupport_fastrtps_c.dir/rosidl_typesupport_fastrtps_c/turtlesim/srv/detail/spawn__type_support_c.cpp.o[0m
[46.367s] [ 68%] [34m[1mGenerating include/turtlesim/moc_turtle_frame.cpp[0m
[46.468s] gmake[2]: Warning: File 'libturtlesim__rosidl_typesupport_cpp.so' has modification time 0.17 s in the future
[46.483s] [ 69%] [32mBuilding C object CMakeFiles/turtlesim__rosidl_typesupport_introspection_c.dir/rosidl_typesupport_introspection_c/turtlesim/srv/detail/spawn__type_support.c.o[0m
[46.508s] [ 71%] [32mBuilding C object CMakeFiles/turtlesim__rosidl_typesupport_introspection_c.dir/rosidl_typesupport_introspection_c/turtlesim/srv/detail/teleport_absolute__type_support.c.o[0m
[46.512s] [ 71%] [32mBuilding CXX object CMakeFiles/turtle_teleop_key.dir/tutorials/teleop_turtle_key.cpp.o[0m
[46.696s] [ 72%] [32mBuilding C object CMakeFiles/turtlesim__rosidl_typesupport_introspection_c.dir/rosidl_typesupport_introspection_c/turtlesim/srv/detail/teleport_relative__type_support.c.o[0m
[46.901s] [ 73%] [32mBuilding CXX object CMakeFiles/turtlesim_node.dir/src/turtlesim.cpp.o[0m
[47.007s] [ 74%] [32mBuilding CXX object CMakeFiles/turtlesim_node.dir/src/turtle.cpp.o[0m
[47.436s] [ 74%] [32mBuilding CXX object CMakeFiles/draw_square.dir/tutorials/draw_square.cpp.o[0m
[47.528s] [ 75%] [32mBuilding CXX object CMakeFiles/mimic.dir/tutorials/mimic.cpp.o[0m
[47.653s] [ 76%] [32m[1mLinking C shared library libturtlesim__rosidl_typesupport_introspection_c.so[0m
[48.181s] [ 77%] [32mBuilding CXX object CMakeFiles/turtlesim_node.dir/src/turtle_frame.cpp.o[0m
[48.280s] [ 78%] [32mBuilding CXX object CMakeFiles/turtlesim__rosidl_typesupport_fastrtps_cpp.dir/rosidl_typesupport_fastrtps_cpp/turtlesim/srv/detail/dds_fastrtps/teleport_relative__type_support.cpp.o[0m
[48.392s] gmake[2]: warning:  Clock skew detected.  Your build may be incomplete.
[48.484s] [ 78%] Built target turtlesim__rosidl_typesupport_introspection_c
[48.499s] [ 79%] [32mBuilding CXX object CMakeFiles/turtlesim__rosidl_typesupport_fastrtps_c.dir/rosidl_typesupport_fastrtps_c/turtlesim/srv/detail/teleport_absolute__type_support_c.cpp.o[0m
[48.516s] [ 79%] [32mBuilding CXX object CMakeFiles/turtlesim__rosidl_typesupport_fastrtps_c.dir/rosidl_typesupport_fastrtps_c/turtlesim/srv/detail/teleport_relative__type_support_c.cpp.o[0m
[48.519s] [ 79%] [32mBuilding CXX object CMakeFiles/turtlesim_node.dir/include/turtlesim/moc_turtle_frame.cpp.o[0m
[49.041s] [ 80%] [32m[1mLinking CXX shared library libturtlesim__rosidl_typesupport_introspection_cpp.so[0m
[50.117s] gmake[2]: warning:  Clock skew detected.  Your build may be incomplete.
[50.186s] [ 80%] Built target turtlesim__rosidl_typesupport_introspection_cpp
[50.837s] [ 81%] [32m[1mLinking CXX shared library libturtlesim__rosidl_typesupport_fastrtps_c.so[0m
[51.194s] [ 82%] [32m[1mLinking CXX shared library libturtlesim__rosidl_typesupport_fastrtps_cpp.so[0m
[51.368s] gmake[2]: warning:  Clock skew detected.  Your build may be incomplete.
[51.426s] [ 82%] Built target turtlesim__rosidl_typesupport_fastrtps_c
[52.308s] gmake[2]: warning:  Clock skew detected.  Your build may be incomplete.
[52.371s] [ 82%] Built target turtlesim__rosidl_typesupport_fastrtps_cpp
[52.498s] [ 82%] Built target turtlesim
[52.685s] [ 82%] [34m[1mGenerating Python code for ROS interfaces[0m
[57.109s] [ 82%] Built target turtlesim__py
[57.239s] gmake[2]: Warning: File 'rosidl_generator_py/turtlesim/action/_rotate_absolute_s.c' has modification time 2 s in the future
[57.307s] [ 84%] [32mBuilding C object CMakeFiles/turtlesim__rosidl_generator_py.dir/rosidl_generator_py/turtlesim/action/_rotate_absolute_s.c.o[0m
[57.311s] [ 84%] [32mBuilding C object CMakeFiles/turtlesim__rosidl_generator_py.dir/rosidl_generator_py/turtlesim/msg/_pose_s.c.o[0m
[57.312s] [ 84%] [32mBuilding C object CMakeFiles/turtlesim__rosidl_generator_py.dir/rosidl_generator_py/turtlesim/msg/_color_s.c.o[0m
[57.323s] [ 85%] [32mBuilding C object CMakeFiles/turtlesim__rosidl_generator_py.dir/rosidl_generator_py/turtlesim/srv/_kill_s.c.o[0m
[57.330s] [ 86%] [32mBuilding C object CMakeFiles/turtlesim__rosidl_generator_py.dir/rosidl_generator_py/turtlesim/srv/_set_pen_s.c.o[0m
[57.342s] [ 87%] [32mBuilding C object CMakeFiles/turtlesim__rosidl_generator_py.dir/rosidl_generator_py/turtlesim/srv/_spawn_s.c.o[0m
[57.355s] [ 88%] [32mBuilding C object CMakeFiles/turtlesim__rosidl_generator_py.dir/rosidl_generator_py/turtlesim/srv/_teleport_absolute_s.c.o[0m
[57.373s] [ 89%] [32mBuilding C object CMakeFiles/turtlesim__rosidl_generator_py.dir/rosidl_generator_py/turtlesim/srv/_teleport_relative_s.c.o[0m
[59.085s] [ 90%] [32m[1mLinking C shared library libturtlesim__rosidl_generator_py.so[0m
[59.508s] gmake[2]: warning:  Clock skew detected.  Your build may be incomplete.
[59.565s] [ 90%] Built target turtlesim__rosidl_generator_py
[59.677s] gmake[2]: Warning: File 'libturtlesim__rosidl_generator_py.so' has modification time 1.9 s in the future
[59.679s] gmake[2]: Warning: File 'libturtlesim__rosidl_generator_py.so' has modification time 1.9 s in the future
[59.680s] gmake[2]: Warning: File 'libturtlesim__rosidl_generator_py.so' has modification time 1.9 s in the future
[59.732s] [ 93%] [32mBuilding C object CMakeFiles/turtlesim_s__rosidl_typesupport_fastrtps_c.dir/rosidl_generator_py/turtlesim/_turtlesim_s.ep.rosidl_typesupport_fastrtps_c.c.o[0m
[59.733s] [ 93%] [32mBuilding C object CMakeFiles/turtlesim_s__rosidl_typesupport_c.dir/rosidl_generator_py/turtlesim/_turtlesim_s.ep.rosidl_typesupport_c.c.o[0m
[59.734s] [ 93%] [32mBuilding C object CMakeFiles/turtlesim_s__rosidl_typesupport_introspection_c.dir/rosidl_generator_py/turtlesim/_turtlesim_s.ep.rosidl_typesupport_introspection_c.c.o[0m
[61.190s] [ 94%] [32m[1mLinking C shared module rosidl_generator_py/turtlesim/turtlesim_s__rosidl_typesupport_c.so[0m
[61.207s] [ 96%] [32m[1mLinking C shared module rosidl_generator_py/turtlesim/turtlesim_s__rosidl_typesupport_fastrtps_c.so[0m
[61.209s] [ 96%] [32m[1mLinking C shared module rosidl_generator_py/turtlesim/turtlesim_s__rosidl_typesupport_introspection_c.so[0m
[61.392s] gmake[2]: warning:  Clock skew detected.  Your build may be incomplete.
[61.416s] gmake[2]: warning:  Clock skew detected.  Your build may be incomplete.
[61.430s] [ 96%] Built target turtlesim_s__rosidl_typesupport_c
[61.432s] gmake[2]: warning:  Clock skew detected.  Your build may be incomplete.
[61.452s] [ 96%] Built target turtlesim_s__rosidl_typesupport_introspection_c
[61.462s] [ 96%] Built target turtlesim_s__rosidl_typesupport_fastrtps_c
[64.096s] [ 97%] [32m[1mLinking CXX executable turtle_teleop_key[0m
[66.199s] gmake[2]: warning:  Clock skew detected.  Your build may be incomplete.
[66.231s] [ 97%] Built target turtle_teleop_key
[68.496s] [ 98%] [32m[1mLinking CXX executable mimic[0m
[69.576s] [ 99%] [32m[1mLinking CXX executable draw_square[0m
[71.933s] [ 99%] Built target mimic
[73.653s] [ 99%] Built target draw_square
[75.575s] [100%] [32m[1mLinking CXX executable turtlesim_node[0m
[84.828s] [100%] Built target turtlesim_node
[84.830s] gmake[1]: warning:  Clock skew detected.  Your build may be incomplete.
[85.344s] Invoked command in '/my_new_project/ros2_ws/build/turtlesim' returned '0': CMAKE_PREFIX_PATH=${CMAKE_PREFIX_PATH}:/opt/ros/jazzy /usr/bin/cmake --build /my_new_project/ros2_ws/build/turtlesim -- -j16 -l16
[85.392s] Invoking command in '/my_new_project/ros2_ws/build/turtlesim': CMAKE_PREFIX_PATH=${CMAKE_PREFIX_PATH}:/opt/ros/jazzy /usr/bin/cmake --install /my_new_project/ros2_ws/build/turtlesim
[85.416s] -- Install configuration: ""
[85.430s] -- Execute custom install script
[85.493s] -- Symlinking: /my_new_project/ros2_ws/install/turtlesim/share/ament_index/resource_index/rosidl_interfaces/turtlesim
[85.574s] -- Symlinking: /my_new_project/ros2_ws/install/turtlesim/share/turtlesim/action/RotateAbsolute.json
[85.662s] -- Symlinking: /my_new_project/ros2_ws/install/turtlesim/share/turtlesim/msg/Color.json
[85.724s] -- Symlinking: /my_new_project/ros2_ws/install/turtlesim/share/turtlesim/msg/Pose.json
[85.798s] -- Symlinking: /my_new_project/ros2_ws/install/turtlesim/share/turtlesim/srv/Kill.json
[85.882s] -- Symlinking: /my_new_project/ros2_ws/install/turtlesim/share/turtlesim/srv/SetPen.json
[85.940s] -- Symlinking: /my_new_project/ros2_ws/install/turtlesim/share/turtlesim/srv/Spawn.json
[86.009s] -- Symlinking: /my_new_project/ros2_ws/install/turtlesim/share/turtlesim/srv/TeleportAbsolute.json
[86.071s] -- Symlinking: /my_new_project/ros2_ws/install/turtlesim/share/turtlesim/srv/TeleportRelative.json
[86.599s] -- Symlinking: /my_new_project/ros2_ws/install/turtlesim/include/turtlesim/turtlesim/action/detail/rotate_absolute__functions.h
[86.666s] -- Symlinking: /my_new_project/ros2_ws/install/turtlesim/include/turtlesim/turtlesim/action/detail/rotate_absolute__struct.h
[86.728s] -- Symlinking: /my_new_project/ros2_ws/install/turtlesim/include/turtlesim/turtlesim/action/detail/rotate_absolute__type_support.h
[86.824s] -- Symlinking: /my_new_project/ros2_ws/install/turtlesim/include/turtlesim/turtlesim/action/rotate_absolute.h
[86.894s] -- Symlinking: /my_new_project/ros2_ws/install/turtlesim/include/turtlesim/turtlesim/msg/color.h
[86.978s] -- Symlinking: /my_new_project/ros2_ws/install/turtlesim/include/turtlesim/turtlesim/msg/detail/color__functions.h
[87.039s] -- Symlinking: /my_new_project/ros2_ws/install/turtlesim/include/turtlesim/turtlesim/msg/detail/color__struct.h
[87.098s] -- Symlinking: /my_new_project/ros2_ws/install/turtlesim/include/turtlesim/turtlesim/msg/detail/color__type_support.h
[87.195s] -- Symlinking: /my_new_project/ros2_ws/install/turtlesim/include/turtlesim/turtlesim/msg/detail/pose__functions.h
[87.269s] -- Symlinking: /my_new_project/ros2_ws/install/turtlesim/include/turtlesim/turtlesim/msg/detail/pose__struct.h
[87.345s] -- Symlinking: /my_new_project/ros2_ws/install/turtlesim/include/turtlesim/turtlesim/msg/detail/pose__type_support.h
[87.416s] -- Symlinking: /my_new_project/ros2_ws/install/turtlesim/include/turtlesim/turtlesim/msg/pose.h
[87.481s] -- Symlinking: /my_new_project/ros2_ws/install/turtlesim/include/turtlesim/turtlesim/msg/rosidl_generator_c__visibility_control.h
[87.575s] -- Symlinking: /my_new_project/ros2_ws/install/turtlesim/include/turtlesim/turtlesim/srv/detail/kill__functions.h
[87.646s] -- Symlinking: /my_new_project/ros2_ws/install/turtlesim/include/turtlesim/turtlesim/srv/detail/kill__struct.h
[87.718s] -- Symlinking: /my_new_project/ros2_ws/install/turtlesim/include/turtlesim/turtlesim/srv/detail/kill__type_support.h
[87.789s] -- Symlinking: /my_new_project/ros2_ws/install/turtlesim/include/turtlesim/turtlesim/srv/detail/set_pen__functions.h
[87.859s] -- Symlinking: /my_new_project/ros2_ws/install/turtlesim/include/turtlesim/turtlesim/srv/detail/set_pen__struct.h
[87.928s] -- Symlinking: /my_new_project/ros2_ws/install/turtlesim/include/turtlesim/turtlesim/srv/detail/set_pen__type_support.h
[87.999s] -- Symlinking: /my_new_project/ros2_ws/install/turtlesim/include/turtlesim/turtlesim/srv/detail/spawn__functions.h
[88.071s] -- Symlinking: /my_new_project/ros2_ws/install/turtlesim/include/turtlesim/turtlesim/srv/detail/spawn__struct.h
[88.134s] -- Symlinking: /my_new_project/ros2_ws/install/turtlesim/include/turtlesim/turtlesim/srv/detail/spawn__type_support.h
[88.199s] -- Symlinking: /my_new_project/ros2_ws/install/turtlesim/include/turtlesim/turtlesim/srv/detail/teleport_absolute__functions.h
[88.266s] -- Symlinking: /my_new_project/ros2_ws/install/turtlesim/include/turtlesim/turtlesim/srv/detail/teleport_absolute__struct.h
[88.339s] -- Symlinking: /my_new_project/ros2_ws/install/turtlesim/include/turtlesim/turtlesim/srv/detail/teleport_absolute__type_support.h
[88.408s] -- Symlinking: /my_new_project/ros2_ws/install/turtlesim/include/turtlesim/turtlesim/srv/detail/teleport_relative__functions.h
[88.479s] -- Symlinking: /my_new_project/ros2_ws/install/turtlesim/include/turtlesim/turtlesim/srv/detail/teleport_relative__struct.h
[88.550s] -- Symlinking: /my_new_project/ros2_ws/install/turtlesim/include/turtlesim/turtlesim/srv/detail/teleport_relative__type_support.h
[88.609s] -- Symlinking: /my_new_project/ros2_ws/install/turtlesim/include/turtlesim/turtlesim/srv/kill.h
[88.658s] -- Symlinking: /my_new_project/ros2_ws/install/turtlesim/include/turtlesim/turtlesim/srv/set_pen.h
[88.714s] -- Symlinking: /my_new_project/ros2_ws/install/turtlesim/include/turtlesim/turtlesim/srv/spawn.h
[88.766s] -- Symlinking: /my_new_project/ros2_ws/install/turtlesim/include/turtlesim/turtlesim/srv/teleport_absolute.h
[88.857s] -- Symlinking: /my_new_project/ros2_ws/install/turtlesim/include/turtlesim/turtlesim/srv/teleport_relative.h
[88.948s] -- Symlinking: /my_new_project/ros2_ws/install/turtlesim/share/turtlesim/environment/library_path.sh
[88.999s] -- Symlinking: /my_new_project/ros2_ws/install/turtlesim/share/turtlesim/environment/library_path.dsv
[89.374s] -- Symlinking: /my_new_project/ros2_ws/install/turtlesim/include/turtlesim/turtlesim/action/detail/rotate_absolute__rosidl_typesupport_fastrtps_c.h
[89.435s] -- Symlinking: /my_new_project/ros2_ws/install/turtlesim/include/turtlesim/turtlesim/msg/detail/color__rosidl_typesupport_fastrtps_c.h
[89.499s] -- Symlinking: /my_new_project/ros2_ws/install/turtlesim/include/turtlesim/turtlesim/msg/detail/pose__rosidl_typesupport_fastrtps_c.h
[89.566s] -- Symlinking: /my_new_project/ros2_ws/install/turtlesim/include/turtlesim/turtlesim/msg/rosidl_typesupport_fastrtps_c__visibility_control.h
[89.658s] -- Symlinking: /my_new_project/ros2_ws/install/turtlesim/include/turtlesim/turtlesim/srv/detail/kill__rosidl_typesupport_fastrtps_c.h
[89.722s] -- Symlinking: /my_new_project/ros2_ws/install/turtlesim/include/turtlesim/turtlesim/srv/detail/set_pen__rosidl_typesupport_fastrtps_c.h
[89.816s] -- Symlinking: /my_new_project/ros2_ws/install/turtlesim/include/turtlesim/turtlesim/srv/detail/spawn__rosidl_typesupport_fastrtps_c.h
[89.874s] -- Symlinking: /my_new_project/ros2_ws/install/turtlesim/include/turtlesim/turtlesim/srv/detail/teleport_absolute__rosidl_typesupport_fastrtps_c.h
[89.933s] -- Symlinking: /my_new_project/ros2_ws/install/turtlesim/include/turtlesim/turtlesim/srv/detail/teleport_relative__rosidl_typesupport_fastrtps_c.h
[90.289s] -- Symlinking: /my_new_project/ros2_ws/install/turtlesim/include/turtlesim/turtlesim/action/detail/rotate_absolute__builder.hpp
[90.350s] -- Symlinking: /my_new_project/ros2_ws/install/turtlesim/include/turtlesim/turtlesim/action/detail/rotate_absolute__struct.hpp
[90.413s] -- Symlinking: /my_new_project/ros2_ws/install/turtlesim/include/turtlesim/turtlesim/action/detail/rotate_absolute__traits.hpp
[90.471s] -- Symlinking: /my_new_project/ros2_ws/install/turtlesim/include/turtlesim/turtlesim/action/detail/rotate_absolute__type_support.hpp
[90.536s] -- Symlinking: /my_new_project/ros2_ws/install/turtlesim/include/turtlesim/turtlesim/action/rotate_absolute.hpp
[90.591s] -- Symlinking: /my_new_project/ros2_ws/install/turtlesim/include/turtlesim/turtlesim/msg/color.hpp
[90.662s] -- Symlinking: /my_new_project/ros2_ws/install/turtlesim/include/turtlesim/turtlesim/msg/detail/color__builder.hpp
[90.731s] -- Symlinking: /my_new_project/ros2_ws/install/turtlesim/include/turtlesim/turtlesim/msg/detail/color__struct.hpp
[90.799s] -- Symlinking: /my_new_project/ros2_ws/install/turtlesim/include/turtlesim/turtlesim/msg/detail/color__traits.hpp
[90.865s] -- Symlinking: /my_new_project/ros2_ws/install/turtlesim/include/turtlesim/turtlesim/msg/detail/color__type_support.hpp
[90.933s] -- Symlinking: /my_new_project/ros2_ws/install/turtlesim/include/turtlesim/turtlesim/msg/detail/pose__builder.hpp
[90.996s] -- Symlinking: /my_new_project/ros2_ws/install/turtlesim/include/turtlesim/turtlesim/msg/detail/pose__struct.hpp
[91.059s] -- Symlinking: /my_new_project/ros2_ws/install/turtlesim/include/turtlesim/turtlesim/msg/detail/pose__traits.hpp
[91.120s] -- Symlinking: /my_new_project/ros2_ws/install/turtlesim/include/turtlesim/turtlesim/msg/detail/pose__type_support.hpp
[91.175s] -- Symlinking: /my_new_project/ros2_ws/install/turtlesim/include/turtlesim/turtlesim/msg/pose.hpp
[91.238s] -- Symlinking: /my_new_project/ros2_ws/install/turtlesim/include/turtlesim/turtlesim/msg/rosidl_generator_cpp__visibility_control.hpp
[91.300s] -- Symlinking: /my_new_project/ros2_ws/install/turtlesim/include/turtlesim/turtlesim/srv/detail/kill__builder.hpp
[91.363s] -- Symlinking: /my_new_project/ros2_ws/install/turtlesim/include/turtlesim/turtlesim/srv/detail/kill__struct.hpp
[91.432s] -- Symlinking: /my_new_project/ros2_ws/install/turtlesim/include/turtlesim/turtlesim/srv/detail/kill__traits.hpp
[91.498s] -- Symlinking: /my_new_project/ros2_ws/install/turtlesim/include/turtlesim/turtlesim/srv/detail/kill__type_support.hpp
[91.563s] -- Symlinking: /my_new_project/ros2_ws/install/turtlesim/include/turtlesim/turtlesim/srv/detail/set_pen__builder.hpp
[91.630s] -- Symlinking: /my_new_project/ros2_ws/install/turtlesim/include/turtlesim/turtlesim/srv/detail/set_pen__struct.hpp
[91.699s] -- Symlinking: /my_new_project/ros2_ws/install/turtlesim/include/turtlesim/turtlesim/srv/detail/set_pen__traits.hpp
[91.767s] -- Symlinking: /my_new_project/ros2_ws/install/turtlesim/include/turtlesim/turtlesim/srv/detail/set_pen__type_support.hpp
[91.837s] -- Symlinking: /my_new_project/ros2_ws/install/turtlesim/include/turtlesim/turtlesim/srv/detail/spawn__builder.hpp
[91.899s] -- Symlinking: /my_new_project/ros2_ws/install/turtlesim/include/turtlesim/turtlesim/srv/detail/spawn__struct.hpp
[91.957s] -- Symlinking: /my_new_project/ros2_ws/install/turtlesim/include/turtlesim/turtlesim/srv/detail/spawn__traits.hpp
[92.019s] -- Symlinking: /my_new_project/ros2_ws/install/turtlesim/include/turtlesim/turtlesim/srv/detail/spawn__type_support.hpp
[92.080s] -- Symlinking: /my_new_project/ros2_ws/install/turtlesim/include/turtlesim/turtlesim/srv/detail/teleport_absolute__builder.hpp
[92.151s] -- Symlinking: /my_new_project/ros2_ws/install/turtlesim/include/turtlesim/turtlesim/srv/detail/teleport_absolute__struct.hpp
[92.208s] -- Symlinking: /my_new_project/ros2_ws/install/turtlesim/include/turtlesim/turtlesim/srv/detail/teleport_absolute__traits.hpp
[92.306s] -- Symlinking: /my_new_project/ros2_ws/install/turtlesim/include/turtlesim/turtlesim/srv/detail/teleport_absolute__type_support.hpp
[92.369s] -- Symlinking: /my_new_project/ros2_ws/install/turtlesim/include/turtlesim/turtlesim/srv/detail/teleport_relative__builder.hpp
[92.433s] -- Symlinking: /my_new_project/ros2_ws/install/turtlesim/include/turtlesim/turtlesim/srv/detail/teleport_relative__struct.hpp
[92.523s] -- Symlinking: /my_new_project/ros2_ws/install/turtlesim/include/turtlesim/turtlesim/srv/detail/teleport_relative__traits.hpp
[92.594s] -- Symlinking: /my_new_project/ros2_ws/install/turtlesim/include/turtlesim/turtlesim/srv/detail/teleport_relative__type_support.hpp
[92.663s] -- Symlinking: /my_new_project/ros2_ws/install/turtlesim/include/turtlesim/turtlesim/srv/kill.hpp
[92.726s] -- Symlinking: /my_new_project/ros2_ws/install/turtlesim/include/turtlesim/turtlesim/srv/set_pen.hpp
[92.790s] -- Symlinking: /my_new_project/ros2_ws/install/turtlesim/include/turtlesim/turtlesim/srv/spawn.hpp
[92.883s] -- Symlinking: /my_new_project/ros2_ws/install/turtlesim/include/turtlesim/turtlesim/srv/teleport_absolute.hpp
[92.947s] -- Symlinking: /my_new_project/ros2_ws/install/turtlesim/include/turtlesim/turtlesim/srv/teleport_relative.hpp
[93.374s] -- Symlinking: /my_new_project/ros2_ws/install/turtlesim/include/turtlesim/turtlesim/action/detail/rotate_absolute__rosidl_typesupport_fastrtps_cpp.hpp
[93.442s] -- Symlinking: /my_new_project/ros2_ws/install/turtlesim/include/turtlesim/turtlesim/msg/detail/color__rosidl_typesupport_fastrtps_cpp.hpp
[93.511s] -- Symlinking: /my_new_project/ros2_ws/install/turtlesim/include/turtlesim/turtlesim/msg/detail/pose__rosidl_typesupport_fastrtps_cpp.hpp
[93.573s] -- Symlinking: /my_new_project/ros2_ws/install/turtlesim/include/turtlesim/turtlesim/msg/rosidl_typesupport_fastrtps_cpp__visibility_control.h
[93.664s] -- Symlinking: /my_new_project/ros2_ws/install/turtlesim/include/turtlesim/turtlesim/srv/detail/kill__rosidl_typesupport_fastrtps_cpp.hpp
[93.739s] -- Symlinking: /my_new_project/ros2_ws/install/turtlesim/include/turtlesim/turtlesim/srv/detail/set_pen__rosidl_typesupport_fastrtps_cpp.hpp
[93.803s] -- Symlinking: /my_new_project/ros2_ws/install/turtlesim/include/turtlesim/turtlesim/srv/detail/spawn__rosidl_typesupport_fastrtps_cpp.hpp
[93.899s] -- Symlinking: /my_new_project/ros2_ws/install/turtlesim/include/turtlesim/turtlesim/srv/detail/teleport_absolute__rosidl_typesupport_fastrtps_cpp.hpp
[93.965s] -- Symlinking: /my_new_project/ros2_ws/install/turtlesim/include/turtlesim/turtlesim/srv/detail/teleport_relative__rosidl_typesupport_fastrtps_cpp.hpp
[94.209s] -- Symlinking: /my_new_project/ros2_ws/install/turtlesim/include/turtlesim/turtlesim/action/detail/rotate_absolute__rosidl_typesupport_introspection_c.h
[94.269s] -- Symlinking: /my_new_project/ros2_ws/install/turtlesim/include/turtlesim/turtlesim/msg/detail/color__rosidl_typesupport_introspection_c.h
[94.334s] -- Symlinking: /my_new_project/ros2_ws/install/turtlesim/include/turtlesim/turtlesim/msg/detail/pose__rosidl_typesupport_introspection_c.h
[94.402s] -- Symlinking: /my_new_project/ros2_ws/install/turtlesim/include/turtlesim/turtlesim/msg/rosidl_typesupport_introspection_c__visibility_control.h
[94.460s] -- Symlinking: /my_new_project/ros2_ws/install/turtlesim/include/turtlesim/turtlesim/srv/detail/kill__rosidl_typesupport_introspection_c.h
[94.522s] -- Symlinking: /my_new_project/ros2_ws/install/turtlesim/include/turtlesim/turtlesim/srv/detail/set_pen__rosidl_typesupport_introspection_c.h
[94.619s] -- Symlinking: /my_new_project/ros2_ws/install/turtlesim/include/turtlesim/turtlesim/srv/detail/spawn__rosidl_typesupport_introspection_c.h
[94.684s] -- Symlinking: /my_new_project/ros2_ws/install/turtlesim/include/turtlesim/turtlesim/srv/detail/teleport_absolute__rosidl_typesupport_introspection_c.h
[94.770s] -- Symlinking: /my_new_project/ros2_ws/install/turtlesim/include/turtlesim/turtlesim/srv/detail/teleport_relative__rosidl_typesupport_introspection_c.h
[94.989s] -- Symlinking: /my_new_project/ros2_ws/install/turtlesim/include/turtlesim/turtlesim/action/detail/rotate_absolute__rosidl_typesupport_introspection_cpp.hpp
[95.056s] -- Symlinking: /my_new_project/ros2_ws/install/turtlesim/include/turtlesim/turtlesim/msg/detail/color__rosidl_typesupport_introspection_cpp.hpp
[95.139s] -- Symlinking: /my_new_project/ros2_ws/install/turtlesim/include/turtlesim/turtlesim/msg/detail/pose__rosidl_typesupport_introspection_cpp.hpp
[95.211s] -- Symlinking: /my_new_project/ros2_ws/install/turtlesim/include/turtlesim/turtlesim/srv/detail/kill__rosidl_typesupport_introspection_cpp.hpp
[95.279s] -- Symlinking: /my_new_project/ros2_ws/install/turtlesim/include/turtlesim/turtlesim/srv/detail/set_pen__rosidl_typesupport_introspection_cpp.hpp
[95.381s] -- Symlinking: /my_new_project/ros2_ws/install/turtlesim/include/turtlesim/turtlesim/srv/detail/spawn__rosidl_typesupport_introspection_cpp.hpp
[95.443s] -- Symlinking: /my_new_project/ros2_ws/install/turtlesim/include/turtlesim/turtlesim/srv/detail/teleport_absolute__rosidl_typesupport_introspection_cpp.hpp
[95.537s] -- Symlinking: /my_new_project/ros2_ws/install/turtlesim/include/turtlesim/turtlesim/srv/detail/teleport_relative__rosidl_typesupport_introspection_cpp.hpp
[95.611s] -- Symlinking: /my_new_project/ros2_ws/install/turtlesim/share/turtlesim/environment/pythonpath.sh
[95.665s] -- Symlinking: /my_new_project/ros2_ws/install/turtlesim/share/turtlesim/environment/pythonpath.dsv
[95.770s] -- Symlinking: /my_new_project/ros2_ws/install/turtlesim/lib/python3.12/site-packages/turtlesim-1.8.3-py3.12.egg-info/PKG-INFO
[95.831s] -- Symlinking: /my_new_project/ros2_ws/install/turtlesim/lib/python3.12/site-packages/turtlesim-1.8.3-py3.12.egg-info/SOURCES.txt
[95.928s] -- Symlinking: /my_new_project/ros2_ws/install/turtlesim/lib/python3.12/site-packages/turtlesim-1.8.3-py3.12.egg-info/dependency_links.txt
[96.026s] -- Symlinking: /my_new_project/ros2_ws/install/turtlesim/lib/python3.12/site-packages/turtlesim-1.8.3-py3.12.egg-info/top_level.txt
[96.622s] -- Symlinking: /my_new_project/ros2_ws/install/turtlesim/lib/python3.12/site-packages/turtlesim/__init__.py
[96.681s] -- Symlinking: /my_new_project/ros2_ws/install/turtlesim/lib/python3.12/site-packages/turtlesim/_turtlesim_s.ep.rosidl_typesupport_c.c
[96.746s] -- Symlinking: /my_new_project/ros2_ws/install/turtlesim/lib/python3.12/site-packages/turtlesim/_turtlesim_s.ep.rosidl_typesupport_fastrtps_c.c
[96.841s] -- Symlinking: /my_new_project/ros2_ws/install/turtlesim/lib/python3.12/site-packages/turtlesim/_turtlesim_s.ep.rosidl_typesupport_introspection_c.c
[96.930s] -- Symlinking: /my_new_project/ros2_ws/install/turtlesim/lib/python3.12/site-packages/turtlesim/action/__init__.py
[96.997s] -- Symlinking: /my_new_project/ros2_ws/install/turtlesim/lib/python3.12/site-packages/turtlesim/action/_rotate_absolute.py
[97.063s] -- Symlinking: /my_new_project/ros2_ws/install/turtlesim/lib/python3.12/site-packages/turtlesim/action/_rotate_absolute_s.c
[97.183s] -- Symlinking: /my_new_project/ros2_ws/install/turtlesim/lib/python3.12/site-packages/turtlesim/msg/__init__.py
[97.287s] -- Symlinking: /my_new_project/ros2_ws/install/turtlesim/lib/python3.12/site-packages/turtlesim/msg/_color.py
[97.356s] -- Symlinking: /my_new_project/ros2_ws/install/turtlesim/lib/python3.12/site-packages/turtlesim/msg/_color_s.c
[97.457s] -- Symlinking: /my_new_project/ros2_ws/install/turtlesim/lib/python3.12/site-packages/turtlesim/msg/_pose.py
[97.518s] -- Symlinking: /my_new_project/ros2_ws/install/turtlesim/lib/python3.12/site-packages/turtlesim/msg/_pose_s.c
[97.642s] -- Symlinking: /my_new_project/ros2_ws/install/turtlesim/lib/python3.12/site-packages/turtlesim/srv/__init__.py
[97.714s] -- Symlinking: /my_new_project/ros2_ws/install/turtlesim/lib/python3.12/site-packages/turtlesim/srv/_kill.py
[97.782s] -- Symlinking: /my_new_project/ros2_ws/install/turtlesim/lib/python3.12/site-packages/turtlesim/srv/_kill_s.c
[97.883s] -- Symlinking: /my_new_project/ros2_ws/install/turtlesim/lib/python3.12/site-packages/turtlesim/srv/_set_pen.py
[97.949s] -- Symlinking: /my_new_project/ros2_ws/install/turtlesim/lib/python3.12/site-packages/turtlesim/srv/_set_pen_s.c
[98.046s] -- Symlinking: /my_new_project/ros2_ws/install/turtlesim/lib/python3.12/site-packages/turtlesim/srv/_spawn.py
[98.124s] -- Symlinking: /my_new_project/ros2_ws/install/turtlesim/lib/python3.12/site-packages/turtlesim/srv/_spawn_s.c
[98.187s] -- Symlinking: /my_new_project/ros2_ws/install/turtlesim/lib/python3.12/site-packages/turtlesim/srv/_teleport_absolute.py
[98.281s] -- Symlinking: /my_new_project/ros2_ws/install/turtlesim/lib/python3.12/site-packages/turtlesim/srv/_teleport_absolute_s.c
[98.348s] -- Symlinking: /my_new_project/ros2_ws/install/turtlesim/lib/python3.12/site-packages/turtlesim/srv/_teleport_relative.py
[98.418s] -- Symlinking: /my_new_project/ros2_ws/install/turtlesim/lib/python3.12/site-packages/turtlesim/srv/_teleport_relative_s.c
[98.515s] -- Symlinking: /my_new_project/ros2_ws/install/turtlesim/lib/python3.12/site-packages/turtlesim/turtlesim_s__rosidl_typesupport_c.so
[98.578s] -- Symlinking: /my_new_project/ros2_ws/install/turtlesim/lib/python3.12/site-packages/turtlesim/turtlesim_s__rosidl_typesupport_fastrtps_c.so
[98.675s] -- Symlinking: /my_new_project/ros2_ws/install/turtlesim/lib/python3.12/site-packages/turtlesim/turtlesim_s__rosidl_typesupport_introspection_c.so
[98.778s] -- Up-to-date symlink: /my_new_project/ros2_ws/install/turtlesim/lib/python3.12/site-packages/turtlesim/turtlesim_s__rosidl_typesupport_fastrtps_c.so
[98.828s] -- Up-to-date symlink: /my_new_project/ros2_ws/install/turtlesim/lib/python3.12/site-packages/turtlesim/turtlesim_s__rosidl_typesupport_introspection_c.so
[98.880s] -- Up-to-date symlink: /my_new_project/ros2_ws/install/turtlesim/lib/python3.12/site-packages/turtlesim/turtlesim_s__rosidl_typesupport_c.so
[98.895s] -- Symlinking: /my_new_project/ros2_ws/install/turtlesim/share/turtlesim/action/RotateAbsolute.idl
[98.980s] -- Symlinking: /my_new_project/ros2_ws/install/turtlesim/share/turtlesim/msg/Color.idl
[99.029s] -- Symlinking: /my_new_project/ros2_ws/install/turtlesim/share/turtlesim/msg/Pose.idl
[99.113s] -- Symlinking: /my_new_project/ros2_ws/install/turtlesim/share/turtlesim/srv/Kill.idl
[99.166s] -- Symlinking: /my_new_project/ros2_ws/install/turtlesim/share/turtlesim/srv/SetPen.idl
[99.225s] -- Symlinking: /my_new_project/ros2_ws/install/turtlesim/share/turtlesim/srv/Spawn.idl
[99.309s] -- Symlinking: /my_new_project/ros2_ws/install/turtlesim/share/turtlesim/srv/TeleportAbsolute.idl
[99.363s] -- Symlinking: /my_new_project/ros2_ws/install/turtlesim/share/turtlesim/srv/TeleportRelative.idl
[99.448s] -- Symlinking: /my_new_project/ros2_ws/install/turtlesim/share/turtlesim/action/RotateAbsolute.action
[99.518s] -- Symlinking: /my_new_project/ros2_ws/install/turtlesim/share/turtlesim/msg/Color.msg
[99.584s] -- Symlinking: /my_new_project/ros2_ws/install/turtlesim/share/turtlesim/msg/Pose.msg
[99.638s] -- Symlinking: /my_new_project/ros2_ws/install/turtlesim/share/turtlesim/srv/Kill.srv
[99.693s] -- Symlinking: /my_new_project/ros2_ws/install/turtlesim/share/turtlesim/srv/SetPen.srv
[99.746s] -- Symlinking: /my_new_project/ros2_ws/install/turtlesim/share/turtlesim/srv/Spawn.srv
[99.801s] -- Symlinking: /my_new_project/ros2_ws/install/turtlesim/share/turtlesim/srv/TeleportAbsolute.srv
[99.860s] -- Symlinking: /my_new_project/ros2_ws/install/turtlesim/share/turtlesim/srv/TeleportRelative.srv
[99.958s] -- Symlinking: /my_new_project/ros2_ws/install/turtlesim/lib/turtlesim/turtlesim_node
[100.007s] -- Symlinking: /my_new_project/ros2_ws/install/turtlesim/lib/turtlesim/turtle_teleop_key
[100.055s] -- Symlinking: /my_new_project/ros2_ws/install/turtlesim/lib/turtlesim/draw_square
[100.130s] -- Symlinking: /my_new_project/ros2_ws/install/turtlesim/lib/turtlesim/mimic
[100.203s] -- Symlinking: /my_new_project/ros2_ws/install/turtlesim/share/turtlesim/launch/multisim.launch.py
[100.309s] -- Symlinking: /my_new_project/ros2_ws/install/turtlesim/share/ament_index/resource_index/package_run_dependencies/turtlesim
[100.392s] -- Symlinking: /my_new_project/ros2_ws/install/turtlesim/share/ament_index/resource_index/parent_prefix_path/turtlesim
[100.467s] -- Symlinking: /my_new_project/ros2_ws/install/turtlesim/share/turtlesim/environment/ament_prefix_path.sh
[100.516s] -- Symlinking: /my_new_project/ros2_ws/install/turtlesim/share/turtlesim/environment/ament_prefix_path.dsv
[100.570s] -- Symlinking: /my_new_project/ros2_ws/install/turtlesim/share/turtlesim/environment/path.sh
[100.656s] -- Symlinking: /my_new_project/ros2_ws/install/turtlesim/share/turtlesim/environment/path.dsv
[100.707s] -- Symlinking: /my_new_project/ros2_ws/install/turtlesim/share/turtlesim/local_setup.bash
[100.754s] -- Symlinking: /my_new_project/ros2_ws/install/turtlesim/share/turtlesim/local_setup.sh
[100.802s] -- Symlinking: /my_new_project/ros2_ws/install/turtlesim/share/turtlesim/local_setup.zsh
[100.847s] -- Symlinking: /my_new_project/ros2_ws/install/turtlesim/share/turtlesim/local_setup.dsv
[100.895s] -- Symlinking: /my_new_project/ros2_ws/install/turtlesim/share/turtlesim/package.dsv
[101.009s] -- Symlinking: /my_new_project/ros2_ws/install/turtlesim/share/ament_index/resource_index/packages/turtlesim
[101.095s] -- Symlinking: /my_new_project/ros2_ws/install/turtlesim/share/turtlesim/cmake/rosidl_cmake-extras.cmake
[101.144s] -- Symlinking: /my_new_project/ros2_ws/install/turtlesim/share/turtlesim/cmake/ament_cmake_export_dependencies-extras.cmake
[101.231s] -- Symlinking: /my_new_project/ros2_ws/install/turtlesim/share/turtlesim/cmake/ament_cmake_export_include_directories-extras.cmake
[101.294s] -- Symlinking: /my_new_project/ros2_ws/install/turtlesim/share/turtlesim/cmake/ament_cmake_export_libraries-extras.cmake
[101.346s] -- Symlinking: /my_new_project/ros2_ws/install/turtlesim/share/turtlesim/cmake/ament_cmake_export_targets-extras.cmake
[101.398s] -- Symlinking: /my_new_project/ros2_ws/install/turtlesim/share/turtlesim/cmake/rosidl_cmake_export_typesupport_targets-extras.cmake
[101.447s] -- Symlinking: /my_new_project/ros2_ws/install/turtlesim/share/turtlesim/cmake/rosidl_cmake_export_typesupport_libraries-extras.cmake
[101.533s] -- Symlinking: /my_new_project/ros2_ws/install/turtlesim/share/turtlesim/cmake/turtlesimConfig.cmake
[101.579s] -- Symlinking: /my_new_project/ros2_ws/install/turtlesim/share/turtlesim/cmake/turtlesimConfig-version.cmake
[101.631s] -- Symlinking: /my_new_project/ros2_ws/install/turtlesim/share/turtlesim/package.xml
[101.678s] -- Installing: /my_new_project/ros2_ws/install/turtlesim/lib/libturtlesim__rosidl_generator_c.so
[101.821s] -- Set non-toolchain portion of runtime path of "/my_new_project/ros2_ws/install/turtlesim/lib/libturtlesim__rosidl_generator_c.so" to ""
[101.844s] -- Installing: /my_new_project/ros2_ws/install/turtlesim/lib/libturtlesim__rosidl_typesupport_fastrtps_c.so
[101.982s] -- Set non-toolchain portion of runtime path of "/my_new_project/ros2_ws/install/turtlesim/lib/libturtlesim__rosidl_typesupport_fastrtps_c.so" to ""
[102.002s] -- Installing: /my_new_project/ros2_ws/install/turtlesim/lib/libturtlesim__rosidl_typesupport_fastrtps_cpp.so
[102.163s] -- Set non-toolchain portion of runtime path of "/my_new_project/ros2_ws/install/turtlesim/lib/libturtlesim__rosidl_typesupport_fastrtps_cpp.so" to ""
[102.182s] -- Installing: /my_new_project/ros2_ws/install/turtlesim/lib/libturtlesim__rosidl_typesupport_introspection_c.so
[102.323s] -- Set non-toolchain portion of runtime path of "/my_new_project/ros2_ws/install/turtlesim/lib/libturtlesim__rosidl_typesupport_introspection_c.so" to ""
[102.344s] -- Installing: /my_new_project/ros2_ws/install/turtlesim/lib/libturtlesim__rosidl_typesupport_c.so
[102.455s] -- Set non-toolchain portion of runtime path of "/my_new_project/ros2_ws/install/turtlesim/lib/libturtlesim__rosidl_typesupport_c.so" to ""
[102.501s] -- Installing: /my_new_project/ros2_ws/install/turtlesim/lib/libturtlesim__rosidl_typesupport_introspection_cpp.so
[102.630s] -- Set non-toolchain portion of runtime path of "/my_new_project/ros2_ws/install/turtlesim/lib/libturtlesim__rosidl_typesupport_introspection_cpp.so" to ""
[102.654s] -- Installing: /my_new_project/ros2_ws/install/turtlesim/lib/libturtlesim__rosidl_typesupport_cpp.so
[102.782s] -- Set non-toolchain portion of runtime path of "/my_new_project/ros2_ws/install/turtlesim/lib/libturtlesim__rosidl_typesupport_cpp.so" to ""
[104.458s] Listing '/my_new_project/ros2_ws/install/turtlesim/lib/python3.12/site-packages/turtlesim'...
[104.459s] Compiling '/my_new_project/ros2_ws/install/turtlesim/lib/python3.12/site-packages/turtlesim/__init__.py'...
[104.461s] Listing '/my_new_project/ros2_ws/install/turtlesim/lib/python3.12/site-packages/turtlesim/action'...
[104.462s] Compiling '/my_new_project/ros2_ws/install/turtlesim/lib/python3.12/site-packages/turtlesim/action/__init__.py'...
[104.463s] Compiling '/my_new_project/ros2_ws/install/turtlesim/lib/python3.12/site-packages/turtlesim/action/_rotate_absolute.py'...
[104.464s] Listing '/my_new_project/ros2_ws/install/turtlesim/lib/python3.12/site-packages/turtlesim/msg'...
[104.465s] Compiling '/my_new_project/ros2_ws/install/turtlesim/lib/python3.12/site-packages/turtlesim/msg/__init__.py'...
[104.466s] Compiling '/my_new_project/ros2_ws/install/turtlesim/lib/python3.12/site-packages/turtlesim/msg/_color.py'...
[104.467s] Compiling '/my_new_project/ros2_ws/install/turtlesim/lib/python3.12/site-packages/turtlesim/msg/_pose.py'...
[104.468s] Listing '/my_new_project/ros2_ws/install/turtlesim/lib/python3.12/site-packages/turtlesim/srv'...
[104.470s] Compiling '/my_new_project/ros2_ws/install/turtlesim/lib/python3.12/site-packages/turtlesim/srv/__init__.py'...
[104.471s] Compiling '/my_new_project/ros2_ws/install/turtlesim/lib/python3.12/site-packages/turtlesim/srv/_kill.py'...
[104.472s] Compiling '/my_new_project/ros2_ws/install/turtlesim/lib/python3.12/site-packages/turtlesim/srv/_set_pen.py'...
[104.473s] Compiling '/my_new_project/ros2_ws/install/turtlesim/lib/python3.12/site-packages/turtlesim/srv/_spawn.py'...
[104.474s] Compiling '/my_new_project/ros2_ws/install/turtlesim/lib/python3.12/site-packages/turtlesim/srv/_teleport_absolute.py'...
[104.475s] Compiling '/my_new_project/ros2_ws/install/turtlesim/lib/python3.12/site-packages/turtlesim/srv/_teleport_relative.py'...
[104.489s] -- Installing: /my_new_project/ros2_ws/install/turtlesim/lib/libturtlesim__rosidl_generator_py.so
[104.596s] -- Set non-toolchain portion of runtime path of "/my_new_project/ros2_ws/install/turtlesim/lib/libturtlesim__rosidl_generator_py.so" to ""
[104.615s] -- Installing: /my_new_project/ros2_ws/install/turtlesim/share/turtlesim/images
[104.684s] -- Installing: /my_new_project/ros2_ws/install/turtlesim/share/turtlesim/images/ardent.png
[104.783s] -- Installing: /my_new_project/ros2_ws/install/turtlesim/share/turtlesim/images/bouncy.png
[104.909s] -- Installing: /my_new_project/ros2_ws/install/turtlesim/share/turtlesim/images/crystal.png
[104.998s] -- Installing: /my_new_project/ros2_ws/install/turtlesim/share/turtlesim/images/dashing.png
[105.127s] -- Installing: /my_new_project/ros2_ws/install/turtlesim/share/turtlesim/images/eloquent.png
[105.241s] -- Installing: /my_new_project/ros2_ws/install/turtlesim/share/turtlesim/images/foxy.png
[105.357s] -- Installing: /my_new_project/ros2_ws/install/turtlesim/share/turtlesim/images/galactic.png
[105.475s] -- Installing: /my_new_project/ros2_ws/install/turtlesim/share/turtlesim/images/humble.png
[105.577s] -- Installing: /my_new_project/ros2_ws/install/turtlesim/share/turtlesim/images/iron.png
[105.676s] -- Installing: /my_new_project/ros2_ws/install/turtlesim/share/turtlesim/images/jazzy.png
[105.802s] -- Installing: /my_new_project/ros2_ws/install/turtlesim/share/turtlesim/images/rolling.png
[105.967s] -- Installing: /my_new_project/ros2_ws/install/turtlesim/share/turtlesim/cmake/export_turtlesim__rosidl_generator_cExport.cmake
[106.098s] -- Installing: /my_new_project/ros2_ws/install/turtlesim/share/turtlesim/cmake/export_turtlesim__rosidl_generator_cExport-noconfig.cmake
[106.238s] -- Installing: /my_new_project/ros2_ws/install/turtlesim/share/turtlesim/cmake/export_turtlesim__rosidl_typesupport_fastrtps_cExport.cmake
[106.327s] -- Installing: /my_new_project/ros2_ws/install/turtlesim/share/turtlesim/cmake/export_turtlesim__rosidl_typesupport_fastrtps_cExport-noconfig.cmake
[106.456s] -- Installing: /my_new_project/ros2_ws/install/turtlesim/share/turtlesim/cmake/export_turtlesim__rosidl_generator_cppExport.cmake
[106.584s] -- Installing: /my_new_project/ros2_ws/install/turtlesim/share/turtlesim/cmake/export_turtlesim__rosidl_typesupport_fastrtps_cppExport.cmake
[106.679s] -- Installing: /my_new_project/ros2_ws/install/turtlesim/share/turtlesim/cmake/export_turtlesim__rosidl_typesupport_fastrtps_cppExport-noconfig.cmake
[106.831s] -- Installing: /my_new_project/ros2_ws/install/turtlesim/share/turtlesim/cmake/turtlesim__rosidl_typesupport_introspection_cExport.cmake
[106.956s] -- Installing: /my_new_project/ros2_ws/install/turtlesim/share/turtlesim/cmake/turtlesim__rosidl_typesupport_introspection_cExport-noconfig.cmake
[107.051s] -- Installing: /my_new_project/ros2_ws/install/turtlesim/share/turtlesim/cmake/turtlesim__rosidl_typesupport_cExport.cmake
[107.146s] -- Installing: /my_new_project/ros2_ws/install/turtlesim/share/turtlesim/cmake/turtlesim__rosidl_typesupport_cExport-noconfig.cmake
[107.296s] -- Installing: /my_new_project/ros2_ws/install/turtlesim/share/turtlesim/cmake/turtlesim__rosidl_typesupport_introspection_cppExport.cmake
[107.403s] -- Installing: /my_new_project/ros2_ws/install/turtlesim/share/turtlesim/cmake/turtlesim__rosidl_typesupport_introspection_cppExport-noconfig.cmake
[107.540s] -- Installing: /my_new_project/ros2_ws/install/turtlesim/share/turtlesim/cmake/turtlesim__rosidl_typesupport_cppExport.cmake
[107.680s] -- Installing: /my_new_project/ros2_ws/install/turtlesim/share/turtlesim/cmake/turtlesim__rosidl_typesupport_cppExport-noconfig.cmake
[107.781s] -- Installing: /my_new_project/ros2_ws/install/turtlesim/share/turtlesim/cmake/export_turtlesim__rosidl_generator_pyExport.cmake
[107.875s] -- Installing: /my_new_project/ros2_ws/install/turtlesim/share/turtlesim/cmake/export_turtlesim__rosidl_generator_pyExport-noconfig.cmake
[107.988s] Invoked command in '/my_new_project/ros2_ws/build/turtlesim' returned '0': CMAKE_PREFIX_PATH=${CMAKE_PREFIX_PATH}:/opt/ros/jazzy /usr/bin/cmake --install /my_new_project/ros2_ws/build/turtlesim
