-- Found ament_cmake: 2.5.3 (/opt/ros/jazzy/share/ament_cmake/cmake)
-- Override CMake install command with custom implementation using symlinks instead of copying resources
-- Found ament_lint_auto: 0.17.1 (/opt/ros/jazzy/share/ament_lint_auto/cmake)
-- Added test 'cppcheck' to perform static code analysis on C / C++ code
-- Configured cppcheck include dirs: $<BUILD_INTERFACE:/my_new_project/ros2_ws/src/my_package/include>
-- Configured cppcheck exclude dirs and/or files: 
-- Added test 'lint_cmake' to check CMake code style
-- Added test 'uncrustify' to check C / C++ code style
-- Configured uncrustify additional arguments: 
-- Added test 'xmllint' to check XML markup files
-- Configuring done (5.1s)
-- Generating done (0.8s)
-- Build files have been written to: /my_new_project/ros2_ws/build/my_package
[100%] Built target my_node
-- Install configuration: ""
-- Execute custom install script
-- Symlinking: /my_new_project/ros2_ws/install/my_package/lib/my_package/my_node
-- Symlinking: /my_new_project/ros2_ws/install/my_package/share/ament_index/resource_index/package_run_dependencies/my_package
-- Symlinking: /my_new_project/ros2_ws/install/my_package/share/ament_index/resource_index/parent_prefix_path/my_package
-- Symlinking: /my_new_project/ros2_ws/install/my_package/share/my_package/environment/ament_prefix_path.sh
-- Symlinking: /my_new_project/ros2_ws/install/my_package/share/my_package/environment/ament_prefix_path.dsv
-- Symlinking: /my_new_project/ros2_ws/install/my_package/share/my_package/environment/path.sh
-- Symlinking: /my_new_project/ros2_ws/install/my_package/share/my_package/environment/path.dsv
-- Symlinking: /my_new_project/ros2_ws/install/my_package/share/my_package/local_setup.bash
-- Symlinking: /my_new_project/ros2_ws/install/my_package/share/my_package/local_setup.sh
-- Symlinking: /my_new_project/ros2_ws/install/my_package/share/my_package/local_setup.zsh
-- Symlinking: /my_new_project/ros2_ws/install/my_package/share/my_package/local_setup.dsv
-- Symlinking: /my_new_project/ros2_ws/install/my_package/share/my_package/package.dsv
-- Symlinking: /my_new_project/ros2_ws/install/my_package/share/ament_index/resource_index/packages/my_package
-- Symlinking: /my_new_project/ros2_ws/install/my_package/share/my_package/cmake/my_packageConfig.cmake
-- Symlinking: /my_new_project/ros2_ws/install/my_package/share/my_package/cmake/my_packageConfig-version.cmake
-- Symlinking: /my_new_project/ros2_ws/install/my_package/share/my_package/package.xml
