[0.474s] DEBUG:colcon:Command line arguments: ['/usr/bin/colcon', 'build']
[0.474s] DEBUG:colcon:Parsed command line arguments: Namespace(log_base=None, log_level=None, verb_name='build', build_base='build', install_base='install', merge_install=False, symlink_install=False, test_result_base=None, continue_on_error=False, executor='parallel', parallel_workers=16, event_handlers=None, ignore_user_meta=False, metas=['./colcon.meta'], base_paths=['.'], packages_ignore=None, packages_ignore_regex=None, paths=None, packages_up_to=None, packages_up_to_regex=None, packages_above=None, packages_above_and_dependencies=None, packages_above_depth=None, packages_select_by_dep=None, packages_skip_by_dep=None, packages_skip_up_to=None, packages_select_build_failed=False, packages_skip_build_finished=False, packages_select_test_failures=False, packages_skip_test_passed=False, packages_select=None, packages_skip=None, packages_select_regex=None, packages_skip_regex=None, packages_start=None, packages_end=None, cmake_args=None, cmake_target=None, cmake_target_skip_unavailable=False, cmake_clean_cache=False, cmake_clean_first=False, cmake_force_configure=False, ament_cmake_args=None, catkin_cmake_args=None, catkin_skip_building_tests=False, mixin_files=None, mixin=None, verb_parser=<colcon_mixin.mixin.mixin_argument.MixinArgumentDecorator object at 0x7fa15e600290>, verb_extension=<colcon_core.verb.build.BuildVerb object at 0x7fa15e5e7dd0>, main=<bound method BuildVerb.main of <colcon_core.verb.build.BuildVerb object at 0x7fa15e5e7dd0>>, mixin_verb=('build',))
[0.613s] Level 1:colcon.colcon_core.package_discovery:discover_packages(colcon_meta) check parameters
[0.613s] Level 1:colcon.colcon_core.package_discovery:discover_packages(recursive) check parameters
[0.614s] Level 1:colcon.colcon_core.package_discovery:discover_packages(ignore) check parameters
[0.614s] Level 1:colcon.colcon_core.package_discovery:discover_packages(path) check parameters
[0.614s] Level 1:colcon.colcon_core.package_discovery:discover_packages(colcon_meta) discover
[0.615s] Level 1:colcon.colcon_core.package_discovery:discover_packages(recursive) discover
[0.615s] INFO:colcon.colcon_core.package_discovery:Crawling recursively for packages in '/my_new_project/ros2_ws'
[0.617s] Level 1:colcon.colcon_core.package_identification:_identify(.) by extensions ['ignore', 'ignore_ament_install']
[0.617s] Level 1:colcon.colcon_core.package_identification:_identify(.) by extension 'ignore'
[0.618s] Level 1:colcon.colcon_core.package_identification:_identify(.) by extension 'ignore_ament_install'
[0.619s] Level 1:colcon.colcon_core.package_identification:_identify(.) by extensions ['colcon_pkg']
[0.619s] Level 1:colcon.colcon_core.package_identification:_identify(.) by extension 'colcon_pkg'
[0.619s] Level 1:colcon.colcon_core.package_identification:_identify(.) by extensions ['colcon_meta']
[0.620s] Level 1:colcon.colcon_core.package_identification:_identify(.) by extension 'colcon_meta'
[0.620s] Level 1:colcon.colcon_core.package_identification:_identify(.) by extensions ['ros']
[0.620s] Level 1:colcon.colcon_core.package_identification:_identify(.) by extension 'ros'
[0.673s] Level 1:colcon.colcon_core.package_identification:_identify(.) by extensions ['cmake', 'python']
[0.674s] Level 1:colcon.colcon_core.package_identification:_identify(.) by extension 'cmake'
[0.675s] Level 1:colcon.colcon_core.package_identification:_identify(.) by extension 'python'
[0.675s] Level 1:colcon.colcon_core.package_identification:_identify(.) by extensions ['python_setup_py']
[0.675s] Level 1:colcon.colcon_core.package_identification:_identify(.) by extension 'python_setup_py'
[0.679s] Level 1:colcon.colcon_core.package_identification:_identify(build) by extensions ['ignore', 'ignore_ament_install']
[0.679s] Level 1:colcon.colcon_core.package_identification:_identify(build) by extension 'ignore'
[0.681s] Level 1:colcon.colcon_core.package_identification:_identify(build) ignored
[0.684s] Level 1:colcon.colcon_core.package_identification:_identify(install) by extensions ['ignore', 'ignore_ament_install']
[0.684s] Level 1:colcon.colcon_core.package_identification:_identify(install) by extension 'ignore'
[0.685s] Level 1:colcon.colcon_core.package_identification:_identify(install) ignored
[0.691s] Level 1:colcon.colcon_core.package_identification:_identify(log) by extensions ['ignore', 'ignore_ament_install']
[0.691s] Level 1:colcon.colcon_core.package_identification:_identify(log) by extension 'ignore'
[0.692s] Level 1:colcon.colcon_core.package_identification:_identify(log) ignored
[0.694s] Level 1:colcon.colcon_core.package_identification:_identify(src) by extensions ['ignore', 'ignore_ament_install']
[0.695s] Level 1:colcon.colcon_core.package_identification:_identify(src) by extension 'ignore'
[0.695s] Level 1:colcon.colcon_core.package_identification:_identify(src) by extension 'ignore_ament_install'
[0.697s] Level 1:colcon.colcon_core.package_identification:_identify(src) by extensions ['colcon_pkg']
[0.697s] Level 1:colcon.colcon_core.package_identification:_identify(src) by extension 'colcon_pkg'
[0.698s] Level 1:colcon.colcon_core.package_identification:_identify(src) by extensions ['colcon_meta']
[0.698s] Level 1:colcon.colcon_core.package_identification:_identify(src) by extension 'colcon_meta'
[0.699s] Level 1:colcon.colcon_core.package_identification:_identify(src) by extensions ['ros']
[0.699s] Level 1:colcon.colcon_core.package_identification:_identify(src) by extension 'ros'
[0.702s] Level 1:colcon.colcon_core.package_identification:_identify(src) by extensions ['cmake', 'python']
[0.702s] Level 1:colcon.colcon_core.package_identification:_identify(src) by extension 'cmake'
[0.703s] Level 1:colcon.colcon_core.package_identification:_identify(src) by extension 'python'
[0.704s] Level 1:colcon.colcon_core.package_identification:_identify(src) by extensions ['python_setup_py']
[0.704s] Level 1:colcon.colcon_core.package_identification:_identify(src) by extension 'python_setup_py'
[0.709s] Level 1:colcon.colcon_core.package_identification:_identify(src/my_package) by extensions ['ignore', 'ignore_ament_install']
[0.709s] Level 1:colcon.colcon_core.package_identification:_identify(src/my_package) by extension 'ignore'
[0.711s] Level 1:colcon.colcon_core.package_identification:_identify(src/my_package) by extension 'ignore_ament_install'
[0.713s] Level 1:colcon.colcon_core.package_identification:_identify(src/my_package) by extensions ['colcon_pkg']
[0.714s] Level 1:colcon.colcon_core.package_identification:_identify(src/my_package) by extension 'colcon_pkg'
[0.715s] Level 1:colcon.colcon_core.package_identification:_identify(src/my_package) by extensions ['colcon_meta']
[0.715s] Level 1:colcon.colcon_core.package_identification:_identify(src/my_package) by extension 'colcon_meta'
[0.717s] Level 1:colcon.colcon_core.package_identification:_identify(src/my_package) by extensions ['ros']
[0.718s] Level 1:colcon.colcon_core.package_identification:_identify(src/my_package) by extension 'ros'
[0.778s] DEBUG:colcon.colcon_core.package_identification:Package 'src/my_package' with type 'ros.ament_python' and name 'my_package'
[0.784s] Level 1:colcon.colcon_core.package_identification:_identify(src/py_pubsub) by extensions ['ignore', 'ignore_ament_install']
[0.784s] Level 1:colcon.colcon_core.package_identification:_identify(src/py_pubsub) by extension 'ignore'
[0.786s] Level 1:colcon.colcon_core.package_identification:_identify(src/py_pubsub) by extension 'ignore_ament_install'
[0.789s] Level 1:colcon.colcon_core.package_identification:_identify(src/py_pubsub) by extensions ['colcon_pkg']
[0.789s] Level 1:colcon.colcon_core.package_identification:_identify(src/py_pubsub) by extension 'colcon_pkg'
[0.791s] Level 1:colcon.colcon_core.package_identification:_identify(src/py_pubsub) by extensions ['colcon_meta']
[0.792s] Level 1:colcon.colcon_core.package_identification:_identify(src/py_pubsub) by extension 'colcon_meta'
[0.794s] Level 1:colcon.colcon_core.package_identification:_identify(src/py_pubsub) by extensions ['ros']
[0.794s] Level 1:colcon.colcon_core.package_identification:_identify(src/py_pubsub) by extension 'ros'
[0.830s] DEBUG:colcon.colcon_core.package_identification:Package 'src/py_pubsub' with type 'ros.ament_python' and name 'py_pubsub'
[0.835s] Level 1:colcon.colcon_core.package_identification:_identify(src/roarm) by extensions ['ignore', 'ignore_ament_install']
[0.835s] Level 1:colcon.colcon_core.package_identification:_identify(src/roarm) by extension 'ignore'
[0.837s] Level 1:colcon.colcon_core.package_identification:_identify(src/roarm) by extension 'ignore_ament_install'
[0.840s] Level 1:colcon.colcon_core.package_identification:_identify(src/roarm) by extensions ['colcon_pkg']
[0.840s] Level 1:colcon.colcon_core.package_identification:_identify(src/roarm) by extension 'colcon_pkg'
[0.841s] Level 1:colcon.colcon_core.package_identification:_identify(src/roarm) by extensions ['colcon_meta']
[0.841s] Level 1:colcon.colcon_core.package_identification:_identify(src/roarm) by extension 'colcon_meta'
[0.844s] Level 1:colcon.colcon_core.package_identification:_identify(src/roarm) by extensions ['ros']
[0.844s] Level 1:colcon.colcon_core.package_identification:_identify(src/roarm) by extension 'ros'
[0.902s] DEBUG:colcon.colcon_core.package_identification:Package 'src/roarm' with type 'ros.ament_cmake' and name 'roarm'
[0.906s] Level 1:colcon.colcon_core.package_identification:_identify(src/ros_tutorials) by extensions ['ignore', 'ignore_ament_install']
[0.906s] Level 1:colcon.colcon_core.package_identification:_identify(src/ros_tutorials) by extension 'ignore'
[0.908s] Level 1:colcon.colcon_core.package_identification:_identify(src/ros_tutorials) by extension 'ignore_ament_install'
[0.911s] Level 1:colcon.colcon_core.package_identification:_identify(src/ros_tutorials) by extensions ['colcon_pkg']
[0.911s] Level 1:colcon.colcon_core.package_identification:_identify(src/ros_tutorials) by extension 'colcon_pkg'
[0.913s] Level 1:colcon.colcon_core.package_identification:_identify(src/ros_tutorials) by extensions ['colcon_meta']
[0.913s] Level 1:colcon.colcon_core.package_identification:_identify(src/ros_tutorials) by extension 'colcon_meta'
[0.915s] Level 1:colcon.colcon_core.package_identification:_identify(src/ros_tutorials) by extensions ['ros']
[0.915s] Level 1:colcon.colcon_core.package_identification:_identify(src/ros_tutorials) by extension 'ros'
[0.921s] Level 1:colcon.colcon_core.package_identification:_identify(src/ros_tutorials) by extensions ['cmake', 'python']
[0.921s] Level 1:colcon.colcon_core.package_identification:_identify(src/ros_tutorials) by extension 'cmake'
[0.923s] Level 1:colcon.colcon_core.package_identification:_identify(src/ros_tutorials) by extension 'python'
[0.925s] Level 1:colcon.colcon_core.package_identification:_identify(src/ros_tutorials) by extensions ['python_setup_py']
[0.925s] Level 1:colcon.colcon_core.package_identification:_identify(src/ros_tutorials) by extension 'python_setup_py'
[0.934s] Level 1:colcon.colcon_core.package_identification:_identify(src/ros_tutorials/turtlesim) by extensions ['ignore', 'ignore_ament_install']
[0.935s] Level 1:colcon.colcon_core.package_identification:_identify(src/ros_tutorials/turtlesim) by extension 'ignore'
[0.937s] Level 1:colcon.colcon_core.package_identification:_identify(src/ros_tutorials/turtlesim) by extension 'ignore_ament_install'
[0.942s] Level 1:colcon.colcon_core.package_identification:_identify(src/ros_tutorials/turtlesim) by extensions ['colcon_pkg']
[0.942s] Level 1:colcon.colcon_core.package_identification:_identify(src/ros_tutorials/turtlesim) by extension 'colcon_pkg'
[0.945s] Level 1:colcon.colcon_core.package_identification:_identify(src/ros_tutorials/turtlesim) by extensions ['colcon_meta']
[0.945s] Level 1:colcon.colcon_core.package_identification:_identify(src/ros_tutorials/turtlesim) by extension 'colcon_meta'
[0.949s] Level 1:colcon.colcon_core.package_identification:_identify(src/ros_tutorials/turtlesim) by extensions ['ros']
[0.949s] Level 1:colcon.colcon_core.package_identification:_identify(src/ros_tutorials/turtlesim) by extension 'ros'
[1.000s] DEBUG:colcon.colcon_core.package_identification:Package 'src/ros_tutorials/turtlesim' with type 'ros.ament_cmake' and name 'turtlesim'
[1.007s] Level 1:colcon.colcon_core.package_identification:_identify(src/serial_ctrl) by extensions ['ignore', 'ignore_ament_install']
[1.008s] Level 1:colcon.colcon_core.package_identification:_identify(src/serial_ctrl) by extension 'ignore'
[1.010s] Level 1:colcon.colcon_core.package_identification:_identify(src/serial_ctrl) by extension 'ignore_ament_install'
[1.013s] Level 1:colcon.colcon_core.package_identification:_identify(src/serial_ctrl) by extensions ['colcon_pkg']
[1.013s] Level 1:colcon.colcon_core.package_identification:_identify(src/serial_ctrl) by extension 'colcon_pkg'
[1.014s] Level 1:colcon.colcon_core.package_identification:_identify(src/serial_ctrl) by extensions ['colcon_meta']
[1.014s] Level 1:colcon.colcon_core.package_identification:_identify(src/serial_ctrl) by extension 'colcon_meta'
[1.017s] Level 1:colcon.colcon_core.package_identification:_identify(src/serial_ctrl) by extensions ['ros']
[1.017s] Level 1:colcon.colcon_core.package_identification:_identify(src/serial_ctrl) by extension 'ros'
[1.052s] DEBUG:colcon.colcon_core.package_identification:Package 'src/serial_ctrl' with type 'ros.ament_python' and name 'serial_ctrl'
[1.058s] Level 1:colcon.colcon_core.package_identification:_identify(src/urdf_tutorial) by extensions ['ignore', 'ignore_ament_install']
[1.058s] Level 1:colcon.colcon_core.package_identification:_identify(src/urdf_tutorial) by extension 'ignore'
[1.060s] Level 1:colcon.colcon_core.package_identification:_identify(src/urdf_tutorial) by extension 'ignore_ament_install'
[1.063s] Level 1:colcon.colcon_core.package_identification:_identify(src/urdf_tutorial) by extensions ['colcon_pkg']
[1.063s] Level 1:colcon.colcon_core.package_identification:_identify(src/urdf_tutorial) by extension 'colcon_pkg'
[1.064s] Level 1:colcon.colcon_core.package_identification:_identify(src/urdf_tutorial) by extensions ['colcon_meta']
[1.065s] Level 1:colcon.colcon_core.package_identification:_identify(src/urdf_tutorial) by extension 'colcon_meta'
[1.067s] Level 1:colcon.colcon_core.package_identification:_identify(src/urdf_tutorial) by extensions ['ros']
[1.068s] Level 1:colcon.colcon_core.package_identification:_identify(src/urdf_tutorial) by extension 'ros'
[1.123s] DEBUG:colcon.colcon_core.package_identification:Package 'src/urdf_tutorial' with type 'ros.ament_cmake' and name 'urdf_tutorial'
[1.123s] Level 1:colcon.colcon_core.package_discovery:discover_packages(recursive) using defaults
[1.124s] Level 1:colcon.colcon_core.package_discovery:discover_packages(ignore) discover
[1.124s] Level 1:colcon.colcon_core.package_discovery:discover_packages(ignore) using defaults
[1.124s] Level 1:colcon.colcon_core.package_discovery:discover_packages(path) discover
[1.125s] Level 1:colcon.colcon_core.package_discovery:discover_packages(path) using defaults
[1.297s] Level 5:colcon.colcon_core.verb:set package 'my_package' build argument 'cmake_args' from command line to 'None'
[1.297s] Level 5:colcon.colcon_core.verb:set package 'my_package' build argument 'cmake_target' from command line to 'None'
[1.298s] Level 5:colcon.colcon_core.verb:set package 'my_package' build argument 'cmake_target_skip_unavailable' from command line to 'False'
[1.298s] Level 5:colcon.colcon_core.verb:set package 'my_package' build argument 'cmake_clean_cache' from command line to 'False'
[1.298s] Level 5:colcon.colcon_core.verb:set package 'my_package' build argument 'cmake_clean_first' from command line to 'False'
[1.299s] Level 5:colcon.colcon_core.verb:set package 'my_package' build argument 'cmake_force_configure' from command line to 'False'
[1.299s] Level 5:colcon.colcon_core.verb:set package 'my_package' build argument 'ament_cmake_args' from command line to 'None'
[1.299s] Level 5:colcon.colcon_core.verb:set package 'my_package' build argument 'catkin_cmake_args' from command line to 'None'
[1.300s] Level 5:colcon.colcon_core.verb:set package 'my_package' build argument 'catkin_skip_building_tests' from command line to 'False'
[1.300s] DEBUG:colcon.colcon_core.verb:Building package 'my_package' with the following arguments: {'ament_cmake_args': None, 'build_base': '/my_new_project/ros2_ws/build/my_package', 'catkin_cmake_args': None, 'catkin_skip_building_tests': False, 'cmake_args': None, 'cmake_clean_cache': False, 'cmake_clean_first': False, 'cmake_force_configure': False, 'cmake_target': None, 'cmake_target_skip_unavailable': False, 'install_base': '/my_new_project/ros2_ws/install/my_package', 'merge_install': False, 'path': '/my_new_project/ros2_ws/src/my_package', 'symlink_install': False, 'test_result_base': None}
[1.301s] Level 5:colcon.colcon_core.verb:set package 'py_pubsub' build argument 'cmake_args' from command line to 'None'
[1.301s] Level 5:colcon.colcon_core.verb:set package 'py_pubsub' build argument 'cmake_target' from command line to 'None'
[1.301s] Level 5:colcon.colcon_core.verb:set package 'py_pubsub' build argument 'cmake_target_skip_unavailable' from command line to 'False'
[1.302s] Level 5:colcon.colcon_core.verb:set package 'py_pubsub' build argument 'cmake_clean_cache' from command line to 'False'
[1.302s] Level 5:colcon.colcon_core.verb:set package 'py_pubsub' build argument 'cmake_clean_first' from command line to 'False'
[1.302s] Level 5:colcon.colcon_core.verb:set package 'py_pubsub' build argument 'cmake_force_configure' from command line to 'False'
[1.302s] Level 5:colcon.colcon_core.verb:set package 'py_pubsub' build argument 'ament_cmake_args' from command line to 'None'
[1.303s] Level 5:colcon.colcon_core.verb:set package 'py_pubsub' build argument 'catkin_cmake_args' from command line to 'None'
[1.303s] Level 5:colcon.colcon_core.verb:set package 'py_pubsub' build argument 'catkin_skip_building_tests' from command line to 'False'
[1.303s] DEBUG:colcon.colcon_core.verb:Building package 'py_pubsub' with the following arguments: {'ament_cmake_args': None, 'build_base': '/my_new_project/ros2_ws/build/py_pubsub', 'catkin_cmake_args': None, 'catkin_skip_building_tests': False, 'cmake_args': None, 'cmake_clean_cache': False, 'cmake_clean_first': False, 'cmake_force_configure': False, 'cmake_target': None, 'cmake_target_skip_unavailable': False, 'install_base': '/my_new_project/ros2_ws/install/py_pubsub', 'merge_install': False, 'path': '/my_new_project/ros2_ws/src/py_pubsub', 'symlink_install': False, 'test_result_base': None}
[1.304s] Level 5:colcon.colcon_core.verb:set package 'roarm' build argument 'cmake_args' from command line to 'None'
[1.305s] Level 5:colcon.colcon_core.verb:set package 'roarm' build argument 'cmake_target' from command line to 'None'
[1.305s] Level 5:colcon.colcon_core.verb:set package 'roarm' build argument 'cmake_target_skip_unavailable' from command line to 'False'
[1.305s] Level 5:colcon.colcon_core.verb:set package 'roarm' build argument 'cmake_clean_cache' from command line to 'False'
[1.306s] Level 5:colcon.colcon_core.verb:set package 'roarm' build argument 'cmake_clean_first' from command line to 'False'
[1.306s] Level 5:colcon.colcon_core.verb:set package 'roarm' build argument 'cmake_force_configure' from command line to 'False'
[1.306s] Level 5:colcon.colcon_core.verb:set package 'roarm' build argument 'ament_cmake_args' from command line to 'None'
[1.306s] Level 5:colcon.colcon_core.verb:set package 'roarm' build argument 'catkin_cmake_args' from command line to 'None'
[1.307s] Level 5:colcon.colcon_core.verb:set package 'roarm' build argument 'catkin_skip_building_tests' from command line to 'False'
[1.307s] DEBUG:colcon.colcon_core.verb:Building package 'roarm' with the following arguments: {'ament_cmake_args': None, 'build_base': '/my_new_project/ros2_ws/build/roarm', 'catkin_cmake_args': None, 'catkin_skip_building_tests': False, 'cmake_args': None, 'cmake_clean_cache': False, 'cmake_clean_first': False, 'cmake_force_configure': False, 'cmake_target': None, 'cmake_target_skip_unavailable': False, 'install_base': '/my_new_project/ros2_ws/install/roarm', 'merge_install': False, 'path': '/my_new_project/ros2_ws/src/roarm', 'symlink_install': False, 'test_result_base': None}
[1.308s] Level 5:colcon.colcon_core.verb:set package 'serial_ctrl' build argument 'cmake_args' from command line to 'None'
[1.308s] Level 5:colcon.colcon_core.verb:set package 'serial_ctrl' build argument 'cmake_target' from command line to 'None'
[1.308s] Level 5:colcon.colcon_core.verb:set package 'serial_ctrl' build argument 'cmake_target_skip_unavailable' from command line to 'False'
[1.309s] Level 5:colcon.colcon_core.verb:set package 'serial_ctrl' build argument 'cmake_clean_cache' from command line to 'False'
[1.309s] Level 5:colcon.colcon_core.verb:set package 'serial_ctrl' build argument 'cmake_clean_first' from command line to 'False'
[1.309s] Level 5:colcon.colcon_core.verb:set package 'serial_ctrl' build argument 'cmake_force_configure' from command line to 'False'
[1.310s] Level 5:colcon.colcon_core.verb:set package 'serial_ctrl' build argument 'ament_cmake_args' from command line to 'None'
[1.310s] Level 5:colcon.colcon_core.verb:set package 'serial_ctrl' build argument 'catkin_cmake_args' from command line to 'None'
[1.310s] Level 5:colcon.colcon_core.verb:set package 'serial_ctrl' build argument 'catkin_skip_building_tests' from command line to 'False'
[1.311s] DEBUG:colcon.colcon_core.verb:Building package 'serial_ctrl' with the following arguments: {'ament_cmake_args': None, 'build_base': '/my_new_project/ros2_ws/build/serial_ctrl', 'catkin_cmake_args': None, 'catkin_skip_building_tests': False, 'cmake_args': None, 'cmake_clean_cache': False, 'cmake_clean_first': False, 'cmake_force_configure': False, 'cmake_target': None, 'cmake_target_skip_unavailable': False, 'install_base': '/my_new_project/ros2_ws/install/serial_ctrl', 'merge_install': False, 'path': '/my_new_project/ros2_ws/src/serial_ctrl', 'symlink_install': False, 'test_result_base': None}
[1.311s] Level 5:colcon.colcon_core.verb:set package 'turtlesim' build argument 'cmake_args' from command line to 'None'
[1.311s] Level 5:colcon.colcon_core.verb:set package 'turtlesim' build argument 'cmake_target' from command line to 'None'
[1.312s] Level 5:colcon.colcon_core.verb:set package 'turtlesim' build argument 'cmake_target_skip_unavailable' from command line to 'False'
[1.312s] Level 5:colcon.colcon_core.verb:set package 'turtlesim' build argument 'cmake_clean_cache' from command line to 'False'
[1.312s] Level 5:colcon.colcon_core.verb:set package 'turtlesim' build argument 'cmake_clean_first' from command line to 'False'
[1.312s] Level 5:colcon.colcon_core.verb:set package 'turtlesim' build argument 'cmake_force_configure' from command line to 'False'
[1.313s] Level 5:colcon.colcon_core.verb:set package 'turtlesim' build argument 'ament_cmake_args' from command line to 'None'
[1.313s] Level 5:colcon.colcon_core.verb:set package 'turtlesim' build argument 'catkin_cmake_args' from command line to 'None'
[1.313s] Level 5:colcon.colcon_core.verb:set package 'turtlesim' build argument 'catkin_skip_building_tests' from command line to 'False'
[1.313s] DEBUG:colcon.colcon_core.verb:Building package 'turtlesim' with the following arguments: {'ament_cmake_args': None, 'build_base': '/my_new_project/ros2_ws/build/turtlesim', 'catkin_cmake_args': None, 'catkin_skip_building_tests': False, 'cmake_args': None, 'cmake_clean_cache': False, 'cmake_clean_first': False, 'cmake_force_configure': False, 'cmake_target': None, 'cmake_target_skip_unavailable': False, 'install_base': '/my_new_project/ros2_ws/install/turtlesim', 'merge_install': False, 'path': '/my_new_project/ros2_ws/src/ros_tutorials/turtlesim', 'symlink_install': False, 'test_result_base': None}
[1.314s] Level 5:colcon.colcon_core.verb:set package 'urdf_tutorial' build argument 'cmake_args' from command line to 'None'
[1.314s] Level 5:colcon.colcon_core.verb:set package 'urdf_tutorial' build argument 'cmake_target' from command line to 'None'
[1.315s] Level 5:colcon.colcon_core.verb:set package 'urdf_tutorial' build argument 'cmake_target_skip_unavailable' from command line to 'False'
[1.315s] Level 5:colcon.colcon_core.verb:set package 'urdf_tutorial' build argument 'cmake_clean_cache' from command line to 'False'
[1.315s] Level 5:colcon.colcon_core.verb:set package 'urdf_tutorial' build argument 'cmake_clean_first' from command line to 'False'
[1.316s] Level 5:colcon.colcon_core.verb:set package 'urdf_tutorial' build argument 'cmake_force_configure' from command line to 'False'
[1.316s] Level 5:colcon.colcon_core.verb:set package 'urdf_tutorial' build argument 'ament_cmake_args' from command line to 'None'
[1.316s] Level 5:colcon.colcon_core.verb:set package 'urdf_tutorial' build argument 'catkin_cmake_args' from command line to 'None'
[1.316s] Level 5:colcon.colcon_core.verb:set package 'urdf_tutorial' build argument 'catkin_skip_building_tests' from command line to 'False'
[1.316s] DEBUG:colcon.colcon_core.verb:Building package 'urdf_tutorial' with the following arguments: {'ament_cmake_args': None, 'build_base': '/my_new_project/ros2_ws/build/urdf_tutorial', 'catkin_cmake_args': None, 'catkin_skip_building_tests': False, 'cmake_args': None, 'cmake_clean_cache': False, 'cmake_clean_first': False, 'cmake_force_configure': False, 'cmake_target': None, 'cmake_target_skip_unavailable': False, 'install_base': '/my_new_project/ros2_ws/install/urdf_tutorial', 'merge_install': False, 'path': '/my_new_project/ros2_ws/src/urdf_tutorial', 'symlink_install': False, 'test_result_base': None}
[1.317s] INFO:colcon.colcon_core.executor:Executing jobs using 'parallel' executor
[1.319s] DEBUG:colcon.colcon_parallel_executor.executor.parallel:run_until_complete
[1.320s] INFO:colcon.colcon_ros.task.ament_python.build:Building ROS package in '/my_new_project/ros2_ws/src/my_package' with build type 'ament_python'
[1.320s] Level 1:colcon.colcon_core.shell:create_environment_hook('my_package', 'ament_prefix_path')
[1.331s] INFO:colcon.colcon_core.plugin_system:Skipping extension 'colcon_core.shell.bat': Not used on non-Windows systems
[1.332s] INFO:colcon.colcon_core.shell:Creating environment hook '/my_new_project/ros2_ws/install/my_package/share/my_package/hook/ament_prefix_path.ps1'
[1.350s] INFO:colcon.colcon_core.shell:Creating environment descriptor '/my_new_project/ros2_ws/install/my_package/share/my_package/hook/ament_prefix_path.dsv'
[1.367s] INFO:colcon.colcon_core.shell:Creating environment hook '/my_new_project/ros2_ws/install/my_package/share/my_package/hook/ament_prefix_path.sh'
[1.386s] INFO:colcon.colcon_core.shell:Skip shell extension 'powershell' for command environment: Not usable outside of PowerShell
[1.386s] DEBUG:colcon.colcon_core.shell:Skip shell extension 'dsv' for command environment
[1.415s] INFO:colcon.colcon_ros.task.ament_python.build:Building ROS package in '/my_new_project/ros2_ws/src/py_pubsub' with build type 'ament_python'
[1.415s] Level 1:colcon.colcon_core.shell:create_environment_hook('py_pubsub', 'ament_prefix_path')
[1.416s] INFO:colcon.colcon_core.shell:Creating environment hook '/my_new_project/ros2_ws/install/py_pubsub/share/py_pubsub/hook/ament_prefix_path.ps1'
[1.435s] INFO:colcon.colcon_core.shell:Creating environment descriptor '/my_new_project/ros2_ws/install/py_pubsub/share/py_pubsub/hook/ament_prefix_path.dsv'
[1.450s] INFO:colcon.colcon_core.shell:Creating environment hook '/my_new_project/ros2_ws/install/py_pubsub/share/py_pubsub/hook/ament_prefix_path.sh'
[1.467s] INFO:colcon.colcon_core.shell:Skip shell extension 'powershell' for command environment: Not usable outside of PowerShell
[1.468s] DEBUG:colcon.colcon_core.shell:Skip shell extension 'dsv' for command environment
[1.486s] INFO:colcon.colcon_ros.task.ament_cmake.build:Building ROS package in '/my_new_project/ros2_ws/src/roarm' with build type 'ament_cmake'
[1.486s] INFO:colcon.colcon_cmake.task.cmake.build:Building CMake package in '/my_new_project/ros2_ws/src/roarm'
[1.486s] INFO:colcon.colcon_core.shell:Skip shell extension 'powershell' for command environment: Not usable outside of PowerShell
[1.487s] DEBUG:colcon.colcon_core.shell:Skip shell extension 'dsv' for command environment
[1.499s] INFO:colcon.colcon_ros.task.ament_python.build:Building ROS package in '/my_new_project/ros2_ws/src/serial_ctrl' with build type 'ament_python'
[1.500s] Level 1:colcon.colcon_core.shell:create_environment_hook('serial_ctrl', 'ament_prefix_path')
[1.500s] INFO:colcon.colcon_core.shell:Creating environment hook '/my_new_project/ros2_ws/install/serial_ctrl/share/serial_ctrl/hook/ament_prefix_path.ps1'
[1.518s] INFO:colcon.colcon_core.shell:Creating environment descriptor '/my_new_project/ros2_ws/install/serial_ctrl/share/serial_ctrl/hook/ament_prefix_path.dsv'
[1.534s] INFO:colcon.colcon_core.shell:Creating environment hook '/my_new_project/ros2_ws/install/serial_ctrl/share/serial_ctrl/hook/ament_prefix_path.sh'
[1.554s] INFO:colcon.colcon_core.shell:Skip shell extension 'powershell' for command environment: Not usable outside of PowerShell
[1.554s] DEBUG:colcon.colcon_core.shell:Skip shell extension 'dsv' for command environment
[1.569s] INFO:colcon.colcon_ros.task.ament_cmake.build:Building ROS package in '/my_new_project/ros2_ws/src/ros_tutorials/turtlesim' with build type 'ament_cmake'
[1.569s] INFO:colcon.colcon_cmake.task.cmake.build:Building CMake package in '/my_new_project/ros2_ws/src/ros_tutorials/turtlesim'
[1.570s] INFO:colcon.colcon_core.shell:Skip shell extension 'powershell' for command environment: Not usable outside of PowerShell
[1.570s] DEBUG:colcon.colcon_core.shell:Skip shell extension 'dsv' for command environment
[1.585s] INFO:colcon.colcon_ros.task.ament_cmake.build:Building ROS package in '/my_new_project/ros2_ws/src/urdf_tutorial' with build type 'ament_cmake'
[1.586s] INFO:colcon.colcon_cmake.task.cmake.build:Building CMake package in '/my_new_project/ros2_ws/src/urdf_tutorial'
[1.586s] INFO:colcon.colcon_core.shell:Skip shell extension 'powershell' for command environment: Not usable outside of PowerShell
[1.586s] DEBUG:colcon.colcon_core.shell:Skip shell extension 'dsv' for command environment
[2.055s] INFO:colcon.colcon_core.task.python.build:Building Python package in '/my_new_project/ros2_ws/src/my_package'
[2.056s] INFO:colcon.colcon_core.shell:Skip shell extension 'powershell' for command environment: Not usable outside of PowerShell
[2.056s] DEBUG:colcon.colcon_core.shell:Skip shell extension 'dsv' for command environment
[2.422s] INFO:colcon.colcon_core.task.python.build:Building Python package in '/my_new_project/ros2_ws/src/py_pubsub'
[2.423s] INFO:colcon.colcon_core.shell:Skip shell extension 'powershell' for command environment: Not usable outside of PowerShell
[2.423s] DEBUG:colcon.colcon_core.shell:Skip shell extension 'dsv' for command environment
[2.524s] DEBUG:colcon.colcon_core.event_handler.log_command:Invoking command in '/my_new_project/ros2_ws/build/roarm': CMAKE_PREFIX_PATH=${CMAKE_PREFIX_PATH}:/opt/ros/jazzy /usr/bin/cmake --build /my_new_project/ros2_ws/build/roarm -- -j16 -l16
[2.836s] INFO:colcon.colcon_core.task.python.build:Building Python package in '/my_new_project/ros2_ws/src/serial_ctrl'
[2.837s] INFO:colcon.colcon_core.shell:Skip shell extension 'powershell' for command environment: Not usable outside of PowerShell
[2.837s] DEBUG:colcon.colcon_core.shell:Skip shell extension 'dsv' for command environment
[2.913s] DEBUG:colcon.colcon_core.event_handler.log_command:Invoking command in '/my_new_project/ros2_ws/build/turtlesim': CMAKE_PREFIX_PATH=${CMAKE_PREFIX_PATH}:/opt/ros/jazzy /usr/bin/cmake --build /my_new_project/ros2_ws/build/turtlesim -- -j16 -l16
[2.914s] DEBUG:colcon.colcon_core.event_handler.log_command:Invoked command in '/my_new_project/ros2_ws/build/roarm' returned '0': CMAKE_PREFIX_PATH=${CMAKE_PREFIX_PATH}:/opt/ros/jazzy /usr/bin/cmake --build /my_new_project/ros2_ws/build/roarm -- -j16 -l16
[2.968s] DEBUG:colcon.colcon_core.event_handler.log_command:Invoking command in '/my_new_project/ros2_ws/build/roarm': CMAKE_PREFIX_PATH=${CMAKE_PREFIX_PATH}:/opt/ros/jazzy /usr/bin/cmake --install /my_new_project/ros2_ws/build/roarm
[3.037s] DEBUG:colcon.colcon_core.event_handler.log_command:Invoking command in '/my_new_project/ros2_ws/build/urdf_tutorial': CMAKE_PREFIX_PATH=${CMAKE_PREFIX_PATH}:/opt/ros/jazzy /usr/bin/cmake --build /my_new_project/ros2_ws/build/urdf_tutorial -- -j16 -l16
[3.242s] DEBUG:colcon.colcon_core.event_handler.log_command:Invoked command in '/my_new_project/ros2_ws/build/urdf_tutorial' returned '0': CMAKE_PREFIX_PATH=${CMAKE_PREFIX_PATH}:/opt/ros/jazzy /usr/bin/cmake --build /my_new_project/ros2_ws/build/urdf_tutorial -- -j16 -l16
[3.292s] DEBUG:colcon.colcon_core.event_handler.log_command:Invoking command in '/my_new_project/ros2_ws/build/urdf_tutorial': CMAKE_PREFIX_PATH=${CMAKE_PREFIX_PATH}:/opt/ros/jazzy /usr/bin/cmake --install /my_new_project/ros2_ws/build/urdf_tutorial
[4.475s] Level 1:colcon.colcon_core.environment:create_environment_scripts_only(roarm)
[4.481s] DEBUG:colcon.colcon_core.event_handler.log_command:Invoked command in '/my_new_project/ros2_ws/build/roarm' returned '0': CMAKE_PREFIX_PATH=${CMAKE_PREFIX_PATH}:/opt/ros/jazzy /usr/bin/cmake --install /my_new_project/ros2_ws/build/roarm
[4.491s] Level 1:colcon.colcon_core.environment:checking '/my_new_project/ros2_ws/install/roarm' for CMake module files
[4.633s] Level 1:colcon.colcon_core.environment:checking '/my_new_project/ros2_ws/install/roarm' for CMake config files
[4.755s] Level 1:colcon.colcon_core.shell:create_environment_hook('roarm', 'cmake_prefix_path')
[4.755s] INFO:colcon.colcon_core.shell:Creating environment hook '/my_new_project/ros2_ws/install/roarm/share/roarm/hook/cmake_prefix_path.ps1'
[4.775s] INFO:colcon.colcon_core.shell:Creating environment descriptor '/my_new_project/ros2_ws/install/roarm/share/roarm/hook/cmake_prefix_path.dsv'
[4.795s] INFO:colcon.colcon_core.shell:Creating environment hook '/my_new_project/ros2_ws/install/roarm/share/roarm/hook/cmake_prefix_path.sh'
[4.820s] Level 1:colcon.colcon_core.environment:checking '/my_new_project/ros2_ws/install/roarm/bin'
[4.822s] Level 1:colcon.colcon_core.environment:checking '/my_new_project/ros2_ws/install/roarm/lib/pkgconfig/roarm.pc'
[4.824s] Level 1:colcon.colcon_core.environment:checking '/my_new_project/ros2_ws/install/roarm/lib/python3.12/site-packages'
[4.826s] Level 1:colcon.colcon_core.environment:checking '/my_new_project/ros2_ws/install/roarm/bin'
[4.828s] INFO:colcon.colcon_core.shell:Creating package script '/my_new_project/ros2_ws/install/roarm/share/roarm/package.ps1'
[4.846s] INFO:colcon.colcon_core.shell:Creating package descriptor '/my_new_project/ros2_ws/install/roarm/share/roarm/package.dsv'
[4.864s] INFO:colcon.colcon_core.shell:Creating package script '/my_new_project/ros2_ws/install/roarm/share/roarm/package.sh'
[4.883s] INFO:colcon.colcon_core.shell:Creating package script '/my_new_project/ros2_ws/install/roarm/share/roarm/package.bash'
[4.902s] INFO:colcon.colcon_core.shell:Creating package script '/my_new_project/ros2_ws/install/roarm/share/roarm/package.zsh'
[4.922s] Level 1:colcon.colcon_core.environment:create_file_with_runtime_dependencies(/my_new_project/ros2_ws/install/roarm/share/colcon-core/packages/roarm)
[4.957s] Level 1:colcon.colcon_core.environment:create_environment_scripts_only(roarm)
[4.958s] Level 1:colcon.colcon_core.environment:checking '/my_new_project/ros2_ws/install/roarm' for CMake module files
[5.098s] Level 1:colcon.colcon_core.environment:checking '/my_new_project/ros2_ws/install/roarm' for CMake config files
[5.232s] Level 1:colcon.colcon_core.shell:create_environment_hook('roarm', 'cmake_prefix_path')
[5.233s] INFO:colcon.colcon_core.shell:Creating environment hook '/my_new_project/ros2_ws/install/roarm/share/roarm/hook/cmake_prefix_path.ps1'
[5.261s] INFO:colcon.colcon_core.shell:Creating environment descriptor '/my_new_project/ros2_ws/install/roarm/share/roarm/hook/cmake_prefix_path.dsv'
[5.287s] INFO:colcon.colcon_core.shell:Creating environment hook '/my_new_project/ros2_ws/install/roarm/share/roarm/hook/cmake_prefix_path.sh'
[5.323s] Level 1:colcon.colcon_core.environment:checking '/my_new_project/ros2_ws/install/roarm/bin'
[5.326s] Level 1:colcon.colcon_core.environment:checking '/my_new_project/ros2_ws/install/roarm/lib/pkgconfig/roarm.pc'
[5.329s] Level 1:colcon.colcon_core.environment:checking '/my_new_project/ros2_ws/install/roarm/lib/python3.12/site-packages'
[5.332s] Level 1:colcon.colcon_core.environment:checking '/my_new_project/ros2_ws/install/roarm/bin'
[5.336s] INFO:colcon.colcon_core.shell:Creating package script '/my_new_project/ros2_ws/install/roarm/share/roarm/package.ps1'
[5.361s] INFO:colcon.colcon_core.shell:Creating package descriptor '/my_new_project/ros2_ws/install/roarm/share/roarm/package.dsv'
[5.385s] INFO:colcon.colcon_core.shell:Creating package script '/my_new_project/ros2_ws/install/roarm/share/roarm/package.sh'
[5.408s] INFO:colcon.colcon_core.shell:Creating package script '/my_new_project/ros2_ws/install/roarm/share/roarm/package.bash'
[5.432s] INFO:colcon.colcon_core.shell:Creating package script '/my_new_project/ros2_ws/install/roarm/share/roarm/package.zsh'
[5.454s] Level 1:colcon.colcon_core.environment:create_file_with_runtime_dependencies(/my_new_project/ros2_ws/install/roarm/share/colcon-core/packages/roarm)
[5.514s] DEBUG:colcon.colcon_core.event_handler.log_command:Invoking command in '/my_new_project/ros2_ws/src/serial_ctrl': PYTHONPATH=/my_new_project/ros2_ws/build/serial_ctrl/prefix_override:/usr/lib/python3/dist-packages/colcon_core/task/python/colcon_distutils_commands:/my_new_project/ros2_ws/install/serial_ctrl/lib/python3.12/site-packages:${PYTHONPATH} /usr/bin/python3 -W ignore:setup.py install is deprecated -W ignore:easy_install command is deprecated setup.py egg_info --egg-base ../../build/serial_ctrl build --build-base /my_new_project/ros2_ws/build/serial_ctrl/build install --record /my_new_project/ros2_ws/build/serial_ctrl/install.log --single-version-externally-managed install_data
[5.536s] DEBUG:colcon.colcon_core.event_handler.log_command:Invoking command in '/my_new_project/ros2_ws/src/my_package': PYTHONPATH=/my_new_project/ros2_ws/build/my_package/prefix_override:/usr/lib/python3/dist-packages/colcon_core/task/python/colcon_distutils_commands:/my_new_project/ros2_ws/install/my_package/lib/python3.12/site-packages:${PYTHONPATH} /usr/bin/python3 -W ignore:setup.py install is deprecated -W ignore:easy_install command is deprecated setup.py egg_info --egg-base ../../build/my_package build --build-base /my_new_project/ros2_ws/build/my_package/build install --record /my_new_project/ros2_ws/build/my_package/install.log --single-version-externally-managed install_data
[5.543s] Level 1:colcon.colcon_core.environment:create_environment_scripts_only(urdf_tutorial)
[5.544s] Level 1:colcon.colcon_core.environment:checking '/my_new_project/ros2_ws/install/urdf_tutorial' for CMake module files
[5.560s] DEBUG:colcon.colcon_core.event_handler.log_command:Invoking command in '/my_new_project/ros2_ws/src/py_pubsub': PYTHONPATH=/my_new_project/ros2_ws/build/py_pubsub/prefix_override:/usr/lib/python3/dist-packages/colcon_core/task/python/colcon_distutils_commands:/my_new_project/ros2_ws/install/py_pubsub/lib/python3.12/site-packages:${PYTHONPATH} /usr/bin/python3 -W ignore:setup.py install is deprecated -W ignore:easy_install command is deprecated setup.py egg_info --egg-base ../../build/py_pubsub build --build-base /my_new_project/ros2_ws/build/py_pubsub/build install --record /my_new_project/ros2_ws/build/py_pubsub/install.log --single-version-externally-managed install_data
[5.563s] DEBUG:colcon.colcon_core.event_handler.log_command:Invoked command in '/my_new_project/ros2_ws/build/urdf_tutorial' returned '0': CMAKE_PREFIX_PATH=${CMAKE_PREFIX_PATH}:/opt/ros/jazzy /usr/bin/cmake --install /my_new_project/ros2_ws/build/urdf_tutorial
[5.708s] Level 1:colcon.colcon_core.environment:checking '/my_new_project/ros2_ws/install/urdf_tutorial' for CMake config files
[5.857s] Level 1:colcon.colcon_core.shell:create_environment_hook('urdf_tutorial', 'cmake_prefix_path')
[5.858s] INFO:colcon.colcon_core.shell:Creating environment hook '/my_new_project/ros2_ws/install/urdf_tutorial/share/urdf_tutorial/hook/cmake_prefix_path.ps1'
[5.888s] INFO:colcon.colcon_core.shell:Creating environment descriptor '/my_new_project/ros2_ws/install/urdf_tutorial/share/urdf_tutorial/hook/cmake_prefix_path.dsv'
[5.920s] INFO:colcon.colcon_core.shell:Creating environment hook '/my_new_project/ros2_ws/install/urdf_tutorial/share/urdf_tutorial/hook/cmake_prefix_path.sh'
[5.956s] Level 1:colcon.colcon_core.environment:checking '/my_new_project/ros2_ws/install/urdf_tutorial/bin'
[5.959s] Level 1:colcon.colcon_core.environment:checking '/my_new_project/ros2_ws/install/urdf_tutorial/lib/pkgconfig/urdf_tutorial.pc'
[5.962s] Level 1:colcon.colcon_core.environment:checking '/my_new_project/ros2_ws/install/urdf_tutorial/lib/python3.12/site-packages'
[5.964s] Level 1:colcon.colcon_core.environment:checking '/my_new_project/ros2_ws/install/urdf_tutorial/bin'
[5.966s] INFO:colcon.colcon_core.shell:Creating package script '/my_new_project/ros2_ws/install/urdf_tutorial/share/urdf_tutorial/package.ps1'
[5.994s] INFO:colcon.colcon_core.shell:Creating package descriptor '/my_new_project/ros2_ws/install/urdf_tutorial/share/urdf_tutorial/package.dsv'
[6.021s] INFO:colcon.colcon_core.shell:Creating package script '/my_new_project/ros2_ws/install/urdf_tutorial/share/urdf_tutorial/package.sh'
[6.047s] INFO:colcon.colcon_core.shell:Creating package script '/my_new_project/ros2_ws/install/urdf_tutorial/share/urdf_tutorial/package.bash'
[6.071s] INFO:colcon.colcon_core.shell:Creating package script '/my_new_project/ros2_ws/install/urdf_tutorial/share/urdf_tutorial/package.zsh'
[6.101s] Level 1:colcon.colcon_core.environment:create_file_with_runtime_dependencies(/my_new_project/ros2_ws/install/urdf_tutorial/share/colcon-core/packages/urdf_tutorial)
[6.158s] Level 1:colcon.colcon_core.environment:create_environment_scripts_only(urdf_tutorial)
[6.159s] Level 1:colcon.colcon_core.environment:checking '/my_new_project/ros2_ws/install/urdf_tutorial' for CMake module files
[6.330s] Level 1:colcon.colcon_core.environment:checking '/my_new_project/ros2_ws/install/urdf_tutorial' for CMake config files
[6.448s] Level 1:colcon.colcon_core.shell:create_environment_hook('urdf_tutorial', 'cmake_prefix_path')
[6.448s] INFO:colcon.colcon_core.shell:Creating environment hook '/my_new_project/ros2_ws/install/urdf_tutorial/share/urdf_tutorial/hook/cmake_prefix_path.ps1'
[6.468s] INFO:colcon.colcon_core.shell:Creating environment descriptor '/my_new_project/ros2_ws/install/urdf_tutorial/share/urdf_tutorial/hook/cmake_prefix_path.dsv'
[6.493s] INFO:colcon.colcon_core.shell:Creating environment hook '/my_new_project/ros2_ws/install/urdf_tutorial/share/urdf_tutorial/hook/cmake_prefix_path.sh'
[6.518s] Level 1:colcon.colcon_core.environment:checking '/my_new_project/ros2_ws/install/urdf_tutorial/bin'
[6.521s] Level 1:colcon.colcon_core.environment:checking '/my_new_project/ros2_ws/install/urdf_tutorial/lib/pkgconfig/urdf_tutorial.pc'
[6.523s] Level 1:colcon.colcon_core.environment:checking '/my_new_project/ros2_ws/install/urdf_tutorial/lib/python3.12/site-packages'
[6.525s] Level 1:colcon.colcon_core.environment:checking '/my_new_project/ros2_ws/install/urdf_tutorial/bin'
[6.526s] INFO:colcon.colcon_core.shell:Creating package script '/my_new_project/ros2_ws/install/urdf_tutorial/share/urdf_tutorial/package.ps1'
[6.540s] INFO:colcon.colcon_core.shell:Creating package descriptor '/my_new_project/ros2_ws/install/urdf_tutorial/share/urdf_tutorial/package.dsv'
[6.558s] INFO:colcon.colcon_core.shell:Creating package script '/my_new_project/ros2_ws/install/urdf_tutorial/share/urdf_tutorial/package.sh'
[6.580s] INFO:colcon.colcon_core.shell:Creating package script '/my_new_project/ros2_ws/install/urdf_tutorial/share/urdf_tutorial/package.bash'
[6.598s] INFO:colcon.colcon_core.shell:Creating package script '/my_new_project/ros2_ws/install/urdf_tutorial/share/urdf_tutorial/package.zsh'
[6.614s] Level 1:colcon.colcon_core.environment:create_file_with_runtime_dependencies(/my_new_project/ros2_ws/install/urdf_tutorial/share/colcon-core/packages/urdf_tutorial)
[8.134s] DEBUG:colcon.colcon_core.event_handler.log_command:Invoked command in '/my_new_project/ros2_ws/build/turtlesim' returned '0': CMAKE_PREFIX_PATH=${CMAKE_PREFIX_PATH}:/opt/ros/jazzy /usr/bin/cmake --build /my_new_project/ros2_ws/build/turtlesim -- -j16 -l16
[8.209s] DEBUG:colcon.colcon_core.event_handler.log_command:Invoking command in '/my_new_project/ros2_ws/build/turtlesim': CMAKE_PREFIX_PATH=${CMAKE_PREFIX_PATH}:/opt/ros/jazzy /usr/bin/cmake --install /my_new_project/ros2_ws/build/turtlesim
[8.264s] Level 1:colcon.colcon_core.environment:checking '/my_new_project/ros2_ws/install/my_package' for CMake module files
[8.265s] DEBUG:colcon.colcon_core.event_handler.log_command:Invoked command in '/my_new_project/ros2_ws/src/my_package' returned '0': PYTHONPATH=/my_new_project/ros2_ws/build/my_package/prefix_override:/usr/lib/python3/dist-packages/colcon_core/task/python/colcon_distutils_commands:/my_new_project/ros2_ws/install/my_package/lib/python3.12/site-packages:${PYTHONPATH} /usr/bin/python3 -W ignore:setup.py install is deprecated -W ignore:easy_install command is deprecated setup.py egg_info --egg-base ../../build/my_package build --build-base /my_new_project/ros2_ws/build/my_package/build install --record /my_new_project/ros2_ws/build/my_package/install.log --single-version-externally-managed install_data
[8.322s] Level 1:colcon.colcon_core.environment:checking '/my_new_project/ros2_ws/install/my_package' for CMake config files
[8.423s] Level 1:colcon.colcon_core.environment:checking '/my_new_project/ros2_ws/install/my_package/lib'
[8.429s] Level 1:colcon.colcon_core.environment:checking '/my_new_project/ros2_ws/install/my_package/bin'
[8.431s] Level 1:colcon.colcon_core.environment:checking '/my_new_project/ros2_ws/install/my_package/lib/pkgconfig/my_package.pc'
[8.433s] Level 1:colcon.colcon_core.environment:checking '/my_new_project/ros2_ws/install/my_package/lib/python3.12/site-packages'
[8.436s] Level 1:colcon.colcon_core.shell:create_environment_hook('my_package', 'pythonpath')
[8.437s] INFO:colcon.colcon_core.shell:Creating environment hook '/my_new_project/ros2_ws/install/my_package/share/my_package/hook/pythonpath.ps1'
[8.453s] INFO:colcon.colcon_core.shell:Creating environment descriptor '/my_new_project/ros2_ws/install/my_package/share/my_package/hook/pythonpath.dsv'
[8.470s] INFO:colcon.colcon_core.shell:Creating environment hook '/my_new_project/ros2_ws/install/my_package/share/my_package/hook/pythonpath.sh'
[8.488s] Level 1:colcon.colcon_core.environment:checking '/my_new_project/ros2_ws/install/my_package/bin'
[8.489s] Level 1:colcon.colcon_core.environment:create_environment_scripts_only(my_package)
[8.490s] INFO:colcon.colcon_core.shell:Creating package script '/my_new_project/ros2_ws/install/my_package/share/my_package/package.ps1'
[8.504s] INFO:colcon.colcon_core.shell:Creating package descriptor '/my_new_project/ros2_ws/install/my_package/share/my_package/package.dsv'
[8.517s] INFO:colcon.colcon_core.shell:Creating package script '/my_new_project/ros2_ws/install/my_package/share/my_package/package.sh'
[8.532s] INFO:colcon.colcon_core.shell:Creating package script '/my_new_project/ros2_ws/install/my_package/share/my_package/package.bash'
[8.547s] INFO:colcon.colcon_core.shell:Creating package script '/my_new_project/ros2_ws/install/my_package/share/my_package/package.zsh'
[8.560s] Level 1:colcon.colcon_core.environment:create_file_with_runtime_dependencies(/my_new_project/ros2_ws/install/my_package/share/colcon-core/packages/my_package)
[8.571s] Level 1:colcon.colcon_core.environment:checking '/my_new_project/ros2_ws/install/serial_ctrl' for CMake module files
[8.580s] DEBUG:colcon.colcon_core.event_handler.log_command:Invoked command in '/my_new_project/ros2_ws/src/serial_ctrl' returned '0': PYTHONPATH=/my_new_project/ros2_ws/build/serial_ctrl/prefix_override:/usr/lib/python3/dist-packages/colcon_core/task/python/colcon_distutils_commands:/my_new_project/ros2_ws/install/serial_ctrl/lib/python3.12/site-packages:${PYTHONPATH} /usr/bin/python3 -W ignore:setup.py install is deprecated -W ignore:easy_install command is deprecated setup.py egg_info --egg-base ../../build/serial_ctrl build --build-base /my_new_project/ros2_ws/build/serial_ctrl/build install --record /my_new_project/ros2_ws/build/serial_ctrl/install.log --single-version-externally-managed install_data
[8.630s] Level 1:colcon.colcon_core.environment:checking '/my_new_project/ros2_ws/install/serial_ctrl' for CMake config files
[8.729s] Level 1:colcon.colcon_core.environment:checking '/my_new_project/ros2_ws/install/serial_ctrl/lib'
[8.733s] Level 1:colcon.colcon_core.environment:checking '/my_new_project/ros2_ws/install/serial_ctrl/bin'
[8.735s] Level 1:colcon.colcon_core.environment:checking '/my_new_project/ros2_ws/install/serial_ctrl/lib/pkgconfig/serial_ctrl.pc'
[8.736s] Level 1:colcon.colcon_core.environment:checking '/my_new_project/ros2_ws/install/serial_ctrl/lib/python3.12/site-packages'
[8.739s] Level 1:colcon.colcon_core.shell:create_environment_hook('serial_ctrl', 'pythonpath')
[8.739s] INFO:colcon.colcon_core.shell:Creating environment hook '/my_new_project/ros2_ws/install/serial_ctrl/share/serial_ctrl/hook/pythonpath.ps1'
[8.768s] INFO:colcon.colcon_core.shell:Creating environment descriptor '/my_new_project/ros2_ws/install/serial_ctrl/share/serial_ctrl/hook/pythonpath.dsv'
[8.784s] INFO:colcon.colcon_core.shell:Creating environment hook '/my_new_project/ros2_ws/install/serial_ctrl/share/serial_ctrl/hook/pythonpath.sh'
[8.801s] Level 1:colcon.colcon_core.environment:checking '/my_new_project/ros2_ws/install/serial_ctrl/bin'
[8.802s] Level 1:colcon.colcon_core.environment:create_environment_scripts_only(serial_ctrl)
[8.803s] INFO:colcon.colcon_core.shell:Creating package script '/my_new_project/ros2_ws/install/serial_ctrl/share/serial_ctrl/package.ps1'
[8.815s] INFO:colcon.colcon_core.shell:Creating package descriptor '/my_new_project/ros2_ws/install/serial_ctrl/share/serial_ctrl/package.dsv'
[8.828s] INFO:colcon.colcon_core.shell:Creating package script '/my_new_project/ros2_ws/install/serial_ctrl/share/serial_ctrl/package.sh'
[8.843s] INFO:colcon.colcon_core.shell:Creating package script '/my_new_project/ros2_ws/install/serial_ctrl/share/serial_ctrl/package.bash'
[8.859s] INFO:colcon.colcon_core.shell:Creating package script '/my_new_project/ros2_ws/install/serial_ctrl/share/serial_ctrl/package.zsh'
[8.873s] Level 1:colcon.colcon_core.environment:create_file_with_runtime_dependencies(/my_new_project/ros2_ws/install/serial_ctrl/share/colcon-core/packages/serial_ctrl)
[8.884s] Level 1:colcon.colcon_core.environment:checking '/my_new_project/ros2_ws/install/py_pubsub' for CMake module files
[8.892s] DEBUG:colcon.colcon_core.event_handler.log_command:Invoked command in '/my_new_project/ros2_ws/src/py_pubsub' returned '0': PYTHONPATH=/my_new_project/ros2_ws/build/py_pubsub/prefix_override:/usr/lib/python3/dist-packages/colcon_core/task/python/colcon_distutils_commands:/my_new_project/ros2_ws/install/py_pubsub/lib/python3.12/site-packages:${PYTHONPATH} /usr/bin/python3 -W ignore:setup.py install is deprecated -W ignore:easy_install command is deprecated setup.py egg_info --egg-base ../../build/py_pubsub build --build-base /my_new_project/ros2_ws/build/py_pubsub/build install --record /my_new_project/ros2_ws/build/py_pubsub/install.log --single-version-externally-managed install_data
[8.940s] Level 1:colcon.colcon_core.environment:checking '/my_new_project/ros2_ws/install/py_pubsub' for CMake config files
[9.031s] Level 1:colcon.colcon_core.environment:checking '/my_new_project/ros2_ws/install/py_pubsub/lib'
[9.035s] Level 1:colcon.colcon_core.environment:checking '/my_new_project/ros2_ws/install/py_pubsub/bin'
[9.036s] Level 1:colcon.colcon_core.environment:checking '/my_new_project/ros2_ws/install/py_pubsub/lib/pkgconfig/py_pubsub.pc'
[9.038s] Level 1:colcon.colcon_core.environment:checking '/my_new_project/ros2_ws/install/py_pubsub/lib/python3.12/site-packages'
[9.041s] Level 1:colcon.colcon_core.shell:create_environment_hook('py_pubsub', 'pythonpath')
[9.041s] INFO:colcon.colcon_core.shell:Creating environment hook '/my_new_project/ros2_ws/install/py_pubsub/share/py_pubsub/hook/pythonpath.ps1'
[9.058s] INFO:colcon.colcon_core.shell:Creating environment descriptor '/my_new_project/ros2_ws/install/py_pubsub/share/py_pubsub/hook/pythonpath.dsv'
[9.074s] INFO:colcon.colcon_core.shell:Creating environment hook '/my_new_project/ros2_ws/install/py_pubsub/share/py_pubsub/hook/pythonpath.sh'
[9.090s] Level 1:colcon.colcon_core.environment:checking '/my_new_project/ros2_ws/install/py_pubsub/bin'
[9.091s] Level 1:colcon.colcon_core.environment:create_environment_scripts_only(py_pubsub)
[9.092s] INFO:colcon.colcon_core.shell:Creating package script '/my_new_project/ros2_ws/install/py_pubsub/share/py_pubsub/package.ps1'
[9.103s] INFO:colcon.colcon_core.shell:Creating package descriptor '/my_new_project/ros2_ws/install/py_pubsub/share/py_pubsub/package.dsv'
[9.119s] INFO:colcon.colcon_core.shell:Creating package script '/my_new_project/ros2_ws/install/py_pubsub/share/py_pubsub/package.sh'
[9.133s] INFO:colcon.colcon_core.shell:Creating package script '/my_new_project/ros2_ws/install/py_pubsub/share/py_pubsub/package.bash'
[9.146s] INFO:colcon.colcon_core.shell:Creating package script '/my_new_project/ros2_ws/install/py_pubsub/share/py_pubsub/package.zsh'
[9.160s] Level 1:colcon.colcon_core.environment:create_file_with_runtime_dependencies(/my_new_project/ros2_ws/install/py_pubsub/share/colcon-core/packages/py_pubsub)
[24.303s] Level 1:colcon.colcon_core.environment:create_environment_scripts_only(turtlesim)
[24.304s] Level 1:colcon.colcon_core.environment:checking '/my_new_project/ros2_ws/install/turtlesim' for CMake module files
[24.305s] DEBUG:colcon.colcon_core.event_handler.log_command:Invoked command in '/my_new_project/ros2_ws/build/turtlesim' returned '0': CMAKE_PREFIX_PATH=${CMAKE_PREFIX_PATH}:/opt/ros/jazzy /usr/bin/cmake --install /my_new_project/ros2_ws/build/turtlesim
[24.579s] Level 1:colcon.colcon_core.environment:checking '/my_new_project/ros2_ws/install/turtlesim' for CMake config files
[24.846s] Level 1:colcon.colcon_core.shell:create_environment_hook('turtlesim', 'cmake_prefix_path')
[24.846s] INFO:colcon.colcon_core.shell:Creating environment hook '/my_new_project/ros2_ws/install/turtlesim/share/turtlesim/hook/cmake_prefix_path.ps1'
[24.863s] INFO:colcon.colcon_core.shell:Creating environment descriptor '/my_new_project/ros2_ws/install/turtlesim/share/turtlesim/hook/cmake_prefix_path.dsv'
[24.881s] INFO:colcon.colcon_core.shell:Creating environment hook '/my_new_project/ros2_ws/install/turtlesim/share/turtlesim/hook/cmake_prefix_path.sh'
[24.901s] Level 1:colcon.colcon_core.environment:checking '/my_new_project/ros2_ws/install/turtlesim/lib'
[24.907s] Level 1:colcon.colcon_core.shell:create_environment_hook('turtlesim', 'ld_library_path_lib')
[24.907s] INFO:colcon.colcon_core.shell:Creating environment hook '/my_new_project/ros2_ws/install/turtlesim/share/turtlesim/hook/ld_library_path_lib.ps1'
[24.921s] INFO:colcon.colcon_core.shell:Creating environment descriptor '/my_new_project/ros2_ws/install/turtlesim/share/turtlesim/hook/ld_library_path_lib.dsv'
[24.941s] INFO:colcon.colcon_core.shell:Creating environment hook '/my_new_project/ros2_ws/install/turtlesim/share/turtlesim/hook/ld_library_path_lib.sh'
[24.961s] Level 1:colcon.colcon_core.environment:checking '/my_new_project/ros2_ws/install/turtlesim/bin'
[24.963s] Level 1:colcon.colcon_core.environment:checking '/my_new_project/ros2_ws/install/turtlesim/lib/pkgconfig/turtlesim.pc'
[24.966s] Level 1:colcon.colcon_core.environment:checking '/my_new_project/ros2_ws/install/turtlesim/lib/python3.12/site-packages'
[24.971s] Level 1:colcon.colcon_core.shell:create_environment_hook('turtlesim', 'pythonpath')
[24.971s] INFO:colcon.colcon_core.shell:Creating environment hook '/my_new_project/ros2_ws/install/turtlesim/share/turtlesim/hook/pythonpath.ps1'
[24.992s] INFO:colcon.colcon_core.shell:Creating environment descriptor '/my_new_project/ros2_ws/install/turtlesim/share/turtlesim/hook/pythonpath.dsv'
[25.010s] INFO:colcon.colcon_core.shell:Creating environment hook '/my_new_project/ros2_ws/install/turtlesim/share/turtlesim/hook/pythonpath.sh'
[25.032s] Level 1:colcon.colcon_core.environment:checking '/my_new_project/ros2_ws/install/turtlesim/bin'
[25.034s] INFO:colcon.colcon_core.shell:Creating package script '/my_new_project/ros2_ws/install/turtlesim/share/turtlesim/package.ps1'
[25.051s] INFO:colcon.colcon_core.shell:Creating package descriptor '/my_new_project/ros2_ws/install/turtlesim/share/turtlesim/package.dsv'
[25.069s] INFO:colcon.colcon_core.shell:Creating package script '/my_new_project/ros2_ws/install/turtlesim/share/turtlesim/package.sh'
[25.086s] INFO:colcon.colcon_core.shell:Creating package script '/my_new_project/ros2_ws/install/turtlesim/share/turtlesim/package.bash'
[25.101s] INFO:colcon.colcon_core.shell:Creating package script '/my_new_project/ros2_ws/install/turtlesim/share/turtlesim/package.zsh'
[25.117s] Level 1:colcon.colcon_core.environment:create_file_with_runtime_dependencies(/my_new_project/ros2_ws/install/turtlesim/share/colcon-core/packages/turtlesim)
[25.148s] Level 1:colcon.colcon_core.environment:create_environment_scripts_only(turtlesim)
[25.148s] Level 1:colcon.colcon_core.environment:checking '/my_new_project/ros2_ws/install/turtlesim' for CMake module files
[25.410s] Level 1:colcon.colcon_core.environment:checking '/my_new_project/ros2_ws/install/turtlesim' for CMake config files
[25.649s] Level 1:colcon.colcon_core.shell:create_environment_hook('turtlesim', 'cmake_prefix_path')
[25.650s] INFO:colcon.colcon_core.shell:Creating environment hook '/my_new_project/ros2_ws/install/turtlesim/share/turtlesim/hook/cmake_prefix_path.ps1'
[25.668s] INFO:colcon.colcon_core.shell:Creating environment descriptor '/my_new_project/ros2_ws/install/turtlesim/share/turtlesim/hook/cmake_prefix_path.dsv'
[25.683s] INFO:colcon.colcon_core.shell:Creating environment hook '/my_new_project/ros2_ws/install/turtlesim/share/turtlesim/hook/cmake_prefix_path.sh'
[25.704s] Level 1:colcon.colcon_core.environment:checking '/my_new_project/ros2_ws/install/turtlesim/lib'
[25.708s] Level 1:colcon.colcon_core.shell:create_environment_hook('turtlesim', 'ld_library_path_lib')
[25.708s] INFO:colcon.colcon_core.shell:Creating environment hook '/my_new_project/ros2_ws/install/turtlesim/share/turtlesim/hook/ld_library_path_lib.ps1'
[25.722s] INFO:colcon.colcon_core.shell:Creating environment descriptor '/my_new_project/ros2_ws/install/turtlesim/share/turtlesim/hook/ld_library_path_lib.dsv'
[25.737s] INFO:colcon.colcon_core.shell:Creating environment hook '/my_new_project/ros2_ws/install/turtlesim/share/turtlesim/hook/ld_library_path_lib.sh'
[25.749s] Level 1:colcon.colcon_core.environment:checking '/my_new_project/ros2_ws/install/turtlesim/bin'
[25.751s] Level 1:colcon.colcon_core.environment:checking '/my_new_project/ros2_ws/install/turtlesim/lib/pkgconfig/turtlesim.pc'
[25.753s] Level 1:colcon.colcon_core.environment:checking '/my_new_project/ros2_ws/install/turtlesim/lib/python3.12/site-packages'
[25.757s] Level 1:colcon.colcon_core.shell:create_environment_hook('turtlesim', 'pythonpath')
[25.757s] INFO:colcon.colcon_core.shell:Creating environment hook '/my_new_project/ros2_ws/install/turtlesim/share/turtlesim/hook/pythonpath.ps1'
[25.771s] INFO:colcon.colcon_core.shell:Creating environment descriptor '/my_new_project/ros2_ws/install/turtlesim/share/turtlesim/hook/pythonpath.dsv'
[25.789s] INFO:colcon.colcon_core.shell:Creating environment hook '/my_new_project/ros2_ws/install/turtlesim/share/turtlesim/hook/pythonpath.sh'
[25.808s] Level 1:colcon.colcon_core.environment:checking '/my_new_project/ros2_ws/install/turtlesim/bin'
[25.810s] INFO:colcon.colcon_core.shell:Creating package script '/my_new_project/ros2_ws/install/turtlesim/share/turtlesim/package.ps1'
[25.827s] INFO:colcon.colcon_core.shell:Creating package descriptor '/my_new_project/ros2_ws/install/turtlesim/share/turtlesim/package.dsv'
[25.860s] INFO:colcon.colcon_core.shell:Creating package script '/my_new_project/ros2_ws/install/turtlesim/share/turtlesim/package.sh'
[25.878s] INFO:colcon.colcon_core.shell:Creating package script '/my_new_project/ros2_ws/install/turtlesim/share/turtlesim/package.bash'
[25.894s] INFO:colcon.colcon_core.shell:Creating package script '/my_new_project/ros2_ws/install/turtlesim/share/turtlesim/package.zsh'
[25.910s] Level 1:colcon.colcon_core.environment:create_file_with_runtime_dependencies(/my_new_project/ros2_ws/install/turtlesim/share/colcon-core/packages/turtlesim)
[25.922s] DEBUG:colcon.colcon_parallel_executor.executor.parallel:closing loop
[25.923s] DEBUG:colcon.colcon_parallel_executor.executor.parallel:loop closed
[25.923s] DEBUG:colcon.colcon_parallel_executor.executor.parallel:run_until_complete finished with '0'
[25.924s] DEBUG:colcon.colcon_core.event_reactor:joining thread
[25.968s] INFO:colcon.colcon_core.plugin_system:Skipping extension 'colcon_notification.desktop_notification.notify_send': Could not find 'notify-send'
[25.968s] INFO:colcon.colcon_core.plugin_system:Skipping extension 'colcon_notification.desktop_notification.terminal_notifier': Not used on non-Darwin systems
[25.969s] INFO:colcon.colcon_core.plugin_system:Skipping extension 'colcon_notification.desktop_notification.win32': Not used on non-Windows systems
[25.969s] INFO:colcon.colcon_notification.desktop_notification:Sending desktop notification using 'notify2'
[25.982s] DEBUG:colcon.colcon_notification.desktop_notification.notify2:Failed to initialize notify2: org.freedesktop.DBus.Error.Spawn.ExecFailed: /usr/bin/dbus-launch terminated abnormally without any error message
[25.983s] DEBUG:colcon.colcon_core.event_reactor:joined thread
[25.984s] INFO:colcon.colcon_core.shell:Creating prefix script '/my_new_project/ros2_ws/install/local_setup.ps1'
[25.992s] INFO:colcon.colcon_core.shell:Creating prefix util module '/my_new_project/ros2_ws/install/_local_setup_util_ps1.py'
[25.999s] INFO:colcon.colcon_core.shell:Creating prefix chain script '/my_new_project/ros2_ws/install/setup.ps1'
[26.007s] INFO:colcon.colcon_core.shell:Creating prefix script '/my_new_project/ros2_ws/install/local_setup.sh'
[26.015s] INFO:colcon.colcon_core.shell:Creating prefix util module '/my_new_project/ros2_ws/install/_local_setup_util_sh.py'
[26.023s] INFO:colcon.colcon_core.shell:Creating prefix chain script '/my_new_project/ros2_ws/install/setup.sh'
[26.033s] INFO:colcon.colcon_core.shell:Creating prefix script '/my_new_project/ros2_ws/install/local_setup.bash'
[26.041s] INFO:colcon.colcon_core.shell:Creating prefix chain script '/my_new_project/ros2_ws/install/setup.bash'
[26.051s] INFO:colcon.colcon_core.shell:Creating prefix script '/my_new_project/ros2_ws/install/local_setup.zsh'
[26.057s] INFO:colcon.colcon_core.shell:Creating prefix chain script '/my_new_project/ros2_ws/install/setup.zsh'
