[0.352s] DEBUG:colcon:Command line arguments: ['/usr/bin/colcon', 'build', '--symlink-install']
[0.353s] DEBUG:colcon:Parsed command line arguments: Namespace(log_base=None, log_level=None, verb_name='build', build_base='build', install_base='install', merge_install=False, symlink_install=True, test_result_base=None, continue_on_error=False, executor='parallel', parallel_workers=16, event_handlers=None, ignore_user_meta=False, metas=['./colcon.meta'], base_paths=['.'], packages_ignore=None, packages_ignore_regex=None, paths=None, packages_up_to=None, packages_up_to_regex=None, packages_above=None, packages_above_and_dependencies=None, packages_above_depth=None, packages_select_by_dep=None, packages_skip_by_dep=None, packages_skip_up_to=None, packages_select_build_failed=False, packages_skip_build_finished=False, packages_select_test_failures=False, packages_skip_test_passed=False, packages_select=None, packages_skip=None, packages_select_regex=None, packages_skip_regex=None, packages_start=None, packages_end=None, cmake_args=None, cmake_target=None, cmake_target_skip_unavailable=False, cmake_clean_cache=False, cmake_clean_first=False, cmake_force_configure=False, ament_cmake_args=None, catkin_cmake_args=None, catkin_skip_building_tests=False, mixin_files=None, mixin=None, verb_parser=<colcon_mixin.mixin.mixin_argument.MixinArgumentDecorator object at 0x7f3ef019f410>, verb_extension=<colcon_core.verb.build.BuildVerb object at 0x7f3ef019c350>, main=<bound method BuildVerb.main of <colcon_core.verb.build.BuildVerb object at 0x7f3ef019c350>>, mixin_verb=('build',))
[0.464s] Level 1:colcon.colcon_core.package_discovery:discover_packages(colcon_meta) check parameters
[0.464s] Level 1:colcon.colcon_core.package_discovery:discover_packages(recursive) check parameters
[0.465s] Level 1:colcon.colcon_core.package_discovery:discover_packages(ignore) check parameters
[0.465s] Level 1:colcon.colcon_core.package_discovery:discover_packages(path) check parameters
[0.465s] Level 1:colcon.colcon_core.package_discovery:discover_packages(colcon_meta) discover
[0.466s] Level 1:colcon.colcon_core.package_discovery:discover_packages(recursive) discover
[0.466s] INFO:colcon.colcon_core.package_discovery:Crawling recursively for packages in '/my_new_project/ros2_ws'
[0.468s] Level 1:colcon.colcon_core.package_identification:_identify(.) by extensions ['ignore', 'ignore_ament_install']
[0.469s] Level 1:colcon.colcon_core.package_identification:_identify(.) by extension 'ignore'
[0.469s] Level 1:colcon.colcon_core.package_identification:_identify(.) by extension 'ignore_ament_install'
[0.470s] Level 1:colcon.colcon_core.package_identification:_identify(.) by extensions ['colcon_pkg']
[0.471s] Level 1:colcon.colcon_core.package_identification:_identify(.) by extension 'colcon_pkg'
[0.471s] Level 1:colcon.colcon_core.package_identification:_identify(.) by extensions ['colcon_meta']
[0.472s] Level 1:colcon.colcon_core.package_identification:_identify(.) by extension 'colcon_meta'
[0.472s] Level 1:colcon.colcon_core.package_identification:_identify(.) by extensions ['ros']
[0.472s] Level 1:colcon.colcon_core.package_identification:_identify(.) by extension 'ros'
[0.524s] Level 1:colcon.colcon_core.package_identification:_identify(.) by extensions ['cmake', 'python']
[0.525s] Level 1:colcon.colcon_core.package_identification:_identify(.) by extension 'cmake'
[0.526s] Level 1:colcon.colcon_core.package_identification:_identify(.) by extension 'python'
[0.526s] Level 1:colcon.colcon_core.package_identification:_identify(.) by extensions ['python_setup_py']
[0.527s] Level 1:colcon.colcon_core.package_identification:_identify(.) by extension 'python_setup_py'
[0.533s] Level 1:colcon.colcon_core.package_identification:_identify(build) by extensions ['ignore', 'ignore_ament_install']
[0.534s] Level 1:colcon.colcon_core.package_identification:_identify(build) by extension 'ignore'
[0.537s] Level 1:colcon.colcon_core.package_identification:_identify(build) ignored
[0.542s] Level 1:colcon.colcon_core.package_identification:_identify(install) by extensions ['ignore', 'ignore_ament_install']
[0.542s] Level 1:colcon.colcon_core.package_identification:_identify(install) by extension 'ignore'
[0.545s] Level 1:colcon.colcon_core.package_identification:_identify(install) ignored
[0.551s] Level 1:colcon.colcon_core.package_identification:_identify(log) by extensions ['ignore', 'ignore_ament_install']
[0.551s] Level 1:colcon.colcon_core.package_identification:_identify(log) by extension 'ignore'
[0.553s] Level 1:colcon.colcon_core.package_identification:_identify(log) ignored
[0.556s] Level 1:colcon.colcon_core.package_identification:_identify(ros_tutorials) by extensions ['ignore', 'ignore_ament_install']
[0.557s] Level 1:colcon.colcon_core.package_identification:_identify(ros_tutorials) by extension 'ignore'
[0.558s] Level 1:colcon.colcon_core.package_identification:_identify(ros_tutorials) by extension 'ignore_ament_install'
[0.560s] Level 1:colcon.colcon_core.package_identification:_identify(ros_tutorials) by extensions ['colcon_pkg']
[0.560s] Level 1:colcon.colcon_core.package_identification:_identify(ros_tutorials) by extension 'colcon_pkg'
[0.561s] Level 1:colcon.colcon_core.package_identification:_identify(ros_tutorials) by extensions ['colcon_meta']
[0.561s] Level 1:colcon.colcon_core.package_identification:_identify(ros_tutorials) by extension 'colcon_meta'
[0.562s] Level 1:colcon.colcon_core.package_identification:_identify(ros_tutorials) by extensions ['ros']
[0.563s] Level 1:colcon.colcon_core.package_identification:_identify(ros_tutorials) by extension 'ros'
[0.566s] Level 1:colcon.colcon_core.package_identification:_identify(ros_tutorials) by extensions ['cmake', 'python']
[0.566s] Level 1:colcon.colcon_core.package_identification:_identify(ros_tutorials) by extension 'cmake'
[0.567s] Level 1:colcon.colcon_core.package_identification:_identify(ros_tutorials) by extension 'python'
[0.568s] Level 1:colcon.colcon_core.package_identification:_identify(ros_tutorials) by extensions ['python_setup_py']
[0.568s] Level 1:colcon.colcon_core.package_identification:_identify(ros_tutorials) by extension 'python_setup_py'
[0.573s] Level 1:colcon.colcon_core.package_identification:_identify(ros_tutorials/turtlesim) by extensions ['ignore', 'ignore_ament_install']
[0.574s] Level 1:colcon.colcon_core.package_identification:_identify(ros_tutorials/turtlesim) by extension 'ignore'
[0.575s] Level 1:colcon.colcon_core.package_identification:_identify(ros_tutorials/turtlesim) by extension 'ignore_ament_install'
[0.578s] Level 1:colcon.colcon_core.package_identification:_identify(ros_tutorials/turtlesim) by extensions ['colcon_pkg']
[0.578s] Level 1:colcon.colcon_core.package_identification:_identify(ros_tutorials/turtlesim) by extension 'colcon_pkg'
[0.580s] Level 1:colcon.colcon_core.package_identification:_identify(ros_tutorials/turtlesim) by extensions ['colcon_meta']
[0.580s] Level 1:colcon.colcon_core.package_identification:_identify(ros_tutorials/turtlesim) by extension 'colcon_meta'
[0.583s] Level 1:colcon.colcon_core.package_identification:_identify(ros_tutorials/turtlesim) by extensions ['ros']
[0.583s] Level 1:colcon.colcon_core.package_identification:_identify(ros_tutorials/turtlesim) by extension 'ros'
[0.605s] DEBUG:colcon.colcon_core.package_identification:Package 'ros_tutorials/turtlesim' with type 'ros.ament_cmake' and name 'turtlesim'
[0.612s] Level 1:colcon.colcon_core.package_identification:_identify(src) by extensions ['ignore', 'ignore_ament_install']
[0.612s] Level 1:colcon.colcon_core.package_identification:_identify(src) by extension 'ignore'
[0.614s] Level 1:colcon.colcon_core.package_identification:_identify(src) by extension 'ignore_ament_install'
[0.622s] Level 1:colcon.colcon_core.package_identification:_identify(src) by extensions ['colcon_pkg']
[0.623s] Level 1:colcon.colcon_core.package_identification:_identify(src) by extension 'colcon_pkg'
[0.624s] Level 1:colcon.colcon_core.package_identification:_identify(src) by extensions ['colcon_meta']
[0.625s] Level 1:colcon.colcon_core.package_identification:_identify(src) by extension 'colcon_meta'
[0.627s] Level 1:colcon.colcon_core.package_identification:_identify(src) by extensions ['ros']
[0.627s] Level 1:colcon.colcon_core.package_identification:_identify(src) by extension 'ros'
[0.633s] Level 1:colcon.colcon_core.package_identification:_identify(src) by extensions ['cmake', 'python']
[0.634s] Level 1:colcon.colcon_core.package_identification:_identify(src) by extension 'cmake'
[0.635s] Level 1:colcon.colcon_core.package_identification:_identify(src) by extension 'python'
[0.636s] Level 1:colcon.colcon_core.package_identification:_identify(src) by extensions ['python_setup_py']
[0.636s] Level 1:colcon.colcon_core.package_identification:_identify(src) by extension 'python_setup_py'
[0.637s] Level 1:colcon.colcon_core.package_discovery:discover_packages(recursive) using defaults
[0.638s] Level 1:colcon.colcon_core.package_discovery:discover_packages(ignore) discover
[0.638s] Level 1:colcon.colcon_core.package_discovery:discover_packages(ignore) using defaults
[0.638s] Level 1:colcon.colcon_core.package_discovery:discover_packages(path) discover
[0.638s] Level 1:colcon.colcon_core.package_discovery:discover_packages(path) using defaults
[0.713s] Level 5:colcon.colcon_core.verb:set package 'turtlesim' build argument 'cmake_args' from command line to 'None'
[0.713s] Level 5:colcon.colcon_core.verb:set package 'turtlesim' build argument 'cmake_target' from command line to 'None'
[0.714s] Level 5:colcon.colcon_core.verb:set package 'turtlesim' build argument 'cmake_target_skip_unavailable' from command line to 'False'
[0.714s] Level 5:colcon.colcon_core.verb:set package 'turtlesim' build argument 'cmake_clean_cache' from command line to 'False'
[0.714s] Level 5:colcon.colcon_core.verb:set package 'turtlesim' build argument 'cmake_clean_first' from command line to 'False'
[0.715s] Level 5:colcon.colcon_core.verb:set package 'turtlesim' build argument 'cmake_force_configure' from command line to 'False'
[0.715s] Level 5:colcon.colcon_core.verb:set package 'turtlesim' build argument 'ament_cmake_args' from command line to 'None'
[0.715s] Level 5:colcon.colcon_core.verb:set package 'turtlesim' build argument 'catkin_cmake_args' from command line to 'None'
[0.716s] Level 5:colcon.colcon_core.verb:set package 'turtlesim' build argument 'catkin_skip_building_tests' from command line to 'False'
[0.716s] DEBUG:colcon.colcon_core.verb:Building package 'turtlesim' with the following arguments: {'ament_cmake_args': None, 'build_base': '/my_new_project/ros2_ws/build/turtlesim', 'catkin_cmake_args': None, 'catkin_skip_building_tests': False, 'cmake_args': None, 'cmake_clean_cache': False, 'cmake_clean_first': False, 'cmake_force_configure': False, 'cmake_target': None, 'cmake_target_skip_unavailable': False, 'install_base': '/my_new_project/ros2_ws/install/turtlesim', 'merge_install': False, 'path': '/my_new_project/ros2_ws/ros_tutorials/turtlesim', 'symlink_install': True, 'test_result_base': None}
[0.716s] INFO:colcon.colcon_core.executor:Executing jobs using 'parallel' executor
[0.718s] DEBUG:colcon.colcon_parallel_executor.executor.parallel:run_until_complete
[0.718s] INFO:colcon.colcon_ros.task.ament_cmake.build:Building ROS package in '/my_new_project/ros2_ws/ros_tutorials/turtlesim' with build type 'ament_cmake'
[0.719s] INFO:colcon.colcon_cmake.task.cmake.build:Building CMake package in '/my_new_project/ros2_ws/ros_tutorials/turtlesim'
[0.731s] INFO:colcon.colcon_core.plugin_system:Skipping extension 'colcon_core.shell.bat': Not used on non-Windows systems
[0.731s] INFO:colcon.colcon_core.shell:Skip shell extension 'powershell' for command environment: Not usable outside of PowerShell
[0.732s] DEBUG:colcon.colcon_core.shell:Skip shell extension 'dsv' for command environment
[0.906s] DEBUG:colcon.colcon_core.event_handler.log_command:Invoking command in '/my_new_project/ros2_ws/build/turtlesim': CMAKE_PREFIX_PATH=${CMAKE_PREFIX_PATH}:/opt/ros/jazzy /usr/bin/cmake --build /my_new_project/ros2_ws/build/turtlesim -- -j16 -l16
[33.209s] DEBUG:colcon.colcon_core.event_handler.log_command:Invoked command in '/my_new_project/ros2_ws/build/turtlesim' returned '0': CMAKE_PREFIX_PATH=${CMAKE_PREFIX_PATH}:/opt/ros/jazzy /usr/bin/cmake --build /my_new_project/ros2_ws/build/turtlesim -- -j16 -l16
[33.343s] DEBUG:colcon.colcon_core.event_handler.log_command:Invoking command in '/my_new_project/ros2_ws/build/turtlesim': CMAKE_PREFIX_PATH=${CMAKE_PREFIX_PATH}:/opt/ros/jazzy /usr/bin/cmake --install /my_new_project/ros2_ws/build/turtlesim
[48.900s] Level 1:colcon.colcon_core.environment:create_environment_scripts_only(turtlesim)
[48.902s] DEBUG:colcon.colcon_core.event_handler.log_command:Invoked command in '/my_new_project/ros2_ws/build/turtlesim' returned '0': CMAKE_PREFIX_PATH=${CMAKE_PREFIX_PATH}:/opt/ros/jazzy /usr/bin/cmake --install /my_new_project/ros2_ws/build/turtlesim
[48.912s] Level 1:colcon.colcon_core.environment:checking '/my_new_project/ros2_ws/install/turtlesim' for CMake module files
[49.257s] Level 1:colcon.colcon_core.environment:checking '/my_new_project/ros2_ws/install/turtlesim' for CMake config files
[50.315s] Level 1:colcon.colcon_core.shell:create_environment_hook('turtlesim', 'cmake_prefix_path')
[50.316s] INFO:colcon.colcon_core.shell:Creating environment hook '/my_new_project/ros2_ws/install/turtlesim/share/turtlesim/hook/cmake_prefix_path.ps1'
[50.332s] INFO:colcon.colcon_core.shell:Creating environment descriptor '/my_new_project/ros2_ws/install/turtlesim/share/turtlesim/hook/cmake_prefix_path.dsv'
[50.349s] INFO:colcon.colcon_core.shell:Creating environment hook '/my_new_project/ros2_ws/install/turtlesim/share/turtlesim/hook/cmake_prefix_path.sh'
[50.374s] Level 1:colcon.colcon_core.environment:checking '/my_new_project/ros2_ws/install/turtlesim/lib'
[50.379s] Level 1:colcon.colcon_core.shell:create_environment_hook('turtlesim', 'ld_library_path_lib')
[50.380s] INFO:colcon.colcon_core.shell:Creating environment hook '/my_new_project/ros2_ws/install/turtlesim/share/turtlesim/hook/ld_library_path_lib.ps1'
[50.395s] INFO:colcon.colcon_core.shell:Creating environment descriptor '/my_new_project/ros2_ws/install/turtlesim/share/turtlesim/hook/ld_library_path_lib.dsv'
[50.410s] INFO:colcon.colcon_core.shell:Creating environment hook '/my_new_project/ros2_ws/install/turtlesim/share/turtlesim/hook/ld_library_path_lib.sh'
[50.431s] Level 1:colcon.colcon_core.environment:checking '/my_new_project/ros2_ws/install/turtlesim/bin'
[50.434s] Level 1:colcon.colcon_core.environment:checking '/my_new_project/ros2_ws/install/turtlesim/lib/pkgconfig/turtlesim.pc'
[50.443s] Level 1:colcon.colcon_core.environment:checking '/my_new_project/ros2_ws/install/turtlesim/lib/python3.12/site-packages'
[50.449s] Level 1:colcon.colcon_core.shell:create_environment_hook('turtlesim', 'pythonpath')
[50.449s] INFO:colcon.colcon_core.shell:Creating environment hook '/my_new_project/ros2_ws/install/turtlesim/share/turtlesim/hook/pythonpath.ps1'
[50.470s] INFO:colcon.colcon_core.shell:Creating environment descriptor '/my_new_project/ros2_ws/install/turtlesim/share/turtlesim/hook/pythonpath.dsv'
[50.488s] INFO:colcon.colcon_core.shell:Creating environment hook '/my_new_project/ros2_ws/install/turtlesim/share/turtlesim/hook/pythonpath.sh'
[50.507s] Level 1:colcon.colcon_core.environment:checking '/my_new_project/ros2_ws/install/turtlesim/bin'
[50.509s] INFO:colcon.colcon_core.shell:Creating package script '/my_new_project/ros2_ws/install/turtlesim/share/turtlesim/package.ps1'
[50.526s] INFO:colcon.colcon_core.shell:Creating package descriptor '/my_new_project/ros2_ws/install/turtlesim/share/turtlesim/package.dsv'
[50.545s] INFO:colcon.colcon_core.shell:Creating package script '/my_new_project/ros2_ws/install/turtlesim/share/turtlesim/package.sh'
[50.563s] INFO:colcon.colcon_core.shell:Creating package script '/my_new_project/ros2_ws/install/turtlesim/share/turtlesim/package.bash'
[50.581s] INFO:colcon.colcon_core.shell:Creating package script '/my_new_project/ros2_ws/install/turtlesim/share/turtlesim/package.zsh'
[50.595s] Level 1:colcon.colcon_core.environment:create_file_with_runtime_dependencies(/my_new_project/ros2_ws/install/turtlesim/share/colcon-core/packages/turtlesim)
[50.625s] Level 1:colcon.colcon_core.environment:create_environment_scripts_only(turtlesim)
[50.626s] Level 1:colcon.colcon_core.environment:checking '/my_new_project/ros2_ws/install/turtlesim' for CMake module files
[51.035s] Level 1:colcon.colcon_core.environment:checking '/my_new_project/ros2_ws/install/turtlesim' for CMake config files
[52.073s] Level 1:colcon.colcon_core.shell:create_environment_hook('turtlesim', 'cmake_prefix_path')
[52.074s] INFO:colcon.colcon_core.shell:Creating environment hook '/my_new_project/ros2_ws/install/turtlesim/share/turtlesim/hook/cmake_prefix_path.ps1'
[52.093s] INFO:colcon.colcon_core.shell:Creating environment descriptor '/my_new_project/ros2_ws/install/turtlesim/share/turtlesim/hook/cmake_prefix_path.dsv'
[52.112s] INFO:colcon.colcon_core.shell:Creating environment hook '/my_new_project/ros2_ws/install/turtlesim/share/turtlesim/hook/cmake_prefix_path.sh'
[52.132s] Level 1:colcon.colcon_core.environment:checking '/my_new_project/ros2_ws/install/turtlesim/lib'
[52.137s] Level 1:colcon.colcon_core.shell:create_environment_hook('turtlesim', 'ld_library_path_lib')
[52.138s] INFO:colcon.colcon_core.shell:Creating environment hook '/my_new_project/ros2_ws/install/turtlesim/share/turtlesim/hook/ld_library_path_lib.ps1'
[52.153s] INFO:colcon.colcon_core.shell:Creating environment descriptor '/my_new_project/ros2_ws/install/turtlesim/share/turtlesim/hook/ld_library_path_lib.dsv'
[52.172s] INFO:colcon.colcon_core.shell:Creating environment hook '/my_new_project/ros2_ws/install/turtlesim/share/turtlesim/hook/ld_library_path_lib.sh'
[52.190s] Level 1:colcon.colcon_core.environment:checking '/my_new_project/ros2_ws/install/turtlesim/bin'
[52.193s] Level 1:colcon.colcon_core.environment:checking '/my_new_project/ros2_ws/install/turtlesim/lib/pkgconfig/turtlesim.pc'
[52.196s] Level 1:colcon.colcon_core.environment:checking '/my_new_project/ros2_ws/install/turtlesim/lib/python3.12/site-packages'
[52.199s] Level 1:colcon.colcon_core.shell:create_environment_hook('turtlesim', 'pythonpath')
[52.199s] INFO:colcon.colcon_core.shell:Creating environment hook '/my_new_project/ros2_ws/install/turtlesim/share/turtlesim/hook/pythonpath.ps1'
[52.220s] INFO:colcon.colcon_core.shell:Creating environment descriptor '/my_new_project/ros2_ws/install/turtlesim/share/turtlesim/hook/pythonpath.dsv'
[52.237s] INFO:colcon.colcon_core.shell:Creating environment hook '/my_new_project/ros2_ws/install/turtlesim/share/turtlesim/hook/pythonpath.sh'
[52.255s] Level 1:colcon.colcon_core.environment:checking '/my_new_project/ros2_ws/install/turtlesim/bin'
[52.258s] INFO:colcon.colcon_core.shell:Creating package script '/my_new_project/ros2_ws/install/turtlesim/share/turtlesim/package.ps1'
[52.273s] INFO:colcon.colcon_core.shell:Creating package descriptor '/my_new_project/ros2_ws/install/turtlesim/share/turtlesim/package.dsv'
[52.287s] INFO:colcon.colcon_core.shell:Creating package script '/my_new_project/ros2_ws/install/turtlesim/share/turtlesim/package.sh'
[52.303s] INFO:colcon.colcon_core.shell:Creating package script '/my_new_project/ros2_ws/install/turtlesim/share/turtlesim/package.bash'
[52.317s] INFO:colcon.colcon_core.shell:Creating package script '/my_new_project/ros2_ws/install/turtlesim/share/turtlesim/package.zsh'
[52.330s] Level 1:colcon.colcon_core.environment:create_file_with_runtime_dependencies(/my_new_project/ros2_ws/install/turtlesim/share/colcon-core/packages/turtlesim)
[52.341s] DEBUG:colcon.colcon_parallel_executor.executor.parallel:closing loop
[52.342s] DEBUG:colcon.colcon_parallel_executor.executor.parallel:loop closed
[52.343s] DEBUG:colcon.colcon_parallel_executor.executor.parallel:run_until_complete finished with '0'
[52.343s] DEBUG:colcon.colcon_core.event_reactor:joining thread
[52.397s] INFO:colcon.colcon_core.plugin_system:Skipping extension 'colcon_notification.desktop_notification.notify_send': Could not find 'notify-send'
[52.398s] INFO:colcon.colcon_core.plugin_system:Skipping extension 'colcon_notification.desktop_notification.terminal_notifier': Not used on non-Darwin systems
[52.398s] INFO:colcon.colcon_core.plugin_system:Skipping extension 'colcon_notification.desktop_notification.win32': Not used on non-Windows systems
[52.399s] INFO:colcon.colcon_notification.desktop_notification:Sending desktop notification using 'notify2'
[52.403s] DEBUG:colcon.colcon_notification.desktop_notification.notify2:Failed to initialize notify2: org.freedesktop.DBus.Error.Spawn.ExecFailed: /usr/bin/dbus-launch terminated abnormally without any error message
[52.404s] DEBUG:colcon.colcon_core.event_reactor:joined thread
[52.405s] INFO:colcon.colcon_core.shell:Creating prefix script '/my_new_project/ros2_ws/install/local_setup.ps1'
[52.414s] INFO:colcon.colcon_core.shell:Creating prefix util module '/my_new_project/ros2_ws/install/_local_setup_util_ps1.py'
[52.422s] INFO:colcon.colcon_core.shell:Creating prefix chain script '/my_new_project/ros2_ws/install/setup.ps1'
[52.447s] INFO:colcon.colcon_core.shell:Creating prefix script '/my_new_project/ros2_ws/install/local_setup.sh'
[52.454s] INFO:colcon.colcon_core.shell:Creating prefix util module '/my_new_project/ros2_ws/install/_local_setup_util_sh.py'
[52.461s] INFO:colcon.colcon_core.shell:Creating prefix chain script '/my_new_project/ros2_ws/install/setup.sh'
[52.480s] INFO:colcon.colcon_core.shell:Creating prefix script '/my_new_project/ros2_ws/install/local_setup.bash'
[52.488s] INFO:colcon.colcon_core.shell:Creating prefix chain script '/my_new_project/ros2_ws/install/setup.bash'
[52.506s] INFO:colcon.colcon_core.shell:Creating prefix script '/my_new_project/ros2_ws/install/local_setup.zsh'
[52.511s] INFO:colcon.colcon_core.shell:Creating prefix chain script '/my_new_project/ros2_ws/install/setup.zsh'
