[  0%] Built target turtlesim__rosidl_generator_type_description
[  1%] Built target turtlesim__cpp
[  1%] Built target ament_cmake_python_copy_turtlesim
gmake[2]: Warning: File 'CMakeFiles/turtlesim__rosidl_generator_c.dir/compiler_depend.make' has modification time 0.19 s in the future
gmake[2]: warning:  Clock skew detected.  Your build may be incomplete.
running egg_info
[ 24%] Built target turtlesim__rosidl_generator_c
writing turtlesim.egg-info/PKG-INFO
writing dependency_links to turtlesim.egg-info/dependency_links.txt
writing top-level names to turtlesim.egg-info/top_level.txt
reading manifest file 'turtlesim.egg-info/SOURCES.txt'
writing manifest file 'turtlesim.egg-info/SOURCES.txt'
[ 24%] Built target ament_cmake_python_build_turtlesim_egg
gmake[2]: Warning: File 'CMakeFiles/turtlesim__rosidl_typesupport_c.dir/compiler_depend.make' has modification time 0.25 s in the future
gmake[2]: Warning: File 'CMakeFiles/turtlesim__rosidl_typesupport_introspection_c.dir/compiler_depend.make' has modification time 0.24 s in the future
gmake[2]: warning:  Clock skew detected.  Your build may be incomplete.
[ 33%] Built target turtlesim__rosidl_typesupport_c
gmake[2]: warning:  Clock skew detected.  Your build may be incomplete.
[ 42%] Built target turtlesim__rosidl_typesupport_introspection_c
[ 51%] Built target turtlesim__rosidl_typesupport_cpp
[ 59%] Built target turtlesim__rosidl_typesupport_introspection_cpp
[ 67%] Built target turtlesim__rosidl_typesupport_fastrtps_c
[ 76%] Built target turtlesim__rosidl_typesupport_fastrtps_cpp
[ 76%] Built target turtlesim
gmake[2]: Warning: File 'CMakeFiles/mimic.dir/compiler_depend.make' has modification time 0.15 s in the future
gmake[2]: Warning: File 'CMakeFiles/draw_square.dir/compiler_depend.make' has modification time 0.15 s in the future
gmake[2]: Warning: File 'CMakeFiles/turtle_teleop_key.dir/compiler_depend.make' has modification time 0.13 s in the future
gmake[2]: warning:  Clock skew detected.  Your build may be incomplete.
gmake[2]: warning:  Clock skew detected.  Your build may be incomplete.
[ 78%] Built target draw_square
[ 79%] Built target mimic
gmake[2]: warning:  Clock skew detected.  Your build may be incomplete.
[ 79%] Built target turtlesim__py
[ 81%] Built target turtle_teleop_key
[ 86%] Built target turtlesim_node
[ 94%] Built target turtlesim__rosidl_generator_py
gmake[2]: Warning: File 'CMakeFiles/turtlesim_s__rosidl_typesupport_introspection_c.dir/compiler_depend.make' has modification time 0.11 s in the future
gmake[2]: Warning: File 'CMakeFiles/turtlesim_s__rosidl_typesupport_fastrtps_c.dir/compiler_depend.make' has modification time 0.12 s in the future
gmake[2]: Warning: File 'CMakeFiles/turtlesim_s__rosidl_typesupport_c.dir/compiler_depend.make' has modification time 0.13 s in the future
gmake[2]: warning:  Clock skew detected.  Your build may be incomplete.
gmake[2]: warning:  Clock skew detected.  Your build may be incomplete.
gmake[2]: warning:  Clock skew detected.  Your build may be incomplete.
[100%] Built target turtlesim_s__rosidl_typesupport_c
[100%] Built target turtlesim_s__rosidl_typesupport_introspection_c
[100%] Built target turtlesim_s__rosidl_typesupport_fastrtps_c
