[0.986s] Invoking command in '/my_new_project/ros2_ws/build/turtlesim': CMAKE_PREFIX_PATH=${CMAKE_PREFIX_PATH}:/opt/ros/jazzy /usr/bin/cmake --build /my_new_project/ros2_ws/build/turtlesim -- -j16 -l16
[1.818s] [  0%] Built target turtlesim__rosidl_generator_type_description
[2.555s] [  1%] Built target turtlesim__cpp
[4.124s] [  1%] Built target ament_cmake_python_copy_turtlesim
[4.169s] gmake[2]: Warning: File 'CMakeFiles/turtlesim__rosidl_generator_c.dir/compiler_depend.make' has modification time 0.19 s in the future
[4.593s] gmake[2]: warning:  Clock skew detected.  Your build may be incomplete.
[4.719s] running egg_info
[4.730s] [ 24%] Built target turtlesim__rosidl_generator_c
[4.762s] writing turtlesim.egg-info/PKG-INFO
[4.770s] writing dependency_links to turtlesim.egg-info/dependency_links.txt
[4.781s] writing top-level names to turtlesim.egg-info/top_level.txt
[5.046s] reading manifest file 'turtlesim.egg-info/SOURCES.txt'
[5.168s] writing manifest file 'turtlesim.egg-info/SOURCES.txt'
[5.270s] [ 24%] Built target ament_cmake_python_build_turtlesim_egg
[5.745s] gmake[2]: Warning: File 'CMakeFiles/turtlesim__rosidl_typesupport_c.dir/compiler_depend.make' has modification time 0.25 s in the future
[5.912s] gmake[2]: Warning: File 'CMakeFiles/turtlesim__rosidl_typesupport_introspection_c.dir/compiler_depend.make' has modification time 0.24 s in the future
[6.022s] gmake[2]: warning:  Clock skew detected.  Your build may be incomplete.
[6.099s] [ 33%] Built target turtlesim__rosidl_typesupport_c
[6.282s] gmake[2]: warning:  Clock skew detected.  Your build may be incomplete.
[6.354s] [ 42%] Built target turtlesim__rosidl_typesupport_introspection_c
[6.644s] [ 51%] Built target turtlesim__rosidl_typesupport_cpp
[6.836s] [ 59%] Built target turtlesim__rosidl_typesupport_introspection_cpp
[7.051s] [ 67%] Built target turtlesim__rosidl_typesupport_fastrtps_c
[7.190s] [ 76%] Built target turtlesim__rosidl_typesupport_fastrtps_cpp
[7.345s] [ 76%] Built target turtlesim
[7.598s] gmake[2]: Warning: File 'CMakeFiles/mimic.dir/compiler_depend.make' has modification time 0.15 s in the future
[7.605s] gmake[2]: Warning: File 'CMakeFiles/draw_square.dir/compiler_depend.make' has modification time 0.15 s in the future
[7.663s] gmake[2]: Warning: File 'CMakeFiles/turtle_teleop_key.dir/compiler_depend.make' has modification time 0.13 s in the future
[7.670s] gmake[2]: warning:  Clock skew detected.  Your build may be incomplete.
[7.671s] gmake[2]: warning:  Clock skew detected.  Your build may be incomplete.
[7.691s] [ 78%] Built target draw_square
[7.696s] [ 79%] Built target mimic
[7.711s] gmake[2]: warning:  Clock skew detected.  Your build may be incomplete.
[7.717s] [ 79%] Built target turtlesim__py
[7.734s] [ 81%] Built target turtle_teleop_key
[8.723s] [ 86%] Built target turtlesim_node
[8.974s] [ 94%] Built target turtlesim__rosidl_generator_py
[9.389s] gmake[2]: Warning: File 'CMakeFiles/turtlesim_s__rosidl_typesupport_introspection_c.dir/compiler_depend.make' has modification time 0.11 s in the future
[9.390s] gmake[2]: Warning: File 'CMakeFiles/turtlesim_s__rosidl_typesupport_fastrtps_c.dir/compiler_depend.make' has modification time 0.12 s in the future
[9.391s] gmake[2]: Warning: File 'CMakeFiles/turtlesim_s__rosidl_typesupport_c.dir/compiler_depend.make' has modification time 0.13 s in the future
[9.433s] gmake[2]: warning:  Clock skew detected.  Your build may be incomplete.
[9.434s] gmake[2]: warning:  Clock skew detected.  Your build may be incomplete.
[9.435s] gmake[2]: warning:  Clock skew detected.  Your build may be incomplete.
[9.484s] [100%] Built target turtlesim_s__rosidl_typesupport_c
[9.485s] [100%] Built target turtlesim_s__rosidl_typesupport_introspection_c
[9.486s] [100%] Built target turtlesim_s__rosidl_typesupport_fastrtps_c
